ARM GAS  C:\Users\Kevin\AppData\Local\Temp\cc4Btv9F.s 			page 1


   1              		.cpu cortex-m0
   2              		.fpu softvfp
   3              		.eabi_attribute 20, 1
   4              		.eabi_attribute 21, 1
   5              		.eabi_attribute 23, 3
   6              		.eabi_attribute 24, 1
   7              		.eabi_attribute 25, 1
   8              		.eabi_attribute 26, 1
   9              		.eabi_attribute 30, 6
  10              		.eabi_attribute 34, 0
  11              		.eabi_attribute 18, 4
  12              		.code	16
  13              		.file	"BLEProcess.c"
  14              		.text
  15              	.Ltext0:
  16              		.cfi_sections	.debug_frame
  17              		.comm	servoTimes,22,4
  18              		.comm	servo1Positions,22,4
  19              		.comm	DataSet,52,4
  20              		.comm	time_10ms,4,4
  21              		.comm	flight_fase,1,1
  22              		.comm	timeStep,4,4
  23              		.section	.text.GeneralEventHandler,"ax",%progbits
  24              		.align	2
  25              		.global	GeneralEventHandler
  26              		.code	16
  27              		.thumb_func
  28              		.type	GeneralEventHandler, %function
  29              	GeneralEventHandler:
  30              	.LFB35:
  31              		.file 1 ".\\BLEProcess.c"
   1:.\BLEProcess.c **** /* ========================================
   2:.\BLEProcess.c ****  *
   3:.\BLEProcess.c ****  * Copyright YOUR COMPANY, THE YEAR
   4:.\BLEProcess.c ****  * All Rights Reserved
   5:.\BLEProcess.c ****  * UNPUBLISHED, LICENSED SOFTWARE.
   6:.\BLEProcess.c ****  *
   7:.\BLEProcess.c ****  * CONFIDENTIAL AND PROPRIETARY INFORMATION
   8:.\BLEProcess.c ****  * WHICH IS THE PROPERTY OF your company.
   9:.\BLEProcess.c ****  *
  10:.\BLEProcess.c ****  * ========================================
  11:.\BLEProcess.c **** */
  12:.\BLEProcess.c **** #include <main.h>
  13:.\BLEProcess.c **** 
  14:.\BLEProcess.c **** void GeneralEventHandler(uint32 event, void * eventParam)
  15:.\BLEProcess.c **** {
  32              		.loc 1 15 0
  33              		.cfi_startproc
  34 0000 80B5     		push	{r7, lr}
  35              		.cfi_def_cfa_offset 8
  36              		.cfi_offset 7, -8
  37              		.cfi_offset 14, -4
  38 0002 84B0     		sub	sp, sp, #16
  39              		.cfi_def_cfa_offset 24
  40 0004 00AF     		add	r7, sp, #0
  41              		.cfi_def_cfa_register 7
  42 0006 7860     		str	r0, [r7, #4]
ARM GAS  C:\Users\Kevin\AppData\Local\Temp\cc4Btv9F.s 			page 2


  43 0008 3960     		str	r1, [r7]
  16:.\BLEProcess.c ****     /* Structure to store data written by Client */
  17:.\BLEProcess.c ****     CYBLE_GATTS_WRITE_REQ_PARAM_T *wrReqParam;   
  18:.\BLEProcess.c **** 
  19:.\BLEProcess.c ****     switch(event)
  44              		.loc 1 19 0
  45 000a 7B68     		ldr	r3, [r7, #4]
  46 000c 272B     		cmp	r3, #39
  47 000e 1DD0     		beq	.L3
  48 0010 04D8     		bhi	.L4
  49 0012 012B     		cmp	r3, #1
  50 0014 09D0     		beq	.L5
  51 0016 262B     		cmp	r3, #38
  52 0018 0BD0     		beq	.L6
  20:.\BLEProcess.c ****     {
  21:.\BLEProcess.c ****         case CYBLE_EVT_STACK_ON:
  22:.\BLEProcess.c ****             /* This event is generated when BLE stack is ON */
  23:.\BLEProcess.c ****             CyBle_GappStartAdvertisement(CYBLE_ADVERTISING_FAST);
  24:.\BLEProcess.c ****         break;
  25:.\BLEProcess.c **** 
  26:.\BLEProcess.c ****         case CYBLE_EVT_GAPP_ADVERTISEMENT_START_STOP:
  27:.\BLEProcess.c ****             /* This event is generated whenever Advertisement starts or stops */
  28:.\BLEProcess.c ****             if(CyBle_GetState() == CYBLE_STATE_DISCONNECTED)
  29:.\BLEProcess.c ****             {
  30:.\BLEProcess.c ****                 CyBle_GappStartAdvertisement(CYBLE_ADVERTISING_FAST);
  31:.\BLEProcess.c ****             }
  32:.\BLEProcess.c ****         break;
  33:.\BLEProcess.c **** 
  34:.\BLEProcess.c ****         case CYBLE_EVT_GAP_DEVICE_DISCONNECTED:
  35:.\BLEProcess.c ****             /* This event is generated at GAP disconnection. */
  36:.\BLEProcess.c ****             CyBle_GappStartAdvertisement(CYBLE_ADVERTISING_FAST);
  37:.\BLEProcess.c ****         break;
  38:.\BLEProcess.c ****             
  39:.\BLEProcess.c ****         case CYBLE_EVT_GAP_DEVICE_CONNECTED:
  40:.\BLEProcess.c ****             /* Initiate an MTU exchange request */
  41:.\BLEProcess.c ****             CyBle_GattcExchangeMtuReq(cyBle_connHandle, CYBLE_GATT_MTU);
  42:.\BLEProcess.c ****         break;
  43:.\BLEProcess.c ****  
  44:.\BLEProcess.c ****         case CYBLE_EVT_GATTS_WRITE_REQ:
  45:.\BLEProcess.c ****             /* This event is generated when the connected Central */
  46:.\BLEProcess.c ****             /* device sends a Write request. */
  47:.\BLEProcess.c ****             /* The parameter ‘eventParam’ contains the data written */
  48:.\BLEProcess.c ****             
  49:.\BLEProcess.c ****             /* Extract the Write data sent by Client */
  50:.\BLEProcess.c ****             wrReqParam = (CYBLE_GATTS_WRITE_REQ_PARAM_T *) eventParam;
  51:.\BLEProcess.c **** 
  52:.\BLEProcess.c ****             /* If the attribute handle of the characteristic written to
  53:.\BLEProcess.c ****              * is equal to that of RGB_LED characteristic, then extract
  54:.\BLEProcess.c ****              * the RGB LED data */
  55:.\BLEProcess.c ****             if(CYBLE_SERVOS_SERVO_CONTROL_CHAR_HANDLE ==
  56:.\BLEProcess.c ****                                     wrReqParam->handleValPair.attrHandle)
  57:.\BLEProcess.c ****             {
  58:.\BLEProcess.c ****                 /* Store RGB LED data in local array */
  59:.\BLEProcess.c ****                 int i;
  60:.\BLEProcess.c ****                 for (i=0;i<DATA_SET_LEN;i++)
  61:.\BLEProcess.c ****                 {
  62:.\BLEProcess.c ****                     DataSet[i] = wrReqParam->handleValPair.value.val[i];
ARM GAS  C:\Users\Kevin\AppData\Local\Temp\cc4Btv9F.s 			page 3


  63:.\BLEProcess.c ****                 }
  64:.\BLEProcess.c **** 
  65:.\BLEProcess.c ****                 Pin_BLUE_Write(0u); //Blue on
  66:.\BLEProcess.c ****                 //CyDelay(300u);
  67:.\BLEProcess.c ****                 
  68:.\BLEProcess.c ****                 //CyDelay(300u);
  69:.\BLEProcess.c ****                 
  70:.\BLEProcess.c ****                 /* Write new DataSet to SFlash */
  71:.\BLEProcess.c ****                 WriteArraySFlash(DataSet, DATA_SET_LEN);
  72:.\BLEProcess.c ****    
  73:.\BLEProcess.c **** 
  74:.\BLEProcess.c ****                 /* Update the GATT DB for DataSet characteristics*/
  75:.\BLEProcess.c ****                 UpdateServocharacteristic(DataSet, sizeof(DataSet),CYBLE_SERVOS_SERVO_CONTROL_CHAR_
  76:.\BLEProcess.c ****                 
  77:.\BLEProcess.c ****                 ProcessDataSet();
  78:.\BLEProcess.c ****                 
  79:.\BLEProcess.c ****                 Pin_BLUE_Write(1u); //Blue off
  80:.\BLEProcess.c ****             }
  81:.\BLEProcess.c **** 
  82:.\BLEProcess.c ****             /* Send the response to the write request rreceived. */
  83:.\BLEProcess.c ****             CyBle_GattsWriteRsp(cyBle_connHandle);          
  84:.\BLEProcess.c ****         break;
  85:.\BLEProcess.c **** 
  86:.\BLEProcess.c ****         case CYBLE_EVT_GATT_DISCONNECT_IND:
  87:.\BLEProcess.c ****             /* This event is generated at GATT disconnection. */
  88:.\BLEProcess.c ****      
  89:.\BLEProcess.c ****             /* Register the new color in GATT DB*/
  90:.\BLEProcess.c ****             UpdateServocharacteristic(DataSet, sizeof(DataSet), CYBLE_SERVOS_SERVO_CONTROL_CHAR_HAN
  91:.\BLEProcess.c ****         break;
  92:.\BLEProcess.c **** 
  93:.\BLEProcess.c ****         break;
  94:.\BLEProcess.c ****  
  95:.\BLEProcess.c ****         default:
  96:.\BLEProcess.c ****         
  97:.\BLEProcess.c ****         break;
  53              		.loc 1 97 0
  54 001a 6AE0     		b	.L1
  55              	.L4:
  19:.\BLEProcess.c ****     {
  56              		.loc 1 19 0
  57 001c 422B     		cmp	r3, #66
  58 001e 61D0     		beq	.L7
  59 0020 4C2B     		cmp	r3, #76
  60 0022 24D0     		beq	.L8
  61 0024 282B     		cmp	r3, #40
  62 0026 0DD0     		beq	.L9
  63              		.loc 1 97 0
  64 0028 63E0     		b	.L1
  65              	.L5:
  23:.\BLEProcess.c ****         break;
  66              		.loc 1 23 0
  67 002a 0020     		mov	r0, #0
  68 002c FFF7FEFF 		bl	CyBle_GappStartAdvertisement
  24:.\BLEProcess.c **** 
  69              		.loc 1 24 0
  70 0030 5FE0     		b	.L1
  71              	.L6:
ARM GAS  C:\Users\Kevin\AppData\Local\Temp\cc4Btv9F.s 			page 4


  28:.\BLEProcess.c ****             {
  72              		.loc 1 28 0
  73 0032 314B     		ldr	r3, .L15
  74 0034 1B78     		ldrb	r3, [r3]
  75 0036 042B     		cmp	r3, #4
  76 0038 03D1     		bne	.L11
  30:.\BLEProcess.c ****             }
  77              		.loc 1 30 0
  78 003a 0020     		mov	r0, #0
  79 003c FFF7FEFF 		bl	CyBle_GappStartAdvertisement
  32:.\BLEProcess.c **** 
  80              		.loc 1 32 0
  81 0040 57E0     		b	.L1
  82              	.L11:
  83 0042 56E0     		b	.L1
  84              	.L9:
  36:.\BLEProcess.c ****         break;
  85              		.loc 1 36 0
  86 0044 0020     		mov	r0, #0
  87 0046 FFF7FEFF 		bl	CyBle_GappStartAdvertisement
  37:.\BLEProcess.c ****             
  88              		.loc 1 37 0
  89 004a 52E0     		b	.L1
  90              	.L3:
  41:.\BLEProcess.c ****         break;
  91              		.loc 1 41 0
  92 004c 2B4B     		ldr	r3, .L15+4
  93 004e FA22     		mov	r2, #250
  94 0050 5100     		lsl	r1, r2, #1
  95 0052 1A78     		ldrb	r2, [r3]
  96 0054 5B78     		ldrb	r3, [r3, #1]
  97 0056 1B02     		lsl	r3, r3, #8
  98 0058 1A43     		orr	r2, r3
  99 005a 0023     		mov	r3, #0
 100 005c 1204     		lsl	r2, r2, #16
 101 005e 120C     		lsr	r2, r2, #16
 102 0060 1B0C     		lsr	r3, r3, #16
 103 0062 1B04     		lsl	r3, r3, #16
 104 0064 1343     		orr	r3, r2
 105 0066 181C     		mov	r0, r3
 106 0068 FFF7FEFF 		bl	CyBle_GattcExchangeMtuReq
  42:.\BLEProcess.c ****  
 107              		.loc 1 42 0
 108 006c 41E0     		b	.L1
 109              	.L8:
  50:.\BLEProcess.c **** 
 110              		.loc 1 50 0
 111 006e 3B68     		ldr	r3, [r7]
 112 0070 BB60     		str	r3, [r7, #8]
  56:.\BLEProcess.c ****             {
 113              		.loc 1 56 0
 114 0072 BB68     		ldr	r3, [r7, #8]
 115 0074 9B89     		ldrh	r3, [r3, #12]
  55:.\BLEProcess.c ****                                     wrReqParam->handleValPair.attrHandle)
 116              		.loc 1 55 0
 117 0076 0E2B     		cmp	r3, #14
 118 0078 25D1     		bne	.L12
ARM GAS  C:\Users\Kevin\AppData\Local\Temp\cc4Btv9F.s 			page 5


 119              	.LBB2:
  60:.\BLEProcess.c ****                 {
 120              		.loc 1 60 0
 121 007a 0023     		mov	r3, #0
 122 007c FB60     		str	r3, [r7, #12]
 123 007e 0CE0     		b	.L13
 124              	.L14:
  62:.\BLEProcess.c ****                 }
 125              		.loc 1 62 0 discriminator 3
 126 0080 BB68     		ldr	r3, [r7, #8]
 127 0082 5A68     		ldr	r2, [r3, #4]
 128 0084 FB68     		ldr	r3, [r7, #12]
 129 0086 D318     		add	r3, r2, r3
 130 0088 1978     		ldrb	r1, [r3]
 131 008a 1D4A     		ldr	r2, .L15+8
 132 008c FB68     		ldr	r3, [r7, #12]
 133 008e D318     		add	r3, r2, r3
 134 0090 0A1C     		add	r2, r1, #0
 135 0092 1A70     		strb	r2, [r3]
  60:.\BLEProcess.c ****                 {
 136              		.loc 1 60 0 discriminator 3
 137 0094 FB68     		ldr	r3, [r7, #12]
 138 0096 0133     		add	r3, r3, #1
 139 0098 FB60     		str	r3, [r7, #12]
 140              	.L13:
  60:.\BLEProcess.c ****                 {
 141              		.loc 1 60 0 is_stmt 0 discriminator 1
 142 009a FB68     		ldr	r3, [r7, #12]
 143 009c 332B     		cmp	r3, #51
 144 009e EFDD     		ble	.L14
  65:.\BLEProcess.c ****                 //CyDelay(300u);
 145              		.loc 1 65 0 is_stmt 1
 146 00a0 0020     		mov	r0, #0
 147 00a2 FFF7FEFF 		bl	Pin_BLUE_Write
  71:.\BLEProcess.c ****    
 148              		.loc 1 71 0
 149 00a6 164B     		ldr	r3, .L15+8
 150 00a8 181C     		mov	r0, r3
 151 00aa 3421     		mov	r1, #52
 152 00ac FFF7FEFF 		bl	WriteArraySFlash
  75:.\BLEProcess.c ****                 
 153              		.loc 1 75 0
 154 00b0 134B     		ldr	r3, .L15+8
 155 00b2 181C     		mov	r0, r3
 156 00b4 3421     		mov	r1, #52
 157 00b6 0E22     		mov	r2, #14
 158 00b8 FFF7FEFF 		bl	UpdateServocharacteristic
  77:.\BLEProcess.c ****                 
 159              		.loc 1 77 0
 160 00bc FFF7FEFF 		bl	ProcessDataSet
  79:.\BLEProcess.c ****             }
 161              		.loc 1 79 0
 162 00c0 0120     		mov	r0, #1
 163 00c2 FFF7FEFF 		bl	Pin_BLUE_Write
 164              	.L12:
 165              	.LBE2:
  83:.\BLEProcess.c ****         break;
ARM GAS  C:\Users\Kevin\AppData\Local\Temp\cc4Btv9F.s 			page 6


 166              		.loc 1 83 0
 167 00c6 0D4B     		ldr	r3, .L15+4
 168 00c8 1A78     		ldrb	r2, [r3]
 169 00ca 5B78     		ldrb	r3, [r3, #1]
 170 00cc 1B02     		lsl	r3, r3, #8
 171 00ce 1A43     		orr	r2, r3
 172 00d0 0023     		mov	r3, #0
 173 00d2 1204     		lsl	r2, r2, #16
 174 00d4 120C     		lsr	r2, r2, #16
 175 00d6 1B0C     		lsr	r3, r3, #16
 176 00d8 1B04     		lsl	r3, r3, #16
 177 00da 1343     		orr	r3, r2
 178 00dc 181C     		mov	r0, r3
 179 00de FFF7FEFF 		bl	CyBle_GattsWriteRsp
  84:.\BLEProcess.c **** 
 180              		.loc 1 84 0
 181 00e2 06E0     		b	.L1
 182              	.L7:
  90:.\BLEProcess.c ****         break;
 183              		.loc 1 90 0
 184 00e4 064B     		ldr	r3, .L15+8
 185 00e6 181C     		mov	r0, r3
 186 00e8 3421     		mov	r1, #52
 187 00ea 0E22     		mov	r2, #14
 188 00ec FFF7FEFF 		bl	UpdateServocharacteristic
  91:.\BLEProcess.c **** 
 189              		.loc 1 91 0
 190 00f0 C046     		mov	r8, r8
 191              	.L1:
  98:.\BLEProcess.c ****     }
  99:.\BLEProcess.c **** }
 192              		.loc 1 99 0
 193 00f2 BD46     		mov	sp, r7
 194 00f4 04B0     		add	sp, sp, #16
 195              		@ sp needed
 196 00f6 80BD     		pop	{r7, pc}
 197              	.L16:
 198              		.align	2
 199              	.L15:
 200 00f8 00000000 		.word	cyBle_state
 201 00fc 00000000 		.word	cyBle_connHandle
 202 0100 00000000 		.word	DataSet
 203              		.cfi_endproc
 204              	.LFE35:
 205              		.size	GeneralEventHandler, .-GeneralEventHandler
 206              		.section	.text.UpdateServocharacteristic,"ax",%progbits
 207              		.align	2
 208              		.global	UpdateServocharacteristic
 209              		.code	16
 210              		.thumb_func
 211              		.type	UpdateServocharacteristic, %function
 212              	UpdateServocharacteristic:
 213              	.LFB36:
 100:.\BLEProcess.c **** 
 101:.\BLEProcess.c **** void UpdateServocharacteristic(uint8* DataSet, uint8 len, uint16 attrHandle)
 102:.\BLEProcess.c **** {
 214              		.loc 1 102 0
ARM GAS  C:\Users\Kevin\AppData\Local\Temp\cc4Btv9F.s 			page 7


 215              		.cfi_startproc
 216 0000 80B5     		push	{r7, lr}
 217              		.cfi_def_cfa_offset 8
 218              		.cfi_offset 7, -8
 219              		.cfi_offset 14, -4
 220 0002 86B0     		sub	sp, sp, #24
 221              		.cfi_def_cfa_offset 32
 222 0004 00AF     		add	r7, sp, #0
 223              		.cfi_def_cfa_register 7
 224 0006 7860     		str	r0, [r7, #4]
 225 0008 081C     		mov	r0, r1
 226 000a 111C     		mov	r1, r2
 227 000c FB1C     		add	r3, r7, #3
 228 000e 021C     		add	r2, r0, #0
 229 0010 1A70     		strb	r2, [r3]
 230 0012 3B1C     		mov	r3, r7
 231 0014 0A1C     		add	r2, r1, #0
 232 0016 1A80     		strh	r2, [r3]
 103:.\BLEProcess.c ****     Pin_RED_Write(0u); //Red on
 233              		.loc 1 103 0
 234 0018 0020     		mov	r0, #0
 235 001a FFF7FEFF 		bl	Pin_RED_Write
 104:.\BLEProcess.c ****     //CyDelay(300u);
 105:.\BLEProcess.c ****     
 106:.\BLEProcess.c ****     //CyDelay(300u);
 107:.\BLEProcess.c ****     
 108:.\BLEProcess.c **** 	/* 'rgbHandle' stores RGB control data parameters */
 109:.\BLEProcess.c **** 	CYBLE_GATT_HANDLE_VALUE_PAIR_T		dataHandle;
 110:.\BLEProcess.c **** 
 111:.\BLEProcess.c **** 	/* Update RGB control handle with new values */
 112:.\BLEProcess.c **** 	dataHandle.attrHandle = attrHandle;
 236              		.loc 1 112 0
 237 001e 0C23     		mov	r3, #12
 238 0020 FB18     		add	r3, r7, r3
 239 0022 3A1C     		mov	r2, r7
 240 0024 1288     		ldrh	r2, [r2]
 241 0026 1A81     		strh	r2, [r3, #8]
 113:.\BLEProcess.c **** 	dataHandle.value.val = DataSet;
 242              		.loc 1 113 0
 243 0028 0C23     		mov	r3, #12
 244 002a FB18     		add	r3, r7, r3
 245 002c 7A68     		ldr	r2, [r7, #4]
 246 002e 1A60     		str	r2, [r3]
 114:.\BLEProcess.c **** 	dataHandle.value.len = len;
 247              		.loc 1 114 0
 248 0030 FB1C     		add	r3, r7, #3
 249 0032 1B78     		ldrb	r3, [r3]
 250 0034 9AB2     		uxth	r2, r3
 251 0036 0C23     		mov	r3, #12
 252 0038 FB18     		add	r3, r7, r3
 253 003a 9A80     		strh	r2, [r3, #4]
 115:.\BLEProcess.c **** 	
 116:.\BLEProcess.c **** 	/* Update the RGB LED attribute value. This will allow 
 117:.\BLEProcess.c **** 	* Client device to read the existing color values over 
 118:.\BLEProcess.c **** 	* RGB LED characteristic */
 119:.\BLEProcess.c **** 	CyBle_GattsWriteAttributeValue(&dataHandle, 
 254              		.loc 1 119 0
ARM GAS  C:\Users\Kevin\AppData\Local\Temp\cc4Btv9F.s 			page 8


 255 003c 0C23     		mov	r3, #12
 256 003e FA18     		add	r2, r7, r3
 257 0040 064B     		ldr	r3, .L18
 258 0042 101C     		mov	r0, r2
 259 0044 0021     		mov	r1, #0
 260 0046 1A1C     		mov	r2, r3
 261 0048 0023     		mov	r3, #0
 262 004a FFF7FEFF 		bl	CyBle_GattsWriteAttributeValue
 120:.\BLEProcess.c **** 									FALSE, 
 121:.\BLEProcess.c **** 									&cyBle_connHandle, 
 122:.\BLEProcess.c **** 									CYBLE_GATT_DB_LOCALLY_INITIATED);
 123:.\BLEProcess.c ****     Pin_RED_Write(1u); //Red off
 263              		.loc 1 123 0
 264 004e 0120     		mov	r0, #1
 265 0050 FFF7FEFF 		bl	Pin_RED_Write
 124:.\BLEProcess.c **** }
 266              		.loc 1 124 0
 267 0054 BD46     		mov	sp, r7
 268 0056 06B0     		add	sp, sp, #24
 269              		@ sp needed
 270 0058 80BD     		pop	{r7, pc}
 271              	.L19:
 272 005a C046     		.align	2
 273              	.L18:
 274 005c 00000000 		.word	cyBle_connHandle
 275              		.cfi_endproc
 276              	.LFE36:
 277              		.size	UpdateServocharacteristic, .-UpdateServocharacteristic
 278              		.text
 279              	.Letext0:
 280              		.file 2 "Generated_Source\\PSoC4/cytypes.h"
 281              		.file 3 "Generated_Source\\PSoC4/BLE_StackGatt.h"
 282              		.file 4 "Generated_Source\\PSoC4/BLE_StackGattServer.h"
 283              		.file 5 "Generated_Source\\PSoC4/BLE_Stack.h"
 284              		.file 6 "Generated_Source\\PSoC4/BLE_eventHandler.h"
 285              		.file 7 "./DataSet.h"
 286              		.file 8 "./main.h"
 287              		.section	.debug_info,"",%progbits
 288              	.Ldebug_info0:
 289 0000 83040000 		.4byte	0x483
 290 0004 0400     		.2byte	0x4
 291 0006 00000000 		.4byte	.Ldebug_abbrev0
 292 000a 04       		.byte	0x4
 293 000b 01       		.uleb128 0x1
 294 000c 41060000 		.4byte	.LASF105
 295 0010 01       		.byte	0x1
 296 0011 64010000 		.4byte	.LASF106
 297 0015 66040000 		.4byte	.LASF107
 298 0019 00000000 		.4byte	.Ldebug_ranges0+0
 299 001d 00000000 		.4byte	0
 300 0021 00000000 		.4byte	.Ldebug_line0
 301 0025 02       		.uleb128 0x2
 302 0026 01       		.byte	0x1
 303 0027 06       		.byte	0x6
 304 0028 C3040000 		.4byte	.LASF0
 305 002c 02       		.uleb128 0x2
 306 002d 01       		.byte	0x1
ARM GAS  C:\Users\Kevin\AppData\Local\Temp\cc4Btv9F.s 			page 9


 307 002e 08       		.byte	0x8
 308 002f 0E040000 		.4byte	.LASF1
 309 0033 02       		.uleb128 0x2
 310 0034 02       		.byte	0x2
 311 0035 05       		.byte	0x5
 312 0036 AC000000 		.4byte	.LASF2
 313 003a 02       		.uleb128 0x2
 314 003b 02       		.byte	0x2
 315 003c 07       		.byte	0x7
 316 003d ED050000 		.4byte	.LASF3
 317 0041 02       		.uleb128 0x2
 318 0042 04       		.byte	0x4
 319 0043 05       		.byte	0x5
 320 0044 AC020000 		.4byte	.LASF4
 321 0048 02       		.uleb128 0x2
 322 0049 04       		.byte	0x4
 323 004a 07       		.byte	0x7
 324 004b 54050000 		.4byte	.LASF5
 325 004f 02       		.uleb128 0x2
 326 0050 08       		.byte	0x8
 327 0051 05       		.byte	0x5
 328 0052 87020000 		.4byte	.LASF6
 329 0056 02       		.uleb128 0x2
 330 0057 08       		.byte	0x8
 331 0058 07       		.byte	0x7
 332 0059 95020000 		.4byte	.LASF7
 333 005d 03       		.uleb128 0x3
 334 005e 04       		.byte	0x4
 335 005f 05       		.byte	0x5
 336 0060 696E7400 		.ascii	"int\000"
 337 0064 02       		.uleb128 0x2
 338 0065 04       		.byte	0x4
 339 0066 07       		.byte	0x7
 340 0067 2C050000 		.4byte	.LASF8
 341 006b 04       		.uleb128 0x4
 342 006c E2030000 		.4byte	.LASF9
 343 0070 02       		.byte	0x2
 344 0071 C2       		.byte	0xc2
 345 0072 2C000000 		.4byte	0x2c
 346 0076 04       		.uleb128 0x4
 347 0077 73010000 		.4byte	.LASF10
 348 007b 02       		.byte	0x2
 349 007c C3       		.byte	0xc3
 350 007d 3A000000 		.4byte	0x3a
 351 0081 04       		.uleb128 0x4
 352 0082 6C070000 		.4byte	.LASF11
 353 0086 02       		.byte	0x2
 354 0087 C4       		.byte	0xc4
 355 0088 48000000 		.4byte	0x48
 356 008c 02       		.uleb128 0x2
 357 008d 04       		.byte	0x4
 358 008e 04       		.byte	0x4
 359 008f 4E020000 		.4byte	.LASF12
 360 0093 02       		.uleb128 0x2
 361 0094 08       		.byte	0x8
 362 0095 04       		.byte	0x4
 363 0096 D9070000 		.4byte	.LASF13
ARM GAS  C:\Users\Kevin\AppData\Local\Temp\cc4Btv9F.s 			page 10


 364 009a 02       		.uleb128 0x2
 365 009b 01       		.byte	0x1
 366 009c 08       		.byte	0x8
 367 009d 29060000 		.4byte	.LASF14
 368 00a1 02       		.uleb128 0x2
 369 00a2 04       		.byte	0x4
 370 00a3 07       		.byte	0x7
 371 00a4 C2000000 		.4byte	.LASF15
 372 00a8 05       		.uleb128 0x5
 373 00a9 04       		.byte	0x4
 374 00aa 06       		.uleb128 0x6
 375 00ab 01       		.byte	0x1
 376 00ac 05       		.byte	0x5
 377 00ad 9D       		.byte	0x9d
 378 00ae 2F020000 		.4byte	0x22f
 379 00b2 07       		.uleb128 0x7
 380 00b3 DE010000 		.4byte	.LASF16
 381 00b7 00       		.sleb128 0
 382 00b8 07       		.uleb128 0x7
 383 00b9 3B010000 		.4byte	.LASF17
 384 00bd 01       		.sleb128 1
 385 00be 07       		.uleb128 0x7
 386 00bf 50090000 		.4byte	.LASF18
 387 00c3 02       		.sleb128 2
 388 00c4 07       		.uleb128 0x7
 389 00c5 4F080000 		.4byte	.LASF19
 390 00c9 03       		.sleb128 3
 391 00ca 07       		.uleb128 0x7
 392 00cb 01010000 		.4byte	.LASF20
 393 00cf 04       		.sleb128 4
 394 00d0 07       		.uleb128 0x7
 395 00d1 4C030000 		.4byte	.LASF21
 396 00d5 05       		.sleb128 5
 397 00d6 07       		.uleb128 0x7
 398 00d7 AD080000 		.4byte	.LASF22
 399 00db 20       		.sleb128 32
 400 00dc 07       		.uleb128 0x7
 401 00dd 66050000 		.4byte	.LASF23
 402 00e1 21       		.sleb128 33
 403 00e2 07       		.uleb128 0x7
 404 00e3 2E000000 		.4byte	.LASF24
 405 00e7 22       		.sleb128 34
 406 00e8 07       		.uleb128 0x7
 407 00e9 86030000 		.4byte	.LASF25
 408 00ed 23       		.sleb128 35
 409 00ee 07       		.uleb128 0x7
 410 00ef 10050000 		.4byte	.LASF26
 411 00f3 24       		.sleb128 36
 412 00f4 07       		.uleb128 0x7
 413 00f5 00000000 		.4byte	.LASF27
 414 00f9 25       		.sleb128 37
 415 00fa 07       		.uleb128 0x7
 416 00fb 03030000 		.4byte	.LASF28
 417 00ff 26       		.sleb128 38
 418 0100 07       		.uleb128 0x7
 419 0101 D6020000 		.4byte	.LASF29
 420 0105 27       		.sleb128 39
ARM GAS  C:\Users\Kevin\AppData\Local\Temp\cc4Btv9F.s 			page 11


 421 0106 07       		.uleb128 0x7
 422 0107 6B000000 		.4byte	.LASF30
 423 010b 28       		.sleb128 40
 424 010c 07       		.uleb128 0x7
 425 010d C5050000 		.4byte	.LASF31
 426 0111 29       		.sleb128 41
 427 0112 07       		.uleb128 0x7
 428 0113 00060000 		.4byte	.LASF32
 429 0117 2A       		.sleb128 42
 430 0118 07       		.uleb128 0x7
 431 0119 86090000 		.4byte	.LASF33
 432 011d 2B       		.sleb128 43
 433 011e 07       		.uleb128 0x7
 434 011f 7A010000 		.4byte	.LASF34
 435 0123 2C       		.sleb128 44
 436 0124 07       		.uleb128 0x7
 437 0125 E1000000 		.4byte	.LASF35
 438 0129 C000     		.sleb128 64
 439 012b 07       		.uleb128 0x7
 440 012c 39050000 		.4byte	.LASF36
 441 0130 C100     		.sleb128 65
 442 0132 07       		.uleb128 0x7
 443 0133 440A0000 		.4byte	.LASF37
 444 0137 C200     		.sleb128 66
 445 0139 07       		.uleb128 0x7
 446 013a EB060000 		.4byte	.LASF38
 447 013e C300     		.sleb128 67
 448 0140 07       		.uleb128 0x7
 449 0141 2A090000 		.4byte	.LASF39
 450 0145 C400     		.sleb128 68
 451 0147 07       		.uleb128 0x7
 452 0148 7D050000 		.4byte	.LASF40
 453 014c C500     		.sleb128 69
 454 014e 07       		.uleb128 0x7
 455 014f 09090000 		.4byte	.LASF41
 456 0153 C600     		.sleb128 70
 457 0155 07       		.uleb128 0x7
 458 0156 A5040000 		.4byte	.LASF42
 459 015a C700     		.sleb128 71
 460 015c 07       		.uleb128 0x7
 461 015d E9040000 		.4byte	.LASF43
 462 0161 C800     		.sleb128 72
 463 0163 07       		.uleb128 0x7
 464 0164 54020000 		.4byte	.LASF44
 465 0168 C900     		.sleb128 73
 466 016a 07       		.uleb128 0x7
 467 016b 17070000 		.4byte	.LASF45
 468 016f CA00     		.sleb128 74
 469 0171 07       		.uleb128 0x7
 470 0172 9E010000 		.4byte	.LASF46
 471 0176 CB00     		.sleb128 75
 472 0178 07       		.uleb128 0x7
 473 0179 CF040000 		.4byte	.LASF47
 474 017d CC00     		.sleb128 76
 475 017f 07       		.uleb128 0x7
 476 0180 6D020000 		.4byte	.LASF48
 477 0184 CD00     		.sleb128 77
ARM GAS  C:\Users\Kevin\AppData\Local\Temp\cc4Btv9F.s 			page 12


 478 0186 07       		.uleb128 0x7
 479 0187 EB080000 		.4byte	.LASF49
 480 018b CE00     		.sleb128 78
 481 018d 07       		.uleb128 0x7
 482 018e 1C040000 		.4byte	.LASF50
 483 0192 CF00     		.sleb128 79
 484 0194 07       		.uleb128 0x7
 485 0195 8D000000 		.4byte	.LASF51
 486 0199 D000     		.sleb128 80
 487 019b 07       		.uleb128 0x7
 488 019c 4D070000 		.4byte	.LASF52
 489 01a0 D100     		.sleb128 81
 490 01a2 07       		.uleb128 0x7
 491 01a3 2B030000 		.4byte	.LASF53
 492 01a7 D200     		.sleb128 82
 493 01a9 07       		.uleb128 0x7
 494 01aa B5020000 		.4byte	.LASF54
 495 01ae D300     		.sleb128 83
 496 01b0 07       		.uleb128 0x7
 497 01b1 BD010000 		.4byte	.LASF55
 498 01b5 D400     		.sleb128 84
 499 01b7 07       		.uleb128 0x7
 500 01b8 200A0000 		.4byte	.LASF56
 501 01bc D500     		.sleb128 85
 502 01be 07       		.uleb128 0x7
 503 01bf CE090000 		.4byte	.LASF57
 504 01c3 D600     		.sleb128 86
 505 01c5 07       		.uleb128 0x7
 506 01c6 A5090000 		.4byte	.LASF58
 507 01ca D700     		.sleb128 87
 508 01cc 07       		.uleb128 0x7
 509 01cd E8030000 		.4byte	.LASF59
 510 01d1 F000     		.sleb128 112
 511 01d3 07       		.uleb128 0x7
 512 01d4 87080000 		.4byte	.LASF60
 513 01d8 F100     		.sleb128 113
 514 01da 07       		.uleb128 0x7
 515 01db CF060000 		.4byte	.LASF61
 516 01df F200     		.sleb128 114
 517 01e1 07       		.uleb128 0x7
 518 01e2 06020000 		.4byte	.LASF62
 519 01e6 F300     		.sleb128 115
 520 01e8 07       		.uleb128 0x7
 521 01e9 B6030000 		.4byte	.LASF63
 522 01ed F400     		.sleb128 116
 523 01ef 07       		.uleb128 0x7
 524 01f0 A4050000 		.4byte	.LASF64
 525 01f4 F500     		.sleb128 117
 526 01f6 07       		.uleb128 0x7
 527 01f7 24020000 		.4byte	.LASF65
 528 01fb F600     		.sleb128 118
 529 01fd 07       		.uleb128 0x7
 530 01fe 68080000 		.4byte	.LASF66
 531 0202 F700     		.sleb128 119
 532 0204 07       		.uleb128 0x7
 533 0205 91070000 		.4byte	.LASF67
 534 0209 F800     		.sleb128 120
ARM GAS  C:\Users\Kevin\AppData\Local\Temp\cc4Btv9F.s 			page 13


 535 020b 07       		.uleb128 0x7
 536 020c 2C080000 		.4byte	.LASF68
 537 0210 F900     		.sleb128 121
 538 0212 07       		.uleb128 0x7
 539 0213 62090000 		.4byte	.LASF69
 540 0217 FA00     		.sleb128 122
 541 0219 07       		.uleb128 0x7
 542 021a 73070000 		.4byte	.LASF70
 543 021e FA01     		.sleb128 250
 544 0220 07       		.uleb128 0x7
 545 0221 47040000 		.4byte	.LASF71
 546 0225 FB01     		.sleb128 251
 547 0227 07       		.uleb128 0x7
 548 0228 D4030000 		.4byte	.LASF72
 549 022c FF01     		.sleb128 255
 550 022e 00       		.byte	0
 551 022f 08       		.uleb128 0x8
 552 0230 04       		.byte	0x4
 553 0231 6B000000 		.4byte	0x6b
 554 0235 09       		.uleb128 0x9
 555 0236 1F010000 		.4byte	.LASF73
 556 023a 03       		.byte	0x3
 557 023b 8801     		.2byte	0x188
 558 023d 76000000 		.4byte	0x76
 559 0241 0A       		.uleb128 0xa
 560 0242 02       		.byte	0x2
 561 0243 03       		.byte	0x3
 562 0244 8B01     		.2byte	0x18b
 563 0246 65020000 		.4byte	0x265
 564 024a 0B       		.uleb128 0xb
 565 024b 45020000 		.4byte	.LASF74
 566 024f 03       		.byte	0x3
 567 0250 9201     		.2byte	0x192
 568 0252 6B000000 		.4byte	0x6b
 569 0256 00       		.byte	0
 570 0257 0B       		.uleb128 0xb
 571 0258 620A0000 		.4byte	.LASF75
 572 025c 03       		.byte	0x3
 573 025d 9801     		.2byte	0x198
 574 025f 6B000000 		.4byte	0x6b
 575 0263 01       		.byte	0x1
 576 0264 00       		.byte	0
 577 0265 09       		.uleb128 0x9
 578 0266 F9070000 		.4byte	.LASF76
 579 026a 03       		.byte	0x3
 580 026b 9A01     		.2byte	0x19a
 581 026d 41020000 		.4byte	0x241
 582 0271 0A       		.uleb128 0xa
 583 0272 08       		.byte	0x8
 584 0273 03       		.byte	0x3
 585 0274 AF01     		.2byte	0x1af
 586 0276 A2020000 		.4byte	0x2a2
 587 027a 0C       		.uleb128 0xc
 588 027b 76616C00 		.ascii	"val\000"
 589 027f 03       		.byte	0x3
 590 0280 B201     		.2byte	0x1b2
 591 0282 2F020000 		.4byte	0x22f
ARM GAS  C:\Users\Kevin\AppData\Local\Temp\cc4Btv9F.s 			page 14


 592 0286 00       		.byte	0
 593 0287 0C       		.uleb128 0xc
 594 0288 6C656E00 		.ascii	"len\000"
 595 028c 03       		.byte	0x3
 596 028d B501     		.2byte	0x1b5
 597 028f 76000000 		.4byte	0x76
 598 0293 04       		.byte	0x4
 599 0294 0B       		.uleb128 0xb
 600 0295 D1080000 		.4byte	.LASF77
 601 0299 03       		.byte	0x3
 602 029a BC01     		.2byte	0x1bc
 603 029c 76000000 		.4byte	0x76
 604 02a0 06       		.byte	0x6
 605 02a1 00       		.byte	0
 606 02a2 09       		.uleb128 0x9
 607 02a3 2E060000 		.4byte	.LASF78
 608 02a7 03       		.byte	0x3
 609 02a8 BE01     		.2byte	0x1be
 610 02aa 71020000 		.4byte	0x271
 611 02ae 0A       		.uleb128 0xa
 612 02af 0C       		.byte	0xc
 613 02b0 03       		.byte	0x3
 614 02b1 C101     		.2byte	0x1c1
 615 02b3 D2020000 		.4byte	0x2d2
 616 02b7 0B       		.uleb128 0xb
 617 02b8 F0090000 		.4byte	.LASF79
 618 02bc 03       		.byte	0x3
 619 02bd C401     		.2byte	0x1c4
 620 02bf A2020000 		.4byte	0x2a2
 621 02c3 00       		.byte	0
 622 02c4 0B       		.uleb128 0xb
 623 02c5 CE070000 		.4byte	.LASF80
 624 02c9 03       		.byte	0x3
 625 02ca C701     		.2byte	0x1c7
 626 02cc 35020000 		.4byte	0x235
 627 02d0 08       		.byte	0x8
 628 02d1 00       		.byte	0
 629 02d2 09       		.uleb128 0x9
 630 02d3 0D080000 		.4byte	.LASF81
 631 02d7 03       		.byte	0x3
 632 02d8 C901     		.2byte	0x1c9
 633 02da AE020000 		.4byte	0x2ae
 634 02de 0D       		.uleb128 0xd
 635 02df 10       		.byte	0x10
 636 02e0 04       		.byte	0x4
 637 02e1 8A       		.byte	0x8a
 638 02e2 FF020000 		.4byte	0x2ff
 639 02e6 0E       		.uleb128 0xe
 640 02e7 CB000000 		.4byte	.LASF82
 641 02eb 04       		.byte	0x4
 642 02ec 8D       		.byte	0x8d
 643 02ed 65020000 		.4byte	0x265
 644 02f1 00       		.byte	0
 645 02f2 0E       		.uleb128 0xe
 646 02f3 09070000 		.4byte	.LASF83
 647 02f7 04       		.byte	0x4
 648 02f8 90       		.byte	0x90
ARM GAS  C:\Users\Kevin\AppData\Local\Temp\cc4Btv9F.s 			page 15


 649 02f9 D2020000 		.4byte	0x2d2
 650 02fd 04       		.byte	0x4
 651 02fe 00       		.byte	0
 652 02ff 04       		.uleb128 0x4
 653 0300 68030000 		.4byte	.LASF84
 654 0304 04       		.byte	0x4
 655 0305 92       		.byte	0x92
 656 0306 DE020000 		.4byte	0x2de
 657 030a 0F       		.uleb128 0xf
 658 030b 01       		.byte	0x1
 659 030c 06       		.byte	0x6
 660 030d 3207     		.2byte	0x732
 661 030f 32030000 		.4byte	0x332
 662 0313 07       		.uleb128 0x7
 663 0314 1A000000 		.4byte	.LASF85
 664 0318 00       		.sleb128 0
 665 0319 07       		.uleb128 0x7
 666 031a 52000000 		.4byte	.LASF86
 667 031e 01       		.sleb128 1
 668 031f 07       		.uleb128 0x7
 669 0320 4E010000 		.4byte	.LASF87
 670 0324 02       		.sleb128 2
 671 0325 07       		.uleb128 0x7
 672 0326 35070000 		.4byte	.LASF88
 673 032a 03       		.sleb128 3
 674 032b 07       		.uleb128 0x7
 675 032c E0070000 		.4byte	.LASF89
 676 0330 04       		.sleb128 4
 677 0331 00       		.byte	0
 678 0332 09       		.uleb128 0x9
 679 0333 F5020000 		.4byte	.LASF90
 680 0337 06       		.byte	0x6
 681 0338 4007     		.2byte	0x740
 682 033a 0A030000 		.4byte	0x30a
 683 033e 10       		.uleb128 0x10
 684 033f F6090000 		.4byte	.LASF94
 685 0343 01       		.byte	0x1
 686 0344 0E       		.byte	0xe
 687 0345 00000000 		.4byte	.LFB35
 688 0349 04010000 		.4byte	.LFE35-.LFB35
 689 034d 01       		.uleb128 0x1
 690 034e 9C       		.byte	0x9c
 691 034f 94030000 		.4byte	0x394
 692 0353 11       		.uleb128 0x11
 693 0354 FB000000 		.4byte	.LASF91
 694 0358 01       		.byte	0x1
 695 0359 0E       		.byte	0xe
 696 035a 81000000 		.4byte	0x81
 697 035e 02       		.uleb128 0x2
 698 035f 91       		.byte	0x91
 699 0360 6C       		.sleb128 -20
 700 0361 11       		.uleb128 0x11
 701 0362 150A0000 		.4byte	.LASF92
 702 0366 01       		.byte	0x1
 703 0367 0E       		.byte	0xe
 704 0368 A8000000 		.4byte	0xa8
 705 036c 02       		.uleb128 0x2
ARM GAS  C:\Users\Kevin\AppData\Local\Temp\cc4Btv9F.s 			page 16


 706 036d 91       		.byte	0x91
 707 036e 68       		.sleb128 -24
 708 036f 12       		.uleb128 0x12
 709 0370 D6000000 		.4byte	.LASF93
 710 0374 01       		.byte	0x1
 711 0375 11       		.byte	0x11
 712 0376 94030000 		.4byte	0x394
 713 037a 02       		.uleb128 0x2
 714 037b 91       		.byte	0x91
 715 037c 70       		.sleb128 -16
 716 037d 13       		.uleb128 0x13
 717 037e 7A000000 		.4byte	.LBB2
 718 0382 4C000000 		.4byte	.LBE2-.LBB2
 719 0386 14       		.uleb128 0x14
 720 0387 6900     		.ascii	"i\000"
 721 0389 01       		.byte	0x1
 722 038a 3B       		.byte	0x3b
 723 038b 5D000000 		.4byte	0x5d
 724 038f 02       		.uleb128 0x2
 725 0390 91       		.byte	0x91
 726 0391 74       		.sleb128 -12
 727 0392 00       		.byte	0
 728 0393 00       		.byte	0
 729 0394 08       		.uleb128 0x8
 730 0395 04       		.byte	0x4
 731 0396 FF020000 		.4byte	0x2ff
 732 039a 10       		.uleb128 0x10
 733 039b B4070000 		.4byte	.LASF95
 734 039f 01       		.byte	0x1
 735 03a0 65       		.byte	0x65
 736 03a1 00000000 		.4byte	.LFB36
 737 03a5 60000000 		.4byte	.LFE36-.LFB36
 738 03a9 01       		.uleb128 0x1
 739 03aa 9C       		.byte	0x9c
 740 03ab E8030000 		.4byte	0x3e8
 741 03af 11       		.uleb128 0x11
 742 03b0 48090000 		.4byte	.LASF96
 743 03b4 01       		.byte	0x1
 744 03b5 65       		.byte	0x65
 745 03b6 2F020000 		.4byte	0x22f
 746 03ba 02       		.uleb128 0x2
 747 03bb 91       		.byte	0x91
 748 03bc 64       		.sleb128 -28
 749 03bd 15       		.uleb128 0x15
 750 03be 6C656E00 		.ascii	"len\000"
 751 03c2 01       		.byte	0x1
 752 03c3 65       		.byte	0x65
 753 03c4 6B000000 		.4byte	0x6b
 754 03c8 02       		.uleb128 0x2
 755 03c9 91       		.byte	0x91
 756 03ca 63       		.sleb128 -29
 757 03cb 11       		.uleb128 0x11
 758 03cc CE070000 		.4byte	.LASF80
 759 03d0 01       		.byte	0x1
 760 03d1 65       		.byte	0x65
 761 03d2 76000000 		.4byte	0x76
 762 03d6 02       		.uleb128 0x2
ARM GAS  C:\Users\Kevin\AppData\Local\Temp\cc4Btv9F.s 			page 17


 763 03d7 91       		.byte	0x91
 764 03d8 60       		.sleb128 -32
 765 03d9 12       		.uleb128 0x12
 766 03da E2050000 		.4byte	.LASF97
 767 03de 01       		.byte	0x1
 768 03df 6D       		.byte	0x6d
 769 03e0 D2020000 		.4byte	0x2d2
 770 03e4 02       		.uleb128 0x2
 771 03e5 91       		.byte	0x91
 772 03e6 6C       		.sleb128 -20
 773 03e7 00       		.byte	0
 774 03e8 16       		.uleb128 0x16
 775 03e9 3B040000 		.4byte	.LASF98
 776 03ed 06       		.byte	0x6
 777 03ee 2009     		.2byte	0x920
 778 03f0 32030000 		.4byte	0x332
 779 03f4 16       		.uleb128 0x16
 780 03f5 F5010000 		.4byte	.LASF99
 781 03f9 06       		.byte	0x6
 782 03fa 2109     		.2byte	0x921
 783 03fc 65020000 		.4byte	0x265
 784 0400 17       		.uleb128 0x17
 785 0401 76000000 		.4byte	0x76
 786 0405 10040000 		.4byte	0x410
 787 0409 18       		.uleb128 0x18
 788 040a A1000000 		.4byte	0xa1
 789 040e 0A       		.byte	0xa
 790 040f 00       		.byte	0
 791 0410 19       		.uleb128 0x19
 792 0411 0A0A0000 		.4byte	.LASF100
 793 0415 07       		.byte	0x7
 794 0416 12       		.byte	0x12
 795 0417 00040000 		.4byte	0x400
 796 041b 05       		.uleb128 0x5
 797 041c 03       		.byte	0x3
 798 041d 00000000 		.4byte	servoTimes
 799 0421 19       		.uleb128 0x19
 800 0422 DB080000 		.4byte	.LASF101
 801 0426 07       		.byte	0x7
 802 0427 13       		.byte	0x13
 803 0428 00040000 		.4byte	0x400
 804 042c 05       		.uleb128 0x5
 805 042d 03       		.byte	0x3
 806 042e 00000000 		.4byte	servo1Positions
 807 0432 17       		.uleb128 0x17
 808 0433 6B000000 		.4byte	0x6b
 809 0437 42040000 		.4byte	0x442
 810 043b 18       		.uleb128 0x18
 811 043c A1000000 		.4byte	0xa1
 812 0440 33       		.byte	0x33
 813 0441 00       		.byte	0
 814 0442 19       		.uleb128 0x19
 815 0443 48090000 		.4byte	.LASF96
 816 0447 08       		.byte	0x8
 817 0448 2C       		.byte	0x2c
 818 0449 32040000 		.4byte	0x432
 819 044d 05       		.uleb128 0x5
ARM GAS  C:\Users\Kevin\AppData\Local\Temp\cc4Btv9F.s 			page 18


 820 044e 03       		.byte	0x3
 821 044f 00000000 		.4byte	DataSet
 822 0453 19       		.uleb128 0x19
 823 0454 AC030000 		.4byte	.LASF102
 824 0458 08       		.byte	0x8
 825 0459 2E       		.byte	0x2e
 826 045a 81000000 		.4byte	0x81
 827 045e 05       		.uleb128 0x5
 828 045f 03       		.byte	0x3
 829 0460 00000000 		.4byte	time_10ms
 830 0464 19       		.uleb128 0x19
 831 0465 B6000000 		.4byte	.LASF103
 832 0469 08       		.byte	0x8
 833 046a 2F       		.byte	0x2f
 834 046b 6B000000 		.4byte	0x6b
 835 046f 05       		.uleb128 0x5
 836 0470 03       		.byte	0x3
 837 0471 00000000 		.4byte	flight_fase
 838 0475 19       		.uleb128 0x19
 839 0476 16010000 		.4byte	.LASF104
 840 047a 08       		.byte	0x8
 841 047b 30       		.byte	0x30
 842 047c 5D000000 		.4byte	0x5d
 843 0480 05       		.uleb128 0x5
 844 0481 03       		.byte	0x3
 845 0482 00000000 		.4byte	timeStep
 846 0486 00       		.byte	0
 847              		.section	.debug_abbrev,"",%progbits
 848              	.Ldebug_abbrev0:
 849 0000 01       		.uleb128 0x1
 850 0001 11       		.uleb128 0x11
 851 0002 01       		.byte	0x1
 852 0003 25       		.uleb128 0x25
 853 0004 0E       		.uleb128 0xe
 854 0005 13       		.uleb128 0x13
 855 0006 0B       		.uleb128 0xb
 856 0007 03       		.uleb128 0x3
 857 0008 0E       		.uleb128 0xe
 858 0009 1B       		.uleb128 0x1b
 859 000a 0E       		.uleb128 0xe
 860 000b 55       		.uleb128 0x55
 861 000c 17       		.uleb128 0x17
 862 000d 11       		.uleb128 0x11
 863 000e 01       		.uleb128 0x1
 864 000f 10       		.uleb128 0x10
 865 0010 17       		.uleb128 0x17
 866 0011 00       		.byte	0
 867 0012 00       		.byte	0
 868 0013 02       		.uleb128 0x2
 869 0014 24       		.uleb128 0x24
 870 0015 00       		.byte	0
 871 0016 0B       		.uleb128 0xb
 872 0017 0B       		.uleb128 0xb
 873 0018 3E       		.uleb128 0x3e
 874 0019 0B       		.uleb128 0xb
 875 001a 03       		.uleb128 0x3
 876 001b 0E       		.uleb128 0xe
ARM GAS  C:\Users\Kevin\AppData\Local\Temp\cc4Btv9F.s 			page 19


 877 001c 00       		.byte	0
 878 001d 00       		.byte	0
 879 001e 03       		.uleb128 0x3
 880 001f 24       		.uleb128 0x24
 881 0020 00       		.byte	0
 882 0021 0B       		.uleb128 0xb
 883 0022 0B       		.uleb128 0xb
 884 0023 3E       		.uleb128 0x3e
 885 0024 0B       		.uleb128 0xb
 886 0025 03       		.uleb128 0x3
 887 0026 08       		.uleb128 0x8
 888 0027 00       		.byte	0
 889 0028 00       		.byte	0
 890 0029 04       		.uleb128 0x4
 891 002a 16       		.uleb128 0x16
 892 002b 00       		.byte	0
 893 002c 03       		.uleb128 0x3
 894 002d 0E       		.uleb128 0xe
 895 002e 3A       		.uleb128 0x3a
 896 002f 0B       		.uleb128 0xb
 897 0030 3B       		.uleb128 0x3b
 898 0031 0B       		.uleb128 0xb
 899 0032 49       		.uleb128 0x49
 900 0033 13       		.uleb128 0x13
 901 0034 00       		.byte	0
 902 0035 00       		.byte	0
 903 0036 05       		.uleb128 0x5
 904 0037 0F       		.uleb128 0xf
 905 0038 00       		.byte	0
 906 0039 0B       		.uleb128 0xb
 907 003a 0B       		.uleb128 0xb
 908 003b 00       		.byte	0
 909 003c 00       		.byte	0
 910 003d 06       		.uleb128 0x6
 911 003e 04       		.uleb128 0x4
 912 003f 01       		.byte	0x1
 913 0040 0B       		.uleb128 0xb
 914 0041 0B       		.uleb128 0xb
 915 0042 3A       		.uleb128 0x3a
 916 0043 0B       		.uleb128 0xb
 917 0044 3B       		.uleb128 0x3b
 918 0045 0B       		.uleb128 0xb
 919 0046 01       		.uleb128 0x1
 920 0047 13       		.uleb128 0x13
 921 0048 00       		.byte	0
 922 0049 00       		.byte	0
 923 004a 07       		.uleb128 0x7
 924 004b 28       		.uleb128 0x28
 925 004c 00       		.byte	0
 926 004d 03       		.uleb128 0x3
 927 004e 0E       		.uleb128 0xe
 928 004f 1C       		.uleb128 0x1c
 929 0050 0D       		.uleb128 0xd
 930 0051 00       		.byte	0
 931 0052 00       		.byte	0
 932 0053 08       		.uleb128 0x8
 933 0054 0F       		.uleb128 0xf
ARM GAS  C:\Users\Kevin\AppData\Local\Temp\cc4Btv9F.s 			page 20


 934 0055 00       		.byte	0
 935 0056 0B       		.uleb128 0xb
 936 0057 0B       		.uleb128 0xb
 937 0058 49       		.uleb128 0x49
 938 0059 13       		.uleb128 0x13
 939 005a 00       		.byte	0
 940 005b 00       		.byte	0
 941 005c 09       		.uleb128 0x9
 942 005d 16       		.uleb128 0x16
 943 005e 00       		.byte	0
 944 005f 03       		.uleb128 0x3
 945 0060 0E       		.uleb128 0xe
 946 0061 3A       		.uleb128 0x3a
 947 0062 0B       		.uleb128 0xb
 948 0063 3B       		.uleb128 0x3b
 949 0064 05       		.uleb128 0x5
 950 0065 49       		.uleb128 0x49
 951 0066 13       		.uleb128 0x13
 952 0067 00       		.byte	0
 953 0068 00       		.byte	0
 954 0069 0A       		.uleb128 0xa
 955 006a 13       		.uleb128 0x13
 956 006b 01       		.byte	0x1
 957 006c 0B       		.uleb128 0xb
 958 006d 0B       		.uleb128 0xb
 959 006e 3A       		.uleb128 0x3a
 960 006f 0B       		.uleb128 0xb
 961 0070 3B       		.uleb128 0x3b
 962 0071 05       		.uleb128 0x5
 963 0072 01       		.uleb128 0x1
 964 0073 13       		.uleb128 0x13
 965 0074 00       		.byte	0
 966 0075 00       		.byte	0
 967 0076 0B       		.uleb128 0xb
 968 0077 0D       		.uleb128 0xd
 969 0078 00       		.byte	0
 970 0079 03       		.uleb128 0x3
 971 007a 0E       		.uleb128 0xe
 972 007b 3A       		.uleb128 0x3a
 973 007c 0B       		.uleb128 0xb
 974 007d 3B       		.uleb128 0x3b
 975 007e 05       		.uleb128 0x5
 976 007f 49       		.uleb128 0x49
 977 0080 13       		.uleb128 0x13
 978 0081 38       		.uleb128 0x38
 979 0082 0B       		.uleb128 0xb
 980 0083 00       		.byte	0
 981 0084 00       		.byte	0
 982 0085 0C       		.uleb128 0xc
 983 0086 0D       		.uleb128 0xd
 984 0087 00       		.byte	0
 985 0088 03       		.uleb128 0x3
 986 0089 08       		.uleb128 0x8
 987 008a 3A       		.uleb128 0x3a
 988 008b 0B       		.uleb128 0xb
 989 008c 3B       		.uleb128 0x3b
 990 008d 05       		.uleb128 0x5
ARM GAS  C:\Users\Kevin\AppData\Local\Temp\cc4Btv9F.s 			page 21


 991 008e 49       		.uleb128 0x49
 992 008f 13       		.uleb128 0x13
 993 0090 38       		.uleb128 0x38
 994 0091 0B       		.uleb128 0xb
 995 0092 00       		.byte	0
 996 0093 00       		.byte	0
 997 0094 0D       		.uleb128 0xd
 998 0095 13       		.uleb128 0x13
 999 0096 01       		.byte	0x1
 1000 0097 0B       		.uleb128 0xb
 1001 0098 0B       		.uleb128 0xb
 1002 0099 3A       		.uleb128 0x3a
 1003 009a 0B       		.uleb128 0xb
 1004 009b 3B       		.uleb128 0x3b
 1005 009c 0B       		.uleb128 0xb
 1006 009d 01       		.uleb128 0x1
 1007 009e 13       		.uleb128 0x13
 1008 009f 00       		.byte	0
 1009 00a0 00       		.byte	0
 1010 00a1 0E       		.uleb128 0xe
 1011 00a2 0D       		.uleb128 0xd
 1012 00a3 00       		.byte	0
 1013 00a4 03       		.uleb128 0x3
 1014 00a5 0E       		.uleb128 0xe
 1015 00a6 3A       		.uleb128 0x3a
 1016 00a7 0B       		.uleb128 0xb
 1017 00a8 3B       		.uleb128 0x3b
 1018 00a9 0B       		.uleb128 0xb
 1019 00aa 49       		.uleb128 0x49
 1020 00ab 13       		.uleb128 0x13
 1021 00ac 38       		.uleb128 0x38
 1022 00ad 0B       		.uleb128 0xb
 1023 00ae 00       		.byte	0
 1024 00af 00       		.byte	0
 1025 00b0 0F       		.uleb128 0xf
 1026 00b1 04       		.uleb128 0x4
 1027 00b2 01       		.byte	0x1
 1028 00b3 0B       		.uleb128 0xb
 1029 00b4 0B       		.uleb128 0xb
 1030 00b5 3A       		.uleb128 0x3a
 1031 00b6 0B       		.uleb128 0xb
 1032 00b7 3B       		.uleb128 0x3b
 1033 00b8 05       		.uleb128 0x5
 1034 00b9 01       		.uleb128 0x1
 1035 00ba 13       		.uleb128 0x13
 1036 00bb 00       		.byte	0
 1037 00bc 00       		.byte	0
 1038 00bd 10       		.uleb128 0x10
 1039 00be 2E       		.uleb128 0x2e
 1040 00bf 01       		.byte	0x1
 1041 00c0 3F       		.uleb128 0x3f
 1042 00c1 19       		.uleb128 0x19
 1043 00c2 03       		.uleb128 0x3
 1044 00c3 0E       		.uleb128 0xe
 1045 00c4 3A       		.uleb128 0x3a
 1046 00c5 0B       		.uleb128 0xb
 1047 00c6 3B       		.uleb128 0x3b
ARM GAS  C:\Users\Kevin\AppData\Local\Temp\cc4Btv9F.s 			page 22


 1048 00c7 0B       		.uleb128 0xb
 1049 00c8 27       		.uleb128 0x27
 1050 00c9 19       		.uleb128 0x19
 1051 00ca 11       		.uleb128 0x11
 1052 00cb 01       		.uleb128 0x1
 1053 00cc 12       		.uleb128 0x12
 1054 00cd 06       		.uleb128 0x6
 1055 00ce 40       		.uleb128 0x40
 1056 00cf 18       		.uleb128 0x18
 1057 00d0 9642     		.uleb128 0x2116
 1058 00d2 19       		.uleb128 0x19
 1059 00d3 01       		.uleb128 0x1
 1060 00d4 13       		.uleb128 0x13
 1061 00d5 00       		.byte	0
 1062 00d6 00       		.byte	0
 1063 00d7 11       		.uleb128 0x11
 1064 00d8 05       		.uleb128 0x5
 1065 00d9 00       		.byte	0
 1066 00da 03       		.uleb128 0x3
 1067 00db 0E       		.uleb128 0xe
 1068 00dc 3A       		.uleb128 0x3a
 1069 00dd 0B       		.uleb128 0xb
 1070 00de 3B       		.uleb128 0x3b
 1071 00df 0B       		.uleb128 0xb
 1072 00e0 49       		.uleb128 0x49
 1073 00e1 13       		.uleb128 0x13
 1074 00e2 02       		.uleb128 0x2
 1075 00e3 18       		.uleb128 0x18
 1076 00e4 00       		.byte	0
 1077 00e5 00       		.byte	0
 1078 00e6 12       		.uleb128 0x12
 1079 00e7 34       		.uleb128 0x34
 1080 00e8 00       		.byte	0
 1081 00e9 03       		.uleb128 0x3
 1082 00ea 0E       		.uleb128 0xe
 1083 00eb 3A       		.uleb128 0x3a
 1084 00ec 0B       		.uleb128 0xb
 1085 00ed 3B       		.uleb128 0x3b
 1086 00ee 0B       		.uleb128 0xb
 1087 00ef 49       		.uleb128 0x49
 1088 00f0 13       		.uleb128 0x13
 1089 00f1 02       		.uleb128 0x2
 1090 00f2 18       		.uleb128 0x18
 1091 00f3 00       		.byte	0
 1092 00f4 00       		.byte	0
 1093 00f5 13       		.uleb128 0x13
 1094 00f6 0B       		.uleb128 0xb
 1095 00f7 01       		.byte	0x1
 1096 00f8 11       		.uleb128 0x11
 1097 00f9 01       		.uleb128 0x1
 1098 00fa 12       		.uleb128 0x12
 1099 00fb 06       		.uleb128 0x6
 1100 00fc 00       		.byte	0
 1101 00fd 00       		.byte	0
 1102 00fe 14       		.uleb128 0x14
 1103 00ff 34       		.uleb128 0x34
 1104 0100 00       		.byte	0
ARM GAS  C:\Users\Kevin\AppData\Local\Temp\cc4Btv9F.s 			page 23


 1105 0101 03       		.uleb128 0x3
 1106 0102 08       		.uleb128 0x8
 1107 0103 3A       		.uleb128 0x3a
 1108 0104 0B       		.uleb128 0xb
 1109 0105 3B       		.uleb128 0x3b
 1110 0106 0B       		.uleb128 0xb
 1111 0107 49       		.uleb128 0x49
 1112 0108 13       		.uleb128 0x13
 1113 0109 02       		.uleb128 0x2
 1114 010a 18       		.uleb128 0x18
 1115 010b 00       		.byte	0
 1116 010c 00       		.byte	0
 1117 010d 15       		.uleb128 0x15
 1118 010e 05       		.uleb128 0x5
 1119 010f 00       		.byte	0
 1120 0110 03       		.uleb128 0x3
 1121 0111 08       		.uleb128 0x8
 1122 0112 3A       		.uleb128 0x3a
 1123 0113 0B       		.uleb128 0xb
 1124 0114 3B       		.uleb128 0x3b
 1125 0115 0B       		.uleb128 0xb
 1126 0116 49       		.uleb128 0x49
 1127 0117 13       		.uleb128 0x13
 1128 0118 02       		.uleb128 0x2
 1129 0119 18       		.uleb128 0x18
 1130 011a 00       		.byte	0
 1131 011b 00       		.byte	0
 1132 011c 16       		.uleb128 0x16
 1133 011d 34       		.uleb128 0x34
 1134 011e 00       		.byte	0
 1135 011f 03       		.uleb128 0x3
 1136 0120 0E       		.uleb128 0xe
 1137 0121 3A       		.uleb128 0x3a
 1138 0122 0B       		.uleb128 0xb
 1139 0123 3B       		.uleb128 0x3b
 1140 0124 05       		.uleb128 0x5
 1141 0125 49       		.uleb128 0x49
 1142 0126 13       		.uleb128 0x13
 1143 0127 3F       		.uleb128 0x3f
 1144 0128 19       		.uleb128 0x19
 1145 0129 3C       		.uleb128 0x3c
 1146 012a 19       		.uleb128 0x19
 1147 012b 00       		.byte	0
 1148 012c 00       		.byte	0
 1149 012d 17       		.uleb128 0x17
 1150 012e 01       		.uleb128 0x1
 1151 012f 01       		.byte	0x1
 1152 0130 49       		.uleb128 0x49
 1153 0131 13       		.uleb128 0x13
 1154 0132 01       		.uleb128 0x1
 1155 0133 13       		.uleb128 0x13
 1156 0134 00       		.byte	0
 1157 0135 00       		.byte	0
 1158 0136 18       		.uleb128 0x18
 1159 0137 21       		.uleb128 0x21
 1160 0138 00       		.byte	0
 1161 0139 49       		.uleb128 0x49
ARM GAS  C:\Users\Kevin\AppData\Local\Temp\cc4Btv9F.s 			page 24


 1162 013a 13       		.uleb128 0x13
 1163 013b 2F       		.uleb128 0x2f
 1164 013c 0B       		.uleb128 0xb
 1165 013d 00       		.byte	0
 1166 013e 00       		.byte	0
 1167 013f 19       		.uleb128 0x19
 1168 0140 34       		.uleb128 0x34
 1169 0141 00       		.byte	0
 1170 0142 03       		.uleb128 0x3
 1171 0143 0E       		.uleb128 0xe
 1172 0144 3A       		.uleb128 0x3a
 1173 0145 0B       		.uleb128 0xb
 1174 0146 3B       		.uleb128 0x3b
 1175 0147 0B       		.uleb128 0xb
 1176 0148 49       		.uleb128 0x49
 1177 0149 13       		.uleb128 0x13
 1178 014a 3F       		.uleb128 0x3f
 1179 014b 19       		.uleb128 0x19
 1180 014c 02       		.uleb128 0x2
 1181 014d 18       		.uleb128 0x18
 1182 014e 00       		.byte	0
 1183 014f 00       		.byte	0
 1184 0150 00       		.byte	0
 1185              		.section	.debug_aranges,"",%progbits
 1186 0000 24000000 		.4byte	0x24
 1187 0004 0200     		.2byte	0x2
 1188 0006 00000000 		.4byte	.Ldebug_info0
 1189 000a 04       		.byte	0x4
 1190 000b 00       		.byte	0
 1191 000c 0000     		.2byte	0
 1192 000e 0000     		.2byte	0
 1193 0010 00000000 		.4byte	.LFB35
 1194 0014 04010000 		.4byte	.LFE35-.LFB35
 1195 0018 00000000 		.4byte	.LFB36
 1196 001c 60000000 		.4byte	.LFE36-.LFB36
 1197 0020 00000000 		.4byte	0
 1198 0024 00000000 		.4byte	0
 1199              		.section	.debug_ranges,"",%progbits
 1200              	.Ldebug_ranges0:
 1201 0000 00000000 		.4byte	.LFB35
 1202 0004 04010000 		.4byte	.LFE35
 1203 0008 00000000 		.4byte	.LFB36
 1204 000c 60000000 		.4byte	.LFE36
 1205 0010 00000000 		.4byte	0
 1206 0014 00000000 		.4byte	0
 1207              		.section	.debug_line,"",%progbits
 1208              	.Ldebug_line0:
 1209 0000 1B010000 		.section	.debug_str,"MS",%progbits,1
 1209      0200B500 
 1209      00000201 
 1209      FB0E0D00 
 1209      01010101 
 1210              	.LASF27:
 1211 0000 4359424C 		.ascii	"CYBLE_EVT_GAP_AUTH_FAILED\000"
 1211      455F4556 
 1211      545F4741 
 1211      505F4155 
ARM GAS  C:\Users\Kevin\AppData\Local\Temp\cc4Btv9F.s 			page 25


 1211      54485F46 
 1212              	.LASF85:
 1213 001a 4359424C 		.ascii	"CYBLE_STATE_STOPPED\000"
 1213      455F5354 
 1213      4154455F 
 1213      53544F50 
 1213      50454400 
 1214              	.LASF24:
 1215 002e 4359424C 		.ascii	"CYBLE_EVT_GAP_PASSKEY_ENTRY_REQUEST\000"
 1215      455F4556 
 1215      545F4741 
 1215      505F5041 
 1215      53534B45 
 1216              	.LASF86:
 1217 0052 4359424C 		.ascii	"CYBLE_STATE_INITIALIZING\000"
 1217      455F5354 
 1217      4154455F 
 1217      494E4954 
 1217      49414C49 
 1218              	.LASF30:
 1219 006b 4359424C 		.ascii	"CYBLE_EVT_GAP_DEVICE_DISCONNECTED\000"
 1219      455F4556 
 1219      545F4741 
 1219      505F4445 
 1219      56494345 
 1220              	.LASF51:
 1221 008d 4359424C 		.ascii	"CYBLE_EVT_GATTS_EXEC_WRITE_REQ\000"
 1221      455F4556 
 1221      545F4741 
 1221      5454535F 
 1221      45584543 
 1222              	.LASF2:
 1223 00ac 73686F72 		.ascii	"short int\000"
 1223      7420696E 
 1223      7400
 1224              	.LASF103:
 1225 00b6 666C6967 		.ascii	"flight_fase\000"
 1225      68745F66 
 1225      61736500 
 1226              	.LASF15:
 1227 00c2 73697A65 		.ascii	"sizetype\000"
 1227      74797065 
 1227      00
 1228              	.LASF82:
 1229 00cb 636F6E6E 		.ascii	"connHandle\000"
 1229      48616E64 
 1229      6C6500
 1230              	.LASF93:
 1231 00d6 77725265 		.ascii	"wrReqParam\000"
 1231      71506172 
 1231      616D00
 1232              	.LASF35:
 1233 00e1 4359424C 		.ascii	"CYBLE_EVT_GATTC_ERROR_RSP\000"
 1233      455F4556 
 1233      545F4741 
 1233      5454435F 
 1233      4552524F 
ARM GAS  C:\Users\Kevin\AppData\Local\Temp\cc4Btv9F.s 			page 26


 1234              	.LASF91:
 1235 00fb 6576656E 		.ascii	"event\000"
 1235      7400
 1236              	.LASF20:
 1237 0101 4359424C 		.ascii	"CYBLE_EVT_HCI_STATUS\000"
 1237      455F4556 
 1237      545F4843 
 1237      495F5354 
 1237      41545553 
 1238              	.LASF104:
 1239 0116 74696D65 		.ascii	"timeStep\000"
 1239      53746570 
 1239      00
 1240              	.LASF73:
 1241 011f 4359424C 		.ascii	"CYBLE_GATT_DB_ATTR_HANDLE_T\000"
 1241      455F4741 
 1241      54545F44 
 1241      425F4154 
 1241      54525F48 
 1242              	.LASF17:
 1243 013b 4359424C 		.ascii	"CYBLE_EVT_STACK_ON\000"
 1243      455F4556 
 1243      545F5354 
 1243      41434B5F 
 1243      4F4E00
 1244              	.LASF87:
 1245 014e 4359424C 		.ascii	"CYBLE_STATE_CONNECTED\000"
 1245      455F5354 
 1245      4154455F 
 1245      434F4E4E 
 1245      45435445 
 1246              	.LASF106:
 1247 0164 2E5C424C 		.ascii	".\\BLEProcess.c\000"
 1247      4550726F 
 1247      63657373 
 1247      2E6300
 1248              	.LASF10:
 1249 0173 75696E74 		.ascii	"uint16\000"
 1249      313600
 1250              	.LASF34:
 1251 017a 4359424C 		.ascii	"CYBLE_EVT_GAP_KEYINFO_EXCHNGE_CMPLT\000"
 1251      455F4556 
 1251      545F4741 
 1251      505F4B45 
 1251      59494E46 
 1252              	.LASF46:
 1253 019e 4359424C 		.ascii	"CYBLE_EVT_GATTC_READ_MULTI_RSP\000"
 1253      455F4556 
 1253      545F4741 
 1253      5454435F 
 1253      52454144 
 1254              	.LASF55:
 1255 01bd 4359424C 		.ascii	"CYBLE_EVT_GATTS_HANDLE_VALUE_CNF\000"
 1255      455F4556 
 1255      545F4741 
 1255      5454535F 
 1255      48414E44 
ARM GAS  C:\Users\Kevin\AppData\Local\Temp\cc4Btv9F.s 			page 27


 1256              	.LASF16:
 1257 01de 4359424C 		.ascii	"CYBLE_EVT_HOST_INVALID\000"
 1257      455F4556 
 1257      545F484F 
 1257      53545F49 
 1257      4E56414C 
 1258              	.LASF99:
 1259 01f5 6379426C 		.ascii	"cyBle_connHandle\000"
 1259      655F636F 
 1259      6E6E4861 
 1259      6E646C65 
 1259      00
 1260              	.LASF62:
 1261 0206 4359424C 		.ascii	"CYBLE_EVT_L2CAP_CBFC_CONN_IND\000"
 1261      455F4556 
 1261      545F4C32 
 1261      4341505F 
 1261      43424643 
 1262              	.LASF65:
 1263 0224 4359424C 		.ascii	"CYBLE_EVT_L2CAP_CBFC_DISCONN_CNF\000"
 1263      455F4556 
 1263      545F4C32 
 1263      4341505F 
 1263      43424643 
 1264              	.LASF74:
 1265 0245 62644861 		.ascii	"bdHandle\000"
 1265      6E646C65 
 1265      00
 1266              	.LASF12:
 1267 024e 666C6F61 		.ascii	"float\000"
 1267      7400
 1268              	.LASF44:
 1269 0254 4359424C 		.ascii	"CYBLE_EVT_GATTC_READ_RSP\000"
 1269      455F4556 
 1269      545F4741 
 1269      5454435F 
 1269      52454144 
 1270              	.LASF48:
 1271 026d 4359424C 		.ascii	"CYBLE_EVT_GATTC_WRITE_RSP\000"
 1271      455F4556 
 1271      545F4741 
 1271      5454435F 
 1271      57524954 
 1272              	.LASF6:
 1273 0287 6C6F6E67 		.ascii	"long long int\000"
 1273      206C6F6E 
 1273      6720696E 
 1273      7400
 1274              	.LASF7:
 1275 0295 6C6F6E67 		.ascii	"long long unsigned int\000"
 1275      206C6F6E 
 1275      6720756E 
 1275      7369676E 
 1275      65642069 
 1276              	.LASF4:
 1277 02ac 6C6F6E67 		.ascii	"long int\000"
 1277      20696E74 
ARM GAS  C:\Users\Kevin\AppData\Local\Temp\cc4Btv9F.s 			page 28


 1277      00
 1278              	.LASF54:
 1279 02b5 4359424C 		.ascii	"CYBLE_EVT_GATTC_HANDLE_VALUE_IND\000"
 1279      455F4556 
 1279      545F4741 
 1279      5454435F 
 1279      48414E44 
 1280              	.LASF29:
 1281 02d6 4359424C 		.ascii	"CYBLE_EVT_GAP_DEVICE_CONNECTED\000"
 1281      455F4556 
 1281      545F4741 
 1281      505F4445 
 1281      56494345 
 1282              	.LASF90:
 1283 02f5 4359424C 		.ascii	"CYBLE_STATE_T\000"
 1283      455F5354 
 1283      4154455F 
 1283      5400
 1284              	.LASF28:
 1285 0303 4359424C 		.ascii	"CYBLE_EVT_GAPP_ADVERTISEMENT_START_STOP\000"
 1285      455F4556 
 1285      545F4741 
 1285      50505F41 
 1285      44564552 
 1286              	.LASF53:
 1287 032b 4359424C 		.ascii	"CYBLE_EVT_GATTC_HANDLE_VALUE_NTF\000"
 1287      455F4556 
 1287      545F4741 
 1287      5454435F 
 1287      48414E44 
 1288              	.LASF21:
 1289 034c 4359424C 		.ascii	"CYBLE_EVT_STACK_BUSY_STATUS\000"
 1289      455F4556 
 1289      545F5354 
 1289      41434B5F 
 1289      42555359 
 1290              	.LASF84:
 1291 0368 4359424C 		.ascii	"CYBLE_GATTS_WRITE_REQ_PARAM_T\000"
 1291      455F4741 
 1291      5454535F 
 1291      57524954 
 1291      455F5245 
 1292              	.LASF25:
 1293 0386 4359424C 		.ascii	"CYBLE_EVT_GAP_PASSKEY_DISPLAY_REQUEST\000"
 1293      455F4556 
 1293      545F4741 
 1293      505F5041 
 1293      53534B45 
 1294              	.LASF102:
 1295 03ac 74696D65 		.ascii	"time_10ms\000"
 1295      5F31306D 
 1295      7300
 1296              	.LASF63:
 1297 03b6 4359424C 		.ascii	"CYBLE_EVT_L2CAP_CBFC_CONN_CNF\000"
 1297      455F4556 
 1297      545F4C32 
 1297      4341505F 
ARM GAS  C:\Users\Kevin\AppData\Local\Temp\cc4Btv9F.s 			page 29


 1297      43424643 
 1298              	.LASF72:
 1299 03d4 4359424C 		.ascii	"CYBLE_EVT_MAX\000"
 1299      455F4556 
 1299      545F4D41 
 1299      5800
 1300              	.LASF9:
 1301 03e2 75696E74 		.ascii	"uint8\000"
 1301      3800
 1302              	.LASF59:
 1303 03e8 4359424C 		.ascii	"CYBLE_EVT_L2CAP_CONN_PARAM_UPDATE_REQ\000"
 1303      455F4556 
 1303      545F4C32 
 1303      4341505F 
 1303      434F4E4E 
 1304              	.LASF1:
 1305 040e 756E7369 		.ascii	"unsigned char\000"
 1305      676E6564 
 1305      20636861 
 1305      7200
 1306              	.LASF50:
 1307 041c 4359424C 		.ascii	"CYBLE_EVT_GATTS_PREP_WRITE_REQ\000"
 1307      455F4556 
 1307      545F4741 
 1307      5454535F 
 1307      50524550 
 1308              	.LASF98:
 1309 043b 6379426C 		.ascii	"cyBle_state\000"
 1309      655F7374 
 1309      61746500 
 1310              	.LASF71:
 1311 0447 4359424C 		.ascii	"CYBLE_EVT_LE_PING_AUTH_TIMEOUT\000"
 1311      455F4556 
 1311      545F4C45 
 1311      5F50494E 
 1311      475F4155 
 1312              	.LASF107:
 1313 0466 433A5C55 		.ascii	"C:\\Users\\Kevin\\Documents\\GitHub\\EZtimer\\Firmw"
 1313      73657273 
 1313      5C4B6576 
 1313      696E5C44 
 1313      6F63756D 
 1314 0493 6172655C 		.ascii	"are\\EZtimer.cydsn\000"
 1314      455A7469 
 1314      6D65722E 
 1314      63796473 
 1314      6E00
 1315              	.LASF42:
 1316 04a5 4359424C 		.ascii	"CYBLE_EVT_GATTC_FIND_INFO_RSP\000"
 1316      455F4556 
 1316      545F4741 
 1316      5454435F 
 1316      46494E44 
 1317              	.LASF0:
 1318 04c3 7369676E 		.ascii	"signed char\000"
 1318      65642063 
 1318      68617200 
ARM GAS  C:\Users\Kevin\AppData\Local\Temp\cc4Btv9F.s 			page 30


 1319              	.LASF47:
 1320 04cf 4359424C 		.ascii	"CYBLE_EVT_GATTS_WRITE_REQ\000"
 1320      455F4556 
 1320      545F4741 
 1320      5454535F 
 1320      57524954 
 1321              	.LASF43:
 1322 04e9 4359424C 		.ascii	"CYBLE_EVT_GATTC_FIND_BY_TYPE_VALUE_RSP\000"
 1322      455F4556 
 1322      545F4741 
 1322      5454435F 
 1322      46494E44 
 1323              	.LASF26:
 1324 0510 4359424C 		.ascii	"CYBLE_EVT_GAP_AUTH_COMPLETE\000"
 1324      455F4556 
 1324      545F4741 
 1324      505F4155 
 1324      54485F43 
 1325              	.LASF8:
 1326 052c 756E7369 		.ascii	"unsigned int\000"
 1326      676E6564 
 1326      20696E74 
 1326      00
 1327              	.LASF36:
 1328 0539 4359424C 		.ascii	"CYBLE_EVT_GATT_CONNECT_IND\000"
 1328      455F4556 
 1328      545F4741 
 1328      54545F43 
 1328      4F4E4E45 
 1329              	.LASF5:
 1330 0554 6C6F6E67 		.ascii	"long unsigned int\000"
 1330      20756E73 
 1330      69676E65 
 1330      6420696E 
 1330      7400
 1331              	.LASF23:
 1332 0566 4359424C 		.ascii	"CYBLE_EVT_GAP_AUTH_REQ\000"
 1332      455F4556 
 1332      545F4741 
 1332      505F4155 
 1332      54485F52 
 1333              	.LASF40:
 1334 057d 4359424C 		.ascii	"CYBLE_EVT_GATTC_READ_BY_GROUP_TYPE_RSP\000"
 1334      455F4556 
 1334      545F4741 
 1334      5454435F 
 1334      52454144 
 1335              	.LASF64:
 1336 05a4 4359424C 		.ascii	"CYBLE_EVT_L2CAP_CBFC_DISCONN_IND\000"
 1336      455F4556 
 1336      545F4C32 
 1336      4341505F 
 1336      43424643 
 1337              	.LASF31:
 1338 05c5 4359424C 		.ascii	"CYBLE_EVT_GAP_ENCRYPT_CHANGE\000"
 1338      455F4556 
 1338      545F4741 
ARM GAS  C:\Users\Kevin\AppData\Local\Temp\cc4Btv9F.s 			page 31


 1338      505F454E 
 1338      43525950 
 1339              	.LASF97:
 1340 05e2 64617461 		.ascii	"dataHandle\000"
 1340      48616E64 
 1340      6C6500
 1341              	.LASF3:
 1342 05ed 73686F72 		.ascii	"short unsigned int\000"
 1342      7420756E 
 1342      7369676E 
 1342      65642069 
 1342      6E7400
 1343              	.LASF32:
 1344 0600 4359424C 		.ascii	"CYBLE_EVT_GAP_CONNECTION_UPDATE_COMPLETE\000"
 1344      455F4556 
 1344      545F4741 
 1344      505F434F 
 1344      4E4E4543 
 1345              	.LASF14:
 1346 0629 63686172 		.ascii	"char\000"
 1346      00
 1347              	.LASF78:
 1348 062e 4359424C 		.ascii	"CYBLE_GATT_VALUE_T\000"
 1348      455F4741 
 1348      54545F56 
 1348      414C5545 
 1348      5F5400
 1349              	.LASF105:
 1350 0641 474E5520 		.ascii	"GNU C 4.9.3 20150303 (release) [ARM/embedded-4_9-br"
 1350      4320342E 
 1350      392E3320 
 1350      32303135 
 1350      30333033 
 1351 0674 616E6368 		.ascii	"anch revision 221220] -mcpu=cortex-m0 -mthumb -g -O"
 1351      20726576 
 1351      6973696F 
 1351      6E203232 
 1351      31323230 
 1352 06a7 30202D66 		.ascii	"0 -ffunction-sections -ffat-lto-objects\000"
 1352      66756E63 
 1352      74696F6E 
 1352      2D736563 
 1352      74696F6E 
 1353              	.LASF61:
 1354 06cf 4359424C 		.ascii	"CYBLE_EVT_L2CAP_COMMAND_REJ\000"
 1354      455F4556 
 1354      545F4C32 
 1354      4341505F 
 1354      434F4D4D 
 1355              	.LASF38:
 1356 06eb 4359424C 		.ascii	"CYBLE_EVT_GATTS_XCNHG_MTU_REQ\000"
 1356      455F4556 
 1356      545F4741 
 1356      5454535F 
 1356      58434E48 
 1357              	.LASF83:
 1358 0709 68616E64 		.ascii	"handleValPair\000"
ARM GAS  C:\Users\Kevin\AppData\Local\Temp\cc4Btv9F.s 			page 32


 1358      6C655661 
 1358      6C506169 
 1358      7200
 1359              	.LASF45:
 1360 0717 4359424C 		.ascii	"CYBLE_EVT_GATTC_READ_BLOB_RSP\000"
 1360      455F4556 
 1360      545F4741 
 1360      5454435F 
 1360      52454144 
 1361              	.LASF88:
 1362 0735 4359424C 		.ascii	"CYBLE_STATE_ADVERTISING\000"
 1362      455F5354 
 1362      4154455F 
 1362      41445645 
 1362      52544953 
 1363              	.LASF52:
 1364 074d 4359424C 		.ascii	"CYBLE_EVT_GATTC_EXEC_WRITE_RSP\000"
 1364      455F4556 
 1364      545F4741 
 1364      5454435F 
 1364      45584543 
 1365              	.LASF11:
 1366 076c 75696E74 		.ascii	"uint32\000"
 1366      333200
 1367              	.LASF70:
 1368 0773 4359424C 		.ascii	"CYBLE_EVT_PENDING_FLASH_WRITE\000"
 1368      455F4556 
 1368      545F5045 
 1368      4E44494E 
 1368      475F464C 
 1369              	.LASF67:
 1370 0791 4359424C 		.ascii	"CYBLE_EVT_L2CAP_CBFC_RX_CREDIT_IND\000"
 1370      455F4556 
 1370      545F4C32 
 1370      4341505F 
 1370      43424643 
 1371              	.LASF95:
 1372 07b4 55706461 		.ascii	"UpdateServocharacteristic\000"
 1372      74655365 
 1372      72766F63 
 1372      68617261 
 1372      63746572 
 1373              	.LASF80:
 1374 07ce 61747472 		.ascii	"attrHandle\000"
 1374      48616E64 
 1374      6C6500
 1375              	.LASF13:
 1376 07d9 646F7562 		.ascii	"double\000"
 1376      6C6500
 1377              	.LASF89:
 1378 07e0 4359424C 		.ascii	"CYBLE_STATE_DISCONNECTED\000"
 1378      455F5354 
 1378      4154455F 
 1378      44495343 
 1378      4F4E4E45 
 1379              	.LASF76:
 1380 07f9 4359424C 		.ascii	"CYBLE_CONN_HANDLE_T\000"
ARM GAS  C:\Users\Kevin\AppData\Local\Temp\cc4Btv9F.s 			page 33


 1380      455F434F 
 1380      4E4E5F48 
 1380      414E444C 
 1380      455F5400 
 1381              	.LASF81:
 1382 080d 4359424C 		.ascii	"CYBLE_GATT_HANDLE_VALUE_PAIR_T\000"
 1382      455F4741 
 1382      54545F48 
 1382      414E444C 
 1382      455F5641 
 1383              	.LASF68:
 1384 082c 4359424C 		.ascii	"CYBLE_EVT_L2CAP_CBFC_TX_CREDIT_IND\000"
 1384      455F4556 
 1384      545F4C32 
 1384      4341505F 
 1384      43424643 
 1385              	.LASF19:
 1386 084f 4359424C 		.ascii	"CYBLE_EVT_HARDWARE_ERROR\000"
 1386      455F4556 
 1386      545F4841 
 1386      52445741 
 1386      52455F45 
 1387              	.LASF66:
 1388 0868 4359424C 		.ascii	"CYBLE_EVT_L2CAP_CBFC_DATA_READ\000"
 1388      455F4556 
 1388      545F4C32 
 1388      4341505F 
 1388      43424643 
 1389              	.LASF60:
 1390 0887 4359424C 		.ascii	"CYBLE_EVT_L2CAP_CONN_PARAM_UPDATE_RSP\000"
 1390      455F4556 
 1390      545F4C32 
 1390      4341505F 
 1390      434F4E4E 
 1391              	.LASF22:
 1392 08ad 4359424C 		.ascii	"CYBLE_EVT_GAPC_SCAN_PROGRESS_RESULT\000"
 1392      455F4556 
 1392      545F4741 
 1392      50435F53 
 1392      43414E5F 
 1393              	.LASF77:
 1394 08d1 61637475 		.ascii	"actualLen\000"
 1394      616C4C65 
 1394      6E00
 1395              	.LASF101:
 1396 08db 73657276 		.ascii	"servo1Positions\000"
 1396      6F31506F 
 1396      73697469 
 1396      6F6E7300 
 1397              	.LASF49:
 1398 08eb 4359424C 		.ascii	"CYBLE_EVT_GATTS_WRITE_CMD_REQ\000"
 1398      455F4556 
 1398      545F4741 
 1398      5454535F 
 1398      57524954 
 1399              	.LASF41:
 1400 0909 4359424C 		.ascii	"CYBLE_EVT_GATTC_READ_BY_TYPE_RSP\000"
ARM GAS  C:\Users\Kevin\AppData\Local\Temp\cc4Btv9F.s 			page 34


 1400      455F4556 
 1400      545F4741 
 1400      5454435F 
 1400      52454144 
 1401              	.LASF39:
 1402 092a 4359424C 		.ascii	"CYBLE_EVT_GATTC_XCHNG_MTU_RSP\000"
 1402      455F4556 
 1402      545F4741 
 1402      5454435F 
 1402      5843484E 
 1403              	.LASF96:
 1404 0948 44617461 		.ascii	"DataSet\000"
 1404      53657400 
 1405              	.LASF18:
 1406 0950 4359424C 		.ascii	"CYBLE_EVT_TIMEOUT\000"
 1406      455F4556 
 1406      545F5449 
 1406      4D454F55 
 1406      5400
 1407              	.LASF69:
 1408 0962 4359424C 		.ascii	"CYBLE_EVT_L2CAP_CBFC_DATA_WRITE_IND\000"
 1408      455F4556 
 1408      545F4C32 
 1408      4341505F 
 1408      43424643 
 1409              	.LASF33:
 1410 0986 4359424C 		.ascii	"CYBLE_EVT_GAPC_SCAN_START_STOP\000"
 1410      455F4556 
 1410      545F4741 
 1410      50435F53 
 1410      43414E5F 
 1411              	.LASF58:
 1412 09a5 4359424C 		.ascii	"CYBLE_EVT_GATTS_READ_CHAR_VAL_ACCESS_REQ\000"
 1412      455F4556 
 1412      545F4741 
 1412      5454535F 
 1412      52454144 
 1413              	.LASF57:
 1414 09ce 4359424C 		.ascii	"CYBLE_EVT_GATTC_STOP_CMD_COMPLETE\000"
 1414      455F4556 
 1414      545F4741 
 1414      5454435F 
 1414      53544F50 
 1415              	.LASF79:
 1416 09f0 76616C75 		.ascii	"value\000"
 1416      6500
 1417              	.LASF94:
 1418 09f6 47656E65 		.ascii	"GeneralEventHandler\000"
 1418      72616C45 
 1418      76656E74 
 1418      48616E64 
 1418      6C657200 
 1419              	.LASF100:
 1420 0a0a 73657276 		.ascii	"servoTimes\000"
 1420      6F54696D 
 1420      657300
 1421              	.LASF92:
ARM GAS  C:\Users\Kevin\AppData\Local\Temp\cc4Btv9F.s 			page 35


 1422 0a15 6576656E 		.ascii	"eventParam\000"
 1422      74506172 
 1422      616D00
 1423              	.LASF56:
 1424 0a20 4359424C 		.ascii	"CYBLE_EVT_GATTS_DATA_SIGNED_CMD_REQ\000"
 1424      455F4556 
 1424      545F4741 
 1424      5454535F 
 1424      44415441 
 1425              	.LASF37:
 1426 0a44 4359424C 		.ascii	"CYBLE_EVT_GATT_DISCONNECT_IND\000"
 1426      455F4556 
 1426      545F4741 
 1426      54545F44 
 1426      4953434F 
 1427              	.LASF75:
 1428 0a62 61747449 		.ascii	"attId\000"
 1428      6400
 1429              		.ident	"GCC: (GNU Tools for ARM Embedded Processors) 4.9.3 20150303 (release) [ARM/embedded-4_9-br
