--------------- Clean Started: 11/27/2015 13:48:39 Project: AN91162 - Custom Profile, Configuration: ARM GCC 4.9-2015-q1-update Debug ---------------
Deleting file ".\CortexM0\ARM_GCC_493\Debug\main.o"
Deleting file ".\CortexM0\ARM_GCC_493\Debug\led.o"
Deleting file ".\CortexM0\ARM_GCC_493\Debug\cyfitter_cfg.o"
Deleting file ".\CortexM0\ARM_GCC_493\Debug\cymetadata.o"
Deleting file ".\CortexM0\ARM_GCC_493\Debug\BLE.o"
Deleting file ".\CortexM0\ARM_GCC_493\Debug\BLE_gatt.o"
Deleting file ".\CortexM0\ARM_GCC_493\Debug\BLE_eventHandler.o"
Deleting file ".\CortexM0\ARM_GCC_493\Debug\BLE_HAL_INT.o"
Deleting file ".\CortexM0\ARM_GCC_493\Debug\BLE_HAL_PVT.o"
Deleting file ".\CortexM0\ARM_GCC_493\Debug\BLE_custom.o"
Deleting file ".\CortexM0\ARM_GCC_493\Debug\PrISM_1.o"
Deleting file ".\CortexM0\ARM_GCC_493\Debug\PrISM_1_PM.o"
Deleting file ".\CortexM0\ARM_GCC_493\Debug\PrISM_2.o"
Deleting file ".\CortexM0\ARM_GCC_493\Debug\PrISM_2_PM.o"
Deleting file ".\CortexM0\ARM_GCC_493\Debug\PriSM_Clock.o"
Deleting file ".\CortexM0\ARM_GCC_493\Debug\RED.o"
Deleting file ".\CortexM0\ARM_GCC_493\Debug\GREEN.o"
Deleting file ".\CortexM0\ARM_GCC_493\Debug\BLUE.o"
Deleting file ".\CortexM0\ARM_GCC_493\Debug\BLE_bless_isr.o"
Deleting file ".\CortexM0\ARM_GCC_493\Debug\Cm0Start.o"
Deleting file ".\CortexM0\ARM_GCC_493\Debug\CyBootAsmGnu.o"
Deleting file ".\CortexM0\ARM_GCC_493\Debug\CyFlash.o"
Deleting file ".\CortexM0\ARM_GCC_493\Debug\CyLib.o"
Deleting file ".\CortexM0\ARM_GCC_493\Debug\cyPm.o"
Deleting file ".\CortexM0\ARM_GCC_493\Debug\cyutils.o"
Deleting file ".\CortexM0\ARM_GCC_493\Debug\CyLFClk.o"
Deleting file ".\CortexM0\ARM_GCC_493\Debug\AN91162 - Custom Profile.hex"
Deleting file ".\CortexM0\ARM_GCC_493\Debug\AN91162 - Custom Profile.elf"
Deleting file ".\CortexM0\ARM_GCC_493\Debug\AN91162 - Custom Profile.map"
Deleting file ".\AN91162 - Custom Profile.cycdx"
Deleting file ".\AN91162 - Custom Profile.svd"
Deleting file ".\AN91162 - Custom Profile.rpt"
Deleting file ".\AN91162 - Custom Profile_timing.html"
Deleting file ".\CortexM0\ARM_GCC_493\Debug\.deps\C_FILE.P"
Deleting file ".\CortexM0\ARM_GCC_493\Debug\.deps\ARM_C_FILE.P"
Deleting file ".\CortexM0\ARM_GCC_493\Debug\.deps\GNU_ARM_ASM_FILE.P"
--------------- Clean Succeeded: 11/27/2015 13:48:39 ---------------
