ARM GAS  C:\Users\Kevin\AppData\Local\Temp\ccVEDbaG.s 			page 1


   1              		.cpu cortex-m0
   2              		.fpu softvfp
   3              		.eabi_attribute 20, 1
   4              		.eabi_attribute 21, 1
   5              		.eabi_attribute 23, 3
   6              		.eabi_attribute 24, 1
   7              		.eabi_attribute 25, 1
   8              		.eabi_attribute 26, 1
   9              		.eabi_attribute 30, 6
  10              		.eabi_attribute 34, 0
  11              		.eabi_attribute 18, 4
  12              		.code	16
  13              		.file	"InputInterrupt.c"
  14              		.text
  15              	.Ltext0:
  16              		.cfi_sections	.debug_frame
  17              		.section	.text.InputInterrupt_Start,"ax",%progbits
  18              		.align	2
  19              		.global	InputInterrupt_Start
  20              		.code	16
  21              		.thumb_func
  22              		.type	InputInterrupt_Start, %function
  23              	InputInterrupt_Start:
  24              	.LFB2:
  25              		.file 1 ".\\Generated_Source\\PSoC4\\InputInterrupt.c"
   1:.\Generated_Source\PSoC4/InputInterrupt.c **** /*******************************************************************************
   2:.\Generated_Source\PSoC4/InputInterrupt.c **** * File Name: InputInterrupt.c  
   3:.\Generated_Source\PSoC4/InputInterrupt.c **** * Version 1.70
   4:.\Generated_Source\PSoC4/InputInterrupt.c **** *
   5:.\Generated_Source\PSoC4/InputInterrupt.c **** *  Description:
   6:.\Generated_Source\PSoC4/InputInterrupt.c **** *   API for controlling the state of an interrupt.
   7:.\Generated_Source\PSoC4/InputInterrupt.c **** *
   8:.\Generated_Source\PSoC4/InputInterrupt.c **** *
   9:.\Generated_Source\PSoC4/InputInterrupt.c **** *  Note:
  10:.\Generated_Source\PSoC4/InputInterrupt.c **** *
  11:.\Generated_Source\PSoC4/InputInterrupt.c **** ********************************************************************************
  12:.\Generated_Source\PSoC4/InputInterrupt.c **** * Copyright 2008-2015, Cypress Semiconductor Corporation.  All rights reserved.
  13:.\Generated_Source\PSoC4/InputInterrupt.c **** * You may use this file only in accordance with the license, terms, conditions, 
  14:.\Generated_Source\PSoC4/InputInterrupt.c **** * disclaimers, and limitations in the end user license agreement accompanying 
  15:.\Generated_Source\PSoC4/InputInterrupt.c **** * the software package with which this file was provided.
  16:.\Generated_Source\PSoC4/InputInterrupt.c **** *******************************************************************************/
  17:.\Generated_Source\PSoC4/InputInterrupt.c **** 
  18:.\Generated_Source\PSoC4/InputInterrupt.c **** 
  19:.\Generated_Source\PSoC4/InputInterrupt.c **** #include <cydevice_trm.h>
  20:.\Generated_Source\PSoC4/InputInterrupt.c **** #include <CyLib.h>
  21:.\Generated_Source\PSoC4/InputInterrupt.c **** #include <InputInterrupt.h>
  22:.\Generated_Source\PSoC4/InputInterrupt.c **** 
  23:.\Generated_Source\PSoC4/InputInterrupt.c **** 
  24:.\Generated_Source\PSoC4/InputInterrupt.c **** #if !defined(InputInterrupt__REMOVED) /* Check for removal by optimization */
  25:.\Generated_Source\PSoC4/InputInterrupt.c **** 
  26:.\Generated_Source\PSoC4/InputInterrupt.c **** /*******************************************************************************
  27:.\Generated_Source\PSoC4/InputInterrupt.c **** *  Place your includes, defines and code here 
  28:.\Generated_Source\PSoC4/InputInterrupt.c **** ********************************************************************************/
  29:.\Generated_Source\PSoC4/InputInterrupt.c **** /* `#START InputInterrupt_intc` */
  30:.\Generated_Source\PSoC4/InputInterrupt.c **** 
  31:.\Generated_Source\PSoC4/InputInterrupt.c **** /* `#END` */
  32:.\Generated_Source\PSoC4/InputInterrupt.c **** 
ARM GAS  C:\Users\Kevin\AppData\Local\Temp\ccVEDbaG.s 			page 2


  33:.\Generated_Source\PSoC4/InputInterrupt.c **** extern cyisraddress CyRamVectors[CYINT_IRQ_BASE + CY_NUM_INTERRUPTS];
  34:.\Generated_Source\PSoC4/InputInterrupt.c **** 
  35:.\Generated_Source\PSoC4/InputInterrupt.c **** /* Declared in startup, used to set unused interrupts to. */
  36:.\Generated_Source\PSoC4/InputInterrupt.c **** CY_ISR_PROTO(IntDefaultHandler);
  37:.\Generated_Source\PSoC4/InputInterrupt.c **** 
  38:.\Generated_Source\PSoC4/InputInterrupt.c **** 
  39:.\Generated_Source\PSoC4/InputInterrupt.c **** /*******************************************************************************
  40:.\Generated_Source\PSoC4/InputInterrupt.c **** * Function Name: InputInterrupt_Start
  41:.\Generated_Source\PSoC4/InputInterrupt.c **** ********************************************************************************
  42:.\Generated_Source\PSoC4/InputInterrupt.c **** *
  43:.\Generated_Source\PSoC4/InputInterrupt.c **** * Summary:
  44:.\Generated_Source\PSoC4/InputInterrupt.c **** *  Set up the interrupt and enable it. This function disables the interrupt, 
  45:.\Generated_Source\PSoC4/InputInterrupt.c **** *  sets the default interrupt vector, sets the priority from the value in the
  46:.\Generated_Source\PSoC4/InputInterrupt.c **** *  Design Wide Resources Interrupt Editor, then enables the interrupt to the 
  47:.\Generated_Source\PSoC4/InputInterrupt.c **** *  interrupt controller.
  48:.\Generated_Source\PSoC4/InputInterrupt.c **** *
  49:.\Generated_Source\PSoC4/InputInterrupt.c **** * Parameters:  
  50:.\Generated_Source\PSoC4/InputInterrupt.c **** *   None
  51:.\Generated_Source\PSoC4/InputInterrupt.c **** *
  52:.\Generated_Source\PSoC4/InputInterrupt.c **** * Return:
  53:.\Generated_Source\PSoC4/InputInterrupt.c **** *   None
  54:.\Generated_Source\PSoC4/InputInterrupt.c **** *
  55:.\Generated_Source\PSoC4/InputInterrupt.c **** *******************************************************************************/
  56:.\Generated_Source\PSoC4/InputInterrupt.c **** void InputInterrupt_Start(void)
  57:.\Generated_Source\PSoC4/InputInterrupt.c **** {
  26              		.loc 1 57 0
  27              		.cfi_startproc
  28 0000 80B5     		push	{r7, lr}
  29              		.cfi_def_cfa_offset 8
  30              		.cfi_offset 7, -8
  31              		.cfi_offset 14, -4
  32 0002 00AF     		add	r7, sp, #0
  33              		.cfi_def_cfa_register 7
  58:.\Generated_Source\PSoC4/InputInterrupt.c ****     /* For all we know the interrupt is active. */
  59:.\Generated_Source\PSoC4/InputInterrupt.c ****     InputInterrupt_Disable();
  34              		.loc 1 59 0
  35 0004 FFF7FEFF 		bl	InputInterrupt_Disable
  60:.\Generated_Source\PSoC4/InputInterrupt.c **** 
  61:.\Generated_Source\PSoC4/InputInterrupt.c ****     /* Set the ISR to point to the InputInterrupt Interrupt. */
  62:.\Generated_Source\PSoC4/InputInterrupt.c ****     InputInterrupt_SetVector(&InputInterrupt_Interrupt);
  36              		.loc 1 62 0
  37 0008 054B     		ldr	r3, .L2
  38 000a 181C     		mov	r0, r3
  39 000c FFF7FEFF 		bl	InputInterrupt_SetVector
  63:.\Generated_Source\PSoC4/InputInterrupt.c **** 
  64:.\Generated_Source\PSoC4/InputInterrupt.c ****     /* Set the priority. */
  65:.\Generated_Source\PSoC4/InputInterrupt.c ****     InputInterrupt_SetPriority((uint8)InputInterrupt_INTC_PRIOR_NUMBER);
  40              		.loc 1 65 0
  41 0010 0320     		mov	r0, #3
  42 0012 FFF7FEFF 		bl	InputInterrupt_SetPriority
  66:.\Generated_Source\PSoC4/InputInterrupt.c **** 
  67:.\Generated_Source\PSoC4/InputInterrupt.c ****     /* Enable it. */
  68:.\Generated_Source\PSoC4/InputInterrupt.c ****     InputInterrupt_Enable();
  43              		.loc 1 68 0
  44 0016 FFF7FEFF 		bl	InputInterrupt_Enable
  69:.\Generated_Source\PSoC4/InputInterrupt.c **** }
  45              		.loc 1 69 0
ARM GAS  C:\Users\Kevin\AppData\Local\Temp\ccVEDbaG.s 			page 3


  46 001a BD46     		mov	sp, r7
  47              		@ sp needed
  48 001c 80BD     		pop	{r7, pc}
  49              	.L3:
  50 001e C046     		.align	2
  51              	.L2:
  52 0020 00000000 		.word	InputInterrupt_Interrupt
  53              		.cfi_endproc
  54              	.LFE2:
  55              		.size	InputInterrupt_Start, .-InputInterrupt_Start
  56              		.section	.text.InputInterrupt_StartEx,"ax",%progbits
  57              		.align	2
  58              		.global	InputInterrupt_StartEx
  59              		.code	16
  60              		.thumb_func
  61              		.type	InputInterrupt_StartEx, %function
  62              	InputInterrupt_StartEx:
  63              	.LFB3:
  70:.\Generated_Source\PSoC4/InputInterrupt.c **** 
  71:.\Generated_Source\PSoC4/InputInterrupt.c **** 
  72:.\Generated_Source\PSoC4/InputInterrupt.c **** /*******************************************************************************
  73:.\Generated_Source\PSoC4/InputInterrupt.c **** * Function Name: InputInterrupt_StartEx
  74:.\Generated_Source\PSoC4/InputInterrupt.c **** ********************************************************************************
  75:.\Generated_Source\PSoC4/InputInterrupt.c **** *
  76:.\Generated_Source\PSoC4/InputInterrupt.c **** * Summary:
  77:.\Generated_Source\PSoC4/InputInterrupt.c **** *  Sets up the interrupt and enables it. This function disables the interrupt,
  78:.\Generated_Source\PSoC4/InputInterrupt.c **** *  sets the interrupt vector based on the address passed in, sets the priority 
  79:.\Generated_Source\PSoC4/InputInterrupt.c **** *  from the value in the Design Wide Resources Interrupt Editor, then enables 
  80:.\Generated_Source\PSoC4/InputInterrupt.c **** *  the interrupt to the interrupt controller.
  81:.\Generated_Source\PSoC4/InputInterrupt.c **** *  
  82:.\Generated_Source\PSoC4/InputInterrupt.c **** *  When defining ISR functions, the CY_ISR and CY_ISR_PROTO macros should be 
  83:.\Generated_Source\PSoC4/InputInterrupt.c **** *  used to provide consistent definition across compilers:
  84:.\Generated_Source\PSoC4/InputInterrupt.c **** *  
  85:.\Generated_Source\PSoC4/InputInterrupt.c **** *  Function definition example:
  86:.\Generated_Source\PSoC4/InputInterrupt.c **** *   CY_ISR(MyISR)
  87:.\Generated_Source\PSoC4/InputInterrupt.c **** *   {
  88:.\Generated_Source\PSoC4/InputInterrupt.c **** *   }
  89:.\Generated_Source\PSoC4/InputInterrupt.c **** *   Function prototype example:
  90:.\Generated_Source\PSoC4/InputInterrupt.c **** *   CY_ISR_PROTO(MyISR);
  91:.\Generated_Source\PSoC4/InputInterrupt.c **** *
  92:.\Generated_Source\PSoC4/InputInterrupt.c **** * Parameters:  
  93:.\Generated_Source\PSoC4/InputInterrupt.c **** *   address: Address of the ISR to set in the interrupt vector table.
  94:.\Generated_Source\PSoC4/InputInterrupt.c **** *
  95:.\Generated_Source\PSoC4/InputInterrupt.c **** * Return:
  96:.\Generated_Source\PSoC4/InputInterrupt.c **** *   None
  97:.\Generated_Source\PSoC4/InputInterrupt.c **** *
  98:.\Generated_Source\PSoC4/InputInterrupt.c **** *******************************************************************************/
  99:.\Generated_Source\PSoC4/InputInterrupt.c **** void InputInterrupt_StartEx(cyisraddress address)
 100:.\Generated_Source\PSoC4/InputInterrupt.c **** {
  64              		.loc 1 100 0
  65              		.cfi_startproc
  66 0000 80B5     		push	{r7, lr}
  67              		.cfi_def_cfa_offset 8
  68              		.cfi_offset 7, -8
  69              		.cfi_offset 14, -4
  70 0002 82B0     		sub	sp, sp, #8
  71              		.cfi_def_cfa_offset 16
ARM GAS  C:\Users\Kevin\AppData\Local\Temp\ccVEDbaG.s 			page 4


  72 0004 00AF     		add	r7, sp, #0
  73              		.cfi_def_cfa_register 7
  74 0006 7860     		str	r0, [r7, #4]
 101:.\Generated_Source\PSoC4/InputInterrupt.c ****     /* For all we know the interrupt is active. */
 102:.\Generated_Source\PSoC4/InputInterrupt.c ****     InputInterrupt_Disable();
  75              		.loc 1 102 0
  76 0008 FFF7FEFF 		bl	InputInterrupt_Disable
 103:.\Generated_Source\PSoC4/InputInterrupt.c **** 
 104:.\Generated_Source\PSoC4/InputInterrupt.c ****     /* Set the ISR to point to the InputInterrupt Interrupt. */
 105:.\Generated_Source\PSoC4/InputInterrupt.c ****     InputInterrupt_SetVector(address);
  77              		.loc 1 105 0
  78 000c 7B68     		ldr	r3, [r7, #4]
  79 000e 181C     		mov	r0, r3
  80 0010 FFF7FEFF 		bl	InputInterrupt_SetVector
 106:.\Generated_Source\PSoC4/InputInterrupt.c **** 
 107:.\Generated_Source\PSoC4/InputInterrupt.c ****     /* Set the priority. */
 108:.\Generated_Source\PSoC4/InputInterrupt.c ****     InputInterrupt_SetPriority((uint8)InputInterrupt_INTC_PRIOR_NUMBER);
  81              		.loc 1 108 0
  82 0014 0320     		mov	r0, #3
  83 0016 FFF7FEFF 		bl	InputInterrupt_SetPriority
 109:.\Generated_Source\PSoC4/InputInterrupt.c **** 
 110:.\Generated_Source\PSoC4/InputInterrupt.c ****     /* Enable it. */
 111:.\Generated_Source\PSoC4/InputInterrupt.c ****     InputInterrupt_Enable();
  84              		.loc 1 111 0
  85 001a FFF7FEFF 		bl	InputInterrupt_Enable
 112:.\Generated_Source\PSoC4/InputInterrupt.c **** }
  86              		.loc 1 112 0
  87 001e BD46     		mov	sp, r7
  88 0020 02B0     		add	sp, sp, #8
  89              		@ sp needed
  90 0022 80BD     		pop	{r7, pc}
  91              		.cfi_endproc
  92              	.LFE3:
  93              		.size	InputInterrupt_StartEx, .-InputInterrupt_StartEx
  94              		.section	.text.InputInterrupt_Stop,"ax",%progbits
  95              		.align	2
  96              		.global	InputInterrupt_Stop
  97              		.code	16
  98              		.thumb_func
  99              		.type	InputInterrupt_Stop, %function
 100              	InputInterrupt_Stop:
 101              	.LFB4:
 113:.\Generated_Source\PSoC4/InputInterrupt.c **** 
 114:.\Generated_Source\PSoC4/InputInterrupt.c **** 
 115:.\Generated_Source\PSoC4/InputInterrupt.c **** /*******************************************************************************
 116:.\Generated_Source\PSoC4/InputInterrupt.c **** * Function Name: InputInterrupt_Stop
 117:.\Generated_Source\PSoC4/InputInterrupt.c **** ********************************************************************************
 118:.\Generated_Source\PSoC4/InputInterrupt.c **** *
 119:.\Generated_Source\PSoC4/InputInterrupt.c **** * Summary:
 120:.\Generated_Source\PSoC4/InputInterrupt.c **** *   Disables and removes the interrupt.
 121:.\Generated_Source\PSoC4/InputInterrupt.c **** *
 122:.\Generated_Source\PSoC4/InputInterrupt.c **** * Parameters:  
 123:.\Generated_Source\PSoC4/InputInterrupt.c **** *   None
 124:.\Generated_Source\PSoC4/InputInterrupt.c **** *
 125:.\Generated_Source\PSoC4/InputInterrupt.c **** * Return:
 126:.\Generated_Source\PSoC4/InputInterrupt.c **** *   None
 127:.\Generated_Source\PSoC4/InputInterrupt.c **** *
ARM GAS  C:\Users\Kevin\AppData\Local\Temp\ccVEDbaG.s 			page 5


 128:.\Generated_Source\PSoC4/InputInterrupt.c **** *******************************************************************************/
 129:.\Generated_Source\PSoC4/InputInterrupt.c **** void InputInterrupt_Stop(void)
 130:.\Generated_Source\PSoC4/InputInterrupt.c **** {
 102              		.loc 1 130 0
 103              		.cfi_startproc
 104 0000 80B5     		push	{r7, lr}
 105              		.cfi_def_cfa_offset 8
 106              		.cfi_offset 7, -8
 107              		.cfi_offset 14, -4
 108 0002 00AF     		add	r7, sp, #0
 109              		.cfi_def_cfa_register 7
 131:.\Generated_Source\PSoC4/InputInterrupt.c ****     /* Disable this interrupt. */
 132:.\Generated_Source\PSoC4/InputInterrupt.c ****     InputInterrupt_Disable();
 110              		.loc 1 132 0
 111 0004 FFF7FEFF 		bl	InputInterrupt_Disable
 133:.\Generated_Source\PSoC4/InputInterrupt.c **** 
 134:.\Generated_Source\PSoC4/InputInterrupt.c ****     /* Set the ISR to point to the passive one. */
 135:.\Generated_Source\PSoC4/InputInterrupt.c ****     InputInterrupt_SetVector(&IntDefaultHandler);
 112              		.loc 1 135 0
 113 0008 024B     		ldr	r3, .L6
 114 000a 181C     		mov	r0, r3
 115 000c FFF7FEFF 		bl	InputInterrupt_SetVector
 136:.\Generated_Source\PSoC4/InputInterrupt.c **** }
 116              		.loc 1 136 0
 117 0010 BD46     		mov	sp, r7
 118              		@ sp needed
 119 0012 80BD     		pop	{r7, pc}
 120              	.L7:
 121              		.align	2
 122              	.L6:
 123 0014 00000000 		.word	IntDefaultHandler
 124              		.cfi_endproc
 125              	.LFE4:
 126              		.size	InputInterrupt_Stop, .-InputInterrupt_Stop
 127              		.section	.text.InputInterrupt_Interrupt,"ax",%progbits
 128              		.align	2
 129              		.global	InputInterrupt_Interrupt
 130              		.code	16
 131              		.thumb_func
 132              		.type	InputInterrupt_Interrupt, %function
 133              	InputInterrupt_Interrupt:
 134              	.LFB5:
 137:.\Generated_Source\PSoC4/InputInterrupt.c **** 
 138:.\Generated_Source\PSoC4/InputInterrupt.c **** 
 139:.\Generated_Source\PSoC4/InputInterrupt.c **** /*******************************************************************************
 140:.\Generated_Source\PSoC4/InputInterrupt.c **** * Function Name: InputInterrupt_Interrupt
 141:.\Generated_Source\PSoC4/InputInterrupt.c **** ********************************************************************************
 142:.\Generated_Source\PSoC4/InputInterrupt.c **** *
 143:.\Generated_Source\PSoC4/InputInterrupt.c **** * Summary:
 144:.\Generated_Source\PSoC4/InputInterrupt.c **** *   The default Interrupt Service Routine for InputInterrupt.
 145:.\Generated_Source\PSoC4/InputInterrupt.c **** *
 146:.\Generated_Source\PSoC4/InputInterrupt.c **** *   Add custom code between the START and END comments to keep the next version
 147:.\Generated_Source\PSoC4/InputInterrupt.c **** *   of this file from over-writing your code.
 148:.\Generated_Source\PSoC4/InputInterrupt.c **** *
 149:.\Generated_Source\PSoC4/InputInterrupt.c **** *   Note You may use either the default ISR by using this API, or you may define
 150:.\Generated_Source\PSoC4/InputInterrupt.c **** *   your own separate ISR through ISR_StartEx().
 151:.\Generated_Source\PSoC4/InputInterrupt.c **** *
ARM GAS  C:\Users\Kevin\AppData\Local\Temp\ccVEDbaG.s 			page 6


 152:.\Generated_Source\PSoC4/InputInterrupt.c **** * Parameters:  
 153:.\Generated_Source\PSoC4/InputInterrupt.c **** *   None
 154:.\Generated_Source\PSoC4/InputInterrupt.c **** *
 155:.\Generated_Source\PSoC4/InputInterrupt.c **** * Return:
 156:.\Generated_Source\PSoC4/InputInterrupt.c **** *   None
 157:.\Generated_Source\PSoC4/InputInterrupt.c **** *
 158:.\Generated_Source\PSoC4/InputInterrupt.c **** *******************************************************************************/
 159:.\Generated_Source\PSoC4/InputInterrupt.c **** CY_ISR(InputInterrupt_Interrupt)
 160:.\Generated_Source\PSoC4/InputInterrupt.c **** {
 135              		.loc 1 160 0
 136              		.cfi_startproc
 137 0000 80B5     		push	{r7, lr}
 138              		.cfi_def_cfa_offset 8
 139              		.cfi_offset 7, -8
 140              		.cfi_offset 14, -4
 141 0002 00AF     		add	r7, sp, #0
 142              		.cfi_def_cfa_register 7
 161:.\Generated_Source\PSoC4/InputInterrupt.c ****     #ifdef InputInterrupt_INTERRUPT_INTERRUPT_CALLBACK
 162:.\Generated_Source\PSoC4/InputInterrupt.c ****         InputInterrupt_Interrupt_InterruptCallback();
 163:.\Generated_Source\PSoC4/InputInterrupt.c ****     #endif /* InputInterrupt_INTERRUPT_INTERRUPT_CALLBACK */ 
 164:.\Generated_Source\PSoC4/InputInterrupt.c **** 
 165:.\Generated_Source\PSoC4/InputInterrupt.c ****     /*  Place your Interrupt code here. */
 166:.\Generated_Source\PSoC4/InputInterrupt.c ****     /* `#START InputInterrupt_Interrupt` */
 167:.\Generated_Source\PSoC4/InputInterrupt.c **** 
 168:.\Generated_Source\PSoC4/InputInterrupt.c ****     /* `#END` */
 169:.\Generated_Source\PSoC4/InputInterrupt.c **** }
 143              		.loc 1 169 0
 144 0004 BD46     		mov	sp, r7
 145              		@ sp needed
 146 0006 80BD     		pop	{r7, pc}
 147              		.cfi_endproc
 148              	.LFE5:
 149              		.size	InputInterrupt_Interrupt, .-InputInterrupt_Interrupt
 150              		.section	.text.InputInterrupt_SetVector,"ax",%progbits
 151              		.align	2
 152              		.global	InputInterrupt_SetVector
 153              		.code	16
 154              		.thumb_func
 155              		.type	InputInterrupt_SetVector, %function
 156              	InputInterrupt_SetVector:
 157              	.LFB6:
 170:.\Generated_Source\PSoC4/InputInterrupt.c **** 
 171:.\Generated_Source\PSoC4/InputInterrupt.c **** 
 172:.\Generated_Source\PSoC4/InputInterrupt.c **** /*******************************************************************************
 173:.\Generated_Source\PSoC4/InputInterrupt.c **** * Function Name: InputInterrupt_SetVector
 174:.\Generated_Source\PSoC4/InputInterrupt.c **** ********************************************************************************
 175:.\Generated_Source\PSoC4/InputInterrupt.c **** *
 176:.\Generated_Source\PSoC4/InputInterrupt.c **** * Summary:
 177:.\Generated_Source\PSoC4/InputInterrupt.c **** *   Change the ISR vector for the Interrupt. Note calling InputInterrupt_Start
 178:.\Generated_Source\PSoC4/InputInterrupt.c **** *   will override any effect this method would have had. To set the vector 
 179:.\Generated_Source\PSoC4/InputInterrupt.c **** *   before the component has been started use InputInterrupt_StartEx instead.
 180:.\Generated_Source\PSoC4/InputInterrupt.c **** * 
 181:.\Generated_Source\PSoC4/InputInterrupt.c **** *   When defining ISR functions, the CY_ISR and CY_ISR_PROTO macros should be 
 182:.\Generated_Source\PSoC4/InputInterrupt.c **** *   used to provide consistent definition across compilers:
 183:.\Generated_Source\PSoC4/InputInterrupt.c **** *
 184:.\Generated_Source\PSoC4/InputInterrupt.c **** *   Function definition example:
 185:.\Generated_Source\PSoC4/InputInterrupt.c **** *   CY_ISR(MyISR)
ARM GAS  C:\Users\Kevin\AppData\Local\Temp\ccVEDbaG.s 			page 7


 186:.\Generated_Source\PSoC4/InputInterrupt.c **** *   {
 187:.\Generated_Source\PSoC4/InputInterrupt.c **** *   }
 188:.\Generated_Source\PSoC4/InputInterrupt.c **** *
 189:.\Generated_Source\PSoC4/InputInterrupt.c **** *   Function prototype example:
 190:.\Generated_Source\PSoC4/InputInterrupt.c **** *     CY_ISR_PROTO(MyISR);
 191:.\Generated_Source\PSoC4/InputInterrupt.c **** *
 192:.\Generated_Source\PSoC4/InputInterrupt.c **** * Parameters:
 193:.\Generated_Source\PSoC4/InputInterrupt.c **** *   address: Address of the ISR to set in the interrupt vector table.
 194:.\Generated_Source\PSoC4/InputInterrupt.c **** *
 195:.\Generated_Source\PSoC4/InputInterrupt.c **** * Return:
 196:.\Generated_Source\PSoC4/InputInterrupt.c **** *   None
 197:.\Generated_Source\PSoC4/InputInterrupt.c **** *
 198:.\Generated_Source\PSoC4/InputInterrupt.c **** *******************************************************************************/
 199:.\Generated_Source\PSoC4/InputInterrupt.c **** void InputInterrupt_SetVector(cyisraddress address)
 200:.\Generated_Source\PSoC4/InputInterrupt.c **** {
 158              		.loc 1 200 0
 159              		.cfi_startproc
 160 0000 80B5     		push	{r7, lr}
 161              		.cfi_def_cfa_offset 8
 162              		.cfi_offset 7, -8
 163              		.cfi_offset 14, -4
 164 0002 82B0     		sub	sp, sp, #8
 165              		.cfi_def_cfa_offset 16
 166 0004 00AF     		add	r7, sp, #0
 167              		.cfi_def_cfa_register 7
 168 0006 7860     		str	r0, [r7, #4]
 201:.\Generated_Source\PSoC4/InputInterrupt.c ****     CyRamVectors[CYINT_IRQ_BASE + InputInterrupt__INTC_NUMBER] = address;
 169              		.loc 1 201 0
 170 0008 024B     		ldr	r3, .L10
 171 000a 7A68     		ldr	r2, [r7, #4]
 172 000c DA64     		str	r2, [r3, #76]
 202:.\Generated_Source\PSoC4/InputInterrupt.c **** }
 173              		.loc 1 202 0
 174 000e BD46     		mov	sp, r7
 175 0010 02B0     		add	sp, sp, #8
 176              		@ sp needed
 177 0012 80BD     		pop	{r7, pc}
 178              	.L11:
 179              		.align	2
 180              	.L10:
 181 0014 00000000 		.word	CyRamVectors
 182              		.cfi_endproc
 183              	.LFE6:
 184              		.size	InputInterrupt_SetVector, .-InputInterrupt_SetVector
 185              		.section	.text.InputInterrupt_GetVector,"ax",%progbits
 186              		.align	2
 187              		.global	InputInterrupt_GetVector
 188              		.code	16
 189              		.thumb_func
 190              		.type	InputInterrupt_GetVector, %function
 191              	InputInterrupt_GetVector:
 192              	.LFB7:
 203:.\Generated_Source\PSoC4/InputInterrupt.c **** 
 204:.\Generated_Source\PSoC4/InputInterrupt.c **** 
 205:.\Generated_Source\PSoC4/InputInterrupt.c **** /*******************************************************************************
 206:.\Generated_Source\PSoC4/InputInterrupt.c **** * Function Name: InputInterrupt_GetVector
 207:.\Generated_Source\PSoC4/InputInterrupt.c **** ********************************************************************************
ARM GAS  C:\Users\Kevin\AppData\Local\Temp\ccVEDbaG.s 			page 8


 208:.\Generated_Source\PSoC4/InputInterrupt.c **** *
 209:.\Generated_Source\PSoC4/InputInterrupt.c **** * Summary:
 210:.\Generated_Source\PSoC4/InputInterrupt.c **** *   Gets the "address" of the current ISR vector for the Interrupt.
 211:.\Generated_Source\PSoC4/InputInterrupt.c **** *
 212:.\Generated_Source\PSoC4/InputInterrupt.c **** * Parameters:
 213:.\Generated_Source\PSoC4/InputInterrupt.c **** *   None
 214:.\Generated_Source\PSoC4/InputInterrupt.c **** *
 215:.\Generated_Source\PSoC4/InputInterrupt.c **** * Return:
 216:.\Generated_Source\PSoC4/InputInterrupt.c **** *   Address of the ISR in the interrupt vector table.
 217:.\Generated_Source\PSoC4/InputInterrupt.c **** *
 218:.\Generated_Source\PSoC4/InputInterrupt.c **** *******************************************************************************/
 219:.\Generated_Source\PSoC4/InputInterrupt.c **** cyisraddress InputInterrupt_GetVector(void)
 220:.\Generated_Source\PSoC4/InputInterrupt.c **** {
 193              		.loc 1 220 0
 194              		.cfi_startproc
 195 0000 80B5     		push	{r7, lr}
 196              		.cfi_def_cfa_offset 8
 197              		.cfi_offset 7, -8
 198              		.cfi_offset 14, -4
 199 0002 00AF     		add	r7, sp, #0
 200              		.cfi_def_cfa_register 7
 221:.\Generated_Source\PSoC4/InputInterrupt.c ****     return CyRamVectors[CYINT_IRQ_BASE + InputInterrupt__INTC_NUMBER];
 201              		.loc 1 221 0
 202 0004 024B     		ldr	r3, .L14
 203 0006 DB6C     		ldr	r3, [r3, #76]
 222:.\Generated_Source\PSoC4/InputInterrupt.c **** }
 204              		.loc 1 222 0
 205 0008 181C     		mov	r0, r3
 206 000a BD46     		mov	sp, r7
 207              		@ sp needed
 208 000c 80BD     		pop	{r7, pc}
 209              	.L15:
 210 000e C046     		.align	2
 211              	.L14:
 212 0010 00000000 		.word	CyRamVectors
 213              		.cfi_endproc
 214              	.LFE7:
 215              		.size	InputInterrupt_GetVector, .-InputInterrupt_GetVector
 216              		.section	.text.InputInterrupt_SetPriority,"ax",%progbits
 217              		.align	2
 218              		.global	InputInterrupt_SetPriority
 219              		.code	16
 220              		.thumb_func
 221              		.type	InputInterrupt_SetPriority, %function
 222              	InputInterrupt_SetPriority:
 223              	.LFB8:
 223:.\Generated_Source\PSoC4/InputInterrupt.c **** 
 224:.\Generated_Source\PSoC4/InputInterrupt.c **** 
 225:.\Generated_Source\PSoC4/InputInterrupt.c **** /*******************************************************************************
 226:.\Generated_Source\PSoC4/InputInterrupt.c **** * Function Name: InputInterrupt_SetPriority
 227:.\Generated_Source\PSoC4/InputInterrupt.c **** ********************************************************************************
 228:.\Generated_Source\PSoC4/InputInterrupt.c **** *
 229:.\Generated_Source\PSoC4/InputInterrupt.c **** * Summary:
 230:.\Generated_Source\PSoC4/InputInterrupt.c **** *   Sets the Priority of the Interrupt. 
 231:.\Generated_Source\PSoC4/InputInterrupt.c **** *
 232:.\Generated_Source\PSoC4/InputInterrupt.c **** *   Note calling InputInterrupt_Start or InputInterrupt_StartEx will 
 233:.\Generated_Source\PSoC4/InputInterrupt.c **** *   override any effect this API would have had. This API should only be called
ARM GAS  C:\Users\Kevin\AppData\Local\Temp\ccVEDbaG.s 			page 9


 234:.\Generated_Source\PSoC4/InputInterrupt.c **** *   after InputInterrupt_Start or InputInterrupt_StartEx has been called. 
 235:.\Generated_Source\PSoC4/InputInterrupt.c **** *   To set the initial priority for the component, use the Design-Wide Resources
 236:.\Generated_Source\PSoC4/InputInterrupt.c **** *   Interrupt Editor.
 237:.\Generated_Source\PSoC4/InputInterrupt.c **** *
 238:.\Generated_Source\PSoC4/InputInterrupt.c **** *   Note This API has no effect on Non-maskable interrupt NMI).
 239:.\Generated_Source\PSoC4/InputInterrupt.c **** *
 240:.\Generated_Source\PSoC4/InputInterrupt.c **** * Parameters:
 241:.\Generated_Source\PSoC4/InputInterrupt.c **** *   priority: Priority of the interrupt, 0 being the highest priority
 242:.\Generated_Source\PSoC4/InputInterrupt.c **** *             PSoC 3 and PSoC 5LP: Priority is from 0 to 7.
 243:.\Generated_Source\PSoC4/InputInterrupt.c **** *             PSoC 4: Priority is from 0 to 3.
 244:.\Generated_Source\PSoC4/InputInterrupt.c **** *
 245:.\Generated_Source\PSoC4/InputInterrupt.c **** * Return:
 246:.\Generated_Source\PSoC4/InputInterrupt.c **** *   None
 247:.\Generated_Source\PSoC4/InputInterrupt.c **** *
 248:.\Generated_Source\PSoC4/InputInterrupt.c **** *******************************************************************************/
 249:.\Generated_Source\PSoC4/InputInterrupt.c **** void InputInterrupt_SetPriority(uint8 priority)
 250:.\Generated_Source\PSoC4/InputInterrupt.c **** {
 224              		.loc 1 250 0
 225              		.cfi_startproc
 226 0000 90B5     		push	{r4, r7, lr}
 227              		.cfi_def_cfa_offset 12
 228              		.cfi_offset 4, -12
 229              		.cfi_offset 7, -8
 230              		.cfi_offset 14, -4
 231 0002 85B0     		sub	sp, sp, #20
 232              		.cfi_def_cfa_offset 32
 233 0004 00AF     		add	r7, sp, #0
 234              		.cfi_def_cfa_register 7
 235 0006 021C     		mov	r2, r0
 236 0008 FB1D     		add	r3, r7, #7
 237 000a 1A70     		strb	r2, [r3]
 251:.\Generated_Source\PSoC4/InputInterrupt.c **** 	uint8 interruptState;
 252:.\Generated_Source\PSoC4/InputInterrupt.c ****     uint32 priorityOffset = ((InputInterrupt__INTC_NUMBER % 4u) * 8u) + 6u;
 238              		.loc 1 252 0
 239 000c 1E23     		mov	r3, #30
 240 000e FB60     		str	r3, [r7, #12]
 253:.\Generated_Source\PSoC4/InputInterrupt.c ****     
 254:.\Generated_Source\PSoC4/InputInterrupt.c **** 	interruptState = CyEnterCriticalSection();
 241              		.loc 1 254 0
 242 0010 0B23     		mov	r3, #11
 243 0012 FC18     		add	r4, r7, r3
 244 0014 FFF7FEFF 		bl	CyEnterCriticalSection
 245 0018 031C     		mov	r3, r0
 246 001a 2370     		strb	r3, [r4]
 255:.\Generated_Source\PSoC4/InputInterrupt.c ****     *InputInterrupt_INTC_PRIOR = (*InputInterrupt_INTC_PRIOR & (uint32)(~InputInterrupt__INTC_PRIOR
 247              		.loc 1 255 0
 248 001c 0A4B     		ldr	r3, .L17
 249 001e 0A4A     		ldr	r2, .L17
 250 0020 1268     		ldr	r2, [r2]
 251 0022 9200     		lsl	r2, r2, #2
 252 0024 9108     		lsr	r1, r2, #2
 256:.\Generated_Source\PSoC4/InputInterrupt.c ****                                     ((uint32)priority << priorityOffset);
 253              		.loc 1 256 0
 254 0026 FA1D     		add	r2, r7, #7
 255 0028 1078     		ldrb	r0, [r2]
 256 002a FA68     		ldr	r2, [r7, #12]
 257 002c 9040     		lsl	r0, r0, r2
ARM GAS  C:\Users\Kevin\AppData\Local\Temp\ccVEDbaG.s 			page 10


 258 002e 021C     		mov	r2, r0
 255:.\Generated_Source\PSoC4/InputInterrupt.c ****     *InputInterrupt_INTC_PRIOR = (*InputInterrupt_INTC_PRIOR & (uint32)(~InputInterrupt__INTC_PRIOR
 259              		.loc 1 255 0
 260 0030 0A43     		orr	r2, r1
 261 0032 1A60     		str	r2, [r3]
 257:.\Generated_Source\PSoC4/InputInterrupt.c **** 	CyExitCriticalSection(interruptState);
 262              		.loc 1 257 0
 263 0034 0B23     		mov	r3, #11
 264 0036 FB18     		add	r3, r7, r3
 265 0038 1B78     		ldrb	r3, [r3]
 266 003a 181C     		mov	r0, r3
 267 003c FFF7FEFF 		bl	CyExitCriticalSection
 258:.\Generated_Source\PSoC4/InputInterrupt.c **** }
 268              		.loc 1 258 0
 269 0040 BD46     		mov	sp, r7
 270 0042 05B0     		add	sp, sp, #20
 271              		@ sp needed
 272 0044 90BD     		pop	{r4, r7, pc}
 273              	.L18:
 274 0046 C046     		.align	2
 275              	.L17:
 276 0048 00E400E0 		.word	-536812544
 277              		.cfi_endproc
 278              	.LFE8:
 279              		.size	InputInterrupt_SetPriority, .-InputInterrupt_SetPriority
 280              		.section	.text.InputInterrupt_GetPriority,"ax",%progbits
 281              		.align	2
 282              		.global	InputInterrupt_GetPriority
 283              		.code	16
 284              		.thumb_func
 285              		.type	InputInterrupt_GetPriority, %function
 286              	InputInterrupt_GetPriority:
 287              	.LFB9:
 259:.\Generated_Source\PSoC4/InputInterrupt.c **** 
 260:.\Generated_Source\PSoC4/InputInterrupt.c **** 
 261:.\Generated_Source\PSoC4/InputInterrupt.c **** /*******************************************************************************
 262:.\Generated_Source\PSoC4/InputInterrupt.c **** * Function Name: InputInterrupt_GetPriority
 263:.\Generated_Source\PSoC4/InputInterrupt.c **** ********************************************************************************
 264:.\Generated_Source\PSoC4/InputInterrupt.c **** *
 265:.\Generated_Source\PSoC4/InputInterrupt.c **** * Summary:
 266:.\Generated_Source\PSoC4/InputInterrupt.c **** *   Gets the Priority of the Interrupt.
 267:.\Generated_Source\PSoC4/InputInterrupt.c **** *
 268:.\Generated_Source\PSoC4/InputInterrupt.c **** * Parameters:
 269:.\Generated_Source\PSoC4/InputInterrupt.c **** *   None
 270:.\Generated_Source\PSoC4/InputInterrupt.c **** *
 271:.\Generated_Source\PSoC4/InputInterrupt.c **** * Return:
 272:.\Generated_Source\PSoC4/InputInterrupt.c **** *   Priority of the interrupt, 0 being the highest priority
 273:.\Generated_Source\PSoC4/InputInterrupt.c **** *    PSoC 3 and PSoC 5LP: Priority is from 0 to 7.
 274:.\Generated_Source\PSoC4/InputInterrupt.c **** *    PSoC 4: Priority is from 0 to 3.
 275:.\Generated_Source\PSoC4/InputInterrupt.c **** *
 276:.\Generated_Source\PSoC4/InputInterrupt.c **** *******************************************************************************/
 277:.\Generated_Source\PSoC4/InputInterrupt.c **** uint8 InputInterrupt_GetPriority(void)
 278:.\Generated_Source\PSoC4/InputInterrupt.c **** {
 288              		.loc 1 278 0
 289              		.cfi_startproc
 290 0000 80B5     		push	{r7, lr}
 291              		.cfi_def_cfa_offset 8
ARM GAS  C:\Users\Kevin\AppData\Local\Temp\ccVEDbaG.s 			page 11


 292              		.cfi_offset 7, -8
 293              		.cfi_offset 14, -4
 294 0002 82B0     		sub	sp, sp, #8
 295              		.cfi_def_cfa_offset 16
 296 0004 00AF     		add	r7, sp, #0
 297              		.cfi_def_cfa_register 7
 279:.\Generated_Source\PSoC4/InputInterrupt.c ****     uint32 priority;
 280:.\Generated_Source\PSoC4/InputInterrupt.c **** 	uint32 priorityOffset = ((InputInterrupt__INTC_NUMBER % 4u) * 8u) + 6u;
 298              		.loc 1 280 0
 299 0006 1E23     		mov	r3, #30
 300 0008 7B60     		str	r3, [r7, #4]
 281:.\Generated_Source\PSoC4/InputInterrupt.c **** 
 282:.\Generated_Source\PSoC4/InputInterrupt.c ****     priority = (*InputInterrupt_INTC_PRIOR & InputInterrupt__INTC_PRIOR_MASK) >> priorityOffset;
 301              		.loc 1 282 0
 302 000a 074B     		ldr	r3, .L21
 303 000c 1B68     		ldr	r3, [r3]
 304 000e 9B0F     		lsr	r3, r3, #30
 305 0010 9A07     		lsl	r2, r3, #30
 306 0012 7B68     		ldr	r3, [r7, #4]
 307 0014 DA40     		lsr	r2, r2, r3
 308 0016 131C     		mov	r3, r2
 309 0018 3B60     		str	r3, [r7]
 283:.\Generated_Source\PSoC4/InputInterrupt.c **** 
 284:.\Generated_Source\PSoC4/InputInterrupt.c ****     return (uint8)priority;
 310              		.loc 1 284 0
 311 001a 3B68     		ldr	r3, [r7]
 312 001c DBB2     		uxtb	r3, r3
 285:.\Generated_Source\PSoC4/InputInterrupt.c **** }
 313              		.loc 1 285 0
 314 001e 181C     		mov	r0, r3
 315 0020 BD46     		mov	sp, r7
 316 0022 02B0     		add	sp, sp, #8
 317              		@ sp needed
 318 0024 80BD     		pop	{r7, pc}
 319              	.L22:
 320 0026 C046     		.align	2
 321              	.L21:
 322 0028 00E400E0 		.word	-536812544
 323              		.cfi_endproc
 324              	.LFE9:
 325              		.size	InputInterrupt_GetPriority, .-InputInterrupt_GetPriority
 326              		.section	.text.InputInterrupt_Enable,"ax",%progbits
 327              		.align	2
 328              		.global	InputInterrupt_Enable
 329              		.code	16
 330              		.thumb_func
 331              		.type	InputInterrupt_Enable, %function
 332              	InputInterrupt_Enable:
 333              	.LFB10:
 286:.\Generated_Source\PSoC4/InputInterrupt.c **** 
 287:.\Generated_Source\PSoC4/InputInterrupt.c **** 
 288:.\Generated_Source\PSoC4/InputInterrupt.c **** /*******************************************************************************
 289:.\Generated_Source\PSoC4/InputInterrupt.c **** * Function Name: InputInterrupt_Enable
 290:.\Generated_Source\PSoC4/InputInterrupt.c **** ********************************************************************************
 291:.\Generated_Source\PSoC4/InputInterrupt.c **** *
 292:.\Generated_Source\PSoC4/InputInterrupt.c **** * Summary:
 293:.\Generated_Source\PSoC4/InputInterrupt.c **** *   Enables the interrupt to the interrupt controller. Do not call this function
ARM GAS  C:\Users\Kevin\AppData\Local\Temp\ccVEDbaG.s 			page 12


 294:.\Generated_Source\PSoC4/InputInterrupt.c **** *   unless ISR_Start() has been called or the functionality of the ISR_Start() 
 295:.\Generated_Source\PSoC4/InputInterrupt.c **** *   function, which sets the vector and the priority, has been called.
 296:.\Generated_Source\PSoC4/InputInterrupt.c **** *
 297:.\Generated_Source\PSoC4/InputInterrupt.c **** * Parameters:
 298:.\Generated_Source\PSoC4/InputInterrupt.c **** *   None
 299:.\Generated_Source\PSoC4/InputInterrupt.c **** *
 300:.\Generated_Source\PSoC4/InputInterrupt.c **** * Return:
 301:.\Generated_Source\PSoC4/InputInterrupt.c **** *   None
 302:.\Generated_Source\PSoC4/InputInterrupt.c **** *
 303:.\Generated_Source\PSoC4/InputInterrupt.c **** *******************************************************************************/
 304:.\Generated_Source\PSoC4/InputInterrupt.c **** void InputInterrupt_Enable(void)
 305:.\Generated_Source\PSoC4/InputInterrupt.c **** {
 334              		.loc 1 305 0
 335              		.cfi_startproc
 336 0000 80B5     		push	{r7, lr}
 337              		.cfi_def_cfa_offset 8
 338              		.cfi_offset 7, -8
 339              		.cfi_offset 14, -4
 340 0002 00AF     		add	r7, sp, #0
 341              		.cfi_def_cfa_register 7
 306:.\Generated_Source\PSoC4/InputInterrupt.c ****     /* Enable the general interrupt. */
 307:.\Generated_Source\PSoC4/InputInterrupt.c ****     *InputInterrupt_INTC_SET_EN = InputInterrupt__INTC_MASK;
 342              		.loc 1 307 0
 343 0004 024B     		ldr	r3, .L24
 344 0006 0822     		mov	r2, #8
 345 0008 1A60     		str	r2, [r3]
 308:.\Generated_Source\PSoC4/InputInterrupt.c **** }
 346              		.loc 1 308 0
 347 000a BD46     		mov	sp, r7
 348              		@ sp needed
 349 000c 80BD     		pop	{r7, pc}
 350              	.L25:
 351 000e C046     		.align	2
 352              	.L24:
 353 0010 00E100E0 		.word	-536813312
 354              		.cfi_endproc
 355              	.LFE10:
 356              		.size	InputInterrupt_Enable, .-InputInterrupt_Enable
 357              		.section	.text.InputInterrupt_GetState,"ax",%progbits
 358              		.align	2
 359              		.global	InputInterrupt_GetState
 360              		.code	16
 361              		.thumb_func
 362              		.type	InputInterrupt_GetState, %function
 363              	InputInterrupt_GetState:
 364              	.LFB11:
 309:.\Generated_Source\PSoC4/InputInterrupt.c **** 
 310:.\Generated_Source\PSoC4/InputInterrupt.c **** 
 311:.\Generated_Source\PSoC4/InputInterrupt.c **** /*******************************************************************************
 312:.\Generated_Source\PSoC4/InputInterrupt.c **** * Function Name: InputInterrupt_GetState
 313:.\Generated_Source\PSoC4/InputInterrupt.c **** ********************************************************************************
 314:.\Generated_Source\PSoC4/InputInterrupt.c **** *
 315:.\Generated_Source\PSoC4/InputInterrupt.c **** * Summary:
 316:.\Generated_Source\PSoC4/InputInterrupt.c **** *   Gets the state (enabled, disabled) of the Interrupt.
 317:.\Generated_Source\PSoC4/InputInterrupt.c **** *
 318:.\Generated_Source\PSoC4/InputInterrupt.c **** * Parameters:
 319:.\Generated_Source\PSoC4/InputInterrupt.c **** *   None
ARM GAS  C:\Users\Kevin\AppData\Local\Temp\ccVEDbaG.s 			page 13


 320:.\Generated_Source\PSoC4/InputInterrupt.c **** *
 321:.\Generated_Source\PSoC4/InputInterrupt.c **** * Return:
 322:.\Generated_Source\PSoC4/InputInterrupt.c **** *   1 if enabled, 0 if disabled.
 323:.\Generated_Source\PSoC4/InputInterrupt.c **** *
 324:.\Generated_Source\PSoC4/InputInterrupt.c **** *******************************************************************************/
 325:.\Generated_Source\PSoC4/InputInterrupt.c **** uint8 InputInterrupt_GetState(void)
 326:.\Generated_Source\PSoC4/InputInterrupt.c **** {
 365              		.loc 1 326 0
 366              		.cfi_startproc
 367 0000 80B5     		push	{r7, lr}
 368              		.cfi_def_cfa_offset 8
 369              		.cfi_offset 7, -8
 370              		.cfi_offset 14, -4
 371 0002 00AF     		add	r7, sp, #0
 372              		.cfi_def_cfa_register 7
 327:.\Generated_Source\PSoC4/InputInterrupt.c ****     /* Get the state of the general interrupt. */
 328:.\Generated_Source\PSoC4/InputInterrupt.c ****     return ((*InputInterrupt_INTC_SET_EN & (uint32)InputInterrupt__INTC_MASK) != 0u) ? 1u:0u;
 373              		.loc 1 328 0
 374 0004 054B     		ldr	r3, .L30
 375 0006 1B68     		ldr	r3, [r3]
 376 0008 0822     		mov	r2, #8
 377 000a 1340     		and	r3, r2
 378 000c 01D0     		beq	.L27
 379              		.loc 1 328 0 is_stmt 0 discriminator 1
 380 000e 0123     		mov	r3, #1
 381 0010 00E0     		b	.L28
 382              	.L27:
 383              		.loc 1 328 0 discriminator 2
 384 0012 0023     		mov	r3, #0
 385              	.L28:
 329:.\Generated_Source\PSoC4/InputInterrupt.c **** }
 386              		.loc 1 329 0 is_stmt 1 discriminator 4
 387 0014 181C     		mov	r0, r3
 388 0016 BD46     		mov	sp, r7
 389              		@ sp needed
 390 0018 80BD     		pop	{r7, pc}
 391              	.L31:
 392 001a C046     		.align	2
 393              	.L30:
 394 001c 00E100E0 		.word	-536813312
 395              		.cfi_endproc
 396              	.LFE11:
 397              		.size	InputInterrupt_GetState, .-InputInterrupt_GetState
 398              		.section	.text.InputInterrupt_Disable,"ax",%progbits
 399              		.align	2
 400              		.global	InputInterrupt_Disable
 401              		.code	16
 402              		.thumb_func
 403              		.type	InputInterrupt_Disable, %function
 404              	InputInterrupt_Disable:
 405              	.LFB12:
 330:.\Generated_Source\PSoC4/InputInterrupt.c **** 
 331:.\Generated_Source\PSoC4/InputInterrupt.c **** 
 332:.\Generated_Source\PSoC4/InputInterrupt.c **** /*******************************************************************************
 333:.\Generated_Source\PSoC4/InputInterrupt.c **** * Function Name: InputInterrupt_Disable
 334:.\Generated_Source\PSoC4/InputInterrupt.c **** ********************************************************************************
 335:.\Generated_Source\PSoC4/InputInterrupt.c **** *
ARM GAS  C:\Users\Kevin\AppData\Local\Temp\ccVEDbaG.s 			page 14


 336:.\Generated_Source\PSoC4/InputInterrupt.c **** * Summary:
 337:.\Generated_Source\PSoC4/InputInterrupt.c **** *   Disables the Interrupt in the interrupt controller.
 338:.\Generated_Source\PSoC4/InputInterrupt.c **** *
 339:.\Generated_Source\PSoC4/InputInterrupt.c **** * Parameters:
 340:.\Generated_Source\PSoC4/InputInterrupt.c **** *   None
 341:.\Generated_Source\PSoC4/InputInterrupt.c **** *
 342:.\Generated_Source\PSoC4/InputInterrupt.c **** * Return:
 343:.\Generated_Source\PSoC4/InputInterrupt.c **** *   None
 344:.\Generated_Source\PSoC4/InputInterrupt.c **** *
 345:.\Generated_Source\PSoC4/InputInterrupt.c **** *******************************************************************************/
 346:.\Generated_Source\PSoC4/InputInterrupt.c **** void InputInterrupt_Disable(void)
 347:.\Generated_Source\PSoC4/InputInterrupt.c **** {
 406              		.loc 1 347 0
 407              		.cfi_startproc
 408 0000 80B5     		push	{r7, lr}
 409              		.cfi_def_cfa_offset 8
 410              		.cfi_offset 7, -8
 411              		.cfi_offset 14, -4
 412 0002 00AF     		add	r7, sp, #0
 413              		.cfi_def_cfa_register 7
 348:.\Generated_Source\PSoC4/InputInterrupt.c ****     /* Disable the general interrupt. */
 349:.\Generated_Source\PSoC4/InputInterrupt.c ****     *InputInterrupt_INTC_CLR_EN = InputInterrupt__INTC_MASK;
 414              		.loc 1 349 0
 415 0004 024B     		ldr	r3, .L33
 416 0006 0822     		mov	r2, #8
 417 0008 1A60     		str	r2, [r3]
 350:.\Generated_Source\PSoC4/InputInterrupt.c **** }
 418              		.loc 1 350 0
 419 000a BD46     		mov	sp, r7
 420              		@ sp needed
 421 000c 80BD     		pop	{r7, pc}
 422              	.L34:
 423 000e C046     		.align	2
 424              	.L33:
 425 0010 80E100E0 		.word	-536813184
 426              		.cfi_endproc
 427              	.LFE12:
 428              		.size	InputInterrupt_Disable, .-InputInterrupt_Disable
 429              		.section	.text.InputInterrupt_SetPending,"ax",%progbits
 430              		.align	2
 431              		.global	InputInterrupt_SetPending
 432              		.code	16
 433              		.thumb_func
 434              		.type	InputInterrupt_SetPending, %function
 435              	InputInterrupt_SetPending:
 436              	.LFB13:
 351:.\Generated_Source\PSoC4/InputInterrupt.c **** 
 352:.\Generated_Source\PSoC4/InputInterrupt.c **** 
 353:.\Generated_Source\PSoC4/InputInterrupt.c **** /*******************************************************************************
 354:.\Generated_Source\PSoC4/InputInterrupt.c **** * Function Name: InputInterrupt_SetPending
 355:.\Generated_Source\PSoC4/InputInterrupt.c **** ********************************************************************************
 356:.\Generated_Source\PSoC4/InputInterrupt.c **** *
 357:.\Generated_Source\PSoC4/InputInterrupt.c **** * Summary:
 358:.\Generated_Source\PSoC4/InputInterrupt.c **** *   Causes the Interrupt to enter the pending state, a software method of
 359:.\Generated_Source\PSoC4/InputInterrupt.c **** *   generating the interrupt.
 360:.\Generated_Source\PSoC4/InputInterrupt.c **** *
 361:.\Generated_Source\PSoC4/InputInterrupt.c **** * Parameters:
ARM GAS  C:\Users\Kevin\AppData\Local\Temp\ccVEDbaG.s 			page 15


 362:.\Generated_Source\PSoC4/InputInterrupt.c **** *   None
 363:.\Generated_Source\PSoC4/InputInterrupt.c **** *
 364:.\Generated_Source\PSoC4/InputInterrupt.c **** * Return:
 365:.\Generated_Source\PSoC4/InputInterrupt.c **** *   None
 366:.\Generated_Source\PSoC4/InputInterrupt.c **** *
 367:.\Generated_Source\PSoC4/InputInterrupt.c **** * Side Effects:
 368:.\Generated_Source\PSoC4/InputInterrupt.c **** *   If interrupts are enabled and the interrupt is set up properly, the ISR is
 369:.\Generated_Source\PSoC4/InputInterrupt.c **** *   entered (depending on the priority of this interrupt and other pending 
 370:.\Generated_Source\PSoC4/InputInterrupt.c **** *   interrupts).
 371:.\Generated_Source\PSoC4/InputInterrupt.c **** *
 372:.\Generated_Source\PSoC4/InputInterrupt.c **** *******************************************************************************/
 373:.\Generated_Source\PSoC4/InputInterrupt.c **** void InputInterrupt_SetPending(void)
 374:.\Generated_Source\PSoC4/InputInterrupt.c **** {
 437              		.loc 1 374 0
 438              		.cfi_startproc
 439 0000 80B5     		push	{r7, lr}
 440              		.cfi_def_cfa_offset 8
 441              		.cfi_offset 7, -8
 442              		.cfi_offset 14, -4
 443 0002 00AF     		add	r7, sp, #0
 444              		.cfi_def_cfa_register 7
 375:.\Generated_Source\PSoC4/InputInterrupt.c ****     *InputInterrupt_INTC_SET_PD = InputInterrupt__INTC_MASK;
 445              		.loc 1 375 0
 446 0004 024B     		ldr	r3, .L36
 447 0006 0822     		mov	r2, #8
 448 0008 1A60     		str	r2, [r3]
 376:.\Generated_Source\PSoC4/InputInterrupt.c **** }
 449              		.loc 1 376 0
 450 000a BD46     		mov	sp, r7
 451              		@ sp needed
 452 000c 80BD     		pop	{r7, pc}
 453              	.L37:
 454 000e C046     		.align	2
 455              	.L36:
 456 0010 00E200E0 		.word	-536813056
 457              		.cfi_endproc
 458              	.LFE13:
 459              		.size	InputInterrupt_SetPending, .-InputInterrupt_SetPending
 460              		.section	.text.InputInterrupt_ClearPending,"ax",%progbits
 461              		.align	2
 462              		.global	InputInterrupt_ClearPending
 463              		.code	16
 464              		.thumb_func
 465              		.type	InputInterrupt_ClearPending, %function
 466              	InputInterrupt_ClearPending:
 467              	.LFB14:
 377:.\Generated_Source\PSoC4/InputInterrupt.c **** 
 378:.\Generated_Source\PSoC4/InputInterrupt.c **** 
 379:.\Generated_Source\PSoC4/InputInterrupt.c **** /*******************************************************************************
 380:.\Generated_Source\PSoC4/InputInterrupt.c **** * Function Name: InputInterrupt_ClearPending
 381:.\Generated_Source\PSoC4/InputInterrupt.c **** ********************************************************************************
 382:.\Generated_Source\PSoC4/InputInterrupt.c **** *
 383:.\Generated_Source\PSoC4/InputInterrupt.c **** * Summary:
 384:.\Generated_Source\PSoC4/InputInterrupt.c **** *   Clears a pending interrupt in the interrupt controller.
 385:.\Generated_Source\PSoC4/InputInterrupt.c **** *
 386:.\Generated_Source\PSoC4/InputInterrupt.c **** *   Note Some interrupt sources are clear-on-read and require the block 
 387:.\Generated_Source\PSoC4/InputInterrupt.c **** *   interrupt/status register to be read/cleared with the appropriate block API 
ARM GAS  C:\Users\Kevin\AppData\Local\Temp\ccVEDbaG.s 			page 16


 388:.\Generated_Source\PSoC4/InputInterrupt.c **** *   (GPIO, UART, and so on). Otherwise the ISR will continue to remain in 
 389:.\Generated_Source\PSoC4/InputInterrupt.c **** *   pending state even though the interrupt itself is cleared using this API.
 390:.\Generated_Source\PSoC4/InputInterrupt.c **** *
 391:.\Generated_Source\PSoC4/InputInterrupt.c **** * Parameters:
 392:.\Generated_Source\PSoC4/InputInterrupt.c **** *   None
 393:.\Generated_Source\PSoC4/InputInterrupt.c **** *
 394:.\Generated_Source\PSoC4/InputInterrupt.c **** * Return:
 395:.\Generated_Source\PSoC4/InputInterrupt.c **** *   None
 396:.\Generated_Source\PSoC4/InputInterrupt.c **** *
 397:.\Generated_Source\PSoC4/InputInterrupt.c **** *******************************************************************************/
 398:.\Generated_Source\PSoC4/InputInterrupt.c **** void InputInterrupt_ClearPending(void)
 399:.\Generated_Source\PSoC4/InputInterrupt.c **** {
 468              		.loc 1 399 0
 469              		.cfi_startproc
 470 0000 80B5     		push	{r7, lr}
 471              		.cfi_def_cfa_offset 8
 472              		.cfi_offset 7, -8
 473              		.cfi_offset 14, -4
 474 0002 00AF     		add	r7, sp, #0
 475              		.cfi_def_cfa_register 7
 400:.\Generated_Source\PSoC4/InputInterrupt.c ****     *InputInterrupt_INTC_CLR_PD = InputInterrupt__INTC_MASK;
 476              		.loc 1 400 0
 477 0004 024B     		ldr	r3, .L39
 478 0006 0822     		mov	r2, #8
 479 0008 1A60     		str	r2, [r3]
 401:.\Generated_Source\PSoC4/InputInterrupt.c **** }
 480              		.loc 1 401 0
 481 000a BD46     		mov	sp, r7
 482              		@ sp needed
 483 000c 80BD     		pop	{r7, pc}
 484              	.L40:
 485 000e C046     		.align	2
 486              	.L39:
 487 0010 80E200E0 		.word	-536812928
 488              		.cfi_endproc
 489              	.LFE14:
 490              		.size	InputInterrupt_ClearPending, .-InputInterrupt_ClearPending
 491              		.text
 492              	.Letext0:
 493              		.file 2 "Generated_Source\\PSoC4/cytypes.h"
 494              		.section	.debug_info,"",%progbits
 495              	.Ldebug_info0:
 496 0000 40020000 		.4byte	0x240
 497 0004 0400     		.2byte	0x4
 498 0006 00000000 		.4byte	.Ldebug_abbrev0
 499 000a 04       		.byte	0x4
 500 000b 01       		.uleb128 0x1
 501 000c 15010000 		.4byte	.LASF33
 502 0010 01       		.byte	0x1
 503 0011 06000000 		.4byte	.LASF34
 504 0015 F1010000 		.4byte	.LASF35
 505 0019 00000000 		.4byte	.Ldebug_ranges0+0
 506 001d 00000000 		.4byte	0
 507 0021 00000000 		.4byte	.Ldebug_line0
 508 0025 02       		.uleb128 0x2
 509 0026 01       		.byte	0x1
 510 0027 06       		.byte	0x6
ARM GAS  C:\Users\Kevin\AppData\Local\Temp\ccVEDbaG.s 			page 17


 511 0028 0D030000 		.4byte	.LASF0
 512 002c 02       		.uleb128 0x2
 513 002d 01       		.byte	0x1
 514 002e 08       		.byte	0x8
 515 002f B9000000 		.4byte	.LASF1
 516 0033 02       		.uleb128 0x2
 517 0034 02       		.byte	0x2
 518 0035 05       		.byte	0x5
 519 0036 A8020000 		.4byte	.LASF2
 520 003a 02       		.uleb128 0x2
 521 003b 02       		.byte	0x2
 522 003c 07       		.byte	0x7
 523 003d 6F000000 		.4byte	.LASF3
 524 0041 02       		.uleb128 0x2
 525 0042 04       		.byte	0x4
 526 0043 05       		.byte	0x5
 527 0044 ED020000 		.4byte	.LASF4
 528 0048 02       		.uleb128 0x2
 529 0049 04       		.byte	0x4
 530 004a 07       		.byte	0x7
 531 004b D6000000 		.4byte	.LASF5
 532 004f 02       		.uleb128 0x2
 533 0050 08       		.byte	0x8
 534 0051 05       		.byte	0x5
 535 0052 95020000 		.4byte	.LASF6
 536 0056 02       		.uleb128 0x2
 537 0057 08       		.byte	0x8
 538 0058 07       		.byte	0x7
 539 0059 DA010000 		.4byte	.LASF7
 540 005d 03       		.uleb128 0x3
 541 005e 04       		.byte	0x4
 542 005f 05       		.byte	0x5
 543 0060 696E7400 		.ascii	"int\000"
 544 0064 02       		.uleb128 0x2
 545 0065 04       		.byte	0x4
 546 0066 07       		.byte	0x7
 547 0067 AA010000 		.4byte	.LASF8
 548 006b 04       		.uleb128 0x4
 549 006c E8000000 		.4byte	.LASF9
 550 0070 02       		.byte	0x2
 551 0071 C2       		.byte	0xc2
 552 0072 2C000000 		.4byte	0x2c
 553 0076 04       		.uleb128 0x4
 554 0077 A3010000 		.4byte	.LASF10
 555 007b 02       		.byte	0x2
 556 007c C4       		.byte	0xc4
 557 007d 48000000 		.4byte	0x48
 558 0081 02       		.uleb128 0x2
 559 0082 04       		.byte	0x4
 560 0083 04       		.byte	0x4
 561 0084 82000000 		.4byte	.LASF11
 562 0088 02       		.uleb128 0x2
 563 0089 08       		.byte	0x8
 564 008a 04       		.byte	0x4
 565 008b 0E010000 		.4byte	.LASF12
 566 008f 02       		.uleb128 0x2
 567 0090 01       		.byte	0x1
ARM GAS  C:\Users\Kevin\AppData\Local\Temp\ccVEDbaG.s 			page 18


 568 0091 08       		.byte	0x8
 569 0092 A3020000 		.4byte	.LASF13
 570 0096 05       		.uleb128 0x5
 571 0097 00000000 		.4byte	.LASF14
 572 009b 02       		.byte	0x2
 573 009c 6E01     		.2byte	0x16e
 574 009e A2000000 		.4byte	0xa2
 575 00a2 06       		.uleb128 0x6
 576 00a3 76000000 		.4byte	0x76
 577 00a7 05       		.uleb128 0x5
 578 00a8 4A020000 		.4byte	.LASF15
 579 00ac 02       		.byte	0x2
 580 00ad 7E01     		.2byte	0x17e
 581 00af B3000000 		.4byte	0xb3
 582 00b3 07       		.uleb128 0x7
 583 00b4 04       		.byte	0x4
 584 00b5 B9000000 		.4byte	0xb9
 585 00b9 08       		.uleb128 0x8
 586 00ba 02       		.uleb128 0x2
 587 00bb 04       		.byte	0x4
 588 00bc 07       		.byte	0x7
 589 00bd 73020000 		.4byte	.LASF16
 590 00c1 09       		.uleb128 0x9
 591 00c2 19030000 		.4byte	.LASF17
 592 00c6 01       		.byte	0x1
 593 00c7 38       		.byte	0x38
 594 00c8 00000000 		.4byte	.LFB2
 595 00cc 24000000 		.4byte	.LFE2-.LFB2
 596 00d0 01       		.uleb128 0x1
 597 00d1 9C       		.byte	0x9c
 598 00d2 0A       		.uleb128 0xa
 599 00d3 F6020000 		.4byte	.LASF20
 600 00d7 01       		.byte	0x1
 601 00d8 63       		.byte	0x63
 602 00d9 00000000 		.4byte	.LFB3
 603 00dd 24000000 		.4byte	.LFE3-.LFB3
 604 00e1 01       		.uleb128 0x1
 605 00e2 9C       		.byte	0x9c
 606 00e3 F6000000 		.4byte	0xf6
 607 00e7 0B       		.uleb128 0xb
 608 00e8 D2010000 		.4byte	.LASF22
 609 00ec 01       		.byte	0x1
 610 00ed 63       		.byte	0x63
 611 00ee A7000000 		.4byte	0xa7
 612 00f2 02       		.uleb128 0x2
 613 00f3 91       		.byte	0x91
 614 00f4 74       		.sleb128 -12
 615 00f5 00       		.byte	0
 616 00f6 09       		.uleb128 0x9
 617 00f7 B2020000 		.4byte	.LASF18
 618 00fb 01       		.byte	0x1
 619 00fc 81       		.byte	0x81
 620 00fd 00000000 		.4byte	.LFB4
 621 0101 18000000 		.4byte	.LFE4-.LFB4
 622 0105 01       		.uleb128 0x1
 623 0106 9C       		.byte	0x9c
 624 0107 0C       		.uleb128 0xc
ARM GAS  C:\Users\Kevin\AppData\Local\Temp\ccVEDbaG.s 			page 19


 625 0108 56000000 		.4byte	.LASF19
 626 010c 01       		.byte	0x1
 627 010d 9F       		.byte	0x9f
 628 010e 00000000 		.4byte	.LFB5
 629 0112 08000000 		.4byte	.LFE5-.LFB5
 630 0116 01       		.uleb128 0x1
 631 0117 9C       		.byte	0x9c
 632 0118 0D       		.uleb128 0xd
 633 0119 7C020000 		.4byte	.LASF21
 634 011d 01       		.byte	0x1
 635 011e C7       		.byte	0xc7
 636 011f 00000000 		.4byte	.LFB6
 637 0123 18000000 		.4byte	.LFE6-.LFB6
 638 0127 01       		.uleb128 0x1
 639 0128 9C       		.byte	0x9c
 640 0129 3C010000 		.4byte	0x13c
 641 012d 0B       		.uleb128 0xb
 642 012e D2010000 		.4byte	.LASF22
 643 0132 01       		.byte	0x1
 644 0133 C7       		.byte	0xc7
 645 0134 A7000000 		.4byte	0xa7
 646 0138 02       		.uleb128 0x2
 647 0139 91       		.byte	0x91
 648 013a 74       		.sleb128 -12
 649 013b 00       		.byte	0
 650 013c 0E       		.uleb128 0xe
 651 013d 30000000 		.4byte	.LASF28
 652 0141 01       		.byte	0x1
 653 0142 DB       		.byte	0xdb
 654 0143 A7000000 		.4byte	0xa7
 655 0147 00000000 		.4byte	.LFB7
 656 014b 14000000 		.4byte	.LFE7-.LFB7
 657 014f 01       		.uleb128 0x1
 658 0150 9C       		.byte	0x9c
 659 0151 0A       		.uleb128 0xa
 660 0152 B7010000 		.4byte	.LASF23
 661 0156 01       		.byte	0x1
 662 0157 F9       		.byte	0xf9
 663 0158 00000000 		.4byte	.LFB8
 664 015c 4C000000 		.4byte	.LFE8-.LFB8
 665 0160 01       		.uleb128 0x1
 666 0161 9C       		.byte	0x9c
 667 0162 91010000 		.4byte	0x191
 668 0166 0B       		.uleb128 0xb
 669 0167 EE000000 		.4byte	.LASF24
 670 016b 01       		.byte	0x1
 671 016c F9       		.byte	0xf9
 672 016d 6B000000 		.4byte	0x6b
 673 0171 02       		.uleb128 0x2
 674 0172 91       		.byte	0x91
 675 0173 67       		.sleb128 -25
 676 0174 0F       		.uleb128 0xf
 677 0175 C7000000 		.4byte	.LASF25
 678 0179 01       		.byte	0x1
 679 017a FB       		.byte	0xfb
 680 017b 6B000000 		.4byte	0x6b
 681 017f 02       		.uleb128 0x2
ARM GAS  C:\Users\Kevin\AppData\Local\Temp\ccVEDbaG.s 			page 20


 682 0180 91       		.byte	0x91
 683 0181 6B       		.sleb128 -21
 684 0182 0F       		.uleb128 0xf
 685 0183 DE020000 		.4byte	.LASF26
 686 0187 01       		.byte	0x1
 687 0188 FC       		.byte	0xfc
 688 0189 76000000 		.4byte	0x76
 689 018d 02       		.uleb128 0x2
 690 018e 91       		.byte	0x91
 691 018f 6C       		.sleb128 -20
 692 0190 00       		.byte	0
 693 0191 10       		.uleb128 0x10
 694 0192 88000000 		.4byte	.LASF36
 695 0196 01       		.byte	0x1
 696 0197 1501     		.2byte	0x115
 697 0199 6B000000 		.4byte	0x6b
 698 019d 00000000 		.4byte	.LFB9
 699 01a1 2C000000 		.4byte	.LFE9-.LFB9
 700 01a5 01       		.uleb128 0x1
 701 01a6 9C       		.byte	0x9c
 702 01a7 CA010000 		.4byte	0x1ca
 703 01ab 11       		.uleb128 0x11
 704 01ac EE000000 		.4byte	.LASF24
 705 01b0 01       		.byte	0x1
 706 01b1 1701     		.2byte	0x117
 707 01b3 76000000 		.4byte	0x76
 708 01b7 02       		.uleb128 0x2
 709 01b8 91       		.byte	0x91
 710 01b9 70       		.sleb128 -16
 711 01ba 11       		.uleb128 0x11
 712 01bb DE020000 		.4byte	.LASF26
 713 01bf 01       		.byte	0x1
 714 01c0 1801     		.2byte	0x118
 715 01c2 76000000 		.4byte	0x76
 716 01c6 02       		.uleb128 0x2
 717 01c7 91       		.byte	0x91
 718 01c8 74       		.sleb128 -12
 719 01c9 00       		.byte	0
 720 01ca 12       		.uleb128 0x12
 721 01cb A3000000 		.4byte	.LASF27
 722 01cf 01       		.byte	0x1
 723 01d0 3001     		.2byte	0x130
 724 01d2 00000000 		.4byte	.LFB10
 725 01d6 14000000 		.4byte	.LFE10-.LFB10
 726 01da 01       		.uleb128 0x1
 727 01db 9C       		.byte	0x9c
 728 01dc 13       		.uleb128 0x13
 729 01dd C6020000 		.4byte	.LASF29
 730 01e1 01       		.byte	0x1
 731 01e2 4501     		.2byte	0x145
 732 01e4 6B000000 		.4byte	0x6b
 733 01e8 00000000 		.4byte	.LFB11
 734 01ec 20000000 		.4byte	.LFE11-.LFB11
 735 01f0 01       		.uleb128 0x1
 736 01f1 9C       		.byte	0x9c
 737 01f2 12       		.uleb128 0x12
 738 01f3 F7000000 		.4byte	.LASF30
ARM GAS  C:\Users\Kevin\AppData\Local\Temp\ccVEDbaG.s 			page 21


 739 01f7 01       		.byte	0x1
 740 01f8 5A01     		.2byte	0x15a
 741 01fa 00000000 		.4byte	.LFB12
 742 01fe 14000000 		.4byte	.LFE12-.LFB12
 743 0202 01       		.uleb128 0x1
 744 0203 9C       		.byte	0x9c
 745 0204 12       		.uleb128 0x12
 746 0205 30020000 		.4byte	.LASF31
 747 0209 01       		.byte	0x1
 748 020a 7501     		.2byte	0x175
 749 020c 00000000 		.4byte	.LFB13
 750 0210 14000000 		.4byte	.LFE13-.LFB13
 751 0214 01       		.uleb128 0x1
 752 0215 9C       		.byte	0x9c
 753 0216 12       		.uleb128 0x12
 754 0217 57020000 		.4byte	.LASF32
 755 021b 01       		.byte	0x1
 756 021c 8E01     		.2byte	0x18e
 757 021e 00000000 		.4byte	.LFB14
 758 0222 14000000 		.4byte	.LFE14-.LFB14
 759 0226 01       		.uleb128 0x1
 760 0227 9C       		.byte	0x9c
 761 0228 14       		.uleb128 0x14
 762 0229 A7000000 		.4byte	0xa7
 763 022d 38020000 		.4byte	0x238
 764 0231 15       		.uleb128 0x15
 765 0232 BA000000 		.4byte	0xba
 766 0236 2F       		.byte	0x2f
 767 0237 00       		.byte	0
 768 0238 16       		.uleb128 0x16
 769 0239 49000000 		.4byte	.LASF37
 770 023d 01       		.byte	0x1
 771 023e 21       		.byte	0x21
 772 023f 28020000 		.4byte	0x228
 773 0243 00       		.byte	0
 774              		.section	.debug_abbrev,"",%progbits
 775              	.Ldebug_abbrev0:
 776 0000 01       		.uleb128 0x1
 777 0001 11       		.uleb128 0x11
 778 0002 01       		.byte	0x1
 779 0003 25       		.uleb128 0x25
 780 0004 0E       		.uleb128 0xe
 781 0005 13       		.uleb128 0x13
 782 0006 0B       		.uleb128 0xb
 783 0007 03       		.uleb128 0x3
 784 0008 0E       		.uleb128 0xe
 785 0009 1B       		.uleb128 0x1b
 786 000a 0E       		.uleb128 0xe
 787 000b 55       		.uleb128 0x55
 788 000c 17       		.uleb128 0x17
 789 000d 11       		.uleb128 0x11
 790 000e 01       		.uleb128 0x1
 791 000f 10       		.uleb128 0x10
 792 0010 17       		.uleb128 0x17
 793 0011 00       		.byte	0
 794 0012 00       		.byte	0
 795 0013 02       		.uleb128 0x2
ARM GAS  C:\Users\Kevin\AppData\Local\Temp\ccVEDbaG.s 			page 22


 796 0014 24       		.uleb128 0x24
 797 0015 00       		.byte	0
 798 0016 0B       		.uleb128 0xb
 799 0017 0B       		.uleb128 0xb
 800 0018 3E       		.uleb128 0x3e
 801 0019 0B       		.uleb128 0xb
 802 001a 03       		.uleb128 0x3
 803 001b 0E       		.uleb128 0xe
 804 001c 00       		.byte	0
 805 001d 00       		.byte	0
 806 001e 03       		.uleb128 0x3
 807 001f 24       		.uleb128 0x24
 808 0020 00       		.byte	0
 809 0021 0B       		.uleb128 0xb
 810 0022 0B       		.uleb128 0xb
 811 0023 3E       		.uleb128 0x3e
 812 0024 0B       		.uleb128 0xb
 813 0025 03       		.uleb128 0x3
 814 0026 08       		.uleb128 0x8
 815 0027 00       		.byte	0
 816 0028 00       		.byte	0
 817 0029 04       		.uleb128 0x4
 818 002a 16       		.uleb128 0x16
 819 002b 00       		.byte	0
 820 002c 03       		.uleb128 0x3
 821 002d 0E       		.uleb128 0xe
 822 002e 3A       		.uleb128 0x3a
 823 002f 0B       		.uleb128 0xb
 824 0030 3B       		.uleb128 0x3b
 825 0031 0B       		.uleb128 0xb
 826 0032 49       		.uleb128 0x49
 827 0033 13       		.uleb128 0x13
 828 0034 00       		.byte	0
 829 0035 00       		.byte	0
 830 0036 05       		.uleb128 0x5
 831 0037 16       		.uleb128 0x16
 832 0038 00       		.byte	0
 833 0039 03       		.uleb128 0x3
 834 003a 0E       		.uleb128 0xe
 835 003b 3A       		.uleb128 0x3a
 836 003c 0B       		.uleb128 0xb
 837 003d 3B       		.uleb128 0x3b
 838 003e 05       		.uleb128 0x5
 839 003f 49       		.uleb128 0x49
 840 0040 13       		.uleb128 0x13
 841 0041 00       		.byte	0
 842 0042 00       		.byte	0
 843 0043 06       		.uleb128 0x6
 844 0044 35       		.uleb128 0x35
 845 0045 00       		.byte	0
 846 0046 49       		.uleb128 0x49
 847 0047 13       		.uleb128 0x13
 848 0048 00       		.byte	0
 849 0049 00       		.byte	0
 850 004a 07       		.uleb128 0x7
 851 004b 0F       		.uleb128 0xf
 852 004c 00       		.byte	0
ARM GAS  C:\Users\Kevin\AppData\Local\Temp\ccVEDbaG.s 			page 23


 853 004d 0B       		.uleb128 0xb
 854 004e 0B       		.uleb128 0xb
 855 004f 49       		.uleb128 0x49
 856 0050 13       		.uleb128 0x13
 857 0051 00       		.byte	0
 858 0052 00       		.byte	0
 859 0053 08       		.uleb128 0x8
 860 0054 15       		.uleb128 0x15
 861 0055 00       		.byte	0
 862 0056 27       		.uleb128 0x27
 863 0057 19       		.uleb128 0x19
 864 0058 00       		.byte	0
 865 0059 00       		.byte	0
 866 005a 09       		.uleb128 0x9
 867 005b 2E       		.uleb128 0x2e
 868 005c 00       		.byte	0
 869 005d 3F       		.uleb128 0x3f
 870 005e 19       		.uleb128 0x19
 871 005f 03       		.uleb128 0x3
 872 0060 0E       		.uleb128 0xe
 873 0061 3A       		.uleb128 0x3a
 874 0062 0B       		.uleb128 0xb
 875 0063 3B       		.uleb128 0x3b
 876 0064 0B       		.uleb128 0xb
 877 0065 27       		.uleb128 0x27
 878 0066 19       		.uleb128 0x19
 879 0067 11       		.uleb128 0x11
 880 0068 01       		.uleb128 0x1
 881 0069 12       		.uleb128 0x12
 882 006a 06       		.uleb128 0x6
 883 006b 40       		.uleb128 0x40
 884 006c 18       		.uleb128 0x18
 885 006d 9642     		.uleb128 0x2116
 886 006f 19       		.uleb128 0x19
 887 0070 00       		.byte	0
 888 0071 00       		.byte	0
 889 0072 0A       		.uleb128 0xa
 890 0073 2E       		.uleb128 0x2e
 891 0074 01       		.byte	0x1
 892 0075 3F       		.uleb128 0x3f
 893 0076 19       		.uleb128 0x19
 894 0077 03       		.uleb128 0x3
 895 0078 0E       		.uleb128 0xe
 896 0079 3A       		.uleb128 0x3a
 897 007a 0B       		.uleb128 0xb
 898 007b 3B       		.uleb128 0x3b
 899 007c 0B       		.uleb128 0xb
 900 007d 27       		.uleb128 0x27
 901 007e 19       		.uleb128 0x19
 902 007f 11       		.uleb128 0x11
 903 0080 01       		.uleb128 0x1
 904 0081 12       		.uleb128 0x12
 905 0082 06       		.uleb128 0x6
 906 0083 40       		.uleb128 0x40
 907 0084 18       		.uleb128 0x18
 908 0085 9642     		.uleb128 0x2116
 909 0087 19       		.uleb128 0x19
ARM GAS  C:\Users\Kevin\AppData\Local\Temp\ccVEDbaG.s 			page 24


 910 0088 01       		.uleb128 0x1
 911 0089 13       		.uleb128 0x13
 912 008a 00       		.byte	0
 913 008b 00       		.byte	0
 914 008c 0B       		.uleb128 0xb
 915 008d 05       		.uleb128 0x5
 916 008e 00       		.byte	0
 917 008f 03       		.uleb128 0x3
 918 0090 0E       		.uleb128 0xe
 919 0091 3A       		.uleb128 0x3a
 920 0092 0B       		.uleb128 0xb
 921 0093 3B       		.uleb128 0x3b
 922 0094 0B       		.uleb128 0xb
 923 0095 49       		.uleb128 0x49
 924 0096 13       		.uleb128 0x13
 925 0097 02       		.uleb128 0x2
 926 0098 18       		.uleb128 0x18
 927 0099 00       		.byte	0
 928 009a 00       		.byte	0
 929 009b 0C       		.uleb128 0xc
 930 009c 2E       		.uleb128 0x2e
 931 009d 00       		.byte	0
 932 009e 3F       		.uleb128 0x3f
 933 009f 19       		.uleb128 0x19
 934 00a0 03       		.uleb128 0x3
 935 00a1 0E       		.uleb128 0xe
 936 00a2 3A       		.uleb128 0x3a
 937 00a3 0B       		.uleb128 0xb
 938 00a4 3B       		.uleb128 0x3b
 939 00a5 0B       		.uleb128 0xb
 940 00a6 27       		.uleb128 0x27
 941 00a7 19       		.uleb128 0x19
 942 00a8 11       		.uleb128 0x11
 943 00a9 01       		.uleb128 0x1
 944 00aa 12       		.uleb128 0x12
 945 00ab 06       		.uleb128 0x6
 946 00ac 40       		.uleb128 0x40
 947 00ad 18       		.uleb128 0x18
 948 00ae 9742     		.uleb128 0x2117
 949 00b0 19       		.uleb128 0x19
 950 00b1 00       		.byte	0
 951 00b2 00       		.byte	0
 952 00b3 0D       		.uleb128 0xd
 953 00b4 2E       		.uleb128 0x2e
 954 00b5 01       		.byte	0x1
 955 00b6 3F       		.uleb128 0x3f
 956 00b7 19       		.uleb128 0x19
 957 00b8 03       		.uleb128 0x3
 958 00b9 0E       		.uleb128 0xe
 959 00ba 3A       		.uleb128 0x3a
 960 00bb 0B       		.uleb128 0xb
 961 00bc 3B       		.uleb128 0x3b
 962 00bd 0B       		.uleb128 0xb
 963 00be 27       		.uleb128 0x27
 964 00bf 19       		.uleb128 0x19
 965 00c0 11       		.uleb128 0x11
 966 00c1 01       		.uleb128 0x1
ARM GAS  C:\Users\Kevin\AppData\Local\Temp\ccVEDbaG.s 			page 25


 967 00c2 12       		.uleb128 0x12
 968 00c3 06       		.uleb128 0x6
 969 00c4 40       		.uleb128 0x40
 970 00c5 18       		.uleb128 0x18
 971 00c6 9742     		.uleb128 0x2117
 972 00c8 19       		.uleb128 0x19
 973 00c9 01       		.uleb128 0x1
 974 00ca 13       		.uleb128 0x13
 975 00cb 00       		.byte	0
 976 00cc 00       		.byte	0
 977 00cd 0E       		.uleb128 0xe
 978 00ce 2E       		.uleb128 0x2e
 979 00cf 00       		.byte	0
 980 00d0 3F       		.uleb128 0x3f
 981 00d1 19       		.uleb128 0x19
 982 00d2 03       		.uleb128 0x3
 983 00d3 0E       		.uleb128 0xe
 984 00d4 3A       		.uleb128 0x3a
 985 00d5 0B       		.uleb128 0xb
 986 00d6 3B       		.uleb128 0x3b
 987 00d7 0B       		.uleb128 0xb
 988 00d8 27       		.uleb128 0x27
 989 00d9 19       		.uleb128 0x19
 990 00da 49       		.uleb128 0x49
 991 00db 13       		.uleb128 0x13
 992 00dc 11       		.uleb128 0x11
 993 00dd 01       		.uleb128 0x1
 994 00de 12       		.uleb128 0x12
 995 00df 06       		.uleb128 0x6
 996 00e0 40       		.uleb128 0x40
 997 00e1 18       		.uleb128 0x18
 998 00e2 9742     		.uleb128 0x2117
 999 00e4 19       		.uleb128 0x19
 1000 00e5 00       		.byte	0
 1001 00e6 00       		.byte	0
 1002 00e7 0F       		.uleb128 0xf
 1003 00e8 34       		.uleb128 0x34
 1004 00e9 00       		.byte	0
 1005 00ea 03       		.uleb128 0x3
 1006 00eb 0E       		.uleb128 0xe
 1007 00ec 3A       		.uleb128 0x3a
 1008 00ed 0B       		.uleb128 0xb
 1009 00ee 3B       		.uleb128 0x3b
 1010 00ef 0B       		.uleb128 0xb
 1011 00f0 49       		.uleb128 0x49
 1012 00f1 13       		.uleb128 0x13
 1013 00f2 02       		.uleb128 0x2
 1014 00f3 18       		.uleb128 0x18
 1015 00f4 00       		.byte	0
 1016 00f5 00       		.byte	0
 1017 00f6 10       		.uleb128 0x10
 1018 00f7 2E       		.uleb128 0x2e
 1019 00f8 01       		.byte	0x1
 1020 00f9 3F       		.uleb128 0x3f
 1021 00fa 19       		.uleb128 0x19
 1022 00fb 03       		.uleb128 0x3
 1023 00fc 0E       		.uleb128 0xe
ARM GAS  C:\Users\Kevin\AppData\Local\Temp\ccVEDbaG.s 			page 26


 1024 00fd 3A       		.uleb128 0x3a
 1025 00fe 0B       		.uleb128 0xb
 1026 00ff 3B       		.uleb128 0x3b
 1027 0100 05       		.uleb128 0x5
 1028 0101 27       		.uleb128 0x27
 1029 0102 19       		.uleb128 0x19
 1030 0103 49       		.uleb128 0x49
 1031 0104 13       		.uleb128 0x13
 1032 0105 11       		.uleb128 0x11
 1033 0106 01       		.uleb128 0x1
 1034 0107 12       		.uleb128 0x12
 1035 0108 06       		.uleb128 0x6
 1036 0109 40       		.uleb128 0x40
 1037 010a 18       		.uleb128 0x18
 1038 010b 9742     		.uleb128 0x2117
 1039 010d 19       		.uleb128 0x19
 1040 010e 01       		.uleb128 0x1
 1041 010f 13       		.uleb128 0x13
 1042 0110 00       		.byte	0
 1043 0111 00       		.byte	0
 1044 0112 11       		.uleb128 0x11
 1045 0113 34       		.uleb128 0x34
 1046 0114 00       		.byte	0
 1047 0115 03       		.uleb128 0x3
 1048 0116 0E       		.uleb128 0xe
 1049 0117 3A       		.uleb128 0x3a
 1050 0118 0B       		.uleb128 0xb
 1051 0119 3B       		.uleb128 0x3b
 1052 011a 05       		.uleb128 0x5
 1053 011b 49       		.uleb128 0x49
 1054 011c 13       		.uleb128 0x13
 1055 011d 02       		.uleb128 0x2
 1056 011e 18       		.uleb128 0x18
 1057 011f 00       		.byte	0
 1058 0120 00       		.byte	0
 1059 0121 12       		.uleb128 0x12
 1060 0122 2E       		.uleb128 0x2e
 1061 0123 00       		.byte	0
 1062 0124 3F       		.uleb128 0x3f
 1063 0125 19       		.uleb128 0x19
 1064 0126 03       		.uleb128 0x3
 1065 0127 0E       		.uleb128 0xe
 1066 0128 3A       		.uleb128 0x3a
 1067 0129 0B       		.uleb128 0xb
 1068 012a 3B       		.uleb128 0x3b
 1069 012b 05       		.uleb128 0x5
 1070 012c 27       		.uleb128 0x27
 1071 012d 19       		.uleb128 0x19
 1072 012e 11       		.uleb128 0x11
 1073 012f 01       		.uleb128 0x1
 1074 0130 12       		.uleb128 0x12
 1075 0131 06       		.uleb128 0x6
 1076 0132 40       		.uleb128 0x40
 1077 0133 18       		.uleb128 0x18
 1078 0134 9742     		.uleb128 0x2117
 1079 0136 19       		.uleb128 0x19
 1080 0137 00       		.byte	0
ARM GAS  C:\Users\Kevin\AppData\Local\Temp\ccVEDbaG.s 			page 27


 1081 0138 00       		.byte	0
 1082 0139 13       		.uleb128 0x13
 1083 013a 2E       		.uleb128 0x2e
 1084 013b 00       		.byte	0
 1085 013c 3F       		.uleb128 0x3f
 1086 013d 19       		.uleb128 0x19
 1087 013e 03       		.uleb128 0x3
 1088 013f 0E       		.uleb128 0xe
 1089 0140 3A       		.uleb128 0x3a
 1090 0141 0B       		.uleb128 0xb
 1091 0142 3B       		.uleb128 0x3b
 1092 0143 05       		.uleb128 0x5
 1093 0144 27       		.uleb128 0x27
 1094 0145 19       		.uleb128 0x19
 1095 0146 49       		.uleb128 0x49
 1096 0147 13       		.uleb128 0x13
 1097 0148 11       		.uleb128 0x11
 1098 0149 01       		.uleb128 0x1
 1099 014a 12       		.uleb128 0x12
 1100 014b 06       		.uleb128 0x6
 1101 014c 40       		.uleb128 0x40
 1102 014d 18       		.uleb128 0x18
 1103 014e 9742     		.uleb128 0x2117
 1104 0150 19       		.uleb128 0x19
 1105 0151 00       		.byte	0
 1106 0152 00       		.byte	0
 1107 0153 14       		.uleb128 0x14
 1108 0154 01       		.uleb128 0x1
 1109 0155 01       		.byte	0x1
 1110 0156 49       		.uleb128 0x49
 1111 0157 13       		.uleb128 0x13
 1112 0158 01       		.uleb128 0x1
 1113 0159 13       		.uleb128 0x13
 1114 015a 00       		.byte	0
 1115 015b 00       		.byte	0
 1116 015c 15       		.uleb128 0x15
 1117 015d 21       		.uleb128 0x21
 1118 015e 00       		.byte	0
 1119 015f 49       		.uleb128 0x49
 1120 0160 13       		.uleb128 0x13
 1121 0161 2F       		.uleb128 0x2f
 1122 0162 0B       		.uleb128 0xb
 1123 0163 00       		.byte	0
 1124 0164 00       		.byte	0
 1125 0165 16       		.uleb128 0x16
 1126 0166 34       		.uleb128 0x34
 1127 0167 00       		.byte	0
 1128 0168 03       		.uleb128 0x3
 1129 0169 0E       		.uleb128 0xe
 1130 016a 3A       		.uleb128 0x3a
 1131 016b 0B       		.uleb128 0xb
 1132 016c 3B       		.uleb128 0x3b
 1133 016d 0B       		.uleb128 0xb
 1134 016e 49       		.uleb128 0x49
 1135 016f 13       		.uleb128 0x13
 1136 0170 3F       		.uleb128 0x3f
 1137 0171 19       		.uleb128 0x19
ARM GAS  C:\Users\Kevin\AppData\Local\Temp\ccVEDbaG.s 			page 28


 1138 0172 3C       		.uleb128 0x3c
 1139 0173 19       		.uleb128 0x19
 1140 0174 00       		.byte	0
 1141 0175 00       		.byte	0
 1142 0176 00       		.byte	0
 1143              		.section	.debug_aranges,"",%progbits
 1144 0000 7C000000 		.4byte	0x7c
 1145 0004 0200     		.2byte	0x2
 1146 0006 00000000 		.4byte	.Ldebug_info0
 1147 000a 04       		.byte	0x4
 1148 000b 00       		.byte	0
 1149 000c 0000     		.2byte	0
 1150 000e 0000     		.2byte	0
 1151 0010 00000000 		.4byte	.LFB2
 1152 0014 24000000 		.4byte	.LFE2-.LFB2
 1153 0018 00000000 		.4byte	.LFB3
 1154 001c 24000000 		.4byte	.LFE3-.LFB3
 1155 0020 00000000 		.4byte	.LFB4
 1156 0024 18000000 		.4byte	.LFE4-.LFB4
 1157 0028 00000000 		.4byte	.LFB5
 1158 002c 08000000 		.4byte	.LFE5-.LFB5
 1159 0030 00000000 		.4byte	.LFB6
 1160 0034 18000000 		.4byte	.LFE6-.LFB6
 1161 0038 00000000 		.4byte	.LFB7
 1162 003c 14000000 		.4byte	.LFE7-.LFB7
 1163 0040 00000000 		.4byte	.LFB8
 1164 0044 4C000000 		.4byte	.LFE8-.LFB8
 1165 0048 00000000 		.4byte	.LFB9
 1166 004c 2C000000 		.4byte	.LFE9-.LFB9
 1167 0050 00000000 		.4byte	.LFB10
 1168 0054 14000000 		.4byte	.LFE10-.LFB10
 1169 0058 00000000 		.4byte	.LFB11
 1170 005c 20000000 		.4byte	.LFE11-.LFB11
 1171 0060 00000000 		.4byte	.LFB12
 1172 0064 14000000 		.4byte	.LFE12-.LFB12
 1173 0068 00000000 		.4byte	.LFB13
 1174 006c 14000000 		.4byte	.LFE13-.LFB13
 1175 0070 00000000 		.4byte	.LFB14
 1176 0074 14000000 		.4byte	.LFE14-.LFB14
 1177 0078 00000000 		.4byte	0
 1178 007c 00000000 		.4byte	0
 1179              		.section	.debug_ranges,"",%progbits
 1180              	.Ldebug_ranges0:
 1181 0000 00000000 		.4byte	.LFB2
 1182 0004 24000000 		.4byte	.LFE2
 1183 0008 00000000 		.4byte	.LFB3
 1184 000c 24000000 		.4byte	.LFE3
 1185 0010 00000000 		.4byte	.LFB4
 1186 0014 18000000 		.4byte	.LFE4
 1187 0018 00000000 		.4byte	.LFB5
 1188 001c 08000000 		.4byte	.LFE5
 1189 0020 00000000 		.4byte	.LFB6
 1190 0024 18000000 		.4byte	.LFE6
 1191 0028 00000000 		.4byte	.LFB7
 1192 002c 14000000 		.4byte	.LFE7
 1193 0030 00000000 		.4byte	.LFB8
 1194 0034 4C000000 		.4byte	.LFE8
ARM GAS  C:\Users\Kevin\AppData\Local\Temp\ccVEDbaG.s 			page 29


 1195 0038 00000000 		.4byte	.LFB9
 1196 003c 2C000000 		.4byte	.LFE9
 1197 0040 00000000 		.4byte	.LFB10
 1198 0044 14000000 		.4byte	.LFE10
 1199 0048 00000000 		.4byte	.LFB11
 1200 004c 20000000 		.4byte	.LFE11
 1201 0050 00000000 		.4byte	.LFB12
 1202 0054 14000000 		.4byte	.LFE12
 1203 0058 00000000 		.4byte	.LFB13
 1204 005c 14000000 		.4byte	.LFE13
 1205 0060 00000000 		.4byte	.LFB14
 1206 0064 14000000 		.4byte	.LFE14
 1207 0068 00000000 		.4byte	0
 1208 006c 00000000 		.4byte	0
 1209              		.section	.debug_line,"",%progbits
 1210              	.Ldebug_line0:
 1211 0000 72010000 		.section	.debug_str,"MS",%progbits,1
 1211      02006400 
 1211      00000201 
 1211      FB0E0D00 
 1211      01010101 
 1212              	.LASF14:
 1213 0000 72656733 		.ascii	"reg32\000"
 1213      3200
 1214              	.LASF34:
 1215 0006 2E5C4765 		.ascii	".\\Generated_Source\\PSoC4\\InputInterrupt.c\000"
 1215      6E657261 
 1215      7465645F 
 1215      536F7572 
 1215      63655C50 
 1216              	.LASF28:
 1217 0030 496E7075 		.ascii	"InputInterrupt_GetVector\000"
 1217      74496E74 
 1217      65727275 
 1217      70745F47 
 1217      65745665 
 1218              	.LASF37:
 1219 0049 43795261 		.ascii	"CyRamVectors\000"
 1219      6D566563 
 1219      746F7273 
 1219      00
 1220              	.LASF19:
 1221 0056 496E7075 		.ascii	"InputInterrupt_Interrupt\000"
 1221      74496E74 
 1221      65727275 
 1221      70745F49 
 1221      6E746572 
 1222              	.LASF3:
 1223 006f 73686F72 		.ascii	"short unsigned int\000"
 1223      7420756E 
 1223      7369676E 
 1223      65642069 
 1223      6E7400
 1224              	.LASF11:
 1225 0082 666C6F61 		.ascii	"float\000"
 1225      7400
 1226              	.LASF36:
ARM GAS  C:\Users\Kevin\AppData\Local\Temp\ccVEDbaG.s 			page 30


 1227 0088 496E7075 		.ascii	"InputInterrupt_GetPriority\000"
 1227      74496E74 
 1227      65727275 
 1227      70745F47 
 1227      65745072 
 1228              	.LASF27:
 1229 00a3 496E7075 		.ascii	"InputInterrupt_Enable\000"
 1229      74496E74 
 1229      65727275 
 1229      70745F45 
 1229      6E61626C 
 1230              	.LASF1:
 1231 00b9 756E7369 		.ascii	"unsigned char\000"
 1231      676E6564 
 1231      20636861 
 1231      7200
 1232              	.LASF25:
 1233 00c7 696E7465 		.ascii	"interruptState\000"
 1233      72727570 
 1233      74537461 
 1233      746500
 1234              	.LASF5:
 1235 00d6 6C6F6E67 		.ascii	"long unsigned int\000"
 1235      20756E73 
 1235      69676E65 
 1235      6420696E 
 1235      7400
 1236              	.LASF9:
 1237 00e8 75696E74 		.ascii	"uint8\000"
 1237      3800
 1238              	.LASF24:
 1239 00ee 7072696F 		.ascii	"priority\000"
 1239      72697479 
 1239      00
 1240              	.LASF30:
 1241 00f7 496E7075 		.ascii	"InputInterrupt_Disable\000"
 1241      74496E74 
 1241      65727275 
 1241      70745F44 
 1241      69736162 
 1242              	.LASF12:
 1243 010e 646F7562 		.ascii	"double\000"
 1243      6C6500
 1244              	.LASF33:
 1245 0115 474E5520 		.ascii	"GNU C 4.9.3 20150303 (release) [ARM/embedded-4_9-br"
 1245      4320342E 
 1245      392E3320 
 1245      32303135 
 1245      30333033 
 1246 0148 616E6368 		.ascii	"anch revision 221220] -mcpu=cortex-m0 -mthumb -g -O"
 1246      20726576 
 1246      6973696F 
 1246      6E203232 
 1246      31323230 
 1247 017b 30202D66 		.ascii	"0 -ffunction-sections -ffat-lto-objects\000"
 1247      66756E63 
 1247      74696F6E 
ARM GAS  C:\Users\Kevin\AppData\Local\Temp\ccVEDbaG.s 			page 31


 1247      2D736563 
 1247      74696F6E 
 1248              	.LASF10:
 1249 01a3 75696E74 		.ascii	"uint32\000"
 1249      333200
 1250              	.LASF8:
 1251 01aa 756E7369 		.ascii	"unsigned int\000"
 1251      676E6564 
 1251      20696E74 
 1251      00
 1252              	.LASF23:
 1253 01b7 496E7075 		.ascii	"InputInterrupt_SetPriority\000"
 1253      74496E74 
 1253      65727275 
 1253      70745F53 
 1253      65745072 
 1254              	.LASF22:
 1255 01d2 61646472 		.ascii	"address\000"
 1255      65737300 
 1256              	.LASF7:
 1257 01da 6C6F6E67 		.ascii	"long long unsigned int\000"
 1257      206C6F6E 
 1257      6720756E 
 1257      7369676E 
 1257      65642069 
 1258              	.LASF35:
 1259 01f1 433A5C55 		.ascii	"C:\\Users\\Kevin\\Documents\\GitHub\\EZtimer\\Firmw"
 1259      73657273 
 1259      5C4B6576 
 1259      696E5C44 
 1259      6F63756D 
 1260 021e 6172655C 		.ascii	"are\\EZtimer.cydsn\000"
 1260      455A7469 
 1260      6D65722E 
 1260      63796473 
 1260      6E00
 1261              	.LASF31:
 1262 0230 496E7075 		.ascii	"InputInterrupt_SetPending\000"
 1262      74496E74 
 1262      65727275 
 1262      70745F53 
 1262      65745065 
 1263              	.LASF15:
 1264 024a 63796973 		.ascii	"cyisraddress\000"
 1264      72616464 
 1264      72657373 
 1264      00
 1265              	.LASF32:
 1266 0257 496E7075 		.ascii	"InputInterrupt_ClearPending\000"
 1266      74496E74 
 1266      65727275 
 1266      70745F43 
 1266      6C656172 
 1267              	.LASF16:
 1268 0273 73697A65 		.ascii	"sizetype\000"
 1268      74797065 
 1268      00
ARM GAS  C:\Users\Kevin\AppData\Local\Temp\ccVEDbaG.s 			page 32


 1269              	.LASF21:
 1270 027c 496E7075 		.ascii	"InputInterrupt_SetVector\000"
 1270      74496E74 
 1270      65727275 
 1270      70745F53 
 1270      65745665 
 1271              	.LASF6:
 1272 0295 6C6F6E67 		.ascii	"long long int\000"
 1272      206C6F6E 
 1272      6720696E 
 1272      7400
 1273              	.LASF13:
 1274 02a3 63686172 		.ascii	"char\000"
 1274      00
 1275              	.LASF2:
 1276 02a8 73686F72 		.ascii	"short int\000"
 1276      7420696E 
 1276      7400
 1277              	.LASF18:
 1278 02b2 496E7075 		.ascii	"InputInterrupt_Stop\000"
 1278      74496E74 
 1278      65727275 
 1278      70745F53 
 1278      746F7000 
 1279              	.LASF29:
 1280 02c6 496E7075 		.ascii	"InputInterrupt_GetState\000"
 1280      74496E74 
 1280      65727275 
 1280      70745F47 
 1280      65745374 
 1281              	.LASF26:
 1282 02de 7072696F 		.ascii	"priorityOffset\000"
 1282      72697479 
 1282      4F666673 
 1282      657400
 1283              	.LASF4:
 1284 02ed 6C6F6E67 		.ascii	"long int\000"
 1284      20696E74 
 1284      00
 1285              	.LASF20:
 1286 02f6 496E7075 		.ascii	"InputInterrupt_StartEx\000"
 1286      74496E74 
 1286      65727275 
 1286      70745F53 
 1286      74617274 
 1287              	.LASF0:
 1288 030d 7369676E 		.ascii	"signed char\000"
 1288      65642063 
 1288      68617200 
 1289              	.LASF17:
 1290 0319 496E7075 		.ascii	"InputInterrupt_Start\000"
 1290      74496E74 
 1290      65727275 
 1290      70745F53 
 1290      74617274 
 1291              		.ident	"GCC: (GNU Tools for ARM Embedded Processors) 4.9.3 20150303 (release) [ARM/embedded-4_9-br
