ARM GAS  C:\Users\Kevin\AppData\Local\Temp\ccQlHZ8d.s 			page 1


   1              		.cpu cortex-m0
   2              		.fpu softvfp
   3              		.eabi_attribute 20, 1
   4              		.eabi_attribute 21, 1
   5              		.eabi_attribute 23, 3
   6              		.eabi_attribute 24, 1
   7              		.eabi_attribute 25, 1
   8              		.eabi_attribute 26, 1
   9              		.eabi_attribute 30, 1
  10              		.eabi_attribute 34, 0
  11              		.eabi_attribute 18, 4
  12              		.code	16
  13              		.file	"led.c"
  14              		.text
  15              	.Ltext0:
  16              		.cfi_sections	.debug_frame
  17              		.global	__aeabi_idiv
  18              		.section	.text.UpdateRGBLED,"ax",%progbits
  19              		.align	2
  20              		.global	UpdateRGBLED
  21              		.code	16
  22              		.thumb_func
  23              		.type	UpdateRGBLED, %function
  24              	UpdateRGBLED:
  25              	.LFB35:
  26              		.file 1 ".\\led.c"
   1:.\led.c       **** /* ========================================
   2:.\led.c       ****  *
   3:.\led.c       ****  * Copyright YOUR COMPANY, THE YEAR
   4:.\led.c       ****  * All Rights Reserved
   5:.\led.c       ****  * UNPUBLISHED, LICENSED SOFTWARE.
   6:.\led.c       ****  *
   7:.\led.c       ****  * CONFIDENTIAL AND PROPRIETARY INFORMATION
   8:.\led.c       ****  * WHICH IS THE PROPERTY OF your company.
   9:.\led.c       ****  *
  10:.\led.c       ****  * ========================================
  11:.\led.c       **** */
  12:.\led.c       **** #include "main.h"
  13:.\led.c       **** 
  14:.\led.c       **** void UpdateRGBLED(uint8* ledData, uint8 len)
  15:.\led.c       **** {
  27              		.loc 1 15 0
  28              		.cfi_startproc
  29              	.LVL0:
  30 0000 F8B5     		push	{r3, r4, r5, r6, r7, lr}
  31              		.cfi_def_cfa_offset 24
  32              		.cfi_offset 3, -24
  33              		.cfi_offset 4, -20
  34              		.cfi_offset 5, -16
  35              		.cfi_offset 6, -12
  36              		.cfi_offset 7, -8
  37              		.cfi_offset 14, -4
  16:.\led.c       ****     /* Local variables to store calculated color components */
  17:.\led.c       ****     uint8 calc_red;
  18:.\led.c       ****     uint8 calc_green;
  19:.\led.c       ****     uint8 calc_blue;
  20:.\led.c       **** 
ARM GAS  C:\Users\Kevin\AppData\Local\Temp\ccQlHZ8d.s 			page 2


  21:.\led.c       ****     /* Check if the array has length equal to expected length for
  22:.\led.c       ****      * RGB LED data */
  23:.\led.c       ****     if(len == RGB_CHAR_DATA_LEN)
  38              		.loc 1 23 0
  39 0002 0429     		cmp	r1, #4
  40 0004 20D1     		bne	.L1
  41 0006 041C     		mov	r4, r0
  42              	.LBB2:
  24:.\led.c       ****     {
  25:.\led.c       ****         /* True color to be displayed is calculated on basis of color
  26:.\led.c       ****          * and intensity value received */
  27:.\led.c       ****         calc_red = (uint8)(((uint16)ledData[RED_INDEX]*ledData[INTENSITY_INDEX])/RGB_LED_MAX_VAL);
  43              		.loc 1 27 0
  44 0008 0078     		ldrb	r0, [r0]
  45              	.LVL1:
  46 000a E578     		ldrb	r5, [r4, #3]
  47 000c 6843     		mul	r0, r5
  48 000e FB31     		add	r1, r1, #251
  49              	.LVL2:
  50 0010 FFF7FEFF 		bl	__aeabi_idiv
  51              	.LVL3:
  52 0014 061C     		mov	r6, r0
  53              	.LVL4:
  28:.\led.c       ****         calc_green = (uint8)(((uint16)ledData[GREEN_INDEX]*ledData[INTENSITY_INDEX])/RGB_LED_MAX_VA
  54              		.loc 1 28 0
  55 0016 6078     		ldrb	r0, [r4, #1]
  56 0018 6843     		mul	r0, r5
  57 001a FF21     		mov	r1, #255
  58 001c FFF7FEFF 		bl	__aeabi_idiv
  59              	.LVL5:
  60 0020 071C     		mov	r7, r0
  61              	.LVL6:
  29:.\led.c       ****         calc_blue = (uint8)(((uint16)ledData[BLUE_INDEX]*ledData[INTENSITY_INDEX])/RGB_LED_MAX_VAL)
  62              		.loc 1 29 0
  63 0022 A078     		ldrb	r0, [r4, #2]
  64 0024 6843     		mul	r0, r5
  65 0026 FF21     		mov	r1, #255
  66 0028 FFF7FEFF 		bl	__aeabi_idiv
  67              	.LVL7:
  68 002c 051C     		mov	r5, r0
  69              	.LVL8:
  30:.\led.c       **** 
  31:.\led.c       ****         /* Update the density value of the PrISM module */
  32:.\led.c       ****         PrISM_1_WritePulse0(RGB_LED_MAX_VAL - calc_red);
  70              		.loc 1 32 0
  71 002e FF24     		mov	r4, #255
  72              	.LVL9:
  73 0030 201C     		mov	r0, r4
  74 0032 B043     		bic	r0, r6
  75 0034 FFF7FEFF 		bl	PrISM_1_WritePulse0
  76              	.LVL10:
  33:.\led.c       ****         PrISM_1_WritePulse1(RGB_LED_MAX_VAL - calc_green);
  77              		.loc 1 33 0
  78 0038 201C     		mov	r0, r4
  79 003a B843     		bic	r0, r7
  80 003c FFF7FEFF 		bl	PrISM_1_WritePulse1
  81              	.LVL11:
ARM GAS  C:\Users\Kevin\AppData\Local\Temp\ccQlHZ8d.s 			page 3


  34:.\led.c       ****         PrISM_2_WritePulse0(RGB_LED_MAX_VAL - calc_blue);
  82              		.loc 1 34 0
  83 0040 201C     		mov	r0, r4
  84 0042 A843     		bic	r0, r5
  85 0044 FFF7FEFF 		bl	PrISM_2_WritePulse0
  86              	.LVL12:
  87              	.L1:
  88              	.LBE2:
  35:.\led.c       ****     }
  36:.\led.c       **** }
  89              		.loc 1 36 0
  90              		@ sp needed
  91 0048 F8BD     		pop	{r3, r4, r5, r6, r7, pc}
  92              		.cfi_endproc
  93              	.LFE35:
  94              		.size	UpdateRGBLED, .-UpdateRGBLED
  95 004a C046     		.text
  96              	.Letext0:
  97              		.file 2 "Generated_Source\\PSoC4/cytypes.h"
  98              		.section	.debug_info,"",%progbits
  99              	.Ldebug_info0:
 100 0000 B1010000 		.4byte	0x1b1
 101 0004 0400     		.2byte	0x4
 102 0006 00000000 		.4byte	.Ldebug_abbrev0
 103 000a 04       		.byte	0x4
 104 000b 01       		.uleb128 0x1
 105 000c 47010000 		.4byte	.LASF22
 106 0010 01       		.byte	0x1
 107 0011 33010000 		.4byte	.LASF23
 108 0015 F0000000 		.4byte	.LASF24
 109 0019 00000000 		.4byte	.Ldebug_ranges0+0
 110 001d 00000000 		.4byte	0
 111 0021 00000000 		.4byte	.Ldebug_line0
 112 0025 02       		.uleb128 0x2
 113 0026 01       		.byte	0x1
 114 0027 06       		.byte	0x6
 115 0028 3B010000 		.4byte	.LASF0
 116 002c 02       		.uleb128 0x2
 117 002d 01       		.byte	0x1
 118 002e 08       		.byte	0x8
 119 002f C3000000 		.4byte	.LASF1
 120 0033 02       		.uleb128 0x2
 121 0034 02       		.byte	0x2
 122 0035 05       		.byte	0x5
 123 0036 DF000000 		.4byte	.LASF2
 124 003a 02       		.uleb128 0x2
 125 003b 02       		.byte	0x2
 126 003c 07       		.byte	0x7
 127 003d 0E000000 		.4byte	.LASF3
 128 0041 02       		.uleb128 0x2
 129 0042 04       		.byte	0x4
 130 0043 05       		.byte	0x5
 131 0044 D6000000 		.4byte	.LASF4
 132 0048 02       		.uleb128 0x2
 133 0049 04       		.byte	0x4
 134 004a 07       		.byte	0x7
 135 004b 66000000 		.4byte	.LASF5
ARM GAS  C:\Users\Kevin\AppData\Local\Temp\ccQlHZ8d.s 			page 4


 136 004f 02       		.uleb128 0x2
 137 0050 08       		.byte	0x8
 138 0051 05       		.byte	0x5
 139 0052 00000000 		.4byte	.LASF6
 140 0056 02       		.uleb128 0x2
 141 0057 08       		.byte	0x8
 142 0058 07       		.byte	0x7
 143 0059 8C000000 		.4byte	.LASF7
 144 005d 03       		.uleb128 0x3
 145 005e 04       		.byte	0x4
 146 005f 05       		.byte	0x5
 147 0060 696E7400 		.ascii	"int\000"
 148 0064 02       		.uleb128 0x2
 149 0065 04       		.byte	0x4
 150 0066 07       		.byte	0x7
 151 0067 21000000 		.4byte	.LASF8
 152 006b 04       		.uleb128 0x4
 153 006c 60000000 		.4byte	.LASF9
 154 0070 02       		.byte	0x2
 155 0071 C2       		.byte	0xc2
 156 0072 2C000000 		.4byte	0x2c
 157 0076 04       		.uleb128 0x4
 158 0077 DB010000 		.4byte	.LASF10
 159 007b 02       		.byte	0x2
 160 007c C3       		.byte	0xc3
 161 007d 3A000000 		.4byte	0x3a
 162 0081 02       		.uleb128 0x2
 163 0082 04       		.byte	0x4
 164 0083 04       		.byte	0x4
 165 0084 D5010000 		.4byte	.LASF11
 166 0088 02       		.uleb128 0x2
 167 0089 08       		.byte	0x8
 168 008a 04       		.byte	0x4
 169 008b E9000000 		.4byte	.LASF12
 170 008f 02       		.uleb128 0x2
 171 0090 01       		.byte	0x1
 172 0091 08       		.byte	0x8
 173 0092 D1000000 		.4byte	.LASF13
 174 0096 02       		.uleb128 0x2
 175 0097 04       		.byte	0x4
 176 0098 07       		.byte	0x7
 177 0099 E2010000 		.4byte	.LASF14
 178 009d 05       		.uleb128 0x5
 179 009e 04       		.byte	0x4
 180 009f 6B000000 		.4byte	0x6b
 181 00a3 06       		.uleb128 0x6
 182 00a4 A3000000 		.4byte	.LASF25
 183 00a8 01       		.byte	0x1
 184 00a9 0E       		.byte	0xe
 185 00aa 00000000 		.4byte	.LFB35
 186 00ae 4A000000 		.4byte	.LFE35-.LFB35
 187 00b2 01       		.uleb128 0x1
 188 00b3 9C       		.byte	0x9c
 189 00b4 85010000 		.4byte	0x185
 190 00b8 07       		.uleb128 0x7
 191 00b9 BB000000 		.4byte	.LASF15
 192 00bd 01       		.byte	0x1
ARM GAS  C:\Users\Kevin\AppData\Local\Temp\ccQlHZ8d.s 			page 5


 193 00be 0E       		.byte	0xe
 194 00bf 9D000000 		.4byte	0x9d
 195 00c3 00000000 		.4byte	.LLST0
 196 00c7 08       		.uleb128 0x8
 197 00c8 6C656E00 		.ascii	"len\000"
 198 00cc 01       		.byte	0x1
 199 00cd 0E       		.byte	0xe
 200 00ce 6B000000 		.4byte	0x6b
 201 00d2 2C000000 		.4byte	.LLST1
 202 00d6 09       		.uleb128 0x9
 203 00d7 2A010000 		.4byte	.LASF16
 204 00db 01       		.byte	0x1
 205 00dc 11       		.byte	0x11
 206 00dd 6B000000 		.4byte	0x6b
 207 00e1 4D000000 		.4byte	.LLST2
 208 00e5 09       		.uleb128 0x9
 209 00e6 B0000000 		.4byte	.LASF17
 210 00ea 01       		.byte	0x1
 211 00eb 12       		.byte	0x12
 212 00ec 6B000000 		.4byte	0x6b
 213 00f0 60000000 		.4byte	.LLST3
 214 00f4 09       		.uleb128 0x9
 215 00f5 56000000 		.4byte	.LASF18
 216 00f9 01       		.byte	0x1
 217 00fa 13       		.byte	0x13
 218 00fb 6B000000 		.4byte	0x6b
 219 00ff 73000000 		.4byte	.LLST4
 220 0103 0A       		.uleb128 0xa
 221 0104 08000000 		.4byte	.LBB2
 222 0108 40000000 		.4byte	.LBE2-.LBB2
 223 010c 0B       		.uleb128 0xb
 224 010d 2E000000 		.4byte	.LASF19
 225 0111 01       		.byte	0x1
 226 0112 20       		.byte	0x20
 227 0113 5D000000 		.4byte	0x5d
 228 0117 1D010000 		.4byte	0x11d
 229 011b 0C       		.uleb128 0xc
 230 011c 00       		.byte	0
 231 011d 0B       		.uleb128 0xb
 232 011e 42000000 		.4byte	.LASF20
 233 0122 01       		.byte	0x1
 234 0123 21       		.byte	0x21
 235 0124 5D000000 		.4byte	0x5d
 236 0128 2E010000 		.4byte	0x12e
 237 012c 0C       		.uleb128 0xc
 238 012d 00       		.byte	0
 239 012e 0B       		.uleb128 0xb
 240 012f 78000000 		.4byte	.LASF21
 241 0133 01       		.byte	0x1
 242 0134 22       		.byte	0x22
 243 0135 5D000000 		.4byte	0x5d
 244 0139 3F010000 		.4byte	0x13f
 245 013d 0C       		.uleb128 0xc
 246 013e 00       		.byte	0
 247 013f 0D       		.uleb128 0xd
 248 0140 38000000 		.4byte	.LVL10
 249 0144 85010000 		.4byte	0x185
ARM GAS  C:\Users\Kevin\AppData\Local\Temp\ccQlHZ8d.s 			page 6


 250 0148 57010000 		.4byte	0x157
 251 014c 0E       		.uleb128 0xe
 252 014d 01       		.uleb128 0x1
 253 014e 50       		.byte	0x50
 254 014f 06       		.uleb128 0x6
 255 0150 76       		.byte	0x76
 256 0151 00       		.sleb128 0
 257 0152 20       		.byte	0x20
 258 0153 74       		.byte	0x74
 259 0154 00       		.sleb128 0
 260 0155 1A       		.byte	0x1a
 261 0156 00       		.byte	0
 262 0157 0D       		.uleb128 0xd
 263 0158 40000000 		.4byte	.LVL11
 264 015c 96010000 		.4byte	0x196
 265 0160 6F010000 		.4byte	0x16f
 266 0164 0E       		.uleb128 0xe
 267 0165 01       		.uleb128 0x1
 268 0166 50       		.byte	0x50
 269 0167 06       		.uleb128 0x6
 270 0168 77       		.byte	0x77
 271 0169 00       		.sleb128 0
 272 016a 20       		.byte	0x20
 273 016b 74       		.byte	0x74
 274 016c 00       		.sleb128 0
 275 016d 1A       		.byte	0x1a
 276 016e 00       		.byte	0
 277 016f 0F       		.uleb128 0xf
 278 0170 48000000 		.4byte	.LVL12
 279 0174 A7010000 		.4byte	0x1a7
 280 0178 0E       		.uleb128 0xe
 281 0179 01       		.uleb128 0x1
 282 017a 50       		.byte	0x50
 283 017b 06       		.uleb128 0x6
 284 017c 75       		.byte	0x75
 285 017d 00       		.sleb128 0
 286 017e 20       		.byte	0x20
 287 017f 74       		.byte	0x74
 288 0180 00       		.sleb128 0
 289 0181 1A       		.byte	0x1a
 290 0182 00       		.byte	0
 291 0183 00       		.byte	0
 292 0184 00       		.byte	0
 293 0185 0B       		.uleb128 0xb
 294 0186 2E000000 		.4byte	.LASF19
 295 018a 01       		.byte	0x1
 296 018b 20       		.byte	0x20
 297 018c 5D000000 		.4byte	0x5d
 298 0190 96010000 		.4byte	0x196
 299 0194 0C       		.uleb128 0xc
 300 0195 00       		.byte	0
 301 0196 0B       		.uleb128 0xb
 302 0197 42000000 		.4byte	.LASF20
 303 019b 01       		.byte	0x1
 304 019c 21       		.byte	0x21
 305 019d 5D000000 		.4byte	0x5d
 306 01a1 A7010000 		.4byte	0x1a7
ARM GAS  C:\Users\Kevin\AppData\Local\Temp\ccQlHZ8d.s 			page 7


 307 01a5 0C       		.uleb128 0xc
 308 01a6 00       		.byte	0
 309 01a7 10       		.uleb128 0x10
 310 01a8 78000000 		.4byte	.LASF21
 311 01ac 01       		.byte	0x1
 312 01ad 22       		.byte	0x22
 313 01ae 5D000000 		.4byte	0x5d
 314 01b2 0C       		.uleb128 0xc
 315 01b3 00       		.byte	0
 316 01b4 00       		.byte	0
 317              		.section	.debug_abbrev,"",%progbits
 318              	.Ldebug_abbrev0:
 319 0000 01       		.uleb128 0x1
 320 0001 11       		.uleb128 0x11
 321 0002 01       		.byte	0x1
 322 0003 25       		.uleb128 0x25
 323 0004 0E       		.uleb128 0xe
 324 0005 13       		.uleb128 0x13
 325 0006 0B       		.uleb128 0xb
 326 0007 03       		.uleb128 0x3
 327 0008 0E       		.uleb128 0xe
 328 0009 1B       		.uleb128 0x1b
 329 000a 0E       		.uleb128 0xe
 330 000b 55       		.uleb128 0x55
 331 000c 17       		.uleb128 0x17
 332 000d 11       		.uleb128 0x11
 333 000e 01       		.uleb128 0x1
 334 000f 10       		.uleb128 0x10
 335 0010 17       		.uleb128 0x17
 336 0011 00       		.byte	0
 337 0012 00       		.byte	0
 338 0013 02       		.uleb128 0x2
 339 0014 24       		.uleb128 0x24
 340 0015 00       		.byte	0
 341 0016 0B       		.uleb128 0xb
 342 0017 0B       		.uleb128 0xb
 343 0018 3E       		.uleb128 0x3e
 344 0019 0B       		.uleb128 0xb
 345 001a 03       		.uleb128 0x3
 346 001b 0E       		.uleb128 0xe
 347 001c 00       		.byte	0
 348 001d 00       		.byte	0
 349 001e 03       		.uleb128 0x3
 350 001f 24       		.uleb128 0x24
 351 0020 00       		.byte	0
 352 0021 0B       		.uleb128 0xb
 353 0022 0B       		.uleb128 0xb
 354 0023 3E       		.uleb128 0x3e
 355 0024 0B       		.uleb128 0xb
 356 0025 03       		.uleb128 0x3
 357 0026 08       		.uleb128 0x8
 358 0027 00       		.byte	0
 359 0028 00       		.byte	0
 360 0029 04       		.uleb128 0x4
 361 002a 16       		.uleb128 0x16
 362 002b 00       		.byte	0
 363 002c 03       		.uleb128 0x3
ARM GAS  C:\Users\Kevin\AppData\Local\Temp\ccQlHZ8d.s 			page 8


 364 002d 0E       		.uleb128 0xe
 365 002e 3A       		.uleb128 0x3a
 366 002f 0B       		.uleb128 0xb
 367 0030 3B       		.uleb128 0x3b
 368 0031 0B       		.uleb128 0xb
 369 0032 49       		.uleb128 0x49
 370 0033 13       		.uleb128 0x13
 371 0034 00       		.byte	0
 372 0035 00       		.byte	0
 373 0036 05       		.uleb128 0x5
 374 0037 0F       		.uleb128 0xf
 375 0038 00       		.byte	0
 376 0039 0B       		.uleb128 0xb
 377 003a 0B       		.uleb128 0xb
 378 003b 49       		.uleb128 0x49
 379 003c 13       		.uleb128 0x13
 380 003d 00       		.byte	0
 381 003e 00       		.byte	0
 382 003f 06       		.uleb128 0x6
 383 0040 2E       		.uleb128 0x2e
 384 0041 01       		.byte	0x1
 385 0042 3F       		.uleb128 0x3f
 386 0043 19       		.uleb128 0x19
 387 0044 03       		.uleb128 0x3
 388 0045 0E       		.uleb128 0xe
 389 0046 3A       		.uleb128 0x3a
 390 0047 0B       		.uleb128 0xb
 391 0048 3B       		.uleb128 0x3b
 392 0049 0B       		.uleb128 0xb
 393 004a 27       		.uleb128 0x27
 394 004b 19       		.uleb128 0x19
 395 004c 11       		.uleb128 0x11
 396 004d 01       		.uleb128 0x1
 397 004e 12       		.uleb128 0x12
 398 004f 06       		.uleb128 0x6
 399 0050 40       		.uleb128 0x40
 400 0051 18       		.uleb128 0x18
 401 0052 9642     		.uleb128 0x2116
 402 0054 19       		.uleb128 0x19
 403 0055 01       		.uleb128 0x1
 404 0056 13       		.uleb128 0x13
 405 0057 00       		.byte	0
 406 0058 00       		.byte	0
 407 0059 07       		.uleb128 0x7
 408 005a 05       		.uleb128 0x5
 409 005b 00       		.byte	0
 410 005c 03       		.uleb128 0x3
 411 005d 0E       		.uleb128 0xe
 412 005e 3A       		.uleb128 0x3a
 413 005f 0B       		.uleb128 0xb
 414 0060 3B       		.uleb128 0x3b
 415 0061 0B       		.uleb128 0xb
 416 0062 49       		.uleb128 0x49
 417 0063 13       		.uleb128 0x13
 418 0064 02       		.uleb128 0x2
 419 0065 17       		.uleb128 0x17
 420 0066 00       		.byte	0
ARM GAS  C:\Users\Kevin\AppData\Local\Temp\ccQlHZ8d.s 			page 9


 421 0067 00       		.byte	0
 422 0068 08       		.uleb128 0x8
 423 0069 05       		.uleb128 0x5
 424 006a 00       		.byte	0
 425 006b 03       		.uleb128 0x3
 426 006c 08       		.uleb128 0x8
 427 006d 3A       		.uleb128 0x3a
 428 006e 0B       		.uleb128 0xb
 429 006f 3B       		.uleb128 0x3b
 430 0070 0B       		.uleb128 0xb
 431 0071 49       		.uleb128 0x49
 432 0072 13       		.uleb128 0x13
 433 0073 02       		.uleb128 0x2
 434 0074 17       		.uleb128 0x17
 435 0075 00       		.byte	0
 436 0076 00       		.byte	0
 437 0077 09       		.uleb128 0x9
 438 0078 34       		.uleb128 0x34
 439 0079 00       		.byte	0
 440 007a 03       		.uleb128 0x3
 441 007b 0E       		.uleb128 0xe
 442 007c 3A       		.uleb128 0x3a
 443 007d 0B       		.uleb128 0xb
 444 007e 3B       		.uleb128 0x3b
 445 007f 0B       		.uleb128 0xb
 446 0080 49       		.uleb128 0x49
 447 0081 13       		.uleb128 0x13
 448 0082 02       		.uleb128 0x2
 449 0083 17       		.uleb128 0x17
 450 0084 00       		.byte	0
 451 0085 00       		.byte	0
 452 0086 0A       		.uleb128 0xa
 453 0087 0B       		.uleb128 0xb
 454 0088 01       		.byte	0x1
 455 0089 11       		.uleb128 0x11
 456 008a 01       		.uleb128 0x1
 457 008b 12       		.uleb128 0x12
 458 008c 06       		.uleb128 0x6
 459 008d 00       		.byte	0
 460 008e 00       		.byte	0
 461 008f 0B       		.uleb128 0xb
 462 0090 2E       		.uleb128 0x2e
 463 0091 01       		.byte	0x1
 464 0092 3F       		.uleb128 0x3f
 465 0093 19       		.uleb128 0x19
 466 0094 03       		.uleb128 0x3
 467 0095 0E       		.uleb128 0xe
 468 0096 3A       		.uleb128 0x3a
 469 0097 0B       		.uleb128 0xb
 470 0098 3B       		.uleb128 0x3b
 471 0099 0B       		.uleb128 0xb
 472 009a 49       		.uleb128 0x49
 473 009b 13       		.uleb128 0x13
 474 009c 3C       		.uleb128 0x3c
 475 009d 19       		.uleb128 0x19
 476 009e 01       		.uleb128 0x1
 477 009f 13       		.uleb128 0x13
ARM GAS  C:\Users\Kevin\AppData\Local\Temp\ccQlHZ8d.s 			page 10


 478 00a0 00       		.byte	0
 479 00a1 00       		.byte	0
 480 00a2 0C       		.uleb128 0xc
 481 00a3 18       		.uleb128 0x18
 482 00a4 00       		.byte	0
 483 00a5 00       		.byte	0
 484 00a6 00       		.byte	0
 485 00a7 0D       		.uleb128 0xd
 486 00a8 898201   		.uleb128 0x4109
 487 00ab 01       		.byte	0x1
 488 00ac 11       		.uleb128 0x11
 489 00ad 01       		.uleb128 0x1
 490 00ae 31       		.uleb128 0x31
 491 00af 13       		.uleb128 0x13
 492 00b0 01       		.uleb128 0x1
 493 00b1 13       		.uleb128 0x13
 494 00b2 00       		.byte	0
 495 00b3 00       		.byte	0
 496 00b4 0E       		.uleb128 0xe
 497 00b5 8A8201   		.uleb128 0x410a
 498 00b8 00       		.byte	0
 499 00b9 02       		.uleb128 0x2
 500 00ba 18       		.uleb128 0x18
 501 00bb 9142     		.uleb128 0x2111
 502 00bd 18       		.uleb128 0x18
 503 00be 00       		.byte	0
 504 00bf 00       		.byte	0
 505 00c0 0F       		.uleb128 0xf
 506 00c1 898201   		.uleb128 0x4109
 507 00c4 01       		.byte	0x1
 508 00c5 11       		.uleb128 0x11
 509 00c6 01       		.uleb128 0x1
 510 00c7 31       		.uleb128 0x31
 511 00c8 13       		.uleb128 0x13
 512 00c9 00       		.byte	0
 513 00ca 00       		.byte	0
 514 00cb 10       		.uleb128 0x10
 515 00cc 2E       		.uleb128 0x2e
 516 00cd 01       		.byte	0x1
 517 00ce 3F       		.uleb128 0x3f
 518 00cf 19       		.uleb128 0x19
 519 00d0 03       		.uleb128 0x3
 520 00d1 0E       		.uleb128 0xe
 521 00d2 3A       		.uleb128 0x3a
 522 00d3 0B       		.uleb128 0xb
 523 00d4 3B       		.uleb128 0x3b
 524 00d5 0B       		.uleb128 0xb
 525 00d6 49       		.uleb128 0x49
 526 00d7 13       		.uleb128 0x13
 527 00d8 3C       		.uleb128 0x3c
 528 00d9 19       		.uleb128 0x19
 529 00da 00       		.byte	0
 530 00db 00       		.byte	0
 531 00dc 00       		.byte	0
 532              		.section	.debug_loc,"",%progbits
 533              	.Ldebug_loc0:
 534              	.LLST0:
ARM GAS  C:\Users\Kevin\AppData\Local\Temp\ccQlHZ8d.s 			page 11


 535 0000 00000000 		.4byte	.LVL0
 536 0004 0A000000 		.4byte	.LVL1
 537 0008 0100     		.2byte	0x1
 538 000a 50       		.byte	0x50
 539 000b 0A000000 		.4byte	.LVL1
 540 000f 30000000 		.4byte	.LVL9
 541 0013 0100     		.2byte	0x1
 542 0015 54       		.byte	0x54
 543 0016 30000000 		.4byte	.LVL9
 544 001a 4A000000 		.4byte	.LFE35
 545 001e 0400     		.2byte	0x4
 546 0020 F3       		.byte	0xf3
 547 0021 01       		.uleb128 0x1
 548 0022 50       		.byte	0x50
 549 0023 9F       		.byte	0x9f
 550 0024 00000000 		.4byte	0
 551 0028 00000000 		.4byte	0
 552              	.LLST1:
 553 002c 00000000 		.4byte	.LVL0
 554 0030 10000000 		.4byte	.LVL2
 555 0034 0100     		.2byte	0x1
 556 0036 51       		.byte	0x51
 557 0037 10000000 		.4byte	.LVL2
 558 003b 4A000000 		.4byte	.LFE35
 559 003f 0400     		.2byte	0x4
 560 0041 F3       		.byte	0xf3
 561 0042 01       		.uleb128 0x1
 562 0043 51       		.byte	0x51
 563 0044 9F       		.byte	0x9f
 564 0045 00000000 		.4byte	0
 565 0049 00000000 		.4byte	0
 566              	.LLST2:
 567 004d 16000000 		.4byte	.LVL4
 568 0051 48000000 		.4byte	.LVL12
 569 0055 0100     		.2byte	0x1
 570 0057 56       		.byte	0x56
 571 0058 00000000 		.4byte	0
 572 005c 00000000 		.4byte	0
 573              	.LLST3:
 574 0060 22000000 		.4byte	.LVL6
 575 0064 48000000 		.4byte	.LVL12
 576 0068 0100     		.2byte	0x1
 577 006a 57       		.byte	0x57
 578 006b 00000000 		.4byte	0
 579 006f 00000000 		.4byte	0
 580              	.LLST4:
 581 0073 2E000000 		.4byte	.LVL8
 582 0077 48000000 		.4byte	.LVL12
 583 007b 0100     		.2byte	0x1
 584 007d 55       		.byte	0x55
 585 007e 00000000 		.4byte	0
 586 0082 00000000 		.4byte	0
 587              		.section	.debug_aranges,"",%progbits
 588 0000 1C000000 		.4byte	0x1c
 589 0004 0200     		.2byte	0x2
 590 0006 00000000 		.4byte	.Ldebug_info0
 591 000a 04       		.byte	0x4
ARM GAS  C:\Users\Kevin\AppData\Local\Temp\ccQlHZ8d.s 			page 12


 592 000b 00       		.byte	0
 593 000c 0000     		.2byte	0
 594 000e 0000     		.2byte	0
 595 0010 00000000 		.4byte	.LFB35
 596 0014 4A000000 		.4byte	.LFE35-.LFB35
 597 0018 00000000 		.4byte	0
 598 001c 00000000 		.4byte	0
 599              		.section	.debug_ranges,"",%progbits
 600              	.Ldebug_ranges0:
 601 0000 00000000 		.4byte	.LFB35
 602 0004 4A000000 		.4byte	.LFE35
 603 0008 00000000 		.4byte	0
 604 000c 00000000 		.4byte	0
 605              		.section	.debug_line,"",%progbits
 606              	.Ldebug_line0:
 607 0000 5F000000 		.section	.debug_str,"MS",%progbits,1
 607      02004200 
 607      00000201 
 607      FB0E0D00 
 607      01010101 
 608              	.LASF6:
 609 0000 6C6F6E67 		.ascii	"long long int\000"
 609      206C6F6E 
 609      6720696E 
 609      7400
 610              	.LASF3:
 611 000e 73686F72 		.ascii	"short unsigned int\000"
 611      7420756E 
 611      7369676E 
 611      65642069 
 611      6E7400
 612              	.LASF8:
 613 0021 756E7369 		.ascii	"unsigned int\000"
 613      676E6564 
 613      20696E74 
 613      00
 614              	.LASF19:
 615 002e 50724953 		.ascii	"PrISM_1_WritePulse0\000"
 615      4D5F315F 
 615      57726974 
 615      6550756C 
 615      73653000 
 616              	.LASF20:
 617 0042 50724953 		.ascii	"PrISM_1_WritePulse1\000"
 617      4D5F315F 
 617      57726974 
 617      6550756C 
 617      73653100 
 618              	.LASF18:
 619 0056 63616C63 		.ascii	"calc_blue\000"
 619      5F626C75 
 619      6500
 620              	.LASF9:
 621 0060 75696E74 		.ascii	"uint8\000"
 621      3800
 622              	.LASF5:
 623 0066 6C6F6E67 		.ascii	"long unsigned int\000"
ARM GAS  C:\Users\Kevin\AppData\Local\Temp\ccQlHZ8d.s 			page 13


 623      20756E73 
 623      69676E65 
 623      6420696E 
 623      7400
 624              	.LASF21:
 625 0078 50724953 		.ascii	"PrISM_2_WritePulse0\000"
 625      4D5F325F 
 625      57726974 
 625      6550756C 
 625      73653000 
 626              	.LASF7:
 627 008c 6C6F6E67 		.ascii	"long long unsigned int\000"
 627      206C6F6E 
 627      6720756E 
 627      7369676E 
 627      65642069 
 628              	.LASF25:
 629 00a3 55706461 		.ascii	"UpdateRGBLED\000"
 629      74655247 
 629      424C4544 
 629      00
 630              	.LASF17:
 631 00b0 63616C63 		.ascii	"calc_green\000"
 631      5F677265 
 631      656E00
 632              	.LASF15:
 633 00bb 6C656444 		.ascii	"ledData\000"
 633      61746100 
 634              	.LASF1:
 635 00c3 756E7369 		.ascii	"unsigned char\000"
 635      676E6564 
 635      20636861 
 635      7200
 636              	.LASF13:
 637 00d1 63686172 		.ascii	"char\000"
 637      00
 638              	.LASF4:
 639 00d6 6C6F6E67 		.ascii	"long int\000"
 639      20696E74 
 639      00
 640              	.LASF2:
 641 00df 73686F72 		.ascii	"short int\000"
 641      7420696E 
 641      7400
 642              	.LASF12:
 643 00e9 646F7562 		.ascii	"double\000"
 643      6C6500
 644              	.LASF24:
 645 00f0 463A5C45 		.ascii	"F:\\Electronics\\PSoC Creator\\SimpleTimer\\SimpleT"
 645      6C656374 
 645      726F6E69 
 645      63735C50 
 645      536F4320 
 646 011f 696D6572 		.ascii	"imer.cydsn\000"
 646      2E637964 
 646      736E00
 647              	.LASF16:
ARM GAS  C:\Users\Kevin\AppData\Local\Temp\ccQlHZ8d.s 			page 14


 648 012a 63616C63 		.ascii	"calc_red\000"
 648      5F726564 
 648      00
 649              	.LASF23:
 650 0133 2E5C6C65 		.ascii	".\\led.c\000"
 650      642E6300 
 651              	.LASF0:
 652 013b 7369676E 		.ascii	"signed char\000"
 652      65642063 
 652      68617200 
 653              	.LASF22:
 654 0147 474E5520 		.ascii	"GNU C 4.9.3 20150303 (release) [ARM/embedded-4_9-br"
 654      4320342E 
 654      392E3320 
 654      32303135 
 654      30333033 
 655 017a 616E6368 		.ascii	"anch revision 221220] -mcpu=cortex-m0 -mthumb -g -O"
 655      20726576 
 655      6973696F 
 655      6E203232 
 655      31323230 
 656 01ad 67202D66 		.ascii	"g -ffunction-sections -ffat-lto-objects\000"
 656      66756E63 
 656      74696F6E 
 656      2D736563 
 656      74696F6E 
 657              	.LASF11:
 658 01d5 666C6F61 		.ascii	"float\000"
 658      7400
 659              	.LASF10:
 660 01db 75696E74 		.ascii	"uint16\000"
 660      313600
 661              	.LASF14:
 662 01e2 73697A65 		.ascii	"sizetype\000"
 662      74797065 
 662      00
 663              		.ident	"GCC: (GNU Tools for ARM Embedded Processors) 4.9.3 20150303 (release) [ARM/embedded-4_9-br
