ARM GAS  C:\Users\Kevin\AppData\Local\Temp\cca0tbW4.s 			page 1


   1              		.cpu cortex-m0
   2              		.fpu softvfp
   3              		.eabi_attribute 20, 1
   4              		.eabi_attribute 21, 1
   5              		.eabi_attribute 23, 3
   6              		.eabi_attribute 24, 1
   7              		.eabi_attribute 25, 1
   8              		.eabi_attribute 26, 1
   9              		.eabi_attribute 30, 6
  10              		.eabi_attribute 34, 0
  11              		.eabi_attribute 18, 4
  12              		.code	16
  13              		.file	"servos.c"
  14              		.text
  15              	.Ltext0:
  16              		.cfi_sections	.debug_frame
  17              		.comm	servoTimes,22,4
  18              		.comm	servo1Positions,22,4
  19              		.comm	DataSet,52,4
  20              		.comm	time_10ms,4,4
  21              		.comm	flight_fase,1,1
  22              		.comm	timeStep,4,4
  23              		.section	.text.ServoNextPosition,"ax",%progbits
  24              		.align	2
  25              		.global	ServoNextPosition
  26              		.code	16
  27              		.thumb_func
  28              		.type	ServoNextPosition, %function
  29              	ServoNextPosition:
  30              	.LFB35:
  31              		.file 1 ".\\servos.c"
   1:.\servos.c    **** /* ========================================
   2:.\servos.c    ****  *
   3:.\servos.c    ****  * Copyright YOUR COMPANY, THE YEAR
   4:.\servos.c    ****  * All Rights Reserved
   5:.\servos.c    ****  * UNPUBLISHED, LICENSED SOFTWARE.
   6:.\servos.c    ****  *
   7:.\servos.c    ****  * CONFIDENTIAL AND PROPRIETARY INFORMATION
   8:.\servos.c    ****  * WHICH IS THE PROPERTY OF your company.
   9:.\servos.c    ****  *
  10:.\servos.c    ****  * ========================================
  11:.\servos.c    **** */
  12:.\servos.c    **** #include "main.h"
  13:.\servos.c    **** 
  14:.\servos.c    **** void ServoNextPosition()
  15:.\servos.c    **** {    
  32              		.loc 1 15 0
  33              		.cfi_startproc
  34 0000 80B5     		push	{r7, lr}
  35              		.cfi_def_cfa_offset 8
  36              		.cfi_offset 7, -8
  37              		.cfi_offset 14, -4
  38 0002 00AF     		add	r7, sp, #0
  39              		.cfi_def_cfa_register 7
  16:.\servos.c    ****     PWM_12_Start();
  40              		.loc 1 16 0
  41 0004 FFF7FEFF 		bl	PWM_12_Start
ARM GAS  C:\Users\Kevin\AppData\Local\Temp\cca0tbW4.s 			page 2


  17:.\servos.c    ****     PWM_12_WriteCompare1(servo1Positions[timeStep]);
  42              		.loc 1 17 0
  43 0008 084B     		ldr	r3, .L2
  44 000a 1A68     		ldr	r2, [r3]
  45 000c 084B     		ldr	r3, .L2+4
  46 000e 5200     		lsl	r2, r2, #1
  47 0010 D35A     		ldrh	r3, [r2, r3]
  48 0012 181C     		mov	r0, r3
  49 0014 FFF7FEFF 		bl	PWM_12_WriteCompare1
  18:.\servos.c    ****     timeStep++;
  50              		.loc 1 18 0
  51 0018 044B     		ldr	r3, .L2
  52 001a 1B68     		ldr	r3, [r3]
  53 001c 5A1C     		add	r2, r3, #1
  54 001e 034B     		ldr	r3, .L2
  55 0020 1A60     		str	r2, [r3]
  19:.\servos.c    ****     time_10ms = 0;
  56              		.loc 1 19 0
  57 0022 044B     		ldr	r3, .L2+8
  58 0024 0022     		mov	r2, #0
  59 0026 1A60     		str	r2, [r3]
  20:.\servos.c    **** }
  60              		.loc 1 20 0
  61 0028 BD46     		mov	sp, r7
  62              		@ sp needed
  63 002a 80BD     		pop	{r7, pc}
  64              	.L3:
  65              		.align	2
  66              	.L2:
  67 002c 00000000 		.word	timeStep
  68 0030 00000000 		.word	servo1Positions
  69 0034 00000000 		.word	time_10ms
  70              		.cfi_endproc
  71              	.LFE35:
  72              		.size	ServoNextPosition, .-ServoNextPosition
  73              		.section	.text.ServoStartPosition,"ax",%progbits
  74              		.align	2
  75              		.global	ServoStartPosition
  76              		.code	16
  77              		.thumb_func
  78              		.type	ServoStartPosition, %function
  79              	ServoStartPosition:
  80              	.LFB36:
  21:.\servos.c    **** 
  22:.\servos.c    **** void ServoStartPosition()
  23:.\servos.c    **** {
  81              		.loc 1 23 0
  82              		.cfi_startproc
  83 0000 80B5     		push	{r7, lr}
  84              		.cfi_def_cfa_offset 8
  85              		.cfi_offset 7, -8
  86              		.cfi_offset 14, -4
  87 0002 82B0     		sub	sp, sp, #8
  88              		.cfi_def_cfa_offset 16
  89 0004 00AF     		add	r7, sp, #0
  90              		.cfi_def_cfa_register 7
  24:.\servos.c    ****     uint16 servo1_posStart = DataSet[SERVO1_POSSTART_INDEX] | (DataSet[SERVO1_POSSTART_INDEX+1]<<8)
ARM GAS  C:\Users\Kevin\AppData\Local\Temp\cca0tbW4.s 			page 3


  91              		.loc 1 24 0
  92 0006 0A4B     		ldr	r3, .L5
  93 0008 1B7F     		ldrb	r3, [r3, #28]
  94 000a 9AB2     		uxth	r2, r3
  95 000c 084B     		ldr	r3, .L5
  96 000e 5B7F     		ldrb	r3, [r3, #29]
  97 0010 1B02     		lsl	r3, r3, #8
  98 0012 9BB2     		uxth	r3, r3
  99 0014 1343     		orr	r3, r2
 100 0016 9AB2     		uxth	r2, r3
 101 0018 BB1D     		add	r3, r7, #6
 102 001a 1A80     		strh	r2, [r3]
  25:.\servos.c    ****     
  26:.\servos.c    ****     PWM_12_Start();
 103              		.loc 1 26 0
 104 001c FFF7FEFF 		bl	PWM_12_Start
  27:.\servos.c    ****     PWM_12_WriteCompare1(servo1_posStart);
 105              		.loc 1 27 0
 106 0020 BB1D     		add	r3, r7, #6
 107 0022 1B88     		ldrh	r3, [r3]
 108 0024 181C     		mov	r0, r3
 109 0026 FFF7FEFF 		bl	PWM_12_WriteCompare1
  28:.\servos.c    ****     
  29:.\servos.c    **** }
 110              		.loc 1 29 0
 111 002a BD46     		mov	sp, r7
 112 002c 02B0     		add	sp, sp, #8
 113              		@ sp needed
 114 002e 80BD     		pop	{r7, pc}
 115              	.L6:
 116              		.align	2
 117              	.L5:
 118 0030 00000000 		.word	DataSet
 119              		.cfi_endproc
 120              	.LFE36:
 121              		.size	ServoStartPosition, .-ServoStartPosition
 122              		.section	.text.UpdateServoPWM,"ax",%progbits
 123              		.align	2
 124              		.global	UpdateServoPWM
 125              		.code	16
 126              		.thumb_func
 127              		.type	UpdateServoPWM, %function
 128              	UpdateServoPWM:
 129              	.LFB37:
  30:.\servos.c    **** void UpdateServoPWM(uint8* DataSet)
  31:.\servos.c    **** {
 130              		.loc 1 31 0
 131              		.cfi_startproc
 132 0000 80B5     		push	{r7, lr}
 133              		.cfi_def_cfa_offset 8
 134              		.cfi_offset 7, -8
 135              		.cfi_offset 14, -4
 136 0002 8EB0     		sub	sp, sp, #56
 137              		.cfi_def_cfa_offset 64
 138 0004 00AF     		add	r7, sp, #0
 139              		.cfi_def_cfa_register 7
 140 0006 7860     		str	r0, [r7, #4]
ARM GAS  C:\Users\Kevin\AppData\Local\Temp\cca0tbW4.s 			page 4


  32:.\servos.c    ****     // all data is Little Endian: least significant byte first
  33:.\servos.c    ****     uint16 time1 = DataSet[TIME1_INDEX] | (DataSet[TIME1_INDEX+1]<<8);
 141              		.loc 1 33 0
 142 0008 7B68     		ldr	r3, [r7, #4]
 143 000a 0633     		add	r3, r3, #6
 144 000c 1B78     		ldrb	r3, [r3]
 145 000e 9AB2     		uxth	r2, r3
 146 0010 7B68     		ldr	r3, [r7, #4]
 147 0012 0733     		add	r3, r3, #7
 148 0014 1B78     		ldrb	r3, [r3]
 149 0016 1B02     		lsl	r3, r3, #8
 150 0018 9BB2     		uxth	r3, r3
 151 001a 1343     		orr	r3, r2
 152 001c 9AB2     		uxth	r2, r3
 153 001e 3623     		mov	r3, #54
 154 0020 FB18     		add	r3, r7, r3
 155 0022 1A80     		strh	r2, [r3]
  34:.\servos.c    ****     uint16 time2 = DataSet[TIME2_INDEX] | (DataSet[TIME2_INDEX+1]<<8);
 156              		.loc 1 34 0
 157 0024 7B68     		ldr	r3, [r7, #4]
 158 0026 0833     		add	r3, r3, #8
 159 0028 1B78     		ldrb	r3, [r3]
 160 002a 9AB2     		uxth	r2, r3
 161 002c 7B68     		ldr	r3, [r7, #4]
 162 002e 0933     		add	r3, r3, #9
 163 0030 1B78     		ldrb	r3, [r3]
 164 0032 1B02     		lsl	r3, r3, #8
 165 0034 9BB2     		uxth	r3, r3
 166 0036 1343     		orr	r3, r2
 167 0038 9AB2     		uxth	r2, r3
 168 003a 3423     		mov	r3, #52
 169 003c FB18     		add	r3, r7, r3
 170 003e 1A80     		strh	r2, [r3]
  35:.\servos.c    ****     uint16 time3 = DataSet[TIME3_INDEX] | (DataSet[TIME3_INDEX+1]<<8);
 171              		.loc 1 35 0
 172 0040 7B68     		ldr	r3, [r7, #4]
 173 0042 0A33     		add	r3, r3, #10
 174 0044 1B78     		ldrb	r3, [r3]
 175 0046 9AB2     		uxth	r2, r3
 176 0048 7B68     		ldr	r3, [r7, #4]
 177 004a 0B33     		add	r3, r3, #11
 178 004c 1B78     		ldrb	r3, [r3]
 179 004e 1B02     		lsl	r3, r3, #8
 180 0050 9BB2     		uxth	r3, r3
 181 0052 1343     		orr	r3, r2
 182 0054 9AB2     		uxth	r2, r3
 183 0056 3223     		mov	r3, #50
 184 0058 FB18     		add	r3, r7, r3
 185 005a 1A80     		strh	r2, [r3]
  36:.\servos.c    ****     uint16 time4 = DataSet[TIME4_INDEX] | (DataSet[TIME4_INDEX+1]<<8);
 186              		.loc 1 36 0
 187 005c 7B68     		ldr	r3, [r7, #4]
 188 005e 0C33     		add	r3, r3, #12
 189 0060 1B78     		ldrb	r3, [r3]
 190 0062 9AB2     		uxth	r2, r3
 191 0064 7B68     		ldr	r3, [r7, #4]
 192 0066 0D33     		add	r3, r3, #13
ARM GAS  C:\Users\Kevin\AppData\Local\Temp\cca0tbW4.s 			page 5


 193 0068 1B78     		ldrb	r3, [r3]
 194 006a 1B02     		lsl	r3, r3, #8
 195 006c 9BB2     		uxth	r3, r3
 196 006e 1343     		orr	r3, r2
 197 0070 9AB2     		uxth	r2, r3
 198 0072 3023     		mov	r3, #48
 199 0074 FB18     		add	r3, r7, r3
 200 0076 1A80     		strh	r2, [r3]
  37:.\servos.c    ****     uint16 time5 = DataSet[TIME5_INDEX] | (DataSet[TIME5_INDEX+1]<<8);
 201              		.loc 1 37 0
 202 0078 7B68     		ldr	r3, [r7, #4]
 203 007a 0E33     		add	r3, r3, #14
 204 007c 1B78     		ldrb	r3, [r3]
 205 007e 9AB2     		uxth	r2, r3
 206 0080 7B68     		ldr	r3, [r7, #4]
 207 0082 0F33     		add	r3, r3, #15
 208 0084 1B78     		ldrb	r3, [r3]
 209 0086 1B02     		lsl	r3, r3, #8
 210 0088 9BB2     		uxth	r3, r3
 211 008a 1343     		orr	r3, r2
 212 008c 9AB2     		uxth	r2, r3
 213 008e 2E23     		mov	r3, #46
 214 0090 FB18     		add	r3, r7, r3
 215 0092 1A80     		strh	r2, [r3]
  38:.\servos.c    ****     uint16 time6 = DataSet[TIME6_INDEX] | (DataSet[TIME6_INDEX+1]<<8);
 216              		.loc 1 38 0
 217 0094 7B68     		ldr	r3, [r7, #4]
 218 0096 1033     		add	r3, r3, #16
 219 0098 1B78     		ldrb	r3, [r3]
 220 009a 9AB2     		uxth	r2, r3
 221 009c 7B68     		ldr	r3, [r7, #4]
 222 009e 1133     		add	r3, r3, #17
 223 00a0 1B78     		ldrb	r3, [r3]
 224 00a2 1B02     		lsl	r3, r3, #8
 225 00a4 9BB2     		uxth	r3, r3
 226 00a6 1343     		orr	r3, r2
 227 00a8 9AB2     		uxth	r2, r3
 228 00aa 2C23     		mov	r3, #44
 229 00ac FB18     		add	r3, r7, r3
 230 00ae 1A80     		strh	r2, [r3]
  39:.\servos.c    ****     uint16 time7 = DataSet[TIME7_INDEX] | (DataSet[TIME7_INDEX+1]<<8);
 231              		.loc 1 39 0
 232 00b0 7B68     		ldr	r3, [r7, #4]
 233 00b2 1233     		add	r3, r3, #18
 234 00b4 1B78     		ldrb	r3, [r3]
 235 00b6 9AB2     		uxth	r2, r3
 236 00b8 7B68     		ldr	r3, [r7, #4]
 237 00ba 1333     		add	r3, r3, #19
 238 00bc 1B78     		ldrb	r3, [r3]
 239 00be 1B02     		lsl	r3, r3, #8
 240 00c0 9BB2     		uxth	r3, r3
 241 00c2 1343     		orr	r3, r2
 242 00c4 9AB2     		uxth	r2, r3
 243 00c6 2A23     		mov	r3, #42
 244 00c8 FB18     		add	r3, r7, r3
 245 00ca 1A80     		strh	r2, [r3]
  40:.\servos.c    ****     uint16 time8 = DataSet[TIME8_INDEX] | (DataSet[TIME8_INDEX+1]<<8);
ARM GAS  C:\Users\Kevin\AppData\Local\Temp\cca0tbW4.s 			page 6


 246              		.loc 1 40 0
 247 00cc 7B68     		ldr	r3, [r7, #4]
 248 00ce 1433     		add	r3, r3, #20
 249 00d0 1B78     		ldrb	r3, [r3]
 250 00d2 9AB2     		uxth	r2, r3
 251 00d4 7B68     		ldr	r3, [r7, #4]
 252 00d6 1533     		add	r3, r3, #21
 253 00d8 1B78     		ldrb	r3, [r3]
 254 00da 1B02     		lsl	r3, r3, #8
 255 00dc 9BB2     		uxth	r3, r3
 256 00de 1343     		orr	r3, r2
 257 00e0 9AB2     		uxth	r2, r3
 258 00e2 2823     		mov	r3, #40
 259 00e4 FB18     		add	r3, r7, r3
 260 00e6 1A80     		strh	r2, [r3]
  41:.\servos.c    ****     uint16 time9 = DataSet[TIME9_INDEX] | (DataSet[TIME9_INDEX+1]<<8);
 261              		.loc 1 41 0
 262 00e8 7B68     		ldr	r3, [r7, #4]
 263 00ea 1633     		add	r3, r3, #22
 264 00ec 1B78     		ldrb	r3, [r3]
 265 00ee 9AB2     		uxth	r2, r3
 266 00f0 7B68     		ldr	r3, [r7, #4]
 267 00f2 1733     		add	r3, r3, #23
 268 00f4 1B78     		ldrb	r3, [r3]
 269 00f6 1B02     		lsl	r3, r3, #8
 270 00f8 9BB2     		uxth	r3, r3
 271 00fa 1343     		orr	r3, r2
 272 00fc 9AB2     		uxth	r2, r3
 273 00fe 2623     		mov	r3, #38
 274 0100 FB18     		add	r3, r7, r3
 275 0102 1A80     		strh	r2, [r3]
  42:.\servos.c    ****     uint16 time10 = DataSet[TIME10_INDEX] | (DataSet[TIME10_INDEX+1]<<8);
 276              		.loc 1 42 0
 277 0104 7B68     		ldr	r3, [r7, #4]
 278 0106 1833     		add	r3, r3, #24
 279 0108 1B78     		ldrb	r3, [r3]
 280 010a 9AB2     		uxth	r2, r3
 281 010c 7B68     		ldr	r3, [r7, #4]
 282 010e 1933     		add	r3, r3, #25
 283 0110 1B78     		ldrb	r3, [r3]
 284 0112 1B02     		lsl	r3, r3, #8
 285 0114 9BB2     		uxth	r3, r3
 286 0116 1343     		orr	r3, r2
 287 0118 9AB2     		uxth	r2, r3
 288 011a 2423     		mov	r3, #36
 289 011c FB18     		add	r3, r7, r3
 290 011e 1A80     		strh	r2, [r3]
  43:.\servos.c    ****     uint16 timeDT = DataSet[TIMEDT_INDEX] | (DataSet[TIMEDT_INDEX+1]<<8);
 291              		.loc 1 43 0
 292 0120 7B68     		ldr	r3, [r7, #4]
 293 0122 1A33     		add	r3, r3, #26
 294 0124 1B78     		ldrb	r3, [r3]
 295 0126 9AB2     		uxth	r2, r3
 296 0128 7B68     		ldr	r3, [r7, #4]
 297 012a 1B33     		add	r3, r3, #27
 298 012c 1B78     		ldrb	r3, [r3]
 299 012e 1B02     		lsl	r3, r3, #8
ARM GAS  C:\Users\Kevin\AppData\Local\Temp\cca0tbW4.s 			page 7


 300 0130 9BB2     		uxth	r3, r3
 301 0132 1343     		orr	r3, r2
 302 0134 9AB2     		uxth	r2, r3
 303 0136 2223     		mov	r3, #34
 304 0138 FB18     		add	r3, r7, r3
 305 013a 1A80     		strh	r2, [r3]
  44:.\servos.c    ****     
  45:.\servos.c    ****     uint16 servo1_posStart = DataSet[SERVO1_POSSTART_INDEX] | (DataSet[SERVO1_POSSTART_INDEX+1]<<8)
 306              		.loc 1 45 0
 307 013c 7B68     		ldr	r3, [r7, #4]
 308 013e 1C33     		add	r3, r3, #28
 309 0140 1B78     		ldrb	r3, [r3]
 310 0142 9AB2     		uxth	r2, r3
 311 0144 7B68     		ldr	r3, [r7, #4]
 312 0146 1D33     		add	r3, r3, #29
 313 0148 1B78     		ldrb	r3, [r3]
 314 014a 1B02     		lsl	r3, r3, #8
 315 014c 9BB2     		uxth	r3, r3
 316 014e 1343     		orr	r3, r2
 317 0150 9AB2     		uxth	r2, r3
 318 0152 2023     		mov	r3, #32
 319 0154 FB18     		add	r3, r7, r3
 320 0156 1A80     		strh	r2, [r3]
  46:.\servos.c    ****     uint16 servo1_pos1 = DataSet[SERVO1_POS1_INDEX] | (DataSet[SERVO1_POS1_INDEX+1]<<8);
 321              		.loc 1 46 0
 322 0158 7B68     		ldr	r3, [r7, #4]
 323 015a 1E33     		add	r3, r3, #30
 324 015c 1B78     		ldrb	r3, [r3]
 325 015e 9AB2     		uxth	r2, r3
 326 0160 7B68     		ldr	r3, [r7, #4]
 327 0162 1F33     		add	r3, r3, #31
 328 0164 1B78     		ldrb	r3, [r3]
 329 0166 1B02     		lsl	r3, r3, #8
 330 0168 9BB2     		uxth	r3, r3
 331 016a 1343     		orr	r3, r2
 332 016c 9AB2     		uxth	r2, r3
 333 016e 1E23     		mov	r3, #30
 334 0170 FB18     		add	r3, r7, r3
 335 0172 1A80     		strh	r2, [r3]
  47:.\servos.c    ****     uint16 servo1_pos2 = DataSet[SERVO1_POS2_INDEX] | (DataSet[SERVO1_POS2_INDEX+1]<<8);
 336              		.loc 1 47 0
 337 0174 7B68     		ldr	r3, [r7, #4]
 338 0176 2033     		add	r3, r3, #32
 339 0178 1B78     		ldrb	r3, [r3]
 340 017a 9AB2     		uxth	r2, r3
 341 017c 7B68     		ldr	r3, [r7, #4]
 342 017e 2133     		add	r3, r3, #33
 343 0180 1B78     		ldrb	r3, [r3]
 344 0182 1B02     		lsl	r3, r3, #8
 345 0184 9BB2     		uxth	r3, r3
 346 0186 1343     		orr	r3, r2
 347 0188 9AB2     		uxth	r2, r3
 348 018a 1C23     		mov	r3, #28
 349 018c FB18     		add	r3, r7, r3
 350 018e 1A80     		strh	r2, [r3]
  48:.\servos.c    ****     uint16 servo1_pos3 = DataSet[SERVO1_POS3_INDEX] | (DataSet[SERVO1_POS3_INDEX+1]<<8);
 351              		.loc 1 48 0
ARM GAS  C:\Users\Kevin\AppData\Local\Temp\cca0tbW4.s 			page 8


 352 0190 7B68     		ldr	r3, [r7, #4]
 353 0192 2233     		add	r3, r3, #34
 354 0194 1B78     		ldrb	r3, [r3]
 355 0196 9AB2     		uxth	r2, r3
 356 0198 7B68     		ldr	r3, [r7, #4]
 357 019a 2333     		add	r3, r3, #35
 358 019c 1B78     		ldrb	r3, [r3]
 359 019e 1B02     		lsl	r3, r3, #8
 360 01a0 9BB2     		uxth	r3, r3
 361 01a2 1343     		orr	r3, r2
 362 01a4 9AB2     		uxth	r2, r3
 363 01a6 1A23     		mov	r3, #26
 364 01a8 FB18     		add	r3, r7, r3
 365 01aa 1A80     		strh	r2, [r3]
  49:.\servos.c    ****     uint16 servo1_pos4 = DataSet[SERVO1_POS4_INDEX] | (DataSet[SERVO1_POS4_INDEX+1]<<8);
 366              		.loc 1 49 0
 367 01ac 7B68     		ldr	r3, [r7, #4]
 368 01ae 2433     		add	r3, r3, #36
 369 01b0 1B78     		ldrb	r3, [r3]
 370 01b2 9AB2     		uxth	r2, r3
 371 01b4 7B68     		ldr	r3, [r7, #4]
 372 01b6 2533     		add	r3, r3, #37
 373 01b8 1B78     		ldrb	r3, [r3]
 374 01ba 1B02     		lsl	r3, r3, #8
 375 01bc 9BB2     		uxth	r3, r3
 376 01be 1343     		orr	r3, r2
 377 01c0 9AB2     		uxth	r2, r3
 378 01c2 1823     		mov	r3, #24
 379 01c4 FB18     		add	r3, r7, r3
 380 01c6 1A80     		strh	r2, [r3]
  50:.\servos.c    ****     uint16 servo1_pos5 = DataSet[SERVO1_POS5_INDEX] | (DataSet[SERVO1_POS5_INDEX+1]<<8);
 381              		.loc 1 50 0
 382 01c8 7B68     		ldr	r3, [r7, #4]
 383 01ca 2633     		add	r3, r3, #38
 384 01cc 1B78     		ldrb	r3, [r3]
 385 01ce 9AB2     		uxth	r2, r3
 386 01d0 7B68     		ldr	r3, [r7, #4]
 387 01d2 2733     		add	r3, r3, #39
 388 01d4 1B78     		ldrb	r3, [r3]
 389 01d6 1B02     		lsl	r3, r3, #8
 390 01d8 9BB2     		uxth	r3, r3
 391 01da 1343     		orr	r3, r2
 392 01dc 9AB2     		uxth	r2, r3
 393 01de 1623     		mov	r3, #22
 394 01e0 FB18     		add	r3, r7, r3
 395 01e2 1A80     		strh	r2, [r3]
  51:.\servos.c    ****     uint16 servo1_pos6 = DataSet[SERVO1_POS6_INDEX] | (DataSet[SERVO1_POS6_INDEX+1]<<8);
 396              		.loc 1 51 0
 397 01e4 7B68     		ldr	r3, [r7, #4]
 398 01e6 2833     		add	r3, r3, #40
 399 01e8 1B78     		ldrb	r3, [r3]
 400 01ea 9AB2     		uxth	r2, r3
 401 01ec 7B68     		ldr	r3, [r7, #4]
 402 01ee 2933     		add	r3, r3, #41
 403 01f0 1B78     		ldrb	r3, [r3]
 404 01f2 1B02     		lsl	r3, r3, #8
 405 01f4 9BB2     		uxth	r3, r3
ARM GAS  C:\Users\Kevin\AppData\Local\Temp\cca0tbW4.s 			page 9


 406 01f6 1343     		orr	r3, r2
 407 01f8 9AB2     		uxth	r2, r3
 408 01fa 1423     		mov	r3, #20
 409 01fc FB18     		add	r3, r7, r3
 410 01fe 1A80     		strh	r2, [r3]
  52:.\servos.c    ****     uint16 servo1_pos7 = DataSet[SERVO1_POS7_INDEX] | (DataSet[SERVO1_POS7_INDEX+1]<<8);
 411              		.loc 1 52 0
 412 0200 7B68     		ldr	r3, [r7, #4]
 413 0202 2A33     		add	r3, r3, #42
 414 0204 1B78     		ldrb	r3, [r3]
 415 0206 9AB2     		uxth	r2, r3
 416 0208 7B68     		ldr	r3, [r7, #4]
 417 020a 2B33     		add	r3, r3, #43
 418 020c 1B78     		ldrb	r3, [r3]
 419 020e 1B02     		lsl	r3, r3, #8
 420 0210 9BB2     		uxth	r3, r3
 421 0212 1343     		orr	r3, r2
 422 0214 9AB2     		uxth	r2, r3
 423 0216 1223     		mov	r3, #18
 424 0218 FB18     		add	r3, r7, r3
 425 021a 1A80     		strh	r2, [r3]
  53:.\servos.c    ****     uint16 servo1_pos8 = DataSet[SERVO1_POS8_INDEX] | (DataSet[SERVO1_POS8_INDEX+1]<<8);
 426              		.loc 1 53 0
 427 021c 7B68     		ldr	r3, [r7, #4]
 428 021e 2C33     		add	r3, r3, #44
 429 0220 1B78     		ldrb	r3, [r3]
 430 0222 9AB2     		uxth	r2, r3
 431 0224 7B68     		ldr	r3, [r7, #4]
 432 0226 2D33     		add	r3, r3, #45
 433 0228 1B78     		ldrb	r3, [r3]
 434 022a 1B02     		lsl	r3, r3, #8
 435 022c 9BB2     		uxth	r3, r3
 436 022e 1343     		orr	r3, r2
 437 0230 9AB2     		uxth	r2, r3
 438 0232 1023     		mov	r3, #16
 439 0234 FB18     		add	r3, r7, r3
 440 0236 1A80     		strh	r2, [r3]
  54:.\servos.c    ****     uint16 servo1_pos9 = DataSet[SERVO1_POS9_INDEX] | (DataSet[SERVO1_POS9_INDEX+1]<<8);
 441              		.loc 1 54 0
 442 0238 7B68     		ldr	r3, [r7, #4]
 443 023a 2E33     		add	r3, r3, #46
 444 023c 1B78     		ldrb	r3, [r3]
 445 023e 9AB2     		uxth	r2, r3
 446 0240 7B68     		ldr	r3, [r7, #4]
 447 0242 2F33     		add	r3, r3, #47
 448 0244 1B78     		ldrb	r3, [r3]
 449 0246 1B02     		lsl	r3, r3, #8
 450 0248 9BB2     		uxth	r3, r3
 451 024a 1343     		orr	r3, r2
 452 024c 9AB2     		uxth	r2, r3
 453 024e 0E23     		mov	r3, #14
 454 0250 FB18     		add	r3, r7, r3
 455 0252 1A80     		strh	r2, [r3]
  55:.\servos.c    ****     uint16 servo1_pos10 = DataSet[SERVO1_POS10_INDEX] | (DataSet[SERVO1_POS10_INDEX+1]<<8);
 456              		.loc 1 55 0
 457 0254 7B68     		ldr	r3, [r7, #4]
 458 0256 3033     		add	r3, r3, #48
ARM GAS  C:\Users\Kevin\AppData\Local\Temp\cca0tbW4.s 			page 10


 459 0258 1B78     		ldrb	r3, [r3]
 460 025a 9AB2     		uxth	r2, r3
 461 025c 7B68     		ldr	r3, [r7, #4]
 462 025e 3133     		add	r3, r3, #49
 463 0260 1B78     		ldrb	r3, [r3]
 464 0262 1B02     		lsl	r3, r3, #8
 465 0264 9BB2     		uxth	r3, r3
 466 0266 1343     		orr	r3, r2
 467 0268 9AB2     		uxth	r2, r3
 468 026a 0C23     		mov	r3, #12
 469 026c FB18     		add	r3, r7, r3
 470 026e 1A80     		strh	r2, [r3]
  56:.\servos.c    ****     uint16 servo1_posDT = DataSet[SERVO1_POSDT_INDEX] | (DataSet[SERVO1_POSDT_INDEX+1]<<8);
 471              		.loc 1 56 0
 472 0270 7B68     		ldr	r3, [r7, #4]
 473 0272 3233     		add	r3, r3, #50
 474 0274 1B78     		ldrb	r3, [r3]
 475 0276 9AB2     		uxth	r2, r3
 476 0278 7B68     		ldr	r3, [r7, #4]
 477 027a 3333     		add	r3, r3, #51
 478 027c 1B78     		ldrb	r3, [r3]
 479 027e 1B02     		lsl	r3, r3, #8
 480 0280 9BB2     		uxth	r3, r3
 481 0282 1343     		orr	r3, r2
 482 0284 9AB2     		uxth	r2, r3
 483 0286 0A23     		mov	r3, #10
 484 0288 FB18     		add	r3, r7, r3
 485 028a 1A80     		strh	r2, [r3]
  57:.\servos.c    **** 
  58:.\servos.c    ****     uint16 timecum = time1+time2+time3+time4+time5+time6+time7+time8+time9+time10;
 486              		.loc 1 58 0
 487 028c 3623     		mov	r3, #54
 488 028e FA18     		add	r2, r7, r3
 489 0290 3423     		mov	r3, #52
 490 0292 FB18     		add	r3, r7, r3
 491 0294 1288     		ldrh	r2, [r2]
 492 0296 1B88     		ldrh	r3, [r3]
 493 0298 D318     		add	r3, r2, r3
 494 029a 9AB2     		uxth	r2, r3
 495 029c 3223     		mov	r3, #50
 496 029e FB18     		add	r3, r7, r3
 497 02a0 1B88     		ldrh	r3, [r3]
 498 02a2 D318     		add	r3, r2, r3
 499 02a4 9AB2     		uxth	r2, r3
 500 02a6 3023     		mov	r3, #48
 501 02a8 FB18     		add	r3, r7, r3
 502 02aa 1B88     		ldrh	r3, [r3]
 503 02ac D318     		add	r3, r2, r3
 504 02ae 9AB2     		uxth	r2, r3
 505 02b0 2E23     		mov	r3, #46
 506 02b2 FB18     		add	r3, r7, r3
 507 02b4 1B88     		ldrh	r3, [r3]
 508 02b6 D318     		add	r3, r2, r3
 509 02b8 9AB2     		uxth	r2, r3
 510 02ba 2C23     		mov	r3, #44
 511 02bc FB18     		add	r3, r7, r3
 512 02be 1B88     		ldrh	r3, [r3]
ARM GAS  C:\Users\Kevin\AppData\Local\Temp\cca0tbW4.s 			page 11


 513 02c0 D318     		add	r3, r2, r3
 514 02c2 9AB2     		uxth	r2, r3
 515 02c4 2A23     		mov	r3, #42
 516 02c6 FB18     		add	r3, r7, r3
 517 02c8 1B88     		ldrh	r3, [r3]
 518 02ca D318     		add	r3, r2, r3
 519 02cc 9AB2     		uxth	r2, r3
 520 02ce 2823     		mov	r3, #40
 521 02d0 FB18     		add	r3, r7, r3
 522 02d2 1B88     		ldrh	r3, [r3]
 523 02d4 D318     		add	r3, r2, r3
 524 02d6 9AB2     		uxth	r2, r3
 525 02d8 2623     		mov	r3, #38
 526 02da FB18     		add	r3, r7, r3
 527 02dc 1B88     		ldrh	r3, [r3]
 528 02de D318     		add	r3, r2, r3
 529 02e0 99B2     		uxth	r1, r3
 530 02e2 0823     		mov	r3, #8
 531 02e4 FB18     		add	r3, r7, r3
 532 02e6 2422     		mov	r2, #36
 533 02e8 BA18     		add	r2, r7, r2
 534 02ea 1288     		ldrh	r2, [r2]
 535 02ec 8A18     		add	r2, r1, r2
 536 02ee 1A80     		strh	r2, [r3]
  59:.\servos.c    ****     
  60:.\servos.c    **** //    Pin_GREEN_Write(0u); //Green
  61:.\servos.c    **** //    CyDelay(300u);
  62:.\servos.c    **** //    Pin_GREEN_Write(1u);
  63:.\servos.c    **** //    CyDelay(300u);
  64:.\servos.c    ****                 
  65:.\servos.c    ****     PWM_12_Start();
 537              		.loc 1 65 0
 538 02f0 FFF7FEFF 		bl	PWM_12_Start
  66:.\servos.c    ****     PWM_12_WriteCompare1(servo1_posStart);
 539              		.loc 1 66 0
 540 02f4 2023     		mov	r3, #32
 541 02f6 FB18     		add	r3, r7, r3
 542 02f8 1B88     		ldrh	r3, [r3]
 543 02fa 181C     		mov	r0, r3
 544 02fc FFF7FEFF 		bl	PWM_12_WriteCompare1
  67:.\servos.c    ****     CyDelay(time1*10u);
 545              		.loc 1 67 0
 546 0300 3623     		mov	r3, #54
 547 0302 FB18     		add	r3, r7, r3
 548 0304 1A88     		ldrh	r2, [r3]
 549 0306 131C     		mov	r3, r2
 550 0308 9B00     		lsl	r3, r3, #2
 551 030a 9B18     		add	r3, r3, r2
 552 030c 5B00     		lsl	r3, r3, #1
 553 030e 181C     		mov	r0, r3
 554 0310 FFF7FEFF 		bl	CyDelay
  68:.\servos.c    ****     PWM_12_WriteCompare1(servo1_pos1);
 555              		.loc 1 68 0
 556 0314 1E23     		mov	r3, #30
 557 0316 FB18     		add	r3, r7, r3
 558 0318 1B88     		ldrh	r3, [r3]
 559 031a 181C     		mov	r0, r3
ARM GAS  C:\Users\Kevin\AppData\Local\Temp\cca0tbW4.s 			page 12


 560 031c FFF7FEFF 		bl	PWM_12_WriteCompare1
  69:.\servos.c    ****     CyDelay(time2*10u);
 561              		.loc 1 69 0
 562 0320 3423     		mov	r3, #52
 563 0322 FB18     		add	r3, r7, r3
 564 0324 1A88     		ldrh	r2, [r3]
 565 0326 131C     		mov	r3, r2
 566 0328 9B00     		lsl	r3, r3, #2
 567 032a 9B18     		add	r3, r3, r2
 568 032c 5B00     		lsl	r3, r3, #1
 569 032e 181C     		mov	r0, r3
 570 0330 FFF7FEFF 		bl	CyDelay
  70:.\servos.c    ****     PWM_12_WriteCompare1(servo1_pos2);
 571              		.loc 1 70 0
 572 0334 1C23     		mov	r3, #28
 573 0336 FB18     		add	r3, r7, r3
 574 0338 1B88     		ldrh	r3, [r3]
 575 033a 181C     		mov	r0, r3
 576 033c FFF7FEFF 		bl	PWM_12_WriteCompare1
  71:.\servos.c    ****     CyDelay(time3*10u);
 577              		.loc 1 71 0
 578 0340 3223     		mov	r3, #50
 579 0342 FB18     		add	r3, r7, r3
 580 0344 1A88     		ldrh	r2, [r3]
 581 0346 131C     		mov	r3, r2
 582 0348 9B00     		lsl	r3, r3, #2
 583 034a 9B18     		add	r3, r3, r2
 584 034c 5B00     		lsl	r3, r3, #1
 585 034e 181C     		mov	r0, r3
 586 0350 FFF7FEFF 		bl	CyDelay
  72:.\servos.c    ****     PWM_12_WriteCompare1(servo1_pos3);
 587              		.loc 1 72 0
 588 0354 1A23     		mov	r3, #26
 589 0356 FB18     		add	r3, r7, r3
 590 0358 1B88     		ldrh	r3, [r3]
 591 035a 181C     		mov	r0, r3
 592 035c FFF7FEFF 		bl	PWM_12_WriteCompare1
  73:.\servos.c    ****     CyDelay(time4*10u);
 593              		.loc 1 73 0
 594 0360 3023     		mov	r3, #48
 595 0362 FB18     		add	r3, r7, r3
 596 0364 1A88     		ldrh	r2, [r3]
 597 0366 131C     		mov	r3, r2
 598 0368 9B00     		lsl	r3, r3, #2
 599 036a 9B18     		add	r3, r3, r2
 600 036c 5B00     		lsl	r3, r3, #1
 601 036e 181C     		mov	r0, r3
 602 0370 FFF7FEFF 		bl	CyDelay
  74:.\servos.c    ****     PWM_12_WriteCompare1(servo1_pos4);
 603              		.loc 1 74 0
 604 0374 1823     		mov	r3, #24
 605 0376 FB18     		add	r3, r7, r3
 606 0378 1B88     		ldrh	r3, [r3]
 607 037a 181C     		mov	r0, r3
 608 037c FFF7FEFF 		bl	PWM_12_WriteCompare1
  75:.\servos.c    ****     CyDelay(time5*10u);
 609              		.loc 1 75 0
ARM GAS  C:\Users\Kevin\AppData\Local\Temp\cca0tbW4.s 			page 13


 610 0380 2E23     		mov	r3, #46
 611 0382 FB18     		add	r3, r7, r3
 612 0384 1A88     		ldrh	r2, [r3]
 613 0386 131C     		mov	r3, r2
 614 0388 9B00     		lsl	r3, r3, #2
 615 038a 9B18     		add	r3, r3, r2
 616 038c 5B00     		lsl	r3, r3, #1
 617 038e 181C     		mov	r0, r3
 618 0390 FFF7FEFF 		bl	CyDelay
  76:.\servos.c    ****     PWM_12_WriteCompare1(servo1_pos5);
 619              		.loc 1 76 0
 620 0394 1623     		mov	r3, #22
 621 0396 FB18     		add	r3, r7, r3
 622 0398 1B88     		ldrh	r3, [r3]
 623 039a 181C     		mov	r0, r3
 624 039c FFF7FEFF 		bl	PWM_12_WriteCompare1
  77:.\servos.c    ****     CyDelay(time6*10u);
 625              		.loc 1 77 0
 626 03a0 2C23     		mov	r3, #44
 627 03a2 FB18     		add	r3, r7, r3
 628 03a4 1A88     		ldrh	r2, [r3]
 629 03a6 131C     		mov	r3, r2
 630 03a8 9B00     		lsl	r3, r3, #2
 631 03aa 9B18     		add	r3, r3, r2
 632 03ac 5B00     		lsl	r3, r3, #1
 633 03ae 181C     		mov	r0, r3
 634 03b0 FFF7FEFF 		bl	CyDelay
  78:.\servos.c    ****     PWM_12_WriteCompare1(servo1_pos6);
 635              		.loc 1 78 0
 636 03b4 1423     		mov	r3, #20
 637 03b6 FB18     		add	r3, r7, r3
 638 03b8 1B88     		ldrh	r3, [r3]
 639 03ba 181C     		mov	r0, r3
 640 03bc FFF7FEFF 		bl	PWM_12_WriteCompare1
  79:.\servos.c    ****     CyDelay(time7*10u);
 641              		.loc 1 79 0
 642 03c0 2A23     		mov	r3, #42
 643 03c2 FB18     		add	r3, r7, r3
 644 03c4 1A88     		ldrh	r2, [r3]
 645 03c6 131C     		mov	r3, r2
 646 03c8 9B00     		lsl	r3, r3, #2
 647 03ca 9B18     		add	r3, r3, r2
 648 03cc 5B00     		lsl	r3, r3, #1
 649 03ce 181C     		mov	r0, r3
 650 03d0 FFF7FEFF 		bl	CyDelay
  80:.\servos.c    ****     PWM_12_WriteCompare1(servo1_pos7);
 651              		.loc 1 80 0
 652 03d4 1223     		mov	r3, #18
 653 03d6 FB18     		add	r3, r7, r3
 654 03d8 1B88     		ldrh	r3, [r3]
 655 03da 181C     		mov	r0, r3
 656 03dc FFF7FEFF 		bl	PWM_12_WriteCompare1
  81:.\servos.c    ****     CyDelay(time8*10u);
 657              		.loc 1 81 0
 658 03e0 2823     		mov	r3, #40
 659 03e2 FB18     		add	r3, r7, r3
 660 03e4 1A88     		ldrh	r2, [r3]
ARM GAS  C:\Users\Kevin\AppData\Local\Temp\cca0tbW4.s 			page 14


 661 03e6 131C     		mov	r3, r2
 662 03e8 9B00     		lsl	r3, r3, #2
 663 03ea 9B18     		add	r3, r3, r2
 664 03ec 5B00     		lsl	r3, r3, #1
 665 03ee 181C     		mov	r0, r3
 666 03f0 FFF7FEFF 		bl	CyDelay
  82:.\servos.c    ****     PWM_12_WriteCompare1(servo1_pos8);
 667              		.loc 1 82 0
 668 03f4 1023     		mov	r3, #16
 669 03f6 FB18     		add	r3, r7, r3
 670 03f8 1B88     		ldrh	r3, [r3]
 671 03fa 181C     		mov	r0, r3
 672 03fc FFF7FEFF 		bl	PWM_12_WriteCompare1
  83:.\servos.c    ****     CyDelay(time9*10u);
 673              		.loc 1 83 0
 674 0400 2623     		mov	r3, #38
 675 0402 FB18     		add	r3, r7, r3
 676 0404 1A88     		ldrh	r2, [r3]
 677 0406 131C     		mov	r3, r2
 678 0408 9B00     		lsl	r3, r3, #2
 679 040a 9B18     		add	r3, r3, r2
 680 040c 5B00     		lsl	r3, r3, #1
 681 040e 181C     		mov	r0, r3
 682 0410 FFF7FEFF 		bl	CyDelay
  84:.\servos.c    ****     PWM_12_WriteCompare1(servo1_pos9);
 683              		.loc 1 84 0
 684 0414 0E23     		mov	r3, #14
 685 0416 FB18     		add	r3, r7, r3
 686 0418 1B88     		ldrh	r3, [r3]
 687 041a 181C     		mov	r0, r3
 688 041c FFF7FEFF 		bl	PWM_12_WriteCompare1
  85:.\servos.c    ****     CyDelay(time10*10u);
 689              		.loc 1 85 0
 690 0420 2423     		mov	r3, #36
 691 0422 FB18     		add	r3, r7, r3
 692 0424 1A88     		ldrh	r2, [r3]
 693 0426 131C     		mov	r3, r2
 694 0428 9B00     		lsl	r3, r3, #2
 695 042a 9B18     		add	r3, r3, r2
 696 042c 5B00     		lsl	r3, r3, #1
 697 042e 181C     		mov	r0, r3
 698 0430 FFF7FEFF 		bl	CyDelay
  86:.\servos.c    ****     PWM_12_WriteCompare1(servo1_pos10);
 699              		.loc 1 86 0
 700 0434 0C23     		mov	r3, #12
 701 0436 FB18     		add	r3, r7, r3
 702 0438 1B88     		ldrh	r3, [r3]
 703 043a 181C     		mov	r0, r3
 704 043c FFF7FEFF 		bl	PWM_12_WriteCompare1
  87:.\servos.c    ****     if (timecum<timeDT){
 705              		.loc 1 87 0
 706 0440 0823     		mov	r3, #8
 707 0442 FA18     		add	r2, r7, r3
 708 0444 2223     		mov	r3, #34
 709 0446 FB18     		add	r3, r7, r3
 710 0448 1288     		ldrh	r2, [r2]
 711 044a 1B88     		ldrh	r3, [r3]
ARM GAS  C:\Users\Kevin\AppData\Local\Temp\cca0tbW4.s 			page 15


 712 044c 9A42     		cmp	r2, r3
 713 044e 0ED2     		bcs	.L8
  88:.\servos.c    ****         CyDelay((timeDT-timecum)*10u);
 714              		.loc 1 88 0
 715 0450 2223     		mov	r3, #34
 716 0452 FB18     		add	r3, r7, r3
 717 0454 1A88     		ldrh	r2, [r3]
 718 0456 0823     		mov	r3, #8
 719 0458 FB18     		add	r3, r7, r3
 720 045a 1B88     		ldrh	r3, [r3]
 721 045c D31A     		sub	r3, r2, r3
 722 045e 1A1C     		mov	r2, r3
 723 0460 131C     		mov	r3, r2
 724 0462 9B00     		lsl	r3, r3, #2
 725 0464 9B18     		add	r3, r3, r2
 726 0466 5B00     		lsl	r3, r3, #1
 727 0468 181C     		mov	r0, r3
 728 046a FFF7FEFF 		bl	CyDelay
 729              	.L8:
  89:.\servos.c    ****     }
  90:.\servos.c    ****     PWM_12_WriteCompare1(servo1_posDT);
 730              		.loc 1 90 0
 731 046e 0A23     		mov	r3, #10
 732 0470 FB18     		add	r3, r7, r3
 733 0472 1B88     		ldrh	r3, [r3]
 734 0474 181C     		mov	r0, r3
 735 0476 FFF7FEFF 		bl	PWM_12_WriteCompare1
  91:.\servos.c    ****     CyDelay(1000u);
 736              		.loc 1 91 0
 737 047a FA23     		mov	r3, #250
 738 047c 9B00     		lsl	r3, r3, #2
 739 047e 181C     		mov	r0, r3
 740 0480 FFF7FEFF 		bl	CyDelay
  92:.\servos.c    ****     PWM_12_WriteCompare1(servo1_posStart);
 741              		.loc 1 92 0
 742 0484 2023     		mov	r3, #32
 743 0486 FB18     		add	r3, r7, r3
 744 0488 1B88     		ldrh	r3, [r3]
 745 048a 181C     		mov	r0, r3
 746 048c FFF7FEFF 		bl	PWM_12_WriteCompare1
  93:.\servos.c    ****     CyDelay(1000u);
 747              		.loc 1 93 0
 748 0490 FA23     		mov	r3, #250
 749 0492 9B00     		lsl	r3, r3, #2
 750 0494 181C     		mov	r0, r3
 751 0496 FFF7FEFF 		bl	CyDelay
  94:.\servos.c    ****     PWM_12_Stop();
 752              		.loc 1 94 0
 753 049a FFF7FEFF 		bl	PWM_12_Stop
  95:.\servos.c    **** }
 754              		.loc 1 95 0
 755 049e BD46     		mov	sp, r7
 756 04a0 0EB0     		add	sp, sp, #56
 757              		@ sp needed
 758 04a2 80BD     		pop	{r7, pc}
 759              		.cfi_endproc
 760              	.LFE37:
ARM GAS  C:\Users\Kevin\AppData\Local\Temp\cca0tbW4.s 			page 16


 761              		.size	UpdateServoPWM, .-UpdateServoPWM
 762              		.text
 763              	.Letext0:
 764              		.file 2 "Generated_Source\\PSoC4/cytypes.h"
 765              		.file 3 ".\\DataSet.h"
 766              		.file 4 ".\\main.h"
 767              		.file 5 "Generated_Source\\PSoC4/BLE_Stack.h"
 768              		.section	.debug_info,"",%progbits
 769              	.Ldebug_info0:
 770 0000 5F040000 		.4byte	0x45f
 771 0004 0400     		.2byte	0x4
 772 0006 00000000 		.4byte	.Ldebug_abbrev0
 773 000a 04       		.byte	0x4
 774 000b 01       		.uleb128 0x1
 775 000c 0F060000 		.4byte	.LASF105
 776 0010 01       		.byte	0x1
 777 0011 2A030000 		.4byte	.LASF106
 778 0015 09040000 		.4byte	.LASF107
 779 0019 00000000 		.4byte	.Ldebug_ranges0+0
 780 001d 00000000 		.4byte	0
 781 0021 00000000 		.4byte	.Ldebug_line0
 782 0025 02       		.uleb128 0x2
 783 0026 01       		.byte	0x1
 784 0027 06       		.byte	0x6
 785 0028 66040000 		.4byte	.LASF0
 786 002c 02       		.uleb128 0x2
 787 002d 01       		.byte	0x1
 788 002e 08       		.byte	0x8
 789 002f BD030000 		.4byte	.LASF1
 790 0033 02       		.uleb128 0x2
 791 0034 02       		.byte	0x2
 792 0035 05       		.byte	0x5
 793 0036 93000000 		.4byte	.LASF2
 794 003a 02       		.uleb128 0x2
 795 003b 02       		.byte	0x2
 796 003c 07       		.byte	0x7
 797 003d CE050000 		.4byte	.LASF3
 798 0041 02       		.uleb128 0x2
 799 0042 04       		.byte	0x4
 800 0043 05       		.byte	0x5
 801 0044 7C020000 		.4byte	.LASF4
 802 0048 02       		.uleb128 0x2
 803 0049 04       		.byte	0x4
 804 004a 07       		.byte	0x7
 805 004b 33050000 		.4byte	.LASF5
 806 004f 02       		.uleb128 0x2
 807 0050 08       		.byte	0x8
 808 0051 05       		.byte	0x5
 809 0052 66020000 		.4byte	.LASF6
 810 0056 02       		.uleb128 0x2
 811 0057 08       		.byte	0x8
 812 0058 07       		.byte	0x7
 813 0059 D0000000 		.4byte	.LASF7
 814 005d 03       		.uleb128 0x3
 815 005e 04       		.byte	0x4
 816 005f 05       		.byte	0x5
 817 0060 696E7400 		.ascii	"int\000"
ARM GAS  C:\Users\Kevin\AppData\Local\Temp\cca0tbW4.s 			page 17


 818 0064 02       		.uleb128 0x2
 819 0065 04       		.byte	0x4
 820 0066 07       		.byte	0x7
 821 0067 F3040000 		.4byte	.LASF8
 822 006b 04       		.uleb128 0x4
 823 006c 91030000 		.4byte	.LASF9
 824 0070 02       		.byte	0x2
 825 0071 C2       		.byte	0xc2
 826 0072 2C000000 		.4byte	0x2c
 827 0076 04       		.uleb128 0x4
 828 0077 63010000 		.4byte	.LASF10
 829 007b 02       		.byte	0x2
 830 007c C3       		.byte	0xc3
 831 007d 3A000000 		.4byte	0x3a
 832 0081 04       		.uleb128 0x4
 833 0082 37070000 		.4byte	.LASF11
 834 0086 02       		.byte	0x2
 835 0087 C4       		.byte	0xc4
 836 0088 48000000 		.4byte	0x48
 837 008c 02       		.uleb128 0x2
 838 008d 04       		.byte	0x4
 839 008e 04       		.byte	0x4
 840 008f 1E000000 		.4byte	.LASF12
 841 0093 02       		.uleb128 0x2
 842 0094 08       		.byte	0x8
 843 0095 04       		.byte	0x4
 844 0096 7F070000 		.4byte	.LASF13
 845 009a 02       		.uleb128 0x2
 846 009b 01       		.byte	0x1
 847 009c 08       		.byte	0x8
 848 009d 0A060000 		.4byte	.LASF14
 849 00a1 02       		.uleb128 0x2
 850 00a2 04       		.byte	0x4
 851 00a3 07       		.byte	0x7
 852 00a4 C7000000 		.4byte	.LASF15
 853 00a8 05       		.uleb128 0x5
 854 00a9 01       		.byte	0x1
 855 00aa 05       		.byte	0x5
 856 00ab 9D       		.byte	0x9d
 857 00ac 2D020000 		.4byte	0x22d
 858 00b0 06       		.uleb128 0x6
 859 00b1 CE010000 		.4byte	.LASF16
 860 00b5 00       		.sleb128 0
 861 00b6 06       		.uleb128 0x6
 862 00b7 1F010000 		.4byte	.LASF17
 863 00bb 01       		.sleb128 1
 864 00bc 06       		.uleb128 0x6
 865 00bd 4F080000 		.4byte	.LASF18
 866 00c1 02       		.sleb128 2
 867 00c2 06       		.uleb128 0x6
 868 00c3 CD070000 		.4byte	.LASF19
 869 00c7 03       		.sleb128 3
 870 00c8 06       		.uleb128 0x6
 871 00c9 01010000 		.4byte	.LASF20
 872 00cd 04       		.sleb128 4
 873 00ce 06       		.uleb128 0x6
 874 00cf 0E030000 		.4byte	.LASF21
ARM GAS  C:\Users\Kevin\AppData\Local\Temp\cca0tbW4.s 			page 18


 875 00d3 05       		.sleb128 5
 876 00d4 06       		.uleb128 0x6
 877 00d5 2B080000 		.4byte	.LASF22
 878 00d9 20       		.sleb128 32
 879 00da 06       		.uleb128 0x6
 880 00db 52050000 		.4byte	.LASF23
 881 00df 21       		.sleb128 33
 882 00e0 06       		.uleb128 0x6
 883 00e1 A9070000 		.4byte	.LASF24
 884 00e5 22       		.sleb128 34
 885 00e6 06       		.uleb128 0x6
 886 00e7 35030000 		.4byte	.LASF25
 887 00eb 23       		.sleb128 35
 888 00ec 06       		.uleb128 0x6
 889 00ed D7040000 		.4byte	.LASF26
 890 00f1 24       		.sleb128 36
 891 00f2 06       		.uleb128 0x6
 892 00f3 EF080000 		.4byte	.LASF27
 893 00f7 25       		.sleb128 37
 894 00f8 06       		.uleb128 0x6
 895 00f9 C5020000 		.4byte	.LASF28
 896 00fd 26       		.sleb128 38
 897 00fe 06       		.uleb128 0x6
 898 00ff A6020000 		.4byte	.LASF29
 899 0103 27       		.sleb128 39
 900 0104 06       		.uleb128 0x6
 901 0105 F6060000 		.4byte	.LASF30
 902 0109 28       		.sleb128 40
 903 010a 06       		.uleb128 0x6
 904 010b B1050000 		.4byte	.LASF31
 905 010f 29       		.sleb128 41
 906 0110 06       		.uleb128 0x6
 907 0111 E1050000 		.4byte	.LASF32
 908 0115 2A       		.sleb128 42
 909 0116 06       		.uleb128 0x6
 910 0117 24000000 		.4byte	.LASF33
 911 011b 2B       		.sleb128 43
 912 011c 06       		.uleb128 0x6
 913 011d 6A010000 		.4byte	.LASF34
 914 0121 2C       		.sleb128 44
 915 0122 06       		.uleb128 0x6
 916 0123 E7000000 		.4byte	.LASF35
 917 0127 C000     		.sleb128 64
 918 0129 06       		.uleb128 0x6
 919 012a 18050000 		.4byte	.LASF36
 920 012e C100     		.sleb128 65
 921 0130 06       		.uleb128 0x6
 922 0131 A9000000 		.4byte	.LASF37
 923 0135 C200     		.sleb128 66
 924 0137 06       		.uleb128 0x6
 925 0138 32010000 		.4byte	.LASF38
 926 013c C300     		.sleb128 67
 927 013e 06       		.uleb128 0x6
 928 013f B0080000 		.4byte	.LASF39
 929 0143 C400     		.sleb128 68
 930 0145 06       		.uleb128 0x6
 931 0146 69050000 		.4byte	.LASF40
ARM GAS  C:\Users\Kevin\AppData\Local\Temp\cca0tbW4.s 			page 19


 932 014a C500     		.sleb128 69
 933 014c 06       		.uleb128 0x6
 934 014d 8F080000 		.4byte	.LASF41
 935 0151 C600     		.sleb128 70
 936 0153 06       		.uleb128 0x6
 937 0154 48040000 		.4byte	.LASF42
 938 0158 C700     		.sleb128 71
 939 015a 06       		.uleb128 0x6
 940 015b A4040000 		.4byte	.LASF43
 941 015f C800     		.sleb128 72
 942 0161 06       		.uleb128 0x6
 943 0162 33020000 		.4byte	.LASF44
 944 0166 C900     		.sleb128 73
 945 0168 06       		.uleb128 0x6
 946 0169 CC060000 		.4byte	.LASF45
 947 016d CA00     		.sleb128 74
 948 016f 06       		.uleb128 0x6
 949 0170 8E010000 		.4byte	.LASF46
 950 0174 CB00     		.sleb128 75
 951 0176 06       		.uleb128 0x6
 952 0177 7E040000 		.4byte	.LASF47
 953 017b CC00     		.sleb128 76
 954 017d 06       		.uleb128 0x6
 955 017e 4C020000 		.4byte	.LASF48
 956 0182 CD00     		.sleb128 77
 957 0184 06       		.uleb128 0x6
 958 0185 71080000 		.4byte	.LASF49
 959 0189 CE00     		.sleb128 78
 960 018b 06       		.uleb128 0x6
 961 018c CB030000 		.4byte	.LASF50
 962 0190 CF00     		.sleb128 79
 963 0192 06       		.uleb128 0x6
 964 0193 74000000 		.4byte	.LASF51
 965 0197 D000     		.sleb128 80
 966 0199 06       		.uleb128 0x6
 967 019a 18070000 		.4byte	.LASF52
 968 019e D100     		.sleb128 81
 969 01a0 06       		.uleb128 0x6
 970 01a1 ED020000 		.4byte	.LASF53
 971 01a5 D200     		.sleb128 82
 972 01a7 06       		.uleb128 0x6
 973 01a8 85020000 		.4byte	.LASF54
 974 01ac D300     		.sleb128 83
 975 01ae 06       		.uleb128 0x6
 976 01af AD010000 		.4byte	.LASF55
 977 01b3 D400     		.sleb128 84
 978 01b5 06       		.uleb128 0x6
 979 01b6 87090000 		.4byte	.LASF56
 980 01ba D500     		.sleb128 85
 981 01bc 06       		.uleb128 0x6
 982 01bd 32090000 		.4byte	.LASF57
 983 01c1 D600     		.sleb128 86
 984 01c3 06       		.uleb128 0x6
 985 01c4 09090000 		.4byte	.LASF58
 986 01c8 D700     		.sleb128 87
 987 01ca 06       		.uleb128 0x6
 988 01cb 97030000 		.4byte	.LASF59
ARM GAS  C:\Users\Kevin\AppData\Local\Temp\cca0tbW4.s 			page 20


 989 01cf F000     		.sleb128 112
 990 01d1 06       		.uleb128 0x6
 991 01d2 05080000 		.4byte	.LASF60
 992 01d6 F100     		.sleb128 113
 993 01d8 06       		.uleb128 0x6
 994 01d9 9D060000 		.4byte	.LASF61
 995 01dd F200     		.sleb128 114
 996 01df 06       		.uleb128 0x6
 997 01e0 E5010000 		.4byte	.LASF62
 998 01e4 F300     		.sleb128 115
 999 01e6 06       		.uleb128 0x6
 1000 01e7 65030000 		.4byte	.LASF63
 1001 01eb F400     		.sleb128 116
 1002 01ed 06       		.uleb128 0x6
 1003 01ee 90050000 		.4byte	.LASF64
 1004 01f2 F500     		.sleb128 117
 1005 01f4 06       		.uleb128 0x6
 1006 01f5 03020000 		.4byte	.LASF65
 1007 01f9 F600     		.sleb128 118
 1008 01fb 06       		.uleb128 0x6
 1009 01fc E6070000 		.4byte	.LASF66
 1010 0200 F700     		.sleb128 119
 1011 0202 06       		.uleb128 0x6
 1012 0203 5C070000 		.4byte	.LASF67
 1013 0207 F800     		.sleb128 120
 1014 0209 06       		.uleb128 0x6
 1015 020a 86070000 		.4byte	.LASF68
 1016 020e F900     		.sleb128 121
 1017 0210 06       		.uleb128 0x6
 1018 0211 43000000 		.4byte	.LASF69
 1019 0215 FA00     		.sleb128 122
 1020 0217 06       		.uleb128 0x6
 1021 0218 3E070000 		.4byte	.LASF70
 1022 021c FA01     		.sleb128 250
 1023 021e 06       		.uleb128 0x6
 1024 021f EA030000 		.4byte	.LASF71
 1025 0223 FB01     		.sleb128 251
 1026 0225 06       		.uleb128 0x6
 1027 0226 83030000 		.4byte	.LASF72
 1028 022a FF01     		.sleb128 255
 1029 022c 00       		.byte	0
 1030 022d 07       		.uleb128 0x7
 1031 022e 04       		.byte	0x4
 1032 022f 6B000000 		.4byte	0x6b
 1033 0233 08       		.uleb128 0x8
 1034 0234 DD080000 		.4byte	.LASF108
 1035 0238 01       		.byte	0x1
 1036 0239 0E       		.byte	0xe
 1037 023a 00000000 		.4byte	.LFB35
 1038 023e 38000000 		.4byte	.LFE35-.LFB35
 1039 0242 01       		.uleb128 0x1
 1040 0243 9C       		.byte	0x9c
 1041 0244 09       		.uleb128 0x9
 1042 0245 50010000 		.4byte	.LASF73
 1043 0249 01       		.byte	0x1
 1044 024a 16       		.byte	0x16
 1045 024b 00000000 		.4byte	.LFB36
ARM GAS  C:\Users\Kevin\AppData\Local\Temp\cca0tbW4.s 			page 21


 1046 024f 34000000 		.4byte	.LFE36-.LFB36
 1047 0253 01       		.uleb128 0x1
 1048 0254 9C       		.byte	0x9c
 1049 0255 68020000 		.4byte	0x268
 1050 0259 0A       		.uleb128 0xa
 1051 025a 77090000 		.4byte	.LASF75
 1052 025e 01       		.byte	0x1
 1053 025f 18       		.byte	0x18
 1054 0260 76000000 		.4byte	0x76
 1055 0264 02       		.uleb128 0x2
 1056 0265 91       		.byte	0x91
 1057 0266 76       		.sleb128 -10
 1058 0267 00       		.byte	0
 1059 0268 09       		.uleb128 0x9
 1060 0269 24020000 		.4byte	.LASF74
 1061 026d 01       		.byte	0x1
 1062 026e 1E       		.byte	0x1e
 1063 026f 00000000 		.4byte	.LFB37
 1064 0273 A4040000 		.4byte	.LFE37-.LFB37
 1065 0277 01       		.uleb128 0x1
 1066 0278 9C       		.byte	0x9c
 1067 0279 DC030000 		.4byte	0x3dc
 1068 027d 0B       		.uleb128 0xb
 1069 027e CE080000 		.4byte	.LASF101
 1070 0282 01       		.byte	0x1
 1071 0283 1E       		.byte	0x1e
 1072 0284 2D020000 		.4byte	0x22d
 1073 0288 02       		.uleb128 0x2
 1074 0289 91       		.byte	0x91
 1075 028a 44       		.sleb128 -60
 1076 028b 0A       		.uleb128 0xa
 1077 028c AB090000 		.4byte	.LASF76
 1078 0290 01       		.byte	0x1
 1079 0291 21       		.byte	0x21
 1080 0292 76000000 		.4byte	0x76
 1081 0296 02       		.uleb128 0x2
 1082 0297 91       		.byte	0x91
 1083 0298 76       		.sleb128 -10
 1084 0299 0A       		.uleb128 0xa
 1085 029a B1090000 		.4byte	.LASF77
 1086 029e 01       		.byte	0x1
 1087 029f 22       		.byte	0x22
 1088 02a0 76000000 		.4byte	0x76
 1089 02a4 02       		.uleb128 0x2
 1090 02a5 91       		.byte	0x91
 1091 02a6 74       		.sleb128 -12
 1092 02a7 0A       		.uleb128 0xa
 1093 02a8 B7090000 		.4byte	.LASF78
 1094 02ac 01       		.byte	0x1
 1095 02ad 23       		.byte	0x23
 1096 02ae 76000000 		.4byte	0x76
 1097 02b2 02       		.uleb128 0x2
 1098 02b3 91       		.byte	0x91
 1099 02b4 72       		.sleb128 -14
 1100 02b5 0A       		.uleb128 0xa
 1101 02b6 BD090000 		.4byte	.LASF79
 1102 02ba 01       		.byte	0x1
ARM GAS  C:\Users\Kevin\AppData\Local\Temp\cca0tbW4.s 			page 22


 1103 02bb 24       		.byte	0x24
 1104 02bc 76000000 		.4byte	0x76
 1105 02c0 02       		.uleb128 0x2
 1106 02c1 91       		.byte	0x91
 1107 02c2 70       		.sleb128 -16
 1108 02c3 0A       		.uleb128 0xa
 1109 02c4 00000000 		.4byte	.LASF80
 1110 02c8 01       		.byte	0x1
 1111 02c9 25       		.byte	0x25
 1112 02ca 76000000 		.4byte	0x76
 1113 02ce 02       		.uleb128 0x2
 1114 02cf 91       		.byte	0x91
 1115 02d0 6E       		.sleb128 -18
 1116 02d1 0A       		.uleb128 0xa
 1117 02d2 06000000 		.4byte	.LASF81
 1118 02d6 01       		.byte	0x1
 1119 02d7 26       		.byte	0x26
 1120 02d8 76000000 		.4byte	0x76
 1121 02dc 02       		.uleb128 0x2
 1122 02dd 91       		.byte	0x91
 1123 02de 6C       		.sleb128 -20
 1124 02df 0A       		.uleb128 0xa
 1125 02e0 0C000000 		.4byte	.LASF82
 1126 02e4 01       		.byte	0x1
 1127 02e5 27       		.byte	0x27
 1128 02e6 76000000 		.4byte	0x76
 1129 02ea 02       		.uleb128 0x2
 1130 02eb 91       		.byte	0x91
 1131 02ec 6A       		.sleb128 -22
 1132 02ed 0A       		.uleb128 0xa
 1133 02ee 12000000 		.4byte	.LASF83
 1134 02f2 01       		.byte	0x1
 1135 02f3 28       		.byte	0x28
 1136 02f4 76000000 		.4byte	0x76
 1137 02f8 02       		.uleb128 0x2
 1138 02f9 91       		.byte	0x91
 1139 02fa 68       		.sleb128 -24
 1140 02fb 0A       		.uleb128 0xa
 1141 02fc 18000000 		.4byte	.LASF84
 1142 0300 01       		.byte	0x1
 1143 0301 29       		.byte	0x29
 1144 0302 76000000 		.4byte	0x76
 1145 0306 02       		.uleb128 0x2
 1146 0307 91       		.byte	0x91
 1147 0308 66       		.sleb128 -26
 1148 0309 0A       		.uleb128 0xa
 1149 030a B9060000 		.4byte	.LASF85
 1150 030e 01       		.byte	0x1
 1151 030f 2A       		.byte	0x2a
 1152 0310 76000000 		.4byte	0x76
 1153 0314 02       		.uleb128 0x2
 1154 0315 91       		.byte	0x91
 1155 0316 64       		.sleb128 -28
 1156 0317 0A       		.uleb128 0xa
 1157 0318 D6080000 		.4byte	.LASF86
 1158 031c 01       		.byte	0x1
 1159 031d 2B       		.byte	0x2b
ARM GAS  C:\Users\Kevin\AppData\Local\Temp\cca0tbW4.s 			page 23


 1160 031e 76000000 		.4byte	0x76
 1161 0322 02       		.uleb128 0x2
 1162 0323 91       		.byte	0x91
 1163 0324 62       		.sleb128 -30
 1164 0325 0A       		.uleb128 0xa
 1165 0326 77090000 		.4byte	.LASF75
 1166 032a 01       		.byte	0x1
 1167 032b 2D       		.byte	0x2d
 1168 032c 76000000 		.4byte	0x76
 1169 0330 02       		.uleb128 0x2
 1170 0331 91       		.byte	0x91
 1171 0332 60       		.sleb128 -32
 1172 0333 0A       		.uleb128 0xa
 1173 0334 72040000 		.4byte	.LASF87
 1174 0338 01       		.byte	0x1
 1175 0339 2E       		.byte	0x2e
 1176 033a 76000000 		.4byte	0x76
 1177 033e 02       		.uleb128 0x2
 1178 033f 91       		.byte	0x91
 1179 0340 5E       		.sleb128 -34
 1180 0341 0A       		.uleb128 0xa
 1181 0342 C0060000 		.4byte	.LASF88
 1182 0346 01       		.byte	0x1
 1183 0347 2F       		.byte	0x2f
 1184 0348 76000000 		.4byte	0x76
 1185 034c 02       		.uleb128 0x2
 1186 034d 91       		.byte	0x91
 1187 034e 5C       		.sleb128 -36
 1188 034f 0A       		.uleb128 0xa
 1189 0350 98040000 		.4byte	.LASF89
 1190 0354 01       		.byte	0x1
 1191 0355 30       		.byte	0x30
 1192 0356 76000000 		.4byte	0x76
 1193 035a 02       		.uleb128 0x2
 1194 035b 91       		.byte	0x91
 1195 035c 5A       		.sleb128 -38
 1196 035d 0A       		.uleb128 0xa
 1197 035e EA060000 		.4byte	.LASF90
 1198 0362 01       		.byte	0x1
 1199 0363 31       		.byte	0x31
 1200 0364 76000000 		.4byte	0x76
 1201 0368 02       		.uleb128 0x2
 1202 0369 91       		.byte	0x91
 1203 036a 58       		.sleb128 -40
 1204 036b 0A       		.uleb128 0xa
 1205 036c CB040000 		.4byte	.LASF91
 1206 0370 01       		.byte	0x1
 1207 0371 32       		.byte	0x32
 1208 0372 76000000 		.4byte	0x76
 1209 0376 02       		.uleb128 0x2
 1210 0377 91       		.byte	0x91
 1211 0378 56       		.sleb128 -42
 1212 0379 0A       		.uleb128 0xa
 1213 037a 54090000 		.4byte	.LASF92
 1214 037e 01       		.byte	0x1
 1215 037f 33       		.byte	0x33
 1216 0380 76000000 		.4byte	0x76
ARM GAS  C:\Users\Kevin\AppData\Local\Temp\cca0tbW4.s 			page 24


 1217 0384 02       		.uleb128 0x2
 1218 0385 91       		.byte	0x91
 1219 0386 54       		.sleb128 -44
 1220 0387 0A       		.uleb128 0xa
 1221 0388 60090000 		.4byte	.LASF93
 1222 038c 01       		.byte	0x1
 1223 038d 34       		.byte	0x34
 1224 038e 76000000 		.4byte	0x76
 1225 0392 02       		.uleb128 0x2
 1226 0393 91       		.byte	0x91
 1227 0394 52       		.sleb128 -46
 1228 0395 0A       		.uleb128 0xa
 1229 0396 00050000 		.4byte	.LASF94
 1230 039a 01       		.byte	0x1
 1231 039b 35       		.byte	0x35
 1232 039c 76000000 		.4byte	0x76
 1233 03a0 02       		.uleb128 0x2
 1234 03a1 91       		.byte	0x91
 1235 03a2 50       		.sleb128 -48
 1236 03a3 0A       		.uleb128 0xa
 1237 03a4 0C050000 		.4byte	.LASF95
 1238 03a8 01       		.byte	0x1
 1239 03a9 36       		.byte	0x36
 1240 03aa 76000000 		.4byte	0x76
 1241 03ae 02       		.uleb128 0x2
 1242 03af 91       		.byte	0x91
 1243 03b0 4E       		.sleb128 -50
 1244 03b1 0A       		.uleb128 0xa
 1245 03b2 45050000 		.4byte	.LASF96
 1246 03b6 01       		.byte	0x1
 1247 03b7 37       		.byte	0x37
 1248 03b8 76000000 		.4byte	0x76
 1249 03bc 02       		.uleb128 0x2
 1250 03bd 91       		.byte	0x91
 1251 03be 4C       		.sleb128 -52
 1252 03bf 0A       		.uleb128 0xa
 1253 03c0 67000000 		.4byte	.LASF97
 1254 03c4 01       		.byte	0x1
 1255 03c5 38       		.byte	0x38
 1256 03c6 76000000 		.4byte	0x76
 1257 03ca 02       		.uleb128 0x2
 1258 03cb 91       		.byte	0x91
 1259 03cc 4A       		.sleb128 -54
 1260 03cd 0A       		.uleb128 0xa
 1261 03ce 74020000 		.4byte	.LASF98
 1262 03d2 01       		.byte	0x1
 1263 03d3 3A       		.byte	0x3a
 1264 03d4 76000000 		.4byte	0x76
 1265 03d8 02       		.uleb128 0x2
 1266 03d9 91       		.byte	0x91
 1267 03da 48       		.sleb128 -56
 1268 03db 00       		.byte	0
 1269 03dc 0C       		.uleb128 0xc
 1270 03dd 76000000 		.4byte	0x76
 1271 03e1 EC030000 		.4byte	0x3ec
 1272 03e5 0D       		.uleb128 0xd
 1273 03e6 A1000000 		.4byte	0xa1
ARM GAS  C:\Users\Kevin\AppData\Local\Temp\cca0tbW4.s 			page 25


 1274 03ea 0A       		.byte	0xa
 1275 03eb 00       		.byte	0
 1276 03ec 0E       		.uleb128 0xe
 1277 03ed 6C090000 		.4byte	.LASF99
 1278 03f1 03       		.byte	0x3
 1279 03f2 12       		.byte	0x12
 1280 03f3 DC030000 		.4byte	0x3dc
 1281 03f7 05       		.uleb128 0x5
 1282 03f8 03       		.byte	0x3
 1283 03f9 00000000 		.4byte	servoTimes
 1284 03fd 0E       		.uleb128 0xe
 1285 03fe 61080000 		.4byte	.LASF100
 1286 0402 03       		.byte	0x3
 1287 0403 13       		.byte	0x13
 1288 0404 DC030000 		.4byte	0x3dc
 1289 0408 05       		.uleb128 0x5
 1290 0409 03       		.byte	0x3
 1291 040a 00000000 		.4byte	servo1Positions
 1292 040e 0C       		.uleb128 0xc
 1293 040f 6B000000 		.4byte	0x6b
 1294 0413 1E040000 		.4byte	0x41e
 1295 0417 0D       		.uleb128 0xd
 1296 0418 A1000000 		.4byte	0xa1
 1297 041c 33       		.byte	0x33
 1298 041d 00       		.byte	0
 1299 041e 0E       		.uleb128 0xe
 1300 041f CE080000 		.4byte	.LASF101
 1301 0423 04       		.byte	0x4
 1302 0424 2C       		.byte	0x2c
 1303 0425 0E040000 		.4byte	0x40e
 1304 0429 05       		.uleb128 0x5
 1305 042a 03       		.byte	0x3
 1306 042b 00000000 		.4byte	DataSet
 1307 042f 0E       		.uleb128 0xe
 1308 0430 5B030000 		.4byte	.LASF102
 1309 0434 04       		.byte	0x4
 1310 0435 2E       		.byte	0x2e
 1311 0436 81000000 		.4byte	0x81
 1312 043a 05       		.uleb128 0x5
 1313 043b 03       		.byte	0x3
 1314 043c 00000000 		.4byte	time_10ms
 1315 0440 0E       		.uleb128 0xe
 1316 0441 9D000000 		.4byte	.LASF103
 1317 0445 04       		.byte	0x4
 1318 0446 2F       		.byte	0x2f
 1319 0447 6B000000 		.4byte	0x6b
 1320 044b 05       		.uleb128 0x5
 1321 044c 03       		.byte	0x3
 1322 044d 00000000 		.4byte	flight_fase
 1323 0451 0E       		.uleb128 0xe
 1324 0452 16010000 		.4byte	.LASF104
 1325 0456 04       		.byte	0x4
 1326 0457 30       		.byte	0x30
 1327 0458 5D000000 		.4byte	0x5d
 1328 045c 05       		.uleb128 0x5
 1329 045d 03       		.byte	0x3
 1330 045e 00000000 		.4byte	timeStep
ARM GAS  C:\Users\Kevin\AppData\Local\Temp\cca0tbW4.s 			page 26


 1331 0462 00       		.byte	0
 1332              		.section	.debug_abbrev,"",%progbits
 1333              	.Ldebug_abbrev0:
 1334 0000 01       		.uleb128 0x1
 1335 0001 11       		.uleb128 0x11
 1336 0002 01       		.byte	0x1
 1337 0003 25       		.uleb128 0x25
 1338 0004 0E       		.uleb128 0xe
 1339 0005 13       		.uleb128 0x13
 1340 0006 0B       		.uleb128 0xb
 1341 0007 03       		.uleb128 0x3
 1342 0008 0E       		.uleb128 0xe
 1343 0009 1B       		.uleb128 0x1b
 1344 000a 0E       		.uleb128 0xe
 1345 000b 55       		.uleb128 0x55
 1346 000c 17       		.uleb128 0x17
 1347 000d 11       		.uleb128 0x11
 1348 000e 01       		.uleb128 0x1
 1349 000f 10       		.uleb128 0x10
 1350 0010 17       		.uleb128 0x17
 1351 0011 00       		.byte	0
 1352 0012 00       		.byte	0
 1353 0013 02       		.uleb128 0x2
 1354 0014 24       		.uleb128 0x24
 1355 0015 00       		.byte	0
 1356 0016 0B       		.uleb128 0xb
 1357 0017 0B       		.uleb128 0xb
 1358 0018 3E       		.uleb128 0x3e
 1359 0019 0B       		.uleb128 0xb
 1360 001a 03       		.uleb128 0x3
 1361 001b 0E       		.uleb128 0xe
 1362 001c 00       		.byte	0
 1363 001d 00       		.byte	0
 1364 001e 03       		.uleb128 0x3
 1365 001f 24       		.uleb128 0x24
 1366 0020 00       		.byte	0
 1367 0021 0B       		.uleb128 0xb
 1368 0022 0B       		.uleb128 0xb
 1369 0023 3E       		.uleb128 0x3e
 1370 0024 0B       		.uleb128 0xb
 1371 0025 03       		.uleb128 0x3
 1372 0026 08       		.uleb128 0x8
 1373 0027 00       		.byte	0
 1374 0028 00       		.byte	0
 1375 0029 04       		.uleb128 0x4
 1376 002a 16       		.uleb128 0x16
 1377 002b 00       		.byte	0
 1378 002c 03       		.uleb128 0x3
 1379 002d 0E       		.uleb128 0xe
 1380 002e 3A       		.uleb128 0x3a
 1381 002f 0B       		.uleb128 0xb
 1382 0030 3B       		.uleb128 0x3b
 1383 0031 0B       		.uleb128 0xb
 1384 0032 49       		.uleb128 0x49
 1385 0033 13       		.uleb128 0x13
 1386 0034 00       		.byte	0
 1387 0035 00       		.byte	0
ARM GAS  C:\Users\Kevin\AppData\Local\Temp\cca0tbW4.s 			page 27


 1388 0036 05       		.uleb128 0x5
 1389 0037 04       		.uleb128 0x4
 1390 0038 01       		.byte	0x1
 1391 0039 0B       		.uleb128 0xb
 1392 003a 0B       		.uleb128 0xb
 1393 003b 3A       		.uleb128 0x3a
 1394 003c 0B       		.uleb128 0xb
 1395 003d 3B       		.uleb128 0x3b
 1396 003e 0B       		.uleb128 0xb
 1397 003f 01       		.uleb128 0x1
 1398 0040 13       		.uleb128 0x13
 1399 0041 00       		.byte	0
 1400 0042 00       		.byte	0
 1401 0043 06       		.uleb128 0x6
 1402 0044 28       		.uleb128 0x28
 1403 0045 00       		.byte	0
 1404 0046 03       		.uleb128 0x3
 1405 0047 0E       		.uleb128 0xe
 1406 0048 1C       		.uleb128 0x1c
 1407 0049 0D       		.uleb128 0xd
 1408 004a 00       		.byte	0
 1409 004b 00       		.byte	0
 1410 004c 07       		.uleb128 0x7
 1411 004d 0F       		.uleb128 0xf
 1412 004e 00       		.byte	0
 1413 004f 0B       		.uleb128 0xb
 1414 0050 0B       		.uleb128 0xb
 1415 0051 49       		.uleb128 0x49
 1416 0052 13       		.uleb128 0x13
 1417 0053 00       		.byte	0
 1418 0054 00       		.byte	0
 1419 0055 08       		.uleb128 0x8
 1420 0056 2E       		.uleb128 0x2e
 1421 0057 00       		.byte	0
 1422 0058 3F       		.uleb128 0x3f
 1423 0059 19       		.uleb128 0x19
 1424 005a 03       		.uleb128 0x3
 1425 005b 0E       		.uleb128 0xe
 1426 005c 3A       		.uleb128 0x3a
 1427 005d 0B       		.uleb128 0xb
 1428 005e 3B       		.uleb128 0x3b
 1429 005f 0B       		.uleb128 0xb
 1430 0060 27       		.uleb128 0x27
 1431 0061 19       		.uleb128 0x19
 1432 0062 11       		.uleb128 0x11
 1433 0063 01       		.uleb128 0x1
 1434 0064 12       		.uleb128 0x12
 1435 0065 06       		.uleb128 0x6
 1436 0066 40       		.uleb128 0x40
 1437 0067 18       		.uleb128 0x18
 1438 0068 9642     		.uleb128 0x2116
 1439 006a 19       		.uleb128 0x19
 1440 006b 00       		.byte	0
 1441 006c 00       		.byte	0
 1442 006d 09       		.uleb128 0x9
 1443 006e 2E       		.uleb128 0x2e
 1444 006f 01       		.byte	0x1
ARM GAS  C:\Users\Kevin\AppData\Local\Temp\cca0tbW4.s 			page 28


 1445 0070 3F       		.uleb128 0x3f
 1446 0071 19       		.uleb128 0x19
 1447 0072 03       		.uleb128 0x3
 1448 0073 0E       		.uleb128 0xe
 1449 0074 3A       		.uleb128 0x3a
 1450 0075 0B       		.uleb128 0xb
 1451 0076 3B       		.uleb128 0x3b
 1452 0077 0B       		.uleb128 0xb
 1453 0078 27       		.uleb128 0x27
 1454 0079 19       		.uleb128 0x19
 1455 007a 11       		.uleb128 0x11
 1456 007b 01       		.uleb128 0x1
 1457 007c 12       		.uleb128 0x12
 1458 007d 06       		.uleb128 0x6
 1459 007e 40       		.uleb128 0x40
 1460 007f 18       		.uleb128 0x18
 1461 0080 9642     		.uleb128 0x2116
 1462 0082 19       		.uleb128 0x19
 1463 0083 01       		.uleb128 0x1
 1464 0084 13       		.uleb128 0x13
 1465 0085 00       		.byte	0
 1466 0086 00       		.byte	0
 1467 0087 0A       		.uleb128 0xa
 1468 0088 34       		.uleb128 0x34
 1469 0089 00       		.byte	0
 1470 008a 03       		.uleb128 0x3
 1471 008b 0E       		.uleb128 0xe
 1472 008c 3A       		.uleb128 0x3a
 1473 008d 0B       		.uleb128 0xb
 1474 008e 3B       		.uleb128 0x3b
 1475 008f 0B       		.uleb128 0xb
 1476 0090 49       		.uleb128 0x49
 1477 0091 13       		.uleb128 0x13
 1478 0092 02       		.uleb128 0x2
 1479 0093 18       		.uleb128 0x18
 1480 0094 00       		.byte	0
 1481 0095 00       		.byte	0
 1482 0096 0B       		.uleb128 0xb
 1483 0097 05       		.uleb128 0x5
 1484 0098 00       		.byte	0
 1485 0099 03       		.uleb128 0x3
 1486 009a 0E       		.uleb128 0xe
 1487 009b 3A       		.uleb128 0x3a
 1488 009c 0B       		.uleb128 0xb
 1489 009d 3B       		.uleb128 0x3b
 1490 009e 0B       		.uleb128 0xb
 1491 009f 49       		.uleb128 0x49
 1492 00a0 13       		.uleb128 0x13
 1493 00a1 02       		.uleb128 0x2
 1494 00a2 18       		.uleb128 0x18
 1495 00a3 00       		.byte	0
 1496 00a4 00       		.byte	0
 1497 00a5 0C       		.uleb128 0xc
 1498 00a6 01       		.uleb128 0x1
 1499 00a7 01       		.byte	0x1
 1500 00a8 49       		.uleb128 0x49
 1501 00a9 13       		.uleb128 0x13
ARM GAS  C:\Users\Kevin\AppData\Local\Temp\cca0tbW4.s 			page 29


 1502 00aa 01       		.uleb128 0x1
 1503 00ab 13       		.uleb128 0x13
 1504 00ac 00       		.byte	0
 1505 00ad 00       		.byte	0
 1506 00ae 0D       		.uleb128 0xd
 1507 00af 21       		.uleb128 0x21
 1508 00b0 00       		.byte	0
 1509 00b1 49       		.uleb128 0x49
 1510 00b2 13       		.uleb128 0x13
 1511 00b3 2F       		.uleb128 0x2f
 1512 00b4 0B       		.uleb128 0xb
 1513 00b5 00       		.byte	0
 1514 00b6 00       		.byte	0
 1515 00b7 0E       		.uleb128 0xe
 1516 00b8 34       		.uleb128 0x34
 1517 00b9 00       		.byte	0
 1518 00ba 03       		.uleb128 0x3
 1519 00bb 0E       		.uleb128 0xe
 1520 00bc 3A       		.uleb128 0x3a
 1521 00bd 0B       		.uleb128 0xb
 1522 00be 3B       		.uleb128 0x3b
 1523 00bf 0B       		.uleb128 0xb
 1524 00c0 49       		.uleb128 0x49
 1525 00c1 13       		.uleb128 0x13
 1526 00c2 3F       		.uleb128 0x3f
 1527 00c3 19       		.uleb128 0x19
 1528 00c4 02       		.uleb128 0x2
 1529 00c5 18       		.uleb128 0x18
 1530 00c6 00       		.byte	0
 1531 00c7 00       		.byte	0
 1532 00c8 00       		.byte	0
 1533              		.section	.debug_aranges,"",%progbits
 1534 0000 2C000000 		.4byte	0x2c
 1535 0004 0200     		.2byte	0x2
 1536 0006 00000000 		.4byte	.Ldebug_info0
 1537 000a 04       		.byte	0x4
 1538 000b 00       		.byte	0
 1539 000c 0000     		.2byte	0
 1540 000e 0000     		.2byte	0
 1541 0010 00000000 		.4byte	.LFB35
 1542 0014 38000000 		.4byte	.LFE35-.LFB35
 1543 0018 00000000 		.4byte	.LFB36
 1544 001c 34000000 		.4byte	.LFE36-.LFB36
 1545 0020 00000000 		.4byte	.LFB37
 1546 0024 A4040000 		.4byte	.LFE37-.LFB37
 1547 0028 00000000 		.4byte	0
 1548 002c 00000000 		.4byte	0
 1549              		.section	.debug_ranges,"",%progbits
 1550              	.Ldebug_ranges0:
 1551 0000 00000000 		.4byte	.LFB35
 1552 0004 38000000 		.4byte	.LFE35
 1553 0008 00000000 		.4byte	.LFB36
 1554 000c 34000000 		.4byte	.LFE36
 1555 0010 00000000 		.4byte	.LFB37
 1556 0014 A4040000 		.4byte	.LFE37
 1557 0018 00000000 		.4byte	0
 1558 001c 00000000 		.4byte	0
ARM GAS  C:\Users\Kevin\AppData\Local\Temp\cca0tbW4.s 			page 30


 1559              		.section	.debug_line,"",%progbits
 1560              	.Ldebug_line0:
 1561 0000 E3000000 		.section	.debug_str,"MS",%progbits,1
 1561      02006F00 
 1561      00000201 
 1561      FB0E0D00 
 1561      01010101 
 1562              	.LASF80:
 1563 0000 74696D65 		.ascii	"time5\000"
 1563      3500
 1564              	.LASF81:
 1565 0006 74696D65 		.ascii	"time6\000"
 1565      3600
 1566              	.LASF82:
 1567 000c 74696D65 		.ascii	"time7\000"
 1567      3700
 1568              	.LASF83:
 1569 0012 74696D65 		.ascii	"time8\000"
 1569      3800
 1570              	.LASF84:
 1571 0018 74696D65 		.ascii	"time9\000"
 1571      3900
 1572              	.LASF12:
 1573 001e 666C6F61 		.ascii	"float\000"
 1573      7400
 1574              	.LASF33:
 1575 0024 4359424C 		.ascii	"CYBLE_EVT_GAPC_SCAN_START_STOP\000"
 1575      455F4556 
 1575      545F4741 
 1575      50435F53 
 1575      43414E5F 
 1576              	.LASF69:
 1577 0043 4359424C 		.ascii	"CYBLE_EVT_L2CAP_CBFC_DATA_WRITE_IND\000"
 1577      455F4556 
 1577      545F4C32 
 1577      4341505F 
 1577      43424643 
 1578              	.LASF97:
 1579 0067 73657276 		.ascii	"servo1_posDT\000"
 1579      6F315F70 
 1579      6F734454 
 1579      00
 1580              	.LASF51:
 1581 0074 4359424C 		.ascii	"CYBLE_EVT_GATTS_EXEC_WRITE_REQ\000"
 1581      455F4556 
 1581      545F4741 
 1581      5454535F 
 1581      45584543 
 1582              	.LASF2:
 1583 0093 73686F72 		.ascii	"short int\000"
 1583      7420696E 
 1583      7400
 1584              	.LASF103:
 1585 009d 666C6967 		.ascii	"flight_fase\000"
 1585      68745F66 
 1585      61736500 
 1586              	.LASF37:
ARM GAS  C:\Users\Kevin\AppData\Local\Temp\cca0tbW4.s 			page 31


 1587 00a9 4359424C 		.ascii	"CYBLE_EVT_GATT_DISCONNECT_IND\000"
 1587      455F4556 
 1587      545F4741 
 1587      54545F44 
 1587      4953434F 
 1588              	.LASF15:
 1589 00c7 73697A65 		.ascii	"sizetype\000"
 1589      74797065 
 1589      00
 1590              	.LASF7:
 1591 00d0 6C6F6E67 		.ascii	"long long unsigned int\000"
 1591      206C6F6E 
 1591      6720756E 
 1591      7369676E 
 1591      65642069 
 1592              	.LASF35:
 1593 00e7 4359424C 		.ascii	"CYBLE_EVT_GATTC_ERROR_RSP\000"
 1593      455F4556 
 1593      545F4741 
 1593      5454435F 
 1593      4552524F 
 1594              	.LASF20:
 1595 0101 4359424C 		.ascii	"CYBLE_EVT_HCI_STATUS\000"
 1595      455F4556 
 1595      545F4843 
 1595      495F5354 
 1595      41545553 
 1596              	.LASF104:
 1597 0116 74696D65 		.ascii	"timeStep\000"
 1597      53746570 
 1597      00
 1598              	.LASF17:
 1599 011f 4359424C 		.ascii	"CYBLE_EVT_STACK_ON\000"
 1599      455F4556 
 1599      545F5354 
 1599      41434B5F 
 1599      4F4E00
 1600              	.LASF38:
 1601 0132 4359424C 		.ascii	"CYBLE_EVT_GATTS_XCNHG_MTU_REQ\000"
 1601      455F4556 
 1601      545F4741 
 1601      5454535F 
 1601      58434E48 
 1602              	.LASF73:
 1603 0150 53657276 		.ascii	"ServoStartPosition\000"
 1603      6F537461 
 1603      7274506F 
 1603      73697469 
 1603      6F6E00
 1604              	.LASF10:
 1605 0163 75696E74 		.ascii	"uint16\000"
 1605      313600
 1606              	.LASF34:
 1607 016a 4359424C 		.ascii	"CYBLE_EVT_GAP_KEYINFO_EXCHNGE_CMPLT\000"
 1607      455F4556 
 1607      545F4741 
 1607      505F4B45 
ARM GAS  C:\Users\Kevin\AppData\Local\Temp\cca0tbW4.s 			page 32


 1607      59494E46 
 1608              	.LASF46:
 1609 018e 4359424C 		.ascii	"CYBLE_EVT_GATTC_READ_MULTI_RSP\000"
 1609      455F4556 
 1609      545F4741 
 1609      5454435F 
 1609      52454144 
 1610              	.LASF55:
 1611 01ad 4359424C 		.ascii	"CYBLE_EVT_GATTS_HANDLE_VALUE_CNF\000"
 1611      455F4556 
 1611      545F4741 
 1611      5454535F 
 1611      48414E44 
 1612              	.LASF16:
 1613 01ce 4359424C 		.ascii	"CYBLE_EVT_HOST_INVALID\000"
 1613      455F4556 
 1613      545F484F 
 1613      53545F49 
 1613      4E56414C 
 1614              	.LASF62:
 1615 01e5 4359424C 		.ascii	"CYBLE_EVT_L2CAP_CBFC_CONN_IND\000"
 1615      455F4556 
 1615      545F4C32 
 1615      4341505F 
 1615      43424643 
 1616              	.LASF65:
 1617 0203 4359424C 		.ascii	"CYBLE_EVT_L2CAP_CBFC_DISCONN_CNF\000"
 1617      455F4556 
 1617      545F4C32 
 1617      4341505F 
 1617      43424643 
 1618              	.LASF74:
 1619 0224 55706461 		.ascii	"UpdateServoPWM\000"
 1619      74655365 
 1619      72766F50 
 1619      574D00
 1620              	.LASF44:
 1621 0233 4359424C 		.ascii	"CYBLE_EVT_GATTC_READ_RSP\000"
 1621      455F4556 
 1621      545F4741 
 1621      5454435F 
 1621      52454144 
 1622              	.LASF48:
 1623 024c 4359424C 		.ascii	"CYBLE_EVT_GATTC_WRITE_RSP\000"
 1623      455F4556 
 1623      545F4741 
 1623      5454435F 
 1623      57524954 
 1624              	.LASF6:
 1625 0266 6C6F6E67 		.ascii	"long long int\000"
 1625      206C6F6E 
 1625      6720696E 
 1625      7400
 1626              	.LASF98:
 1627 0274 74696D65 		.ascii	"timecum\000"
 1627      63756D00 
 1628              	.LASF4:
ARM GAS  C:\Users\Kevin\AppData\Local\Temp\cca0tbW4.s 			page 33


 1629 027c 6C6F6E67 		.ascii	"long int\000"
 1629      20696E74 
 1629      00
 1630              	.LASF54:
 1631 0285 4359424C 		.ascii	"CYBLE_EVT_GATTC_HANDLE_VALUE_IND\000"
 1631      455F4556 
 1631      545F4741 
 1631      5454435F 
 1631      48414E44 
 1632              	.LASF29:
 1633 02a6 4359424C 		.ascii	"CYBLE_EVT_GAP_DEVICE_CONNECTED\000"
 1633      455F4556 
 1633      545F4741 
 1633      505F4445 
 1633      56494345 
 1634              	.LASF28:
 1635 02c5 4359424C 		.ascii	"CYBLE_EVT_GAPP_ADVERTISEMENT_START_STOP\000"
 1635      455F4556 
 1635      545F4741 
 1635      50505F41 
 1635      44564552 
 1636              	.LASF53:
 1637 02ed 4359424C 		.ascii	"CYBLE_EVT_GATTC_HANDLE_VALUE_NTF\000"
 1637      455F4556 
 1637      545F4741 
 1637      5454435F 
 1637      48414E44 
 1638              	.LASF21:
 1639 030e 4359424C 		.ascii	"CYBLE_EVT_STACK_BUSY_STATUS\000"
 1639      455F4556 
 1639      545F5354 
 1639      41434B5F 
 1639      42555359 
 1640              	.LASF106:
 1641 032a 2E5C7365 		.ascii	".\\servos.c\000"
 1641      72766F73 
 1641      2E6300
 1642              	.LASF25:
 1643 0335 4359424C 		.ascii	"CYBLE_EVT_GAP_PASSKEY_DISPLAY_REQUEST\000"
 1643      455F4556 
 1643      545F4741 
 1643      505F5041 
 1643      53534B45 
 1644              	.LASF102:
 1645 035b 74696D65 		.ascii	"time_10ms\000"
 1645      5F31306D 
 1645      7300
 1646              	.LASF63:
 1647 0365 4359424C 		.ascii	"CYBLE_EVT_L2CAP_CBFC_CONN_CNF\000"
 1647      455F4556 
 1647      545F4C32 
 1647      4341505F 
 1647      43424643 
 1648              	.LASF72:
 1649 0383 4359424C 		.ascii	"CYBLE_EVT_MAX\000"
 1649      455F4556 
 1649      545F4D41 
ARM GAS  C:\Users\Kevin\AppData\Local\Temp\cca0tbW4.s 			page 34


 1649      5800
 1650              	.LASF9:
 1651 0391 75696E74 		.ascii	"uint8\000"
 1651      3800
 1652              	.LASF59:
 1653 0397 4359424C 		.ascii	"CYBLE_EVT_L2CAP_CONN_PARAM_UPDATE_REQ\000"
 1653      455F4556 
 1653      545F4C32 
 1653      4341505F 
 1653      434F4E4E 
 1654              	.LASF1:
 1655 03bd 756E7369 		.ascii	"unsigned char\000"
 1655      676E6564 
 1655      20636861 
 1655      7200
 1656              	.LASF50:
 1657 03cb 4359424C 		.ascii	"CYBLE_EVT_GATTS_PREP_WRITE_REQ\000"
 1657      455F4556 
 1657      545F4741 
 1657      5454535F 
 1657      50524550 
 1658              	.LASF71:
 1659 03ea 4359424C 		.ascii	"CYBLE_EVT_LE_PING_AUTH_TIMEOUT\000"
 1659      455F4556 
 1659      545F4C45 
 1659      5F50494E 
 1659      475F4155 
 1660              	.LASF107:
 1661 0409 433A5C55 		.ascii	"C:\\Users\\Kevin\\Documents\\GitHub\\EZtimer\\Firmw"
 1661      73657273 
 1661      5C4B6576 
 1661      696E5C44 
 1661      6F63756D 
 1662 0436 6172655C 		.ascii	"are\\EZtimer.cydsn\000"
 1662      455A7469 
 1662      6D65722E 
 1662      63796473 
 1662      6E00
 1663              	.LASF42:
 1664 0448 4359424C 		.ascii	"CYBLE_EVT_GATTC_FIND_INFO_RSP\000"
 1664      455F4556 
 1664      545F4741 
 1664      5454435F 
 1664      46494E44 
 1665              	.LASF0:
 1666 0466 7369676E 		.ascii	"signed char\000"
 1666      65642063 
 1666      68617200 
 1667              	.LASF87:
 1668 0472 73657276 		.ascii	"servo1_pos1\000"
 1668      6F315F70 
 1668      6F733100 
 1669              	.LASF47:
 1670 047e 4359424C 		.ascii	"CYBLE_EVT_GATTS_WRITE_REQ\000"
 1670      455F4556 
 1670      545F4741 
 1670      5454535F 
ARM GAS  C:\Users\Kevin\AppData\Local\Temp\cca0tbW4.s 			page 35


 1670      57524954 
 1671              	.LASF89:
 1672 0498 73657276 		.ascii	"servo1_pos3\000"
 1672      6F315F70 
 1672      6F733300 
 1673              	.LASF43:
 1674 04a4 4359424C 		.ascii	"CYBLE_EVT_GATTC_FIND_BY_TYPE_VALUE_RSP\000"
 1674      455F4556 
 1674      545F4741 
 1674      5454435F 
 1674      46494E44 
 1675              	.LASF91:
 1676 04cb 73657276 		.ascii	"servo1_pos5\000"
 1676      6F315F70 
 1676      6F733500 
 1677              	.LASF26:
 1678 04d7 4359424C 		.ascii	"CYBLE_EVT_GAP_AUTH_COMPLETE\000"
 1678      455F4556 
 1678      545F4741 
 1678      505F4155 
 1678      54485F43 
 1679              	.LASF8:
 1680 04f3 756E7369 		.ascii	"unsigned int\000"
 1680      676E6564 
 1680      20696E74 
 1680      00
 1681              	.LASF94:
 1682 0500 73657276 		.ascii	"servo1_pos8\000"
 1682      6F315F70 
 1682      6F733800 
 1683              	.LASF95:
 1684 050c 73657276 		.ascii	"servo1_pos9\000"
 1684      6F315F70 
 1684      6F733900 
 1685              	.LASF36:
 1686 0518 4359424C 		.ascii	"CYBLE_EVT_GATT_CONNECT_IND\000"
 1686      455F4556 
 1686      545F4741 
 1686      54545F43 
 1686      4F4E4E45 
 1687              	.LASF5:
 1688 0533 6C6F6E67 		.ascii	"long unsigned int\000"
 1688      20756E73 
 1688      69676E65 
 1688      6420696E 
 1688      7400
 1689              	.LASF96:
 1690 0545 73657276 		.ascii	"servo1_pos10\000"
 1690      6F315F70 
 1690      6F733130 
 1690      00
 1691              	.LASF23:
 1692 0552 4359424C 		.ascii	"CYBLE_EVT_GAP_AUTH_REQ\000"
 1692      455F4556 
 1692      545F4741 
 1692      505F4155 
 1692      54485F52 
ARM GAS  C:\Users\Kevin\AppData\Local\Temp\cca0tbW4.s 			page 36


 1693              	.LASF40:
 1694 0569 4359424C 		.ascii	"CYBLE_EVT_GATTC_READ_BY_GROUP_TYPE_RSP\000"
 1694      455F4556 
 1694      545F4741 
 1694      5454435F 
 1694      52454144 
 1695              	.LASF64:
 1696 0590 4359424C 		.ascii	"CYBLE_EVT_L2CAP_CBFC_DISCONN_IND\000"
 1696      455F4556 
 1696      545F4C32 
 1696      4341505F 
 1696      43424643 
 1697              	.LASF31:
 1698 05b1 4359424C 		.ascii	"CYBLE_EVT_GAP_ENCRYPT_CHANGE\000"
 1698      455F4556 
 1698      545F4741 
 1698      505F454E 
 1698      43525950 
 1699              	.LASF3:
 1700 05ce 73686F72 		.ascii	"short unsigned int\000"
 1700      7420756E 
 1700      7369676E 
 1700      65642069 
 1700      6E7400
 1701              	.LASF32:
 1702 05e1 4359424C 		.ascii	"CYBLE_EVT_GAP_CONNECTION_UPDATE_COMPLETE\000"
 1702      455F4556 
 1702      545F4741 
 1702      505F434F 
 1702      4E4E4543 
 1703              	.LASF14:
 1704 060a 63686172 		.ascii	"char\000"
 1704      00
 1705              	.LASF105:
 1706 060f 474E5520 		.ascii	"GNU C 4.9.3 20150303 (release) [ARM/embedded-4_9-br"
 1706      4320342E 
 1706      392E3320 
 1706      32303135 
 1706      30333033 
 1707 0642 616E6368 		.ascii	"anch revision 221220] -mcpu=cortex-m0 -mthumb -g -O"
 1707      20726576 
 1707      6973696F 
 1707      6E203232 
 1707      31323230 
 1708 0675 30202D66 		.ascii	"0 -ffunction-sections -ffat-lto-objects\000"
 1708      66756E63 
 1708      74696F6E 
 1708      2D736563 
 1708      74696F6E 
 1709              	.LASF61:
 1710 069d 4359424C 		.ascii	"CYBLE_EVT_L2CAP_COMMAND_REJ\000"
 1710      455F4556 
 1710      545F4C32 
 1710      4341505F 
 1710      434F4D4D 
 1711              	.LASF85:
 1712 06b9 74696D65 		.ascii	"time10\000"
ARM GAS  C:\Users\Kevin\AppData\Local\Temp\cca0tbW4.s 			page 37


 1712      313000
 1713              	.LASF88:
 1714 06c0 73657276 		.ascii	"servo1_pos2\000"
 1714      6F315F70 
 1714      6F733200 
 1715              	.LASF45:
 1716 06cc 4359424C 		.ascii	"CYBLE_EVT_GATTC_READ_BLOB_RSP\000"
 1716      455F4556 
 1716      545F4741 
 1716      5454435F 
 1716      52454144 
 1717              	.LASF90:
 1718 06ea 73657276 		.ascii	"servo1_pos4\000"
 1718      6F315F70 
 1718      6F733400 
 1719              	.LASF30:
 1720 06f6 4359424C 		.ascii	"CYBLE_EVT_GAP_DEVICE_DISCONNECTED\000"
 1720      455F4556 
 1720      545F4741 
 1720      505F4445 
 1720      56494345 
 1721              	.LASF52:
 1722 0718 4359424C 		.ascii	"CYBLE_EVT_GATTC_EXEC_WRITE_RSP\000"
 1722      455F4556 
 1722      545F4741 
 1722      5454435F 
 1722      45584543 
 1723              	.LASF11:
 1724 0737 75696E74 		.ascii	"uint32\000"
 1724      333200
 1725              	.LASF70:
 1726 073e 4359424C 		.ascii	"CYBLE_EVT_PENDING_FLASH_WRITE\000"
 1726      455F4556 
 1726      545F5045 
 1726      4E44494E 
 1726      475F464C 
 1727              	.LASF67:
 1728 075c 4359424C 		.ascii	"CYBLE_EVT_L2CAP_CBFC_RX_CREDIT_IND\000"
 1728      455F4556 
 1728      545F4C32 
 1728      4341505F 
 1728      43424643 
 1729              	.LASF13:
 1730 077f 646F7562 		.ascii	"double\000"
 1730      6C6500
 1731              	.LASF68:
 1732 0786 4359424C 		.ascii	"CYBLE_EVT_L2CAP_CBFC_TX_CREDIT_IND\000"
 1732      455F4556 
 1732      545F4C32 
 1732      4341505F 
 1732      43424643 
 1733              	.LASF24:
 1734 07a9 4359424C 		.ascii	"CYBLE_EVT_GAP_PASSKEY_ENTRY_REQUEST\000"
 1734      455F4556 
 1734      545F4741 
 1734      505F5041 
 1734      53534B45 
ARM GAS  C:\Users\Kevin\AppData\Local\Temp\cca0tbW4.s 			page 38


 1735              	.LASF19:
 1736 07cd 4359424C 		.ascii	"CYBLE_EVT_HARDWARE_ERROR\000"
 1736      455F4556 
 1736      545F4841 
 1736      52445741 
 1736      52455F45 
 1737              	.LASF66:
 1738 07e6 4359424C 		.ascii	"CYBLE_EVT_L2CAP_CBFC_DATA_READ\000"
 1738      455F4556 
 1738      545F4C32 
 1738      4341505F 
 1738      43424643 
 1739              	.LASF60:
 1740 0805 4359424C 		.ascii	"CYBLE_EVT_L2CAP_CONN_PARAM_UPDATE_RSP\000"
 1740      455F4556 
 1740      545F4C32 
 1740      4341505F 
 1740      434F4E4E 
 1741              	.LASF22:
 1742 082b 4359424C 		.ascii	"CYBLE_EVT_GAPC_SCAN_PROGRESS_RESULT\000"
 1742      455F4556 
 1742      545F4741 
 1742      50435F53 
 1742      43414E5F 
 1743              	.LASF18:
 1744 084f 4359424C 		.ascii	"CYBLE_EVT_TIMEOUT\000"
 1744      455F4556 
 1744      545F5449 
 1744      4D454F55 
 1744      5400
 1745              	.LASF100:
 1746 0861 73657276 		.ascii	"servo1Positions\000"
 1746      6F31506F 
 1746      73697469 
 1746      6F6E7300 
 1747              	.LASF49:
 1748 0871 4359424C 		.ascii	"CYBLE_EVT_GATTS_WRITE_CMD_REQ\000"
 1748      455F4556 
 1748      545F4741 
 1748      5454535F 
 1748      57524954 
 1749              	.LASF41:
 1750 088f 4359424C 		.ascii	"CYBLE_EVT_GATTC_READ_BY_TYPE_RSP\000"
 1750      455F4556 
 1750      545F4741 
 1750      5454435F 
 1750      52454144 
 1751              	.LASF39:
 1752 08b0 4359424C 		.ascii	"CYBLE_EVT_GATTC_XCHNG_MTU_RSP\000"
 1752      455F4556 
 1752      545F4741 
 1752      5454435F 
 1752      5843484E 
 1753              	.LASF101:
 1754 08ce 44617461 		.ascii	"DataSet\000"
 1754      53657400 
 1755              	.LASF86:
ARM GAS  C:\Users\Kevin\AppData\Local\Temp\cca0tbW4.s 			page 39


 1756 08d6 74696D65 		.ascii	"timeDT\000"
 1756      445400
 1757              	.LASF108:
 1758 08dd 53657276 		.ascii	"ServoNextPosition\000"
 1758      6F4E6578 
 1758      74506F73 
 1758      6974696F 
 1758      6E00
 1759              	.LASF27:
 1760 08ef 4359424C 		.ascii	"CYBLE_EVT_GAP_AUTH_FAILED\000"
 1760      455F4556 
 1760      545F4741 
 1760      505F4155 
 1760      54485F46 
 1761              	.LASF58:
 1762 0909 4359424C 		.ascii	"CYBLE_EVT_GATTS_READ_CHAR_VAL_ACCESS_REQ\000"
 1762      455F4556 
 1762      545F4741 
 1762      5454535F 
 1762      52454144 
 1763              	.LASF57:
 1764 0932 4359424C 		.ascii	"CYBLE_EVT_GATTC_STOP_CMD_COMPLETE\000"
 1764      455F4556 
 1764      545F4741 
 1764      5454435F 
 1764      53544F50 
 1765              	.LASF92:
 1766 0954 73657276 		.ascii	"servo1_pos6\000"
 1766      6F315F70 
 1766      6F733600 
 1767              	.LASF93:
 1768 0960 73657276 		.ascii	"servo1_pos7\000"
 1768      6F315F70 
 1768      6F733700 
 1769              	.LASF99:
 1770 096c 73657276 		.ascii	"servoTimes\000"
 1770      6F54696D 
 1770      657300
 1771              	.LASF75:
 1772 0977 73657276 		.ascii	"servo1_posStart\000"
 1772      6F315F70 
 1772      6F735374 
 1772      61727400 
 1773              	.LASF56:
 1774 0987 4359424C 		.ascii	"CYBLE_EVT_GATTS_DATA_SIGNED_CMD_REQ\000"
 1774      455F4556 
 1774      545F4741 
 1774      5454535F 
 1774      44415441 
 1775              	.LASF76:
 1776 09ab 74696D65 		.ascii	"time1\000"
 1776      3100
 1777              	.LASF77:
 1778 09b1 74696D65 		.ascii	"time2\000"
 1778      3200
 1779              	.LASF78:
 1780 09b7 74696D65 		.ascii	"time3\000"
ARM GAS  C:\Users\Kevin\AppData\Local\Temp\cca0tbW4.s 			page 40


 1780      3300
 1781              	.LASF79:
 1782 09bd 74696D65 		.ascii	"time4\000"
 1782      3400
 1783              		.ident	"GCC: (GNU Tools for ARM Embedded Processors) 4.9.3 20150303 (release) [ARM/embedded-4_9-br
