ARM GAS  C:\Users\Kevin\AppData\Local\Temp\ccOeHuCA.s 			page 1


   1              		.cpu cortex-m0
   2              		.fpu softvfp
   3              		.eabi_attribute 20, 1
   4              		.eabi_attribute 21, 1
   5              		.eabi_attribute 23, 3
   6              		.eabi_attribute 24, 1
   7              		.eabi_attribute 25, 1
   8              		.eabi_attribute 26, 1
   9              		.eabi_attribute 30, 1
  10              		.eabi_attribute 34, 0
  11              		.eabi_attribute 18, 4
  12              		.code	16
  13              		.file	"WriteUserSFlash8bit.c"
  14              		.text
  15              	.Ltext0:
  16              		.cfi_sections	.debug_frame
  17              		.section	.text.WriteUserSFlashRow8bit,"ax",%progbits
  18              		.align	2
  19              		.global	WriteUserSFlashRow8bit
  20              		.code	16
  21              		.thumb_func
  22              		.type	WriteUserSFlashRow8bit, %function
  23              	WriteUserSFlashRow8bit:
  24              	.LFB35:
  25              		.file 1 ".\\WriteUserSFlash8bit.c"
   1:.\WriteUserSFlash8bit.c **** /*******************************************************************************
   2:.\WriteUserSFlash8bit.c **** * File Name: WriteUserSFlash.c
   3:.\WriteUserSFlash8bit.c **** *
   4:.\WriteUserSFlash8bit.c **** * Version: 1.0
   5:.\WriteUserSFlash8bit.c **** *
   6:.\WriteUserSFlash8bit.c **** * Description:
   7:.\WriteUserSFlash8bit.c **** *  This file contains the source code for User SFlash Write API.
   8:.\WriteUserSFlash8bit.c **** *
   9:.\WriteUserSFlash8bit.c **** * Owner:
  10:.\WriteUserSFlash8bit.c **** *  sey@cypress.com, kris@cypress.com
  11:.\WriteUserSFlash8bit.c **** *
  12:.\WriteUserSFlash8bit.c **** * Hardware Dependency:
  13:.\WriteUserSFlash8bit.c **** *  1. PSoC 4 BLE device
  14:.\WriteUserSFlash8bit.c **** *
  15:.\WriteUserSFlash8bit.c **** * Code Tested With:
  16:.\WriteUserSFlash8bit.c **** *  1. PSoC Creator 3.1 SP1
  17:.\WriteUserSFlash8bit.c **** *  2. ARM GCC 4.8.4
  18:.\WriteUserSFlash8bit.c **** *
  19:.\WriteUserSFlash8bit.c **** ********************************************************************************
  20:.\WriteUserSFlash8bit.c **** * Copyright 2015, Cypress Semiconductor Corporation.  All rights reserved.
  21:.\WriteUserSFlash8bit.c **** * You may use this file only in accordance with the license, terms, conditions,
  22:.\WriteUserSFlash8bit.c **** * disclaimers, and limitations in the end user license agreement accompanying
  23:.\WriteUserSFlash8bit.c **** * the software package with which this file was provided.
  24:.\WriteUserSFlash8bit.c **** *******************************************************************************/
  25:.\WriteUserSFlash8bit.c **** 
  26:.\WriteUserSFlash8bit.c **** #include <Project.h>
  27:.\WriteUserSFlash8bit.c **** #include <WriteUserSFlash.h>
  28:.\WriteUserSFlash8bit.c **** 
  29:.\WriteUserSFlash8bit.c **** 
  30:.\WriteUserSFlash8bit.c **** /*******************************************************************************
  31:.\WriteUserSFlash8bit.c **** * Function Name: WriteUserSFlashRow
  32:.\WriteUserSFlash8bit.c **** ********************************************************************************
ARM GAS  C:\Users\Kevin\AppData\Local\Temp\ccOeHuCA.s 			page 2


  33:.\WriteUserSFlash8bit.c **** * Summary:
  34:.\WriteUserSFlash8bit.c **** *        This routine calls the PSoC 4 BLE device supervisory ROM APIs to update
  35:.\WriteUserSFlash8bit.c **** * the user configuration area of Supervisory Flash (SFlash).  
  36:.\WriteUserSFlash8bit.c **** *
  37:.\WriteUserSFlash8bit.c **** * Parameters:
  38:.\WriteUserSFlash8bit.c **** *  userRowNUmber - User config SFlash row number to which data is to be written
  39:.\WriteUserSFlash8bit.c **** *  dataPointer - Pointer to the data to be written. This API writes one row of
  40:.\WriteUserSFlash8bit.c **** *                user config SFlash row at a time.
  41:.\WriteUserSFlash8bit.c **** *
  42:.\WriteUserSFlash8bit.c **** * Return:
  43:.\WriteUserSFlash8bit.c **** *  uint32 - state of the user config SFlash write operation.
  44:.\WriteUserSFlash8bit.c **** *
  45:.\WriteUserSFlash8bit.c **** *******************************************************************************/
  46:.\WriteUserSFlash8bit.c **** #if defined (__GNUC__)
  47:.\WriteUserSFlash8bit.c **** #pragma GCC optimize ("O0")
  48:.\WriteUserSFlash8bit.c **** #endif /* End of #if defined (__GNUC__) */
  49:.\WriteUserSFlash8bit.c **** uint32 WriteUserSFlashRow8bit(uint8 userRowNUmber, uint8 *dataPointer)
  50:.\WriteUserSFlash8bit.c **** {
  26              		.loc 1 50 0
  27              		.cfi_startproc
  28              	.LVL0:
  29 0000 80B5     		push	{r7, lr}
  30              		.cfi_def_cfa_offset 8
  31              		.cfi_offset 7, -8
  32              		.cfi_offset 14, -4
  33 0002 ACB0     		sub	sp, sp, #176
  34              		.cfi_def_cfa_offset 184
  35 0004 00AF     		add	r7, sp, #0
  36              		.cfi_def_cfa_register 7
  37 0006 021C     		mov	r2, r0
  38 0008 3960     		str	r1, [r7]
  39 000a FB1D     		add	r3, r7, #7
  40 000c 1A70     		strb	r2, [r3]
  51:.\WriteUserSFlash8bit.c ****     uint8 localCount;
  52:.\WriteUserSFlash8bit.c **** 	volatile uint32 retValue=0;
  41              		.loc 1 52 0
  42 000e 0023     		mov	r3, #0
  43 0010 A822     		mov	r2, #168
  44 0012 BA18     		add	r2, r7, r2
  45 0014 1360     		str	r3, [r2]
  53:.\WriteUserSFlash8bit.c **** 	volatile uint8 cmdDataBuffer[(CY_FLASH_SIZEOF_ROW) + 2];
  54:.\WriteUserSFlash8bit.c **** 	volatile uint32 reg1,reg2,reg3,reg4,reg5,reg6;
  55:.\WriteUserSFlash8bit.c **** 	
  56:.\WriteUserSFlash8bit.c **** 	/* Store the clock settings temporarily */
  57:.\WriteUserSFlash8bit.c ****     reg1 =	CY_GET_XTND_REG32((void CYFAR *)(CYREG_CLK_SELECT));
  46              		.loc 1 57 0
  47 0016 3A4B     		ldr	r3, .L5
  48 0018 1B68     		ldr	r3, [r3]
  49 001a 3B62     		str	r3, [r7, #32]
  58:.\WriteUserSFlash8bit.c ****     reg2 =  CY_GET_XTND_REG32((void CYFAR *)(CYREG_CLK_IMO_CONFIG));
  50              		.loc 1 58 0
  51 001c 394B     		ldr	r3, .L5+4
  52 001e 1B68     		ldr	r3, [r3]
  53 0020 FB61     		str	r3, [r7, #28]
  59:.\WriteUserSFlash8bit.c ****     reg3 =  CY_GET_XTND_REG32((void CYFAR *)(CYREG_PWR_BG_TRIM4));
  54              		.loc 1 59 0
  55 0022 394B     		ldr	r3, .L5+8
ARM GAS  C:\Users\Kevin\AppData\Local\Temp\ccOeHuCA.s 			page 3


  56 0024 1B68     		ldr	r3, [r3]
  57 0026 BB61     		str	r3, [r7, #24]
  60:.\WriteUserSFlash8bit.c ****     reg4 =  CY_GET_XTND_REG32((void CYFAR *)(CYREG_PWR_BG_TRIM5));
  58              		.loc 1 60 0
  59 0028 384B     		ldr	r3, .L5+12
  60 002a 1B68     		ldr	r3, [r3]
  61 002c 7B61     		str	r3, [r7, #20]
  61:.\WriteUserSFlash8bit.c ****     reg5 =  CY_GET_XTND_REG32((void CYFAR *)(CYREG_CLK_IMO_TRIM1));
  62              		.loc 1 61 0
  63 002e 384B     		ldr	r3, .L5+16
  64 0030 1B68     		ldr	r3, [r3]
  65 0032 3B61     		str	r3, [r7, #16]
  62:.\WriteUserSFlash8bit.c ****     reg6 =  CY_GET_XTND_REG32((void CYFAR *)(CYREG_CLK_IMO_TRIM2));
  66              		.loc 1 62 0
  67 0034 374B     		ldr	r3, .L5+20
  68 0036 1B68     		ldr	r3, [r3]
  69 0038 FB60     		str	r3, [r7, #12]
  63:.\WriteUserSFlash8bit.c **** 	
  64:.\WriteUserSFlash8bit.c **** 	/* Initialize the clock necessary for flash programming */
  65:.\WriteUserSFlash8bit.c **** 	CY_SET_REG32(CYREG_CPUSS_SYSARG, 0x0000e8b6);
  70              		.loc 1 65 0
  71 003a 374B     		ldr	r3, .L5+24
  72 003c 374A     		ldr	r2, .L5+28
  73 003e 1A60     		str	r2, [r3]
  66:.\WriteUserSFlash8bit.c **** 	CY_SET_REG32(CYREG_CPUSS_SYSREQ, 0x80000015);
  74              		.loc 1 66 0
  75 0040 374B     		ldr	r3, .L5+32
  76 0042 384A     		ldr	r2, .L5+36
  77 0044 1A60     		str	r2, [r3]
  67:.\WriteUserSFlash8bit.c **** 	
  68:.\WriteUserSFlash8bit.c **** 	/******* Initialize SRAM parameters for the LOAD FLASH command ******/
  69:.\WriteUserSFlash8bit.c **** 	/* byte 3 (i.e. 00) is the Macro_select */
  70:.\WriteUserSFlash8bit.c **** 	/* byte 2 (i.e. 00) is the Start addr of page latch */
  71:.\WriteUserSFlash8bit.c **** 	/* byte 1 (i.e. d7) is the key 2  */
  72:.\WriteUserSFlash8bit.c **** 	/* byte 0 (i.e. b6) is the key 1  */
  73:.\WriteUserSFlash8bit.c ****   	cmdDataBuffer[0]=0x0000d7b6;
  78              		.loc 1 73 0
  79 0046 2423     		mov	r3, #36
  80 0048 FB18     		add	r3, r7, r3
  81 004a B622     		mov	r2, #182
  82 004c 1A70     		strb	r2, [r3]
  74:.\WriteUserSFlash8bit.c **** 	
  75:.\WriteUserSFlash8bit.c **** 	/****** Initialize SRAM parameters for the LOAD FLASH command ******/
  76:.\WriteUserSFlash8bit.c **** 	/* byte 3,2 and 1 are null */
  77:.\WriteUserSFlash8bit.c **** 	/* byte 0 (i.e. 7F) is the number of bytes to be written */
  78:.\WriteUserSFlash8bit.c **** 	cmdDataBuffer[1]=0x0000007F;	 
  83              		.loc 1 78 0
  84 004e 2423     		mov	r3, #36
  85 0050 FB18     		add	r3, r7, r3
  86 0052 7F22     		mov	r2, #127
  87 0054 5A70     		strb	r2, [r3, #1]
  79:.\WriteUserSFlash8bit.c ****     
  80:.\WriteUserSFlash8bit.c **** 	/* Initialize the SRAM buffer with data bytes */
  81:.\WriteUserSFlash8bit.c ****     for(localCount = 0; localCount < (CY_FLASH_SIZEOF_ROW); localCount++)    
  88              		.loc 1 81 0
  89 0056 AF23     		mov	r3, #175
  90 0058 FB18     		add	r3, r7, r3
ARM GAS  C:\Users\Kevin\AppData\Local\Temp\ccOeHuCA.s 			page 4


  91 005a 0022     		mov	r2, #0
  92 005c 1A70     		strb	r2, [r3]
  93              	.LVL1:
  94 005e 13E0     		b	.L2
  95              	.LVL2:
  96              	.L3:
  82:.\WriteUserSFlash8bit.c **** 	{
  83:.\WriteUserSFlash8bit.c **** 		cmdDataBuffer[localCount + 2] = dataPointer[localCount]; 
  97              		.loc 1 83 0 discriminator 3
  98 0060 AF23     		mov	r3, #175
  99 0062 FB18     		add	r3, r7, r3
 100 0064 1B78     		ldrb	r3, [r3]
 101 0066 0233     		add	r3, r3, #2
 102 0068 AF22     		mov	r2, #175
 103 006a BA18     		add	r2, r7, r2
 104 006c 1278     		ldrb	r2, [r2]
 105 006e 3968     		ldr	r1, [r7]
 106 0070 8A18     		add	r2, r1, r2
 107 0072 1178     		ldrb	r1, [r2]
 108 0074 2422     		mov	r2, #36
 109 0076 BA18     		add	r2, r7, r2
 110 0078 D154     		strb	r1, [r2, r3]
  81:.\WriteUserSFlash8bit.c **** 	{
 111              		.loc 1 81 0 discriminator 3
 112 007a AF23     		mov	r3, #175
 113 007c FB18     		add	r3, r7, r3
 114 007e 1A78     		ldrb	r2, [r3]
 115 0080 AF23     		mov	r3, #175
 116 0082 FB18     		add	r3, r7, r3
 117 0084 0132     		add	r2, r2, #1
 118 0086 1A70     		strb	r2, [r3]
 119              	.LVL3:
 120              	.L2:
  81:.\WriteUserSFlash8bit.c **** 	{
 121              		.loc 1 81 0 is_stmt 0 discriminator 1
 122 0088 AF23     		mov	r3, #175
 123 008a FB18     		add	r3, r7, r3
 124 008c 1B78     		ldrb	r3, [r3]
 125 008e 5BB2     		sxtb	r3, r3
 126 0090 002B     		cmp	r3, #0
 127 0092 E5DA     		bge	.L3
  84:.\WriteUserSFlash8bit.c **** 	}
  85:.\WriteUserSFlash8bit.c **** 	
  86:.\WriteUserSFlash8bit.c **** 	/* Write the following to registers to execute a LOAD FLASH bytes */
  87:.\WriteUserSFlash8bit.c **** 	CY_SET_REG32(CYREG_CPUSS_SYSARG, &cmdDataBuffer[0]);
 128              		.loc 1 87 0 is_stmt 1
 129 0094 204B     		ldr	r3, .L5+24
 130 0096 2422     		mov	r2, #36
 131 0098 BA18     		add	r2, r7, r2
 132 009a 1A60     		str	r2, [r3]
  88:.\WriteUserSFlash8bit.c **** 	CY_SET_REG32(CYREG_CPUSS_SYSREQ, LOAD_FLASH);
 133              		.loc 1 88 0
 134 009c 204B     		ldr	r3, .L5+32
 135 009e 224A     		ldr	r2, .L5+40
 136 00a0 1A60     		str	r2, [r3]
  89:.\WriteUserSFlash8bit.c **** 	
  90:.\WriteUserSFlash8bit.c ****     /****** Initialize SRAM parameters for the WRITE ROW command ******/
ARM GAS  C:\Users\Kevin\AppData\Local\Temp\ccOeHuCA.s 			page 5


  91:.\WriteUserSFlash8bit.c **** 	/* byte 3 & 2 are null */
  92:.\WriteUserSFlash8bit.c **** 	/* byte 1 (i.e. 0xeb) is the key 2  */
  93:.\WriteUserSFlash8bit.c **** 	/* byte 0 (i.e. 0xb6) is the key 1  */
  94:.\WriteUserSFlash8bit.c **** 	cmdDataBuffer[0] = 0x0000ebb6;
 137              		.loc 1 94 0
 138 00a2 2423     		mov	r3, #36
 139 00a4 FB18     		add	r3, r7, r3
 140 00a6 B622     		mov	r2, #182
 141 00a8 1A70     		strb	r2, [r3]
  95:.\WriteUserSFlash8bit.c ****     
  96:.\WriteUserSFlash8bit.c **** 	/* byte 7,6 and 5 are null */
  97:.\WriteUserSFlash8bit.c **** 	/* byte 4 is desired SFlash user row 
  98:.\WriteUserSFlash8bit.c **** 	 * Allowed values 0 - row 4
  99:.\WriteUserSFlash8bit.c **** 	                  1 - row 5 
 100:.\WriteUserSFlash8bit.c **** 					  2 - row 6
 101:.\WriteUserSFlash8bit.c **** 					  3 - row 7 */
 102:.\WriteUserSFlash8bit.c **** 	cmdDataBuffer[1] = (uint32) userRowNUmber;
 142              		.loc 1 102 0
 143 00aa 2423     		mov	r3, #36
 144 00ac FB18     		add	r3, r7, r3
 145 00ae FA1D     		add	r2, r7, #7
 146 00b0 1278     		ldrb	r2, [r2]
 147 00b2 5A70     		strb	r2, [r3, #1]
 103:.\WriteUserSFlash8bit.c **** 	
 104:.\WriteUserSFlash8bit.c **** 	/* Write the following to registers to execute a WRITE USER SFlash ROW command */
 105:.\WriteUserSFlash8bit.c **** 	CY_SET_REG32(CYREG_CPUSS_SYSARG, &cmdDataBuffer[0]);
 148              		.loc 1 105 0
 149 00b4 184B     		ldr	r3, .L5+24
 150 00b6 2422     		mov	r2, #36
 151 00b8 BA18     		add	r2, r7, r2
 152 00ba 1A60     		str	r2, [r3]
 106:.\WriteUserSFlash8bit.c **** 	CY_SET_REG32(CYREG_CPUSS_SYSREQ, WRITE_USER_SFLASH_ROW);
 153              		.loc 1 106 0
 154 00bc 184B     		ldr	r3, .L5+32
 155 00be 1B4A     		ldr	r2, .L5+44
 156 00c0 1A60     		str	r2, [r3]
 107:.\WriteUserSFlash8bit.c ****     
 108:.\WriteUserSFlash8bit.c **** 	/* Read back SYSARG for the result. 0xA0000000 = SUCCESS; */
 109:.\WriteUserSFlash8bit.c **** 	retValue = CY_GET_REG32(CYREG_CPUSS_SYSARG);
 157              		.loc 1 109 0
 158 00c2 154B     		ldr	r3, .L5+24
 159 00c4 1B68     		ldr	r3, [r3]
 160 00c6 A822     		mov	r2, #168
 161 00c8 BA18     		add	r2, r7, r2
 162 00ca 1360     		str	r3, [r2]
 110:.\WriteUserSFlash8bit.c **** 	
 111:.\WriteUserSFlash8bit.c **** 	/* Restore the clock settings after the flash programming is done */
 112:.\WriteUserSFlash8bit.c ****     CY_SET_XTND_REG32((void CYFAR *)(CYREG_CLK_SELECT),reg1);
 163              		.loc 1 112 0
 164 00cc 0C4B     		ldr	r3, .L5
 165 00ce 3A6A     		ldr	r2, [r7, #32]
 166 00d0 1A60     		str	r2, [r3]
 113:.\WriteUserSFlash8bit.c ****     CY_SET_XTND_REG32((void CYFAR *)(CYREG_CLK_IMO_CONFIG),reg2);
 167              		.loc 1 113 0
 168 00d2 0C4B     		ldr	r3, .L5+4
 169 00d4 FA69     		ldr	r2, [r7, #28]
 170 00d6 1A60     		str	r2, [r3]
ARM GAS  C:\Users\Kevin\AppData\Local\Temp\ccOeHuCA.s 			page 6


 114:.\WriteUserSFlash8bit.c ****     CY_SET_XTND_REG32((void CYFAR *)(CYREG_PWR_BG_TRIM4),reg3);
 171              		.loc 1 114 0
 172 00d8 0B4B     		ldr	r3, .L5+8
 173 00da BA69     		ldr	r2, [r7, #24]
 174 00dc 1A60     		str	r2, [r3]
 115:.\WriteUserSFlash8bit.c ****     CY_SET_XTND_REG32((void CYFAR *)(CYREG_PWR_BG_TRIM5),reg4);
 175              		.loc 1 115 0
 176 00de 0B4B     		ldr	r3, .L5+12
 177 00e0 7A69     		ldr	r2, [r7, #20]
 178 00e2 1A60     		str	r2, [r3]
 116:.\WriteUserSFlash8bit.c ****     CY_SET_XTND_REG32((void CYFAR *)(CYREG_CLK_IMO_TRIM1),reg5);
 179              		.loc 1 116 0
 180 00e4 0A4B     		ldr	r3, .L5+16
 181 00e6 3A69     		ldr	r2, [r7, #16]
 182 00e8 1A60     		str	r2, [r3]
 117:.\WriteUserSFlash8bit.c ****     CY_SET_XTND_REG32((void CYFAR *)(CYREG_CLK_IMO_TRIM2),reg6);  
 183              		.loc 1 117 0
 184 00ea 0A4B     		ldr	r3, .L5+20
 185 00ec FA68     		ldr	r2, [r7, #12]
 186 00ee 1A60     		str	r2, [r3]
 118:.\WriteUserSFlash8bit.c **** 	
 119:.\WriteUserSFlash8bit.c **** 	return retValue;
 187              		.loc 1 119 0
 188 00f0 A823     		mov	r3, #168
 189 00f2 FB18     		add	r3, r7, r3
 190 00f4 1B68     		ldr	r3, [r3]
 120:.\WriteUserSFlash8bit.c **** }
 191              		.loc 1 120 0
 192 00f6 181C     		mov	r0, r3
 193              	.LVL4:
 194 00f8 BD46     		mov	sp, r7
 195              	.LVL5:
 196 00fa 2CB0     		add	sp, sp, #176
 197              	.LVL6:
 198              		@ sp needed
 199              	.LVL7:
 200 00fc 80BD     		pop	{r7, pc}
 201              	.L6:
 202 00fe C046     		.align	2
 203              	.L5:
 204 0100 00010B40 		.word	1074462976
 205 0104 08010B40 		.word	1074462984
 206 0108 1CFF0B40 		.word	1074528028
 207 010c 20FF0B40 		.word	1074528032
 208 0110 28FF0B40 		.word	1074528040
 209 0114 2CFF0B40 		.word	1074528044
 210 0118 08001040 		.word	1074790408
 211 011c B6E80000 		.word	59574
 212 0120 04001040 		.word	1074790404
 213 0124 15000080 		.word	-2147483627
 214 0128 04000080 		.word	-2147483644
 215 012c 18000080 		.word	-2147483624
 216              		.cfi_endproc
 217              	.LFE35:
 218              		.size	WriteUserSFlashRow8bit, .-WriteUserSFlashRow8bit
 219              		.text
 220              	.Letext0:
ARM GAS  C:\Users\Kevin\AppData\Local\Temp\ccOeHuCA.s 			page 7


 221              		.file 2 "Generated_Source\\PSoC4/cytypes.h"
 222              		.section	.debug_info,"",%progbits
 223              	.Ldebug_info0:
 224 0000 84010000 		.4byte	0x184
 225 0004 0400     		.2byte	0x4
 226 0006 00000000 		.4byte	.Ldebug_abbrev0
 227 000a 04       		.byte	0x4
 228 000b 01       		.uleb128 0x1
 229 000c 3D010000 		.4byte	.LASF27
 230 0010 01       		.byte	0x1
 231 0011 06000000 		.4byte	.LASF28
 232 0015 AA000000 		.4byte	.LASF29
 233 0019 00000000 		.4byte	.Ldebug_ranges0+0
 234 001d 00000000 		.4byte	0
 235 0021 00000000 		.4byte	.Ldebug_line0
 236 0025 02       		.uleb128 0x2
 237 0026 01       		.byte	0x1
 238 0027 06       		.byte	0x6
 239 0028 EC010000 		.4byte	.LASF0
 240 002c 02       		.uleb128 0x2
 241 002d 01       		.byte	0x1
 242 002e 08       		.byte	0x8
 243 002f 7F000000 		.4byte	.LASF1
 244 0033 02       		.uleb128 0x2
 245 0034 02       		.byte	0x2
 246 0035 05       		.byte	0x5
 247 0036 CB010000 		.4byte	.LASF2
 248 003a 02       		.uleb128 0x2
 249 003b 02       		.byte	0x2
 250 003c 07       		.byte	0x7
 251 003d 33000000 		.4byte	.LASF3
 252 0041 02       		.uleb128 0x2
 253 0042 04       		.byte	0x4
 254 0043 05       		.byte	0x5
 255 0044 D5010000 		.4byte	.LASF4
 256 0048 02       		.uleb128 0x2
 257 0049 04       		.byte	0x4
 258 004a 07       		.byte	0x7
 259 004b 92000000 		.4byte	.LASF5
 260 004f 02       		.uleb128 0x2
 261 0050 08       		.byte	0x8
 262 0051 05       		.byte	0x5
 263 0052 2F010000 		.4byte	.LASF6
 264 0056 02       		.uleb128 0x2
 265 0057 08       		.byte	0x8
 266 0058 07       		.byte	0x7
 267 0059 5E000000 		.4byte	.LASF7
 268 005d 03       		.uleb128 0x3
 269 005e 04       		.byte	0x4
 270 005f 05       		.byte	0x5
 271 0060 696E7400 		.ascii	"int\000"
 272 0064 02       		.uleb128 0x2
 273 0065 04       		.byte	0x4
 274 0066 07       		.byte	0x7
 275 0067 46000000 		.4byte	.LASF8
 276 006b 04       		.uleb128 0x4
 277 006c A4000000 		.4byte	.LASF9
ARM GAS  C:\Users\Kevin\AppData\Local\Temp\ccOeHuCA.s 			page 8


 278 0070 02       		.byte	0x2
 279 0071 C2       		.byte	0xc2
 280 0072 2C000000 		.4byte	0x2c
 281 0076 04       		.uleb128 0x4
 282 0077 02010000 		.4byte	.LASF10
 283 007b 02       		.byte	0x2
 284 007c C4       		.byte	0xc4
 285 007d 48000000 		.4byte	0x48
 286 0081 02       		.uleb128 0x2
 287 0082 04       		.byte	0x4
 288 0083 04       		.byte	0x4
 289 0084 53000000 		.4byte	.LASF11
 290 0088 02       		.uleb128 0x2
 291 0089 08       		.byte	0x8
 292 008a 04       		.byte	0x4
 293 008b E4000000 		.4byte	.LASF12
 294 008f 02       		.uleb128 0x2
 295 0090 01       		.byte	0x1
 296 0091 08       		.byte	0x8
 297 0092 1C010000 		.4byte	.LASF13
 298 0096 05       		.uleb128 0x5
 299 0097 00000000 		.4byte	.LASF14
 300 009b 02       		.byte	0x2
 301 009c 6E01     		.2byte	0x16e
 302 009e A2000000 		.4byte	0xa2
 303 00a2 06       		.uleb128 0x6
 304 00a3 76000000 		.4byte	0x76
 305 00a7 02       		.uleb128 0x2
 306 00a8 04       		.byte	0x4
 307 00a9 07       		.byte	0x7
 308 00aa 26010000 		.4byte	.LASF15
 309 00ae 07       		.uleb128 0x7
 310 00af 04       		.byte	0x4
 311 00b0 6B000000 		.4byte	0x6b
 312 00b4 08       		.uleb128 0x8
 313 00b5 EB000000 		.4byte	.LASF30
 314 00b9 01       		.byte	0x1
 315 00ba 31       		.byte	0x31
 316 00bb 76000000 		.4byte	0x76
 317 00bf 00000000 		.4byte	.LFB35
 318 00c3 30010000 		.4byte	.LFE35-.LFB35
 319 00c7 01       		.uleb128 0x1
 320 00c8 9C       		.byte	0x9c
 321 00c9 72010000 		.4byte	0x172
 322 00cd 09       		.uleb128 0x9
 323 00ce DE010000 		.4byte	.LASF16
 324 00d2 01       		.byte	0x1
 325 00d3 31       		.byte	0x31
 326 00d4 6B000000 		.4byte	0x6b
 327 00d8 00000000 		.4byte	.LLST0
 328 00dc 09       		.uleb128 0x9
 329 00dd 27000000 		.4byte	.LASF17
 330 00e1 01       		.byte	0x1
 331 00e2 31       		.byte	0x31
 332 00e3 AE000000 		.4byte	0xae
 333 00e7 21000000 		.4byte	.LLST1
 334 00eb 0A       		.uleb128 0xa
ARM GAS  C:\Users\Kevin\AppData\Local\Temp\ccOeHuCA.s 			page 9


 335 00ec F8010000 		.4byte	.LASF18
 336 00f0 01       		.byte	0x1
 337 00f1 33       		.byte	0x33
 338 00f2 6B000000 		.4byte	0x6b
 339 00f6 4D000000 		.4byte	.LLST2
 340 00fa 0B       		.uleb128 0xb
 341 00fb 1E000000 		.4byte	.LASF19
 342 00ff 01       		.byte	0x1
 343 0100 34       		.byte	0x34
 344 0101 A2000000 		.4byte	0xa2
 345 0105 02       		.uleb128 0x2
 346 0106 91       		.byte	0x91
 347 0107 70       		.sleb128 -16
 348 0108 0B       		.uleb128 0xb
 349 0109 09010000 		.4byte	.LASF20
 350 010d 01       		.byte	0x1
 351 010e 35       		.byte	0x35
 352 010f 82010000 		.4byte	0x182
 353 0113 03       		.uleb128 0x3
 354 0114 91       		.byte	0x91
 355 0115 EC7E     		.sleb128 -148
 356 0117 0B       		.uleb128 0xb
 357 0118 59000000 		.4byte	.LASF21
 358 011c 01       		.byte	0x1
 359 011d 36       		.byte	0x36
 360 011e A2000000 		.4byte	0xa2
 361 0122 03       		.uleb128 0x3
 362 0123 91       		.byte	0x91
 363 0124 E87E     		.sleb128 -152
 364 0126 0B       		.uleb128 0xb
 365 0127 17010000 		.4byte	.LASF22
 366 012b 01       		.byte	0x1
 367 012c 36       		.byte	0x36
 368 012d A2000000 		.4byte	0xa2
 369 0131 03       		.uleb128 0x3
 370 0132 91       		.byte	0x91
 371 0133 E47E     		.sleb128 -156
 372 0135 0B       		.uleb128 0xb
 373 0136 75000000 		.4byte	.LASF23
 374 013a 01       		.byte	0x1
 375 013b 36       		.byte	0x36
 376 013c A2000000 		.4byte	0xa2
 377 0140 03       		.uleb128 0x3
 378 0141 91       		.byte	0x91
 379 0142 E07E     		.sleb128 -160
 380 0144 0B       		.uleb128 0xb
 381 0145 7A000000 		.4byte	.LASF24
 382 0149 01       		.byte	0x1
 383 014a 36       		.byte	0x36
 384 014b A2000000 		.4byte	0xa2
 385 014f 03       		.uleb128 0x3
 386 0150 91       		.byte	0x91
 387 0151 DC7E     		.sleb128 -164
 388 0153 0B       		.uleb128 0xb
 389 0154 21010000 		.4byte	.LASF25
 390 0158 01       		.byte	0x1
 391 0159 36       		.byte	0x36
ARM GAS  C:\Users\Kevin\AppData\Local\Temp\ccOeHuCA.s 			page 10


 392 015a A2000000 		.4byte	0xa2
 393 015e 03       		.uleb128 0x3
 394 015f 91       		.byte	0x91
 395 0160 D87E     		.sleb128 -168
 396 0162 0B       		.uleb128 0xb
 397 0163 8D000000 		.4byte	.LASF26
 398 0167 01       		.byte	0x1
 399 0168 36       		.byte	0x36
 400 0169 A2000000 		.4byte	0xa2
 401 016d 03       		.uleb128 0x3
 402 016e 91       		.byte	0x91
 403 016f D47E     		.sleb128 -172
 404 0171 00       		.byte	0
 405 0172 0C       		.uleb128 0xc
 406 0173 6B000000 		.4byte	0x6b
 407 0177 82010000 		.4byte	0x182
 408 017b 0D       		.uleb128 0xd
 409 017c A7000000 		.4byte	0xa7
 410 0180 81       		.byte	0x81
 411 0181 00       		.byte	0
 412 0182 06       		.uleb128 0x6
 413 0183 72010000 		.4byte	0x172
 414 0187 00       		.byte	0
 415              		.section	.debug_abbrev,"",%progbits
 416              	.Ldebug_abbrev0:
 417 0000 01       		.uleb128 0x1
 418 0001 11       		.uleb128 0x11
 419 0002 01       		.byte	0x1
 420 0003 25       		.uleb128 0x25
 421 0004 0E       		.uleb128 0xe
 422 0005 13       		.uleb128 0x13
 423 0006 0B       		.uleb128 0xb
 424 0007 03       		.uleb128 0x3
 425 0008 0E       		.uleb128 0xe
 426 0009 1B       		.uleb128 0x1b
 427 000a 0E       		.uleb128 0xe
 428 000b 55       		.uleb128 0x55
 429 000c 17       		.uleb128 0x17
 430 000d 11       		.uleb128 0x11
 431 000e 01       		.uleb128 0x1
 432 000f 10       		.uleb128 0x10
 433 0010 17       		.uleb128 0x17
 434 0011 00       		.byte	0
 435 0012 00       		.byte	0
 436 0013 02       		.uleb128 0x2
 437 0014 24       		.uleb128 0x24
 438 0015 00       		.byte	0
 439 0016 0B       		.uleb128 0xb
 440 0017 0B       		.uleb128 0xb
 441 0018 3E       		.uleb128 0x3e
 442 0019 0B       		.uleb128 0xb
 443 001a 03       		.uleb128 0x3
 444 001b 0E       		.uleb128 0xe
 445 001c 00       		.byte	0
 446 001d 00       		.byte	0
 447 001e 03       		.uleb128 0x3
 448 001f 24       		.uleb128 0x24
ARM GAS  C:\Users\Kevin\AppData\Local\Temp\ccOeHuCA.s 			page 11


 449 0020 00       		.byte	0
 450 0021 0B       		.uleb128 0xb
 451 0022 0B       		.uleb128 0xb
 452 0023 3E       		.uleb128 0x3e
 453 0024 0B       		.uleb128 0xb
 454 0025 03       		.uleb128 0x3
 455 0026 08       		.uleb128 0x8
 456 0027 00       		.byte	0
 457 0028 00       		.byte	0
 458 0029 04       		.uleb128 0x4
 459 002a 16       		.uleb128 0x16
 460 002b 00       		.byte	0
 461 002c 03       		.uleb128 0x3
 462 002d 0E       		.uleb128 0xe
 463 002e 3A       		.uleb128 0x3a
 464 002f 0B       		.uleb128 0xb
 465 0030 3B       		.uleb128 0x3b
 466 0031 0B       		.uleb128 0xb
 467 0032 49       		.uleb128 0x49
 468 0033 13       		.uleb128 0x13
 469 0034 00       		.byte	0
 470 0035 00       		.byte	0
 471 0036 05       		.uleb128 0x5
 472 0037 16       		.uleb128 0x16
 473 0038 00       		.byte	0
 474 0039 03       		.uleb128 0x3
 475 003a 0E       		.uleb128 0xe
 476 003b 3A       		.uleb128 0x3a
 477 003c 0B       		.uleb128 0xb
 478 003d 3B       		.uleb128 0x3b
 479 003e 05       		.uleb128 0x5
 480 003f 49       		.uleb128 0x49
 481 0040 13       		.uleb128 0x13
 482 0041 00       		.byte	0
 483 0042 00       		.byte	0
 484 0043 06       		.uleb128 0x6
 485 0044 35       		.uleb128 0x35
 486 0045 00       		.byte	0
 487 0046 49       		.uleb128 0x49
 488 0047 13       		.uleb128 0x13
 489 0048 00       		.byte	0
 490 0049 00       		.byte	0
 491 004a 07       		.uleb128 0x7
 492 004b 0F       		.uleb128 0xf
 493 004c 00       		.byte	0
 494 004d 0B       		.uleb128 0xb
 495 004e 0B       		.uleb128 0xb
 496 004f 49       		.uleb128 0x49
 497 0050 13       		.uleb128 0x13
 498 0051 00       		.byte	0
 499 0052 00       		.byte	0
 500 0053 08       		.uleb128 0x8
 501 0054 2E       		.uleb128 0x2e
 502 0055 01       		.byte	0x1
 503 0056 3F       		.uleb128 0x3f
 504 0057 19       		.uleb128 0x19
 505 0058 03       		.uleb128 0x3
ARM GAS  C:\Users\Kevin\AppData\Local\Temp\ccOeHuCA.s 			page 12


 506 0059 0E       		.uleb128 0xe
 507 005a 3A       		.uleb128 0x3a
 508 005b 0B       		.uleb128 0xb
 509 005c 3B       		.uleb128 0x3b
 510 005d 0B       		.uleb128 0xb
 511 005e 27       		.uleb128 0x27
 512 005f 19       		.uleb128 0x19
 513 0060 49       		.uleb128 0x49
 514 0061 13       		.uleb128 0x13
 515 0062 11       		.uleb128 0x11
 516 0063 01       		.uleb128 0x1
 517 0064 12       		.uleb128 0x12
 518 0065 06       		.uleb128 0x6
 519 0066 40       		.uleb128 0x40
 520 0067 18       		.uleb128 0x18
 521 0068 9742     		.uleb128 0x2117
 522 006a 19       		.uleb128 0x19
 523 006b 01       		.uleb128 0x1
 524 006c 13       		.uleb128 0x13
 525 006d 00       		.byte	0
 526 006e 00       		.byte	0
 527 006f 09       		.uleb128 0x9
 528 0070 05       		.uleb128 0x5
 529 0071 00       		.byte	0
 530 0072 03       		.uleb128 0x3
 531 0073 0E       		.uleb128 0xe
 532 0074 3A       		.uleb128 0x3a
 533 0075 0B       		.uleb128 0xb
 534 0076 3B       		.uleb128 0x3b
 535 0077 0B       		.uleb128 0xb
 536 0078 49       		.uleb128 0x49
 537 0079 13       		.uleb128 0x13
 538 007a 02       		.uleb128 0x2
 539 007b 17       		.uleb128 0x17
 540 007c 00       		.byte	0
 541 007d 00       		.byte	0
 542 007e 0A       		.uleb128 0xa
 543 007f 34       		.uleb128 0x34
 544 0080 00       		.byte	0
 545 0081 03       		.uleb128 0x3
 546 0082 0E       		.uleb128 0xe
 547 0083 3A       		.uleb128 0x3a
 548 0084 0B       		.uleb128 0xb
 549 0085 3B       		.uleb128 0x3b
 550 0086 0B       		.uleb128 0xb
 551 0087 49       		.uleb128 0x49
 552 0088 13       		.uleb128 0x13
 553 0089 02       		.uleb128 0x2
 554 008a 17       		.uleb128 0x17
 555 008b 00       		.byte	0
 556 008c 00       		.byte	0
 557 008d 0B       		.uleb128 0xb
 558 008e 34       		.uleb128 0x34
 559 008f 00       		.byte	0
 560 0090 03       		.uleb128 0x3
 561 0091 0E       		.uleb128 0xe
 562 0092 3A       		.uleb128 0x3a
ARM GAS  C:\Users\Kevin\AppData\Local\Temp\ccOeHuCA.s 			page 13


 563 0093 0B       		.uleb128 0xb
 564 0094 3B       		.uleb128 0x3b
 565 0095 0B       		.uleb128 0xb
 566 0096 49       		.uleb128 0x49
 567 0097 13       		.uleb128 0x13
 568 0098 02       		.uleb128 0x2
 569 0099 18       		.uleb128 0x18
 570 009a 00       		.byte	0
 571 009b 00       		.byte	0
 572 009c 0C       		.uleb128 0xc
 573 009d 01       		.uleb128 0x1
 574 009e 01       		.byte	0x1
 575 009f 49       		.uleb128 0x49
 576 00a0 13       		.uleb128 0x13
 577 00a1 01       		.uleb128 0x1
 578 00a2 13       		.uleb128 0x13
 579 00a3 00       		.byte	0
 580 00a4 00       		.byte	0
 581 00a5 0D       		.uleb128 0xd
 582 00a6 21       		.uleb128 0x21
 583 00a7 00       		.byte	0
 584 00a8 49       		.uleb128 0x49
 585 00a9 13       		.uleb128 0x13
 586 00aa 2F       		.uleb128 0x2f
 587 00ab 0B       		.uleb128 0xb
 588 00ac 00       		.byte	0
 589 00ad 00       		.byte	0
 590 00ae 00       		.byte	0
 591              		.section	.debug_loc,"",%progbits
 592              	.Ldebug_loc0:
 593              	.LLST0:
 594 0000 00000000 		.4byte	.LVL0
 595 0004 F8000000 		.4byte	.LVL4
 596 0008 0100     		.2byte	0x1
 597 000a 50       		.byte	0x50
 598 000b F8000000 		.4byte	.LVL4
 599 000f 30010000 		.4byte	.LFE35
 600 0013 0400     		.2byte	0x4
 601 0015 F3       		.byte	0xf3
 602 0016 01       		.uleb128 0x1
 603 0017 50       		.byte	0x50
 604 0018 9F       		.byte	0x9f
 605 0019 00000000 		.4byte	0
 606 001d 00000000 		.4byte	0
 607              	.LLST1:
 608 0021 00000000 		.4byte	.LVL0
 609 0025 60000000 		.4byte	.LVL2
 610 0029 0100     		.2byte	0x1
 611 002b 51       		.byte	0x51
 612 002c 60000000 		.4byte	.LVL2
 613 0030 FC000000 		.4byte	.LVL6
 614 0034 0200     		.2byte	0x2
 615 0036 7D       		.byte	0x7d
 616 0037 00       		.sleb128 0
 617 0038 FC000000 		.4byte	.LVL6
 618 003c 30010000 		.4byte	.LFE35
 619 0040 0300     		.2byte	0x3
ARM GAS  C:\Users\Kevin\AppData\Local\Temp\ccOeHuCA.s 			page 14


 620 0042 7D       		.byte	0x7d
 621 0043 D07E     		.sleb128 -176
 622 0045 00000000 		.4byte	0
 623 0049 00000000 		.4byte	0
 624              	.LLST2:
 625 004d 5E000000 		.4byte	.LVL1
 626 0051 FA000000 		.4byte	.LVL5
 627 0055 0300     		.2byte	0x3
 628 0057 7D       		.byte	0x7d
 629 0058 AF01     		.sleb128 175
 630 005a FA000000 		.4byte	.LVL5
 631 005e FC000000 		.4byte	.LVL7
 632 0062 0300     		.2byte	0x3
 633 0064 77       		.byte	0x77
 634 0065 AF01     		.sleb128 175
 635 0067 FC000000 		.4byte	.LVL7
 636 006b 30010000 		.4byte	.LFE35
 637 006f 0200     		.2byte	0x2
 638 0071 91       		.byte	0x91
 639 0072 77       		.sleb128 -9
 640 0073 00000000 		.4byte	0
 641 0077 00000000 		.4byte	0
 642              		.section	.debug_aranges,"",%progbits
 643 0000 1C000000 		.4byte	0x1c
 644 0004 0200     		.2byte	0x2
 645 0006 00000000 		.4byte	.Ldebug_info0
 646 000a 04       		.byte	0x4
 647 000b 00       		.byte	0
 648 000c 0000     		.2byte	0
 649 000e 0000     		.2byte	0
 650 0010 00000000 		.4byte	.LFB35
 651 0014 30010000 		.4byte	.LFE35-.LFB35
 652 0018 00000000 		.4byte	0
 653 001c 00000000 		.4byte	0
 654              		.section	.debug_ranges,"",%progbits
 655              	.Ldebug_ranges0:
 656 0000 00000000 		.4byte	.LFB35
 657 0004 30010000 		.4byte	.LFE35
 658 0008 00000000 		.4byte	0
 659 000c 00000000 		.4byte	0
 660              		.section	.debug_line,"",%progbits
 661              	.Ldebug_line0:
 662 0000 93000000 		.section	.debug_str,"MS",%progbits,1
 662      02005200 
 662      00000201 
 662      FB0E0D00 
 662      01010101 
 663              	.LASF14:
 664 0000 72656733 		.ascii	"reg32\000"
 664      3200
 665              	.LASF28:
 666 0006 2E5C5772 		.ascii	".\\WriteUserSFlash8bit.c\000"
 666      69746555 
 666      73657253 
 666      466C6173 
 666      68386269 
 667              	.LASF19:
ARM GAS  C:\Users\Kevin\AppData\Local\Temp\ccOeHuCA.s 			page 15


 668 001e 72657456 		.ascii	"retValue\000"
 668      616C7565 
 668      00
 669              	.LASF17:
 670 0027 64617461 		.ascii	"dataPointer\000"
 670      506F696E 
 670      74657200 
 671              	.LASF3:
 672 0033 73686F72 		.ascii	"short unsigned int\000"
 672      7420756E 
 672      7369676E 
 672      65642069 
 672      6E7400
 673              	.LASF8:
 674 0046 756E7369 		.ascii	"unsigned int\000"
 674      676E6564 
 674      20696E74 
 674      00
 675              	.LASF11:
 676 0053 666C6F61 		.ascii	"float\000"
 676      7400
 677              	.LASF21:
 678 0059 72656731 		.ascii	"reg1\000"
 678      00
 679              	.LASF7:
 680 005e 6C6F6E67 		.ascii	"long long unsigned int\000"
 680      206C6F6E 
 680      6720756E 
 680      7369676E 
 680      65642069 
 681              	.LASF23:
 682 0075 72656733 		.ascii	"reg3\000"
 682      00
 683              	.LASF24:
 684 007a 72656734 		.ascii	"reg4\000"
 684      00
 685              	.LASF1:
 686 007f 756E7369 		.ascii	"unsigned char\000"
 686      676E6564 
 686      20636861 
 686      7200
 687              	.LASF26:
 688 008d 72656736 		.ascii	"reg6\000"
 688      00
 689              	.LASF5:
 690 0092 6C6F6E67 		.ascii	"long unsigned int\000"
 690      20756E73 
 690      69676E65 
 690      6420696E 
 690      7400
 691              	.LASF9:
 692 00a4 75696E74 		.ascii	"uint8\000"
 692      3800
 693              	.LASF29:
 694 00aa 463A5C45 		.ascii	"F:\\Electronics\\PSoC Creator\\SimpleTimer\\SimpleT"
 694      6C656374 
 694      726F6E69 
ARM GAS  C:\Users\Kevin\AppData\Local\Temp\ccOeHuCA.s 			page 16


 694      63735C50 
 694      536F4320 
 695 00d9 696D6572 		.ascii	"imer.cydsn\000"
 695      2E637964 
 695      736E00
 696              	.LASF12:
 697 00e4 646F7562 		.ascii	"double\000"
 697      6C6500
 698              	.LASF30:
 699 00eb 57726974 		.ascii	"WriteUserSFlashRow8bit\000"
 699      65557365 
 699      7253466C 
 699      61736852 
 699      6F773862 
 700              	.LASF10:
 701 0102 75696E74 		.ascii	"uint32\000"
 701      333200
 702              	.LASF20:
 703 0109 636D6444 		.ascii	"cmdDataBuffer\000"
 703      61746142 
 703      75666665 
 703      7200
 704              	.LASF22:
 705 0117 72656732 		.ascii	"reg2\000"
 705      00
 706              	.LASF13:
 707 011c 63686172 		.ascii	"char\000"
 707      00
 708              	.LASF25:
 709 0121 72656735 		.ascii	"reg5\000"
 709      00
 710              	.LASF15:
 711 0126 73697A65 		.ascii	"sizetype\000"
 711      74797065 
 711      00
 712              	.LASF6:
 713 012f 6C6F6E67 		.ascii	"long long int\000"
 713      206C6F6E 
 713      6720696E 
 713      7400
 714              	.LASF27:
 715 013d 474E5520 		.ascii	"GNU C 4.9.3 20150303 (release) [ARM/embedded-4_9-br"
 715      4320342E 
 715      392E3320 
 715      32303135 
 715      30333033 
 716 0170 616E6368 		.ascii	"anch revision 221220] -mcpu=cortex-m0 -mthumb -g -O"
 716      20726576 
 716      6973696F 
 716      6E203232 
 716      31323230 
 717 01a3 67202D66 		.ascii	"g -ffunction-sections -ffat-lto-objects\000"
 717      66756E63 
 717      74696F6E 
 717      2D736563 
 717      74696F6E 
 718              	.LASF2:
ARM GAS  C:\Users\Kevin\AppData\Local\Temp\ccOeHuCA.s 			page 17


 719 01cb 73686F72 		.ascii	"short int\000"
 719      7420696E 
 719      7400
 720              	.LASF4:
 721 01d5 6C6F6E67 		.ascii	"long int\000"
 721      20696E74 
 721      00
 722              	.LASF16:
 723 01de 75736572 		.ascii	"userRowNUmber\000"
 723      526F774E 
 723      556D6265 
 723      7200
 724              	.LASF0:
 725 01ec 7369676E 		.ascii	"signed char\000"
 725      65642063 
 725      68617200 
 726              	.LASF18:
 727 01f8 6C6F6361 		.ascii	"localCount\000"
 727      6C436F75 
 727      6E7400
 728              		.ident	"GCC: (GNU Tools for ARM Embedded Processors) 4.9.3 20150303 (release) [ARM/embedded-4_9-br
