ARM GAS  C:\Users\Kevin\AppData\Local\Temp\cc0Ulgoi.s 			page 1


   1              		.cpu cortex-m0
   2              		.fpu softvfp
   3              		.eabi_attribute 20, 1
   4              		.eabi_attribute 21, 1
   5              		.eabi_attribute 23, 3
   6              		.eabi_attribute 24, 1
   7              		.eabi_attribute 25, 1
   8              		.eabi_attribute 26, 1
   9              		.eabi_attribute 30, 6
  10              		.eabi_attribute 34, 0
  11              		.eabi_attribute 18, 4
  12              		.code	16
  13              		.file	"WriteUserSFlash.c"
  14              		.text
  15              	.Ltext0:
  16              		.cfi_sections	.debug_frame
  17              		.comm	servoTimes,22,4
  18              		.comm	servo1Positions,22,4
  19              		.comm	DataSet,52,4
  20              		.comm	time_10ms,4,4
  21              		.comm	flight_fase,1,1
  22              		.comm	timeStep,4,4
  23              		.section	.text.ReadArraySFlash,"ax",%progbits
  24              		.align	2
  25              		.global	ReadArraySFlash
  26              		.code	16
  27              		.thumb_func
  28              		.type	ReadArraySFlash, %function
  29              	ReadArraySFlash:
  30              	.LFB35:
  31              		.file 1 ".\\WriteUserSFlash.c"
   1:.\WriteUserSFlash.c **** /*******************************************************************************
   2:.\WriteUserSFlash.c **** * File Name: WriteUserSFlash.c
   3:.\WriteUserSFlash.c **** *
   4:.\WriteUserSFlash.c **** * Version: 1.0
   5:.\WriteUserSFlash.c **** *
   6:.\WriteUserSFlash.c **** * Description:
   7:.\WriteUserSFlash.c **** *  This file contains the source code for User SFlash Write API.
   8:.\WriteUserSFlash.c **** *
   9:.\WriteUserSFlash.c **** * Owner:
  10:.\WriteUserSFlash.c **** *  sey@cypress.com, kris@cypress.com
  11:.\WriteUserSFlash.c **** *
  12:.\WriteUserSFlash.c **** * Hardware Dependency:
  13:.\WriteUserSFlash.c **** *  1. PSoC 4 BLE device
  14:.\WriteUserSFlash.c **** *
  15:.\WriteUserSFlash.c **** * Code Tested With:
  16:.\WriteUserSFlash.c **** *  1. PSoC Creator 3.1 SP1
  17:.\WriteUserSFlash.c **** *  2. ARM GCC 4.8.4
  18:.\WriteUserSFlash.c **** *
  19:.\WriteUserSFlash.c **** ********************************************************************************
  20:.\WriteUserSFlash.c **** * Copyright 2015, Cypress Semiconductor Corporation.  All rights reserved.
  21:.\WriteUserSFlash.c **** * You may use this file only in accordance with the license, terms, conditions,
  22:.\WriteUserSFlash.c **** * disclaimers, and limitations in the end user license agreement accompanying
  23:.\WriteUserSFlash.c **** * the software package with which this file was provided.
  24:.\WriteUserSFlash.c **** *******************************************************************************/
  25:.\WriteUserSFlash.c **** 
  26:.\WriteUserSFlash.c **** #include <Project.h>
ARM GAS  C:\Users\Kevin\AppData\Local\Temp\cc0Ulgoi.s 			page 2


  27:.\WriteUserSFlash.c **** #include <WriteUserSFlash.h>
  28:.\WriteUserSFlash.c **** #include <main.h>
  29:.\WriteUserSFlash.c **** 
  30:.\WriteUserSFlash.c **** #if defined (__GNUC__)
  31:.\WriteUserSFlash.c **** #pragma GCC optimize ("O0")
  32:.\WriteUserSFlash.c **** #endif /* End of #if defined (__GNUC__) */
  33:.\WriteUserSFlash.c **** 
  34:.\WriteUserSFlash.c **** /*******************************************************************************
  35:.\WriteUserSFlash.c **** * Function Name: ReadArraySFlash
  36:.\WriteUserSFlash.c **** ********************************************************************************
  37:.\WriteUserSFlash.c **** * Summary:
  38:.\WriteUserSFlash.c **** *        This routine reads an array of bytes (uint8) from SFlash memory, ensure 
  39:.\WriteUserSFlash.c **** *        a pointer to is provided to which data should be written.
  40:.\WriteUserSFlash.c **** *
  41:.\WriteUserSFlash.c **** * Parameters:
  42:.\WriteUserSFlash.c **** *  * data - Pointer to array of bytes to be read
  43:.\WriteUserSFlash.c **** *  len - Length of array
  44:.\WriteUserSFlash.c **** *
  45:.\WriteUserSFlash.c **** *******************************************************************************/    
  46:.\WriteUserSFlash.c **** void ReadArraySFlash(uint8 * data, uint16 len)
  47:.\WriteUserSFlash.c **** {   
  32              		.loc 1 47 0
  33              		.cfi_startproc
  34 0000 80B5     		push	{r7, lr}
  35              		.cfi_def_cfa_offset 8
  36              		.cfi_offset 7, -8
  37              		.cfi_offset 14, -4
  38 0002 84B0     		sub	sp, sp, #16
  39              		.cfi_def_cfa_offset 24
  40 0004 00AF     		add	r7, sp, #0
  41              		.cfi_def_cfa_register 7
  42 0006 7860     		str	r0, [r7, #4]
  43 0008 0A1C     		mov	r2, r1
  44 000a BB1C     		add	r3, r7, #2
  45 000c 1A80     		strh	r2, [r3]
  48:.\WriteUserSFlash.c ****     uint8 *sflashPtr;
  49:.\WriteUserSFlash.c ****     sflashPtr = (uint8 *)USER_SFLASH_BASE_ADDRESS; /* User SFlash read is direct memory read using 
  46              		.loc 1 49 0
  47 000e 114B     		ldr	r3, .L4
  48 0010 FB60     		str	r3, [r7, #12]
  50:.\WriteUserSFlash.c ****     uint16 dataIndex;
  51:.\WriteUserSFlash.c ****     for(dataIndex = 0; dataIndex < len; dataIndex++)
  49              		.loc 1 51 0
  50 0012 0A23     		mov	r3, #10
  51 0014 FB18     		add	r3, r7, r3
  52 0016 0022     		mov	r2, #0
  53 0018 1A80     		strh	r2, [r3]
  54 001a 11E0     		b	.L2
  55              	.L3:
  52:.\WriteUserSFlash.c ****     {
  53:.\WriteUserSFlash.c ****         data[dataIndex] = *sflashPtr;
  56              		.loc 1 53 0 discriminator 3
  57 001c 0A23     		mov	r3, #10
  58 001e FB18     		add	r3, r7, r3
  59 0020 1B88     		ldrh	r3, [r3]
  60 0022 7A68     		ldr	r2, [r7, #4]
  61 0024 D318     		add	r3, r2, r3
ARM GAS  C:\Users\Kevin\AppData\Local\Temp\cc0Ulgoi.s 			page 3


  62 0026 FA68     		ldr	r2, [r7, #12]
  63 0028 1278     		ldrb	r2, [r2]
  64 002a 1A70     		strb	r2, [r3]
  54:.\WriteUserSFlash.c ****         sflashPtr++;
  65              		.loc 1 54 0 discriminator 3
  66 002c FB68     		ldr	r3, [r7, #12]
  67 002e 0133     		add	r3, r3, #1
  68 0030 FB60     		str	r3, [r7, #12]
  51:.\WriteUserSFlash.c ****     {
  69              		.loc 1 51 0 discriminator 3
  70 0032 0A23     		mov	r3, #10
  71 0034 FB18     		add	r3, r7, r3
  72 0036 1A88     		ldrh	r2, [r3]
  73 0038 0A23     		mov	r3, #10
  74 003a FB18     		add	r3, r7, r3
  75 003c 0132     		add	r2, r2, #1
  76 003e 1A80     		strh	r2, [r3]
  77              	.L2:
  51:.\WriteUserSFlash.c ****     {
  78              		.loc 1 51 0 is_stmt 0 discriminator 1
  79 0040 0A23     		mov	r3, #10
  80 0042 FA18     		add	r2, r7, r3
  81 0044 BB1C     		add	r3, r7, #2
  82 0046 1288     		ldrh	r2, [r2]
  83 0048 1B88     		ldrh	r3, [r3]
  84 004a 9A42     		cmp	r2, r3
  85 004c E6D3     		bcc	.L3
  55:.\WriteUserSFlash.c ****     }
  56:.\WriteUserSFlash.c **** }
  86              		.loc 1 56 0 is_stmt 1
  87 004e BD46     		mov	sp, r7
  88 0050 04B0     		add	sp, sp, #16
  89              		@ sp needed
  90 0052 80BD     		pop	{r7, pc}
  91              	.L5:
  92              		.align	2
  93              	.L4:
  94 0054 00F2FF0F 		.word	268431872
  95              		.cfi_endproc
  96              	.LFE35:
  97              		.size	ReadArraySFlash, .-ReadArraySFlash
  98              		.section	.text.WriteArraySFlash,"ax",%progbits
  99              		.align	2
 100              		.global	WriteArraySFlash
 101              		.code	16
 102              		.thumb_func
 103              		.type	WriteArraySFlash, %function
 104              	WriteArraySFlash:
 105              	.LFB36:
  57:.\WriteUserSFlash.c **** 
  58:.\WriteUserSFlash.c **** /*******************************************************************************
  59:.\WriteUserSFlash.c **** * Function Name: WriteArraySFlash
  60:.\WriteUserSFlash.c **** ********************************************************************************
  61:.\WriteUserSFlash.c **** * Summary:
  62:.\WriteUserSFlash.c **** *        This routine writes an array of bytes (uint8) to SFlash memory using  
  63:.\WriteUserSFlash.c **** *        WriteUserSFlashRow method.
  64:.\WriteUserSFlash.c **** *
ARM GAS  C:\Users\Kevin\AppData\Local\Temp\cc0Ulgoi.s 			page 4


  65:.\WriteUserSFlash.c **** * Parameters:
  66:.\WriteUserSFlash.c **** *  data[] - Array of bytes to be written
  67:.\WriteUserSFlash.c **** *  len - Length of array
  68:.\WriteUserSFlash.c **** *
  69:.\WriteUserSFlash.c **** *******************************************************************************/    
  70:.\WriteUserSFlash.c **** void WriteArraySFlash(uint8 data[], uint16 len)
  71:.\WriteUserSFlash.c **** {
 106              		.loc 1 71 0
 107              		.cfi_startproc
 108 0000 80B5     		push	{r7, lr}
 109              		.cfi_def_cfa_offset 8
 110              		.cfi_offset 7, -8
 111              		.cfi_offset 14, -4
 112 0002 A4B0     		sub	sp, sp, #144
 113              		.cfi_def_cfa_offset 152
 114 0004 00AF     		add	r7, sp, #0
 115              		.cfi_def_cfa_register 7
 116 0006 7860     		str	r0, [r7, #4]
 117 0008 0A1C     		mov	r2, r1
 118 000a BB1C     		add	r3, r7, #2
 119 000c 1A80     		strh	r2, [r3]
  72:.\WriteUserSFlash.c ****     uint32 SFlash[USER_SFLASH_ROW_SIZE/4u];
  73:.\WriteUserSFlash.c ****     uint16 dataIndex;
  74:.\WriteUserSFlash.c ****     for(dataIndex=0; dataIndex<len/4u; dataIndex++)
 120              		.loc 1 74 0
 121 000e 8E23     		mov	r3, #142
 122 0010 FB18     		add	r3, r7, r3
 123 0012 0022     		mov	r2, #0
 124 0014 1A80     		strh	r2, [r3]
 125 0016 35E0     		b	.L7
 126              	.L8:
  75:.\WriteUserSFlash.c ****     {
  76:.\WriteUserSFlash.c ****         SFlash[dataIndex] = data[dataIndex*4u+0u]     | /* Fill the user SFlash write buffer with k
 127              		.loc 1 76 0 discriminator 3
 128 0018 8E23     		mov	r3, #142
 129 001a FB18     		add	r3, r7, r3
 130 001c 1A88     		ldrh	r2, [r3]
 131 001e 8E23     		mov	r3, #142
 132 0020 FB18     		add	r3, r7, r3
 133 0022 1B88     		ldrh	r3, [r3]
 134 0024 9B00     		lsl	r3, r3, #2
 135 0026 7968     		ldr	r1, [r7, #4]
 136 0028 CB18     		add	r3, r1, r3
 137 002a 1B78     		ldrb	r3, [r3]
 138 002c 181C     		mov	r0, r3
  77:.\WriteUserSFlash.c ****                            (data[dataIndex*4u+1u]<<8u) | /* Convert 8bit DataSet to 32bit SFlash */
 139              		.loc 1 77 0 discriminator 3
 140 002e 8E23     		mov	r3, #142
 141 0030 FB18     		add	r3, r7, r3
 142 0032 1B88     		ldrh	r3, [r3]
 143 0034 9B00     		lsl	r3, r3, #2
 144 0036 0133     		add	r3, r3, #1
 145 0038 7968     		ldr	r1, [r7, #4]
 146 003a CB18     		add	r3, r1, r3
 147 003c 1B78     		ldrb	r3, [r3]
 148 003e 1B02     		lsl	r3, r3, #8
  76:.\WriteUserSFlash.c ****                            (data[dataIndex*4u+1u]<<8u) | /* Convert 8bit DataSet to 32bit SFlash */
ARM GAS  C:\Users\Kevin\AppData\Local\Temp\cc0Ulgoi.s 			page 5


 149              		.loc 1 76 0 discriminator 3
 150 0040 011C     		mov	r1, r0
 151 0042 1943     		orr	r1, r3
  78:.\WriteUserSFlash.c ****                            (data[dataIndex*4u+2u]<<16u)|
 152              		.loc 1 78 0 discriminator 3
 153 0044 8E23     		mov	r3, #142
 154 0046 FB18     		add	r3, r7, r3
 155 0048 1B88     		ldrh	r3, [r3]
 156 004a 9B00     		lsl	r3, r3, #2
 157 004c 0233     		add	r3, r3, #2
 158 004e 7868     		ldr	r0, [r7, #4]
 159 0050 C318     		add	r3, r0, r3
 160 0052 1B78     		ldrb	r3, [r3]
 161 0054 1B04     		lsl	r3, r3, #16
  77:.\WriteUserSFlash.c ****                            (data[dataIndex*4u+1u]<<8u) | /* Convert 8bit DataSet to 32bit SFlash */
 162              		.loc 1 77 0 discriminator 3
 163 0056 1943     		orr	r1, r3
  79:.\WriteUserSFlash.c ****                            (data[dataIndex*4u+3u]<<24u);
 164              		.loc 1 79 0 discriminator 3
 165 0058 8E23     		mov	r3, #142
 166 005a FB18     		add	r3, r7, r3
 167 005c 1B88     		ldrh	r3, [r3]
 168 005e 9B00     		lsl	r3, r3, #2
 169 0060 0333     		add	r3, r3, #3
 170 0062 7868     		ldr	r0, [r7, #4]
 171 0064 C318     		add	r3, r0, r3
 172 0066 1B78     		ldrb	r3, [r3]
 173 0068 1B06     		lsl	r3, r3, #24
  78:.\WriteUserSFlash.c ****                            (data[dataIndex*4u+2u]<<16u)|
 174              		.loc 1 78 0 discriminator 3
 175 006a 0B43     		orr	r3, r1
  76:.\WriteUserSFlash.c ****                            (data[dataIndex*4u+1u]<<8u) | /* Convert 8bit DataSet to 32bit SFlash */
 176              		.loc 1 76 0 discriminator 3
 177 006c 191C     		mov	r1, r3
 178 006e 0C23     		mov	r3, #12
 179 0070 FB18     		add	r3, r7, r3
 180 0072 9200     		lsl	r2, r2, #2
 181 0074 D150     		str	r1, [r2, r3]
  74:.\WriteUserSFlash.c ****     {
 182              		.loc 1 74 0 discriminator 3
 183 0076 8E23     		mov	r3, #142
 184 0078 FB18     		add	r3, r7, r3
 185 007a 1A88     		ldrh	r2, [r3]
 186 007c 8E23     		mov	r3, #142
 187 007e FB18     		add	r3, r7, r3
 188 0080 0132     		add	r2, r2, #1
 189 0082 1A80     		strh	r2, [r3]
 190              	.L7:
  74:.\WriteUserSFlash.c ****     {
 191              		.loc 1 74 0 is_stmt 0 discriminator 1
 192 0084 BB1C     		add	r3, r7, #2
 193 0086 1B88     		ldrh	r3, [r3]
 194 0088 9B08     		lsr	r3, r3, #2
 195 008a 9BB2     		uxth	r3, r3
 196 008c 8E22     		mov	r2, #142
 197 008e BA18     		add	r2, r7, r2
 198 0090 1288     		ldrh	r2, [r2]
ARM GAS  C:\Users\Kevin\AppData\Local\Temp\cc0Ulgoi.s 			page 6


 199 0092 9A42     		cmp	r2, r3
 200 0094 C0D3     		bcc	.L8
  80:.\WriteUserSFlash.c ****     }
  81:.\WriteUserSFlash.c ****     WriteUserSFlashRow(0, &SFlash[0]); // Write to row 0
 201              		.loc 1 81 0 is_stmt 1
 202 0096 0C23     		mov	r3, #12
 203 0098 FB18     		add	r3, r7, r3
 204 009a 0020     		mov	r0, #0
 205 009c 191C     		mov	r1, r3
 206 009e FFF7FEFF 		bl	WriteUserSFlashRow
  82:.\WriteUserSFlash.c **** }
 207              		.loc 1 82 0
 208 00a2 BD46     		mov	sp, r7
 209 00a4 24B0     		add	sp, sp, #144
 210              		@ sp needed
 211 00a6 80BD     		pop	{r7, pc}
 212              		.cfi_endproc
 213              	.LFE36:
 214              		.size	WriteArraySFlash, .-WriteArraySFlash
 215              		.section	.text.WriteUserSFlashRow,"ax",%progbits
 216              		.align	2
 217              		.global	WriteUserSFlashRow
 218              		.code	16
 219              		.thumb_func
 220              		.type	WriteUserSFlashRow, %function
 221              	WriteUserSFlashRow:
 222              	.LFB37:
  83:.\WriteUserSFlash.c **** 
  84:.\WriteUserSFlash.c **** /*******************************************************************************
  85:.\WriteUserSFlash.c **** * Function Name: WriteUserSFlashRow
  86:.\WriteUserSFlash.c **** ********************************************************************************
  87:.\WriteUserSFlash.c **** * Summary:
  88:.\WriteUserSFlash.c **** *        This routine calls the PSoC 4 BLE device supervisory ROM APIs to update
  89:.\WriteUserSFlash.c **** * the user configuration area of Supervisory Flash (SFlash).  
  90:.\WriteUserSFlash.c **** *
  91:.\WriteUserSFlash.c **** * Parameters:
  92:.\WriteUserSFlash.c **** *  userRowNUmber - User config SFlash row number to which data is to be written
  93:.\WriteUserSFlash.c **** *  dataPointer - Pointer to the data to be written. This API writes one row of
  94:.\WriteUserSFlash.c **** *                user config SFlash row at a time.
  95:.\WriteUserSFlash.c **** *
  96:.\WriteUserSFlash.c **** * Return:
  97:.\WriteUserSFlash.c **** *  uint32 - state of the user config SFlash write operation.
  98:.\WriteUserSFlash.c **** *
  99:.\WriteUserSFlash.c **** *******************************************************************************/    
 100:.\WriteUserSFlash.c **** uint32 WriteUserSFlashRow(uint8 userRowNUmber, uint32 *dataPointer)
 101:.\WriteUserSFlash.c **** {
 223              		.loc 1 101 0
 224              		.cfi_startproc
 225 0000 80B5     		push	{r7, lr}
 226              		.cfi_def_cfa_offset 8
 227              		.cfi_offset 7, -8
 228              		.cfi_offset 14, -4
 229 0002 ACB0     		sub	sp, sp, #176
 230              		.cfi_def_cfa_offset 184
 231 0004 00AF     		add	r7, sp, #0
 232              		.cfi_def_cfa_register 7
 233 0006 021C     		mov	r2, r0
ARM GAS  C:\Users\Kevin\AppData\Local\Temp\cc0Ulgoi.s 			page 7


 234 0008 3960     		str	r1, [r7]
 235 000a FB1D     		add	r3, r7, #7
 236 000c 1A70     		strb	r2, [r3]
 102:.\WriteUserSFlash.c ****     uint8 localCount;
 103:.\WriteUserSFlash.c **** 	volatile uint32 retValue=0;
 237              		.loc 1 103 0
 238 000e 0023     		mov	r3, #0
 239 0010 A822     		mov	r2, #168
 240 0012 BA18     		add	r2, r7, r2
 241 0014 1360     		str	r3, [r2]
 104:.\WriteUserSFlash.c **** 	volatile uint32 cmdDataBuffer[(CY_FLASH_SIZEOF_ROW/4) + 2];
 105:.\WriteUserSFlash.c **** 	volatile uint32 reg1,reg2,reg3,reg4,reg5,reg6;
 106:.\WriteUserSFlash.c **** 	
 107:.\WriteUserSFlash.c **** 	/* Store the clock settings temporarily */
 108:.\WriteUserSFlash.c ****     reg1 =	CY_GET_XTND_REG32((void CYFAR *)(CYREG_CLK_SELECT));
 242              		.loc 1 108 0
 243 0016 3A4B     		ldr	r3, .L13
 244 0018 1B68     		ldr	r3, [r3]
 245 001a FB61     		str	r3, [r7, #28]
 109:.\WriteUserSFlash.c ****     reg2 =  CY_GET_XTND_REG32((void CYFAR *)(CYREG_CLK_IMO_CONFIG));
 246              		.loc 1 109 0
 247 001c 394B     		ldr	r3, .L13+4
 248 001e 1B68     		ldr	r3, [r3]
 249 0020 BB61     		str	r3, [r7, #24]
 110:.\WriteUserSFlash.c ****     reg3 =  CY_GET_XTND_REG32((void CYFAR *)(CYREG_PWR_BG_TRIM4));
 250              		.loc 1 110 0
 251 0022 394B     		ldr	r3, .L13+8
 252 0024 1B68     		ldr	r3, [r3]
 253 0026 7B61     		str	r3, [r7, #20]
 111:.\WriteUserSFlash.c ****     reg4 =  CY_GET_XTND_REG32((void CYFAR *)(CYREG_PWR_BG_TRIM5));
 254              		.loc 1 111 0
 255 0028 384B     		ldr	r3, .L13+12
 256 002a 1B68     		ldr	r3, [r3]
 257 002c 3B61     		str	r3, [r7, #16]
 112:.\WriteUserSFlash.c ****     reg5 =  CY_GET_XTND_REG32((void CYFAR *)(CYREG_CLK_IMO_TRIM1));
 258              		.loc 1 112 0
 259 002e 384B     		ldr	r3, .L13+16
 260 0030 1B68     		ldr	r3, [r3]
 261 0032 FB60     		str	r3, [r7, #12]
 113:.\WriteUserSFlash.c ****     reg6 =  CY_GET_XTND_REG32((void CYFAR *)(CYREG_CLK_IMO_TRIM2));
 262              		.loc 1 113 0
 263 0034 374B     		ldr	r3, .L13+20
 264 0036 1B68     		ldr	r3, [r3]
 265 0038 BB60     		str	r3, [r7, #8]
 114:.\WriteUserSFlash.c **** 	
 115:.\WriteUserSFlash.c **** 	/* Initialize the clock necessary for flash programming */
 116:.\WriteUserSFlash.c **** 	CY_SET_REG32(CYREG_CPUSS_SYSARG, 0x0000e8b6);
 266              		.loc 1 116 0
 267 003a 374B     		ldr	r3, .L13+24
 268 003c 374A     		ldr	r2, .L13+28
 269 003e 1A60     		str	r2, [r3]
 117:.\WriteUserSFlash.c **** 	CY_SET_REG32(CYREG_CPUSS_SYSREQ, 0x80000015);
 270              		.loc 1 117 0
 271 0040 374B     		ldr	r3, .L13+32
 272 0042 384A     		ldr	r2, .L13+36
 273 0044 1A60     		str	r2, [r3]
 118:.\WriteUserSFlash.c **** 	
ARM GAS  C:\Users\Kevin\AppData\Local\Temp\cc0Ulgoi.s 			page 8


 119:.\WriteUserSFlash.c **** 	/******* Initialize SRAM parameters for the LOAD FLASH command ******/
 120:.\WriteUserSFlash.c **** 	/* byte 3 (i.e. 00) is the Macro_select */
 121:.\WriteUserSFlash.c **** 	/* byte 2 (i.e. 00) is the Start addr of page latch */
 122:.\WriteUserSFlash.c **** 	/* byte 1 (i.e. d7) is the key 2  */
 123:.\WriteUserSFlash.c **** 	/* byte 0 (i.e. b6) is the key 1  */
 124:.\WriteUserSFlash.c ****   	cmdDataBuffer[0]=0x0000d7b6;
 274              		.loc 1 124 0
 275 0046 2023     		mov	r3, #32
 276 0048 FB18     		add	r3, r7, r3
 277 004a 374A     		ldr	r2, .L13+40
 278 004c 1A60     		str	r2, [r3]
 125:.\WriteUserSFlash.c **** 	
 126:.\WriteUserSFlash.c **** 	/****** Initialize SRAM parameters for the LOAD FLASH command ******/
 127:.\WriteUserSFlash.c **** 	/* byte 3,2 and 1 are null */
 128:.\WriteUserSFlash.c **** 	/* byte 0 (i.e. 7F) is the number of bytes to be written */
 129:.\WriteUserSFlash.c **** 	cmdDataBuffer[1]=0x0000007F;	 
 279              		.loc 1 129 0
 280 004e 2023     		mov	r3, #32
 281 0050 FB18     		add	r3, r7, r3
 282 0052 7F22     		mov	r2, #127
 283 0054 5A60     		str	r2, [r3, #4]
 130:.\WriteUserSFlash.c ****     
 131:.\WriteUserSFlash.c **** 	/* Initialize the SRAM buffer with data bytes */
 132:.\WriteUserSFlash.c ****     for(localCount = 0; localCount < (CY_FLASH_SIZEOF_ROW/4); localCount++)    
 284              		.loc 1 132 0
 285 0056 AF23     		mov	r3, #175
 286 0058 FB18     		add	r3, r7, r3
 287 005a 0022     		mov	r2, #0
 288 005c 1A70     		strb	r2, [r3]
 289 005e 15E0     		b	.L10
 290              	.L11:
 133:.\WriteUserSFlash.c **** 	{
 134:.\WriteUserSFlash.c **** 		cmdDataBuffer[localCount + 2] = dataPointer[localCount]; 
 291              		.loc 1 134 0 discriminator 3
 292 0060 AF23     		mov	r3, #175
 293 0062 FB18     		add	r3, r7, r3
 294 0064 1B78     		ldrb	r3, [r3]
 295 0066 9A1C     		add	r2, r3, #2
 296 0068 AF23     		mov	r3, #175
 297 006a FB18     		add	r3, r7, r3
 298 006c 1B78     		ldrb	r3, [r3]
 299 006e 9B00     		lsl	r3, r3, #2
 300 0070 3968     		ldr	r1, [r7]
 301 0072 CB18     		add	r3, r1, r3
 302 0074 1968     		ldr	r1, [r3]
 303 0076 2023     		mov	r3, #32
 304 0078 FB18     		add	r3, r7, r3
 305 007a 9200     		lsl	r2, r2, #2
 306 007c D150     		str	r1, [r2, r3]
 132:.\WriteUserSFlash.c **** 	{
 307              		.loc 1 132 0 discriminator 3
 308 007e AF23     		mov	r3, #175
 309 0080 FB18     		add	r3, r7, r3
 310 0082 1A78     		ldrb	r2, [r3]
 311 0084 AF23     		mov	r3, #175
 312 0086 FB18     		add	r3, r7, r3
 313 0088 0132     		add	r2, r2, #1
ARM GAS  C:\Users\Kevin\AppData\Local\Temp\cc0Ulgoi.s 			page 9


 314 008a 1A70     		strb	r2, [r3]
 315              	.L10:
 132:.\WriteUserSFlash.c **** 	{
 316              		.loc 1 132 0 is_stmt 0 discriminator 1
 317 008c AF23     		mov	r3, #175
 318 008e FB18     		add	r3, r7, r3
 319 0090 1B78     		ldrb	r3, [r3]
 320 0092 1F2B     		cmp	r3, #31
 321 0094 E4D9     		bls	.L11
 135:.\WriteUserSFlash.c **** 	}
 136:.\WriteUserSFlash.c **** 	
 137:.\WriteUserSFlash.c **** 	/* Write the following to registers to execute a LOAD FLASH bytes */
 138:.\WriteUserSFlash.c **** 	CY_SET_REG32(CYREG_CPUSS_SYSARG, &cmdDataBuffer[0]);
 322              		.loc 1 138 0 is_stmt 1
 323 0096 204B     		ldr	r3, .L13+24
 324 0098 2022     		mov	r2, #32
 325 009a BA18     		add	r2, r7, r2
 326 009c 1A60     		str	r2, [r3]
 139:.\WriteUserSFlash.c **** 	CY_SET_REG32(CYREG_CPUSS_SYSREQ, LOAD_FLASH);
 327              		.loc 1 139 0
 328 009e 204B     		ldr	r3, .L13+32
 329 00a0 224A     		ldr	r2, .L13+44
 330 00a2 1A60     		str	r2, [r3]
 140:.\WriteUserSFlash.c **** 	
 141:.\WriteUserSFlash.c ****     /****** Initialize SRAM parameters for the WRITE ROW command ******/
 142:.\WriteUserSFlash.c **** 	/* byte 3 & 2 are null */
 143:.\WriteUserSFlash.c **** 	/* byte 1 (i.e. 0xeb) is the key 2  */
 144:.\WriteUserSFlash.c **** 	/* byte 0 (i.e. 0xb6) is the key 1  */
 145:.\WriteUserSFlash.c **** 	cmdDataBuffer[0] = 0x0000ebb6;
 331              		.loc 1 145 0
 332 00a4 2023     		mov	r3, #32
 333 00a6 FB18     		add	r3, r7, r3
 334 00a8 214A     		ldr	r2, .L13+48
 335 00aa 1A60     		str	r2, [r3]
 146:.\WriteUserSFlash.c ****     
 147:.\WriteUserSFlash.c **** 	/* byte 7,6 and 5 are null */
 148:.\WriteUserSFlash.c **** 	/* byte 4 is desired SFlash user row 
 149:.\WriteUserSFlash.c **** 	 * Allowed values 0 - row 4
 150:.\WriteUserSFlash.c **** 	                  1 - row 5 
 151:.\WriteUserSFlash.c **** 					  2 - row 6
 152:.\WriteUserSFlash.c **** 					  3 - row 7 */
 153:.\WriteUserSFlash.c **** 	cmdDataBuffer[1] = (uint32) userRowNUmber;
 336              		.loc 1 153 0
 337 00ac FB1D     		add	r3, r7, #7
 338 00ae 1A78     		ldrb	r2, [r3]
 339 00b0 2023     		mov	r3, #32
 340 00b2 FB18     		add	r3, r7, r3
 341 00b4 5A60     		str	r2, [r3, #4]
 154:.\WriteUserSFlash.c **** 	
 155:.\WriteUserSFlash.c **** 	/* Write the following to registers to execute a WRITE USER SFlash ROW command */
 156:.\WriteUserSFlash.c **** 	CY_SET_REG32(CYREG_CPUSS_SYSARG, &cmdDataBuffer[0]);
 342              		.loc 1 156 0
 343 00b6 184B     		ldr	r3, .L13+24
 344 00b8 2022     		mov	r2, #32
 345 00ba BA18     		add	r2, r7, r2
 346 00bc 1A60     		str	r2, [r3]
 157:.\WriteUserSFlash.c **** 	CY_SET_REG32(CYREG_CPUSS_SYSREQ, WRITE_USER_SFLASH_ROW);
ARM GAS  C:\Users\Kevin\AppData\Local\Temp\cc0Ulgoi.s 			page 10


 347              		.loc 1 157 0
 348 00be 184B     		ldr	r3, .L13+32
 349 00c0 1C4A     		ldr	r2, .L13+52
 350 00c2 1A60     		str	r2, [r3]
 158:.\WriteUserSFlash.c ****     
 159:.\WriteUserSFlash.c **** 	/* Read back SYSARG for the result. 0xA0000000 = SUCCESS; */
 160:.\WriteUserSFlash.c **** 	retValue = CY_GET_REG32(CYREG_CPUSS_SYSARG);
 351              		.loc 1 160 0
 352 00c4 144B     		ldr	r3, .L13+24
 353 00c6 1B68     		ldr	r3, [r3]
 354 00c8 A822     		mov	r2, #168
 355 00ca BA18     		add	r2, r7, r2
 356 00cc 1360     		str	r3, [r2]
 161:.\WriteUserSFlash.c **** 	
 162:.\WriteUserSFlash.c **** 	/* Restore the clock settings after the flash programming is done */
 163:.\WriteUserSFlash.c ****     CY_SET_XTND_REG32((void CYFAR *)(CYREG_CLK_SELECT),reg1);
 357              		.loc 1 163 0
 358 00ce 0C4B     		ldr	r3, .L13
 359 00d0 FA69     		ldr	r2, [r7, #28]
 360 00d2 1A60     		str	r2, [r3]
 164:.\WriteUserSFlash.c ****     CY_SET_XTND_REG32((void CYFAR *)(CYREG_CLK_IMO_CONFIG),reg2);
 361              		.loc 1 164 0
 362 00d4 0B4B     		ldr	r3, .L13+4
 363 00d6 BA69     		ldr	r2, [r7, #24]
 364 00d8 1A60     		str	r2, [r3]
 165:.\WriteUserSFlash.c ****     CY_SET_XTND_REG32((void CYFAR *)(CYREG_PWR_BG_TRIM4),reg3);
 365              		.loc 1 165 0
 366 00da 0B4B     		ldr	r3, .L13+8
 367 00dc 7A69     		ldr	r2, [r7, #20]
 368 00de 1A60     		str	r2, [r3]
 166:.\WriteUserSFlash.c ****     CY_SET_XTND_REG32((void CYFAR *)(CYREG_PWR_BG_TRIM5),reg4);
 369              		.loc 1 166 0
 370 00e0 0A4B     		ldr	r3, .L13+12
 371 00e2 3A69     		ldr	r2, [r7, #16]
 372 00e4 1A60     		str	r2, [r3]
 167:.\WriteUserSFlash.c ****     CY_SET_XTND_REG32((void CYFAR *)(CYREG_CLK_IMO_TRIM1),reg5);
 373              		.loc 1 167 0
 374 00e6 0A4B     		ldr	r3, .L13+16
 375 00e8 FA68     		ldr	r2, [r7, #12]
 376 00ea 1A60     		str	r2, [r3]
 168:.\WriteUserSFlash.c ****     CY_SET_XTND_REG32((void CYFAR *)(CYREG_CLK_IMO_TRIM2),reg6);  
 377              		.loc 1 168 0
 378 00ec 094B     		ldr	r3, .L13+20
 379 00ee BA68     		ldr	r2, [r7, #8]
 380 00f0 1A60     		str	r2, [r3]
 169:.\WriteUserSFlash.c **** 	
 170:.\WriteUserSFlash.c **** 	return retValue;
 381              		.loc 1 170 0
 382 00f2 A823     		mov	r3, #168
 383 00f4 FB18     		add	r3, r7, r3
 384 00f6 1B68     		ldr	r3, [r3]
 171:.\WriteUserSFlash.c **** }
 385              		.loc 1 171 0
 386 00f8 181C     		mov	r0, r3
 387 00fa BD46     		mov	sp, r7
 388 00fc 2CB0     		add	sp, sp, #176
 389              		@ sp needed
ARM GAS  C:\Users\Kevin\AppData\Local\Temp\cc0Ulgoi.s 			page 11


 390 00fe 80BD     		pop	{r7, pc}
 391              	.L14:
 392              		.align	2
 393              	.L13:
 394 0100 00010B40 		.word	1074462976
 395 0104 08010B40 		.word	1074462984
 396 0108 1CFF0B40 		.word	1074528028
 397 010c 20FF0B40 		.word	1074528032
 398 0110 28FF0B40 		.word	1074528040
 399 0114 2CFF0B40 		.word	1074528044
 400 0118 08001040 		.word	1074790408
 401 011c B6E80000 		.word	59574
 402 0120 04001040 		.word	1074790404
 403 0124 15000080 		.word	-2147483627
 404 0128 B6D70000 		.word	55222
 405 012c 04000080 		.word	-2147483644
 406 0130 B6EB0000 		.word	60342
 407 0134 18000080 		.word	-2147483624
 408              		.cfi_endproc
 409              	.LFE37:
 410              		.size	WriteUserSFlashRow, .-WriteUserSFlashRow
 411              		.text
 412              	.Letext0:
 413              		.file 2 "Generated_Source\\PSoC4/cytypes.h"
 414              		.file 3 "./DataSet.h"
 415              		.file 4 "./main.h"
 416              		.file 5 "Generated_Source\\PSoC4/BLE_Stack.h"
 417              		.section	.debug_info,"",%progbits
 418              	.Ldebug_info0:
 419 0000 4E040000 		.4byte	0x44e
 420 0004 0400     		.2byte	0x4
 421 0006 00000000 		.4byte	.Ldebug_abbrev0
 422 000a 04       		.byte	0x4
 423 000b 01       		.uleb128 0x1
 424 000c F0050000 		.4byte	.LASF97
 425 0010 01       		.byte	0x1
 426 0011 3B010000 		.4byte	.LASF98
 427 0015 11040000 		.4byte	.LASF99
 428 0019 00000000 		.4byte	.Ldebug_ranges0+0
 429 001d 00000000 		.4byte	0
 430 0021 00000000 		.4byte	.Ldebug_line0
 431 0025 02       		.uleb128 0x2
 432 0026 01       		.byte	0x1
 433 0027 06       		.byte	0x6
 434 0028 6E040000 		.4byte	.LASF0
 435 002c 02       		.uleb128 0x2
 436 002d 01       		.byte	0x1
 437 002e 08       		.byte	0x8
 438 002f C5030000 		.4byte	.LASF1
 439 0033 02       		.uleb128 0x2
 440 0034 02       		.byte	0x2
 441 0035 05       		.byte	0x5
 442 0036 8B000000 		.4byte	.LASF2
 443 003a 02       		.uleb128 0x2
 444 003b 02       		.byte	0x2
 445 003c 07       		.byte	0x7
 446 003d AF050000 		.4byte	.LASF3
ARM GAS  C:\Users\Kevin\AppData\Local\Temp\cc0Ulgoi.s 			page 12


 447 0041 02       		.uleb128 0x2
 448 0042 04       		.byte	0x4
 449 0043 05       		.byte	0x5
 450 0044 70020000 		.4byte	.LASF4
 451 0048 02       		.uleb128 0x2
 452 0049 04       		.byte	0x4
 453 004a 07       		.byte	0x7
 454 004b 1B050000 		.4byte	.LASF5
 455 004f 02       		.uleb128 0x2
 456 0050 08       		.byte	0x8
 457 0051 05       		.byte	0x5
 458 0052 41020000 		.4byte	.LASF6
 459 0056 02       		.uleb128 0x2
 460 0057 08       		.byte	0x8
 461 0058 07       		.byte	0x7
 462 0059 4F020000 		.4byte	.LASF7
 463 005d 03       		.uleb128 0x3
 464 005e 04       		.byte	0x4
 465 005f 05       		.byte	0x5
 466 0060 696E7400 		.ascii	"int\000"
 467 0064 02       		.uleb128 0x2
 468 0065 04       		.byte	0x4
 469 0066 07       		.byte	0x7
 470 0067 E5040000 		.4byte	.LASF8
 471 006b 04       		.uleb128 0x4
 472 006c 99030000 		.4byte	.LASF9
 473 0070 02       		.byte	0x2
 474 0071 C2       		.byte	0xc2
 475 0072 2C000000 		.4byte	0x2c
 476 0076 04       		.uleb128 0x4
 477 0077 34010000 		.4byte	.LASF10
 478 007b 02       		.byte	0x2
 479 007c C3       		.byte	0xc3
 480 007d 3A000000 		.4byte	0x3a
 481 0081 04       		.uleb128 0x4
 482 0082 EB060000 		.4byte	.LASF11
 483 0086 02       		.byte	0x2
 484 0087 C4       		.byte	0xc4
 485 0088 48000000 		.4byte	0x48
 486 008c 02       		.uleb128 0x2
 487 008d 04       		.byte	0x4
 488 008e 04       		.byte	0x4
 489 008f 1D020000 		.4byte	.LASF12
 490 0093 02       		.uleb128 0x2
 491 0094 08       		.byte	0x8
 492 0095 04       		.byte	0x4
 493 0096 33070000 		.4byte	.LASF13
 494 009a 02       		.uleb128 0x2
 495 009b 01       		.byte	0x1
 496 009c 08       		.byte	0x8
 497 009d EB050000 		.4byte	.LASF14
 498 00a1 05       		.uleb128 0x5
 499 00a2 A9050000 		.4byte	.LASF15
 500 00a6 02       		.byte	0x2
 501 00a7 6E01     		.2byte	0x16e
 502 00a9 AD000000 		.4byte	0xad
 503 00ad 06       		.uleb128 0x6
ARM GAS  C:\Users\Kevin\AppData\Local\Temp\cc0Ulgoi.s 			page 13


 504 00ae 81000000 		.4byte	0x81
 505 00b2 02       		.uleb128 0x2
 506 00b3 04       		.byte	0x4
 507 00b4 07       		.byte	0x7
 508 00b5 A1000000 		.4byte	.LASF16
 509 00b9 07       		.uleb128 0x7
 510 00ba 01       		.byte	0x1
 511 00bb 05       		.byte	0x5
 512 00bc 9D       		.byte	0x9d
 513 00bd 3E020000 		.4byte	0x23e
 514 00c1 08       		.uleb128 0x8
 515 00c2 B3010000 		.4byte	.LASF17
 516 00c6 00       		.sleb128 0
 517 00c7 08       		.uleb128 0x8
 518 00c8 F3000000 		.4byte	.LASF18
 519 00cc 01       		.sleb128 1
 520 00cd 08       		.uleb128 0x8
 521 00ce 5E080000 		.4byte	.LASF19
 522 00d2 02       		.sleb128 2
 523 00d3 08       		.uleb128 0x8
 524 00d4 67070000 		.4byte	.LASF20
 525 00d8 03       		.sleb128 3
 526 00d9 08       		.uleb128 0x8
 527 00da D5000000 		.4byte	.LASF21
 528 00de 04       		.sleb128 4
 529 00df 08       		.uleb128 0x8
 530 00e0 15030000 		.4byte	.LASF22
 531 00e4 05       		.sleb128 5
 532 00e5 08       		.uleb128 0x8
 533 00e6 C5070000 		.4byte	.LASF23
 534 00ea 20       		.sleb128 32
 535 00eb 08       		.uleb128 0x8
 536 00ec 2D050000 		.4byte	.LASF24
 537 00f0 21       		.sleb128 33
 538 00f1 08       		.uleb128 0x8
 539 00f2 1A000000 		.4byte	.LASF25
 540 00f6 22       		.sleb128 34
 541 00f7 08       		.uleb128 0x8
 542 00f8 3D030000 		.4byte	.LASF26
 543 00fc 23       		.sleb128 35
 544 00fd 08       		.uleb128 0x8
 545 00fe C9040000 		.4byte	.LASF27
 546 0102 24       		.sleb128 36
 547 0103 08       		.uleb128 0x8
 548 0104 00000000 		.4byte	.LASF28
 549 0108 25       		.sleb128 37
 550 0109 08       		.uleb128 0x8
 551 010a CC020000 		.4byte	.LASF29
 552 010e 26       		.sleb128 38
 553 010f 08       		.uleb128 0x8
 554 0110 9A020000 		.4byte	.LASF30
 555 0114 27       		.sleb128 39
 556 0115 08       		.uleb128 0x8
 557 0116 69000000 		.4byte	.LASF31
 558 011a 28       		.sleb128 40
 559 011b 08       		.uleb128 0x8
 560 011c 8C050000 		.4byte	.LASF32
ARM GAS  C:\Users\Kevin\AppData\Local\Temp\cc0Ulgoi.s 			page 14


 561 0120 29       		.sleb128 41
 562 0121 08       		.uleb128 0x8
 563 0122 C2050000 		.4byte	.LASF33
 564 0126 2A       		.sleb128 42
 565 0127 08       		.uleb128 0x8
 566 0128 94080000 		.4byte	.LASF34
 567 012c 2B       		.sleb128 43
 568 012d 08       		.uleb128 0x8
 569 012e 4F010000 		.4byte	.LASF35
 570 0132 2C       		.sleb128 44
 571 0133 08       		.uleb128 0x8
 572 0134 AA000000 		.4byte	.LASF36
 573 0138 C000     		.sleb128 64
 574 013a 08       		.uleb128 0x8
 575 013b 00050000 		.4byte	.LASF37
 576 013f C100     		.sleb128 65
 577 0141 08       		.uleb128 0x8
 578 0142 4C090000 		.4byte	.LASF38
 579 0146 C200     		.sleb128 66
 580 0148 08       		.uleb128 0x8
 581 0149 06010000 		.4byte	.LASF39
 582 014d C300     		.sleb128 67
 583 014f 08       		.uleb128 0x8
 584 0150 38080000 		.4byte	.LASF40
 585 0154 C400     		.sleb128 68
 586 0156 08       		.uleb128 0x8
 587 0157 44050000 		.4byte	.LASF41
 588 015b C500     		.sleb128 69
 589 015d 08       		.uleb128 0x8
 590 015e 17080000 		.4byte	.LASF42
 591 0162 C600     		.sleb128 70
 592 0164 08       		.uleb128 0x8
 593 0165 50040000 		.4byte	.LASF43
 594 0169 C700     		.sleb128 71
 595 016b 08       		.uleb128 0x8
 596 016c 94040000 		.4byte	.LASF44
 597 0170 C800     		.sleb128 72
 598 0172 08       		.uleb128 0x8
 599 0173 23020000 		.4byte	.LASF45
 600 0177 C900     		.sleb128 73
 601 0179 08       		.uleb128 0x8
 602 017a A4060000 		.4byte	.LASF46
 603 017e CA00     		.sleb128 74
 604 0180 08       		.uleb128 0x8
 605 0181 73010000 		.4byte	.LASF47
 606 0185 CB00     		.sleb128 75
 607 0187 08       		.uleb128 0x8
 608 0188 7A040000 		.4byte	.LASF48
 609 018c CC00     		.sleb128 76
 610 018e 08       		.uleb128 0x8
 611 018f 3E000000 		.4byte	.LASF49
 612 0193 CD00     		.sleb128 77
 613 0195 08       		.uleb128 0x8
 614 0196 F9070000 		.4byte	.LASF50
 615 019a CE00     		.sleb128 78
 616 019c 08       		.uleb128 0x8
 617 019d D3030000 		.4byte	.LASF51
ARM GAS  C:\Users\Kevin\AppData\Local\Temp\cc0Ulgoi.s 			page 15


 618 01a1 CF00     		.sleb128 79
 619 01a3 08       		.uleb128 0x8
 620 01a4 FE080000 		.4byte	.LASF52
 621 01a8 D000     		.sleb128 80
 622 01aa 08       		.uleb128 0x8
 623 01ab CC060000 		.4byte	.LASF53
 624 01af D100     		.sleb128 81
 625 01b1 08       		.uleb128 0x8
 626 01b2 F4020000 		.4byte	.LASF54
 627 01b6 D200     		.sleb128 82
 628 01b8 08       		.uleb128 0x8
 629 01b9 79020000 		.4byte	.LASF55
 630 01bd D300     		.sleb128 83
 631 01bf 08       		.uleb128 0x8
 632 01c0 92010000 		.4byte	.LASF56
 633 01c4 D400     		.sleb128 84
 634 01c6 08       		.uleb128 0x8
 635 01c7 28090000 		.4byte	.LASF57
 636 01cb D500     		.sleb128 85
 637 01cd 08       		.uleb128 0x8
 638 01ce DC080000 		.4byte	.LASF58
 639 01d2 D600     		.sleb128 86
 640 01d4 08       		.uleb128 0x8
 641 01d5 B3080000 		.4byte	.LASF59
 642 01d9 D700     		.sleb128 87
 643 01db 08       		.uleb128 0x8
 644 01dc 9F030000 		.4byte	.LASF60
 645 01e0 F000     		.sleb128 112
 646 01e2 08       		.uleb128 0x8
 647 01e3 9F070000 		.4byte	.LASF61
 648 01e7 F100     		.sleb128 113
 649 01e9 08       		.uleb128 0x8
 650 01ea 7E060000 		.4byte	.LASF62
 651 01ee F200     		.sleb128 114
 652 01f0 08       		.uleb128 0x8
 653 01f1 CA010000 		.4byte	.LASF63
 654 01f5 F300     		.sleb128 115
 655 01f7 08       		.uleb128 0x8
 656 01f8 6D030000 		.4byte	.LASF64
 657 01fc F400     		.sleb128 116
 658 01fe 08       		.uleb128 0x8
 659 01ff 6B050000 		.4byte	.LASF65
 660 0203 F500     		.sleb128 117
 661 0205 08       		.uleb128 0x8
 662 0206 E8010000 		.4byte	.LASF66
 663 020a F600     		.sleb128 118
 664 020c 08       		.uleb128 0x8
 665 020d 80070000 		.4byte	.LASF67
 666 0211 F700     		.sleb128 119
 667 0213 08       		.uleb128 0x8
 668 0214 10070000 		.4byte	.LASF68
 669 0218 F800     		.sleb128 120
 670 021a 08       		.uleb128 0x8
 671 021b 3A070000 		.4byte	.LASF69
 672 021f F900     		.sleb128 121
 673 0221 08       		.uleb128 0x8
 674 0222 70080000 		.4byte	.LASF70
ARM GAS  C:\Users\Kevin\AppData\Local\Temp\cc0Ulgoi.s 			page 16


 675 0226 FA00     		.sleb128 122
 676 0228 08       		.uleb128 0x8
 677 0229 F2060000 		.4byte	.LASF71
 678 022d FA01     		.sleb128 250
 679 022f 08       		.uleb128 0x8
 680 0230 F2030000 		.4byte	.LASF72
 681 0234 FB01     		.sleb128 251
 682 0236 08       		.uleb128 0x8
 683 0237 8B030000 		.4byte	.LASF73
 684 023b FF01     		.sleb128 255
 685 023d 00       		.byte	0
 686 023e 09       		.uleb128 0x9
 687 023f 04       		.byte	0x4
 688 0240 6B000000 		.4byte	0x6b
 689 0244 0A       		.uleb128 0xa
 690 0245 24010000 		.4byte	.LASF77
 691 0249 01       		.byte	0x1
 692 024a 2E       		.byte	0x2e
 693 024b 00000000 		.4byte	.LFB35
 694 024f 58000000 		.4byte	.LFE35-.LFB35
 695 0253 01       		.uleb128 0x1
 696 0254 9C       		.byte	0x9c
 697 0255 92020000 		.4byte	0x292
 698 0259 0B       		.uleb128 0xb
 699 025a 9A060000 		.4byte	.LASF74
 700 025e 01       		.byte	0x1
 701 025f 2E       		.byte	0x2e
 702 0260 3E020000 		.4byte	0x23e
 703 0264 02       		.uleb128 0x2
 704 0265 91       		.byte	0x91
 705 0266 6C       		.sleb128 -20
 706 0267 0C       		.uleb128 0xc
 707 0268 6C656E00 		.ascii	"len\000"
 708 026c 01       		.byte	0x1
 709 026d 2E       		.byte	0x2e
 710 026e 76000000 		.4byte	0x76
 711 0272 02       		.uleb128 0x2
 712 0273 91       		.byte	0x91
 713 0274 6A       		.sleb128 -22
 714 0275 0D       		.uleb128 0xd
 715 0276 C4000000 		.4byte	.LASF75
 716 027a 01       		.byte	0x1
 717 027b 30       		.byte	0x30
 718 027c 3E020000 		.4byte	0x23e
 719 0280 02       		.uleb128 0x2
 720 0281 91       		.byte	0x91
 721 0282 74       		.sleb128 -12
 722 0283 0D       		.uleb128 0xd
 723 0284 5D070000 		.4byte	.LASF76
 724 0288 01       		.byte	0x1
 725 0289 32       		.byte	0x32
 726 028a 76000000 		.4byte	0x76
 727 028e 02       		.uleb128 0x2
 728 028f 91       		.byte	0x91
 729 0290 72       		.sleb128 -14
 730 0291 00       		.byte	0
 731 0292 0E       		.uleb128 0xe
ARM GAS  C:\Users\Kevin\AppData\Local\Temp\cc0Ulgoi.s 			page 17


 732 0293 58000000 		.4byte	.LASF78
 733 0297 01       		.byte	0x1
 734 0298 46       		.byte	0x46
 735 0299 00000000 		.4byte	.LFB36
 736 029d A8000000 		.4byte	.LFE36-.LFB36
 737 02a1 01       		.uleb128 0x1
 738 02a2 9C       		.byte	0x9c
 739 02a3 E3020000 		.4byte	0x2e3
 740 02a7 0B       		.uleb128 0xb
 741 02a8 9A060000 		.4byte	.LASF74
 742 02ac 01       		.byte	0x1
 743 02ad 46       		.byte	0x46
 744 02ae 3E020000 		.4byte	0x23e
 745 02b2 03       		.uleb128 0x3
 746 02b3 91       		.byte	0x91
 747 02b4 EC7E     		.sleb128 -148
 748 02b6 0C       		.uleb128 0xc
 749 02b7 6C656E00 		.ascii	"len\000"
 750 02bb 01       		.byte	0x1
 751 02bc 46       		.byte	0x46
 752 02bd 76000000 		.4byte	0x76
 753 02c1 03       		.uleb128 0x3
 754 02c2 91       		.byte	0x91
 755 02c3 EA7E     		.sleb128 -150
 756 02c5 0D       		.uleb128 0xd
 757 02c6 CE000000 		.4byte	.LASF79
 758 02ca 01       		.byte	0x1
 759 02cb 48       		.byte	0x48
 760 02cc E3020000 		.4byte	0x2e3
 761 02d0 03       		.uleb128 0x3
 762 02d1 91       		.byte	0x91
 763 02d2 F47E     		.sleb128 -140
 764 02d4 0D       		.uleb128 0xd
 765 02d5 5D070000 		.4byte	.LASF76
 766 02d9 01       		.byte	0x1
 767 02da 49       		.byte	0x49
 768 02db 76000000 		.4byte	0x76
 769 02df 02       		.uleb128 0x2
 770 02e0 91       		.byte	0x91
 771 02e1 76       		.sleb128 -10
 772 02e2 00       		.byte	0
 773 02e3 0F       		.uleb128 0xf
 774 02e4 81000000 		.4byte	0x81
 775 02e8 F3020000 		.4byte	0x2f3
 776 02ec 10       		.uleb128 0x10
 777 02ed B2000000 		.4byte	0xb2
 778 02f1 1F       		.byte	0x1f
 779 02f2 00       		.byte	0
 780 02f3 11       		.uleb128 0x11
 781 02f4 B9020000 		.4byte	.LASF100
 782 02f8 01       		.byte	0x1
 783 02f9 64       		.byte	0x64
 784 02fa 81000000 		.4byte	0x81
 785 02fe 00000000 		.4byte	.LFB37
 786 0302 38010000 		.4byte	.LFE37-.LFB37
 787 0306 01       		.uleb128 0x1
 788 0307 9C       		.byte	0x9c
ARM GAS  C:\Users\Kevin\AppData\Local\Temp\cc0Ulgoi.s 			page 18


 789 0308 B0030000 		.4byte	0x3b0
 790 030c 0B       		.uleb128 0xb
 791 030d F2040000 		.4byte	.LASF80
 792 0311 01       		.byte	0x1
 793 0312 64       		.byte	0x64
 794 0313 6B000000 		.4byte	0x6b
 795 0317 03       		.uleb128 0x3
 796 0318 91       		.byte	0x91
 797 0319 CF7E     		.sleb128 -177
 798 031b 0B       		.uleb128 0xb
 799 031c 31030000 		.4byte	.LASF81
 800 0320 01       		.byte	0x1
 801 0321 64       		.byte	0x64
 802 0322 B0030000 		.4byte	0x3b0
 803 0326 03       		.uleb128 0x3
 804 0327 91       		.byte	0x91
 805 0328 C87E     		.sleb128 -184
 806 032a 0D       		.uleb128 0xd
 807 032b 09020000 		.4byte	.LASF82
 808 032f 01       		.byte	0x1
 809 0330 66       		.byte	0x66
 810 0331 6B000000 		.4byte	0x6b
 811 0335 02       		.uleb128 0x2
 812 0336 91       		.byte	0x91
 813 0337 77       		.sleb128 -9
 814 0338 0D       		.uleb128 0xd
 815 0339 14020000 		.4byte	.LASF83
 816 033d 01       		.byte	0x1
 817 033e 67       		.byte	0x67
 818 033f AD000000 		.4byte	0xad
 819 0343 02       		.uleb128 0x2
 820 0344 91       		.byte	0x91
 821 0345 70       		.sleb128 -16
 822 0346 0D       		.uleb128 0xd
 823 0347 BB040000 		.4byte	.LASF84
 824 034b 01       		.byte	0x1
 825 034c 68       		.byte	0x68
 826 034d C6030000 		.4byte	0x3c6
 827 0351 03       		.uleb128 0x3
 828 0352 91       		.byte	0x91
 829 0353 E87E     		.sleb128 -152
 830 0355 0D       		.uleb128 0xd
 831 0356 9F060000 		.4byte	.LASF85
 832 035a 01       		.byte	0x1
 833 035b 69       		.byte	0x69
 834 035c AD000000 		.4byte	0xad
 835 0360 03       		.uleb128 0x3
 836 0361 91       		.byte	0x91
 837 0362 E47E     		.sleb128 -156
 838 0364 0D       		.uleb128 0xd
 839 0365 3C020000 		.4byte	.LASF86
 840 0369 01       		.byte	0x1
 841 036a 69       		.byte	0x69
 842 036b AD000000 		.4byte	0xad
 843 036f 03       		.uleb128 0x3
 844 0370 91       		.byte	0x91
 845 0371 E07E     		.sleb128 -160
ARM GAS  C:\Users\Kevin\AppData\Local\Temp\cc0Ulgoi.s 			page 19


 846 0373 0D       		.uleb128 0xd
 847 0374 C2060000 		.4byte	.LASF87
 848 0378 01       		.byte	0x1
 849 0379 69       		.byte	0x69
 850 037a AD000000 		.4byte	0xad
 851 037e 03       		.uleb128 0x3
 852 037f 91       		.byte	0x91
 853 0380 DC7E     		.sleb128 -164
 854 0382 0D       		.uleb128 0xd
 855 0383 C7060000 		.4byte	.LASF88
 856 0387 01       		.byte	0x1
 857 0388 69       		.byte	0x69
 858 0389 AD000000 		.4byte	0xad
 859 038d 03       		.uleb128 0x3
 860 038e 91       		.byte	0x91
 861 038f D87E     		.sleb128 -168
 862 0391 0D       		.uleb128 0xd
 863 0392 66020000 		.4byte	.LASF89
 864 0396 01       		.byte	0x1
 865 0397 69       		.byte	0x69
 866 0398 AD000000 		.4byte	0xad
 867 039c 03       		.uleb128 0x3
 868 039d 91       		.byte	0x91
 869 039e D47E     		.sleb128 -172
 870 03a0 0D       		.uleb128 0xd
 871 03a1 6B020000 		.4byte	.LASF90
 872 03a5 01       		.byte	0x1
 873 03a6 69       		.byte	0x69
 874 03a7 AD000000 		.4byte	0xad
 875 03ab 03       		.uleb128 0x3
 876 03ac 91       		.byte	0x91
 877 03ad D07E     		.sleb128 -176
 878 03af 00       		.byte	0
 879 03b0 09       		.uleb128 0x9
 880 03b1 04       		.byte	0x4
 881 03b2 81000000 		.4byte	0x81
 882 03b6 0F       		.uleb128 0xf
 883 03b7 81000000 		.4byte	0x81
 884 03bb C6030000 		.4byte	0x3c6
 885 03bf 10       		.uleb128 0x10
 886 03c0 B2000000 		.4byte	0xb2
 887 03c4 21       		.byte	0x21
 888 03c5 00       		.byte	0
 889 03c6 06       		.uleb128 0x6
 890 03c7 B6030000 		.4byte	0x3b6
 891 03cb 0F       		.uleb128 0xf
 892 03cc 76000000 		.4byte	0x76
 893 03d0 DB030000 		.4byte	0x3db
 894 03d4 10       		.uleb128 0x10
 895 03d5 B2000000 		.4byte	0xb2
 896 03d9 0A       		.byte	0xa
 897 03da 00       		.byte	0
 898 03db 12       		.uleb128 0x12
 899 03dc 1D090000 		.4byte	.LASF91
 900 03e0 03       		.byte	0x3
 901 03e1 12       		.byte	0x12
 902 03e2 CB030000 		.4byte	0x3cb
ARM GAS  C:\Users\Kevin\AppData\Local\Temp\cc0Ulgoi.s 			page 20


 903 03e6 05       		.uleb128 0x5
 904 03e7 03       		.byte	0x3
 905 03e8 00000000 		.4byte	servoTimes
 906 03ec 12       		.uleb128 0x12
 907 03ed E9070000 		.4byte	.LASF92
 908 03f1 03       		.byte	0x3
 909 03f2 13       		.byte	0x13
 910 03f3 CB030000 		.4byte	0x3cb
 911 03f7 05       		.uleb128 0x5
 912 03f8 03       		.byte	0x3
 913 03f9 00000000 		.4byte	servo1Positions
 914 03fd 0F       		.uleb128 0xf
 915 03fe 6B000000 		.4byte	0x6b
 916 0402 0D040000 		.4byte	0x40d
 917 0406 10       		.uleb128 0x10
 918 0407 B2000000 		.4byte	0xb2
 919 040b 33       		.byte	0x33
 920 040c 00       		.byte	0
 921 040d 12       		.uleb128 0x12
 922 040e 56080000 		.4byte	.LASF93
 923 0412 04       		.byte	0x4
 924 0413 2C       		.byte	0x2c
 925 0414 FD030000 		.4byte	0x3fd
 926 0418 05       		.uleb128 0x5
 927 0419 03       		.byte	0x3
 928 041a 00000000 		.4byte	DataSet
 929 041e 12       		.uleb128 0x12
 930 041f 63030000 		.4byte	.LASF94
 931 0423 04       		.byte	0x4
 932 0424 2E       		.byte	0x2e
 933 0425 81000000 		.4byte	0x81
 934 0429 05       		.uleb128 0x5
 935 042a 03       		.byte	0x3
 936 042b 00000000 		.4byte	time_10ms
 937 042f 12       		.uleb128 0x12
 938 0430 95000000 		.4byte	.LASF95
 939 0434 04       		.byte	0x4
 940 0435 2F       		.byte	0x2f
 941 0436 6B000000 		.4byte	0x6b
 942 043a 05       		.uleb128 0x5
 943 043b 03       		.byte	0x3
 944 043c 00000000 		.4byte	flight_fase
 945 0440 12       		.uleb128 0x12
 946 0441 EA000000 		.4byte	.LASF96
 947 0445 04       		.byte	0x4
 948 0446 30       		.byte	0x30
 949 0447 5D000000 		.4byte	0x5d
 950 044b 05       		.uleb128 0x5
 951 044c 03       		.byte	0x3
 952 044d 00000000 		.4byte	timeStep
 953 0451 00       		.byte	0
 954              		.section	.debug_abbrev,"",%progbits
 955              	.Ldebug_abbrev0:
 956 0000 01       		.uleb128 0x1
 957 0001 11       		.uleb128 0x11
 958 0002 01       		.byte	0x1
 959 0003 25       		.uleb128 0x25
ARM GAS  C:\Users\Kevin\AppData\Local\Temp\cc0Ulgoi.s 			page 21


 960 0004 0E       		.uleb128 0xe
 961 0005 13       		.uleb128 0x13
 962 0006 0B       		.uleb128 0xb
 963 0007 03       		.uleb128 0x3
 964 0008 0E       		.uleb128 0xe
 965 0009 1B       		.uleb128 0x1b
 966 000a 0E       		.uleb128 0xe
 967 000b 55       		.uleb128 0x55
 968 000c 17       		.uleb128 0x17
 969 000d 11       		.uleb128 0x11
 970 000e 01       		.uleb128 0x1
 971 000f 10       		.uleb128 0x10
 972 0010 17       		.uleb128 0x17
 973 0011 00       		.byte	0
 974 0012 00       		.byte	0
 975 0013 02       		.uleb128 0x2
 976 0014 24       		.uleb128 0x24
 977 0015 00       		.byte	0
 978 0016 0B       		.uleb128 0xb
 979 0017 0B       		.uleb128 0xb
 980 0018 3E       		.uleb128 0x3e
 981 0019 0B       		.uleb128 0xb
 982 001a 03       		.uleb128 0x3
 983 001b 0E       		.uleb128 0xe
 984 001c 00       		.byte	0
 985 001d 00       		.byte	0
 986 001e 03       		.uleb128 0x3
 987 001f 24       		.uleb128 0x24
 988 0020 00       		.byte	0
 989 0021 0B       		.uleb128 0xb
 990 0022 0B       		.uleb128 0xb
 991 0023 3E       		.uleb128 0x3e
 992 0024 0B       		.uleb128 0xb
 993 0025 03       		.uleb128 0x3
 994 0026 08       		.uleb128 0x8
 995 0027 00       		.byte	0
 996 0028 00       		.byte	0
 997 0029 04       		.uleb128 0x4
 998 002a 16       		.uleb128 0x16
 999 002b 00       		.byte	0
 1000 002c 03       		.uleb128 0x3
 1001 002d 0E       		.uleb128 0xe
 1002 002e 3A       		.uleb128 0x3a
 1003 002f 0B       		.uleb128 0xb
 1004 0030 3B       		.uleb128 0x3b
 1005 0031 0B       		.uleb128 0xb
 1006 0032 49       		.uleb128 0x49
 1007 0033 13       		.uleb128 0x13
 1008 0034 00       		.byte	0
 1009 0035 00       		.byte	0
 1010 0036 05       		.uleb128 0x5
 1011 0037 16       		.uleb128 0x16
 1012 0038 00       		.byte	0
 1013 0039 03       		.uleb128 0x3
 1014 003a 0E       		.uleb128 0xe
 1015 003b 3A       		.uleb128 0x3a
 1016 003c 0B       		.uleb128 0xb
ARM GAS  C:\Users\Kevin\AppData\Local\Temp\cc0Ulgoi.s 			page 22


 1017 003d 3B       		.uleb128 0x3b
 1018 003e 05       		.uleb128 0x5
 1019 003f 49       		.uleb128 0x49
 1020 0040 13       		.uleb128 0x13
 1021 0041 00       		.byte	0
 1022 0042 00       		.byte	0
 1023 0043 06       		.uleb128 0x6
 1024 0044 35       		.uleb128 0x35
 1025 0045 00       		.byte	0
 1026 0046 49       		.uleb128 0x49
 1027 0047 13       		.uleb128 0x13
 1028 0048 00       		.byte	0
 1029 0049 00       		.byte	0
 1030 004a 07       		.uleb128 0x7
 1031 004b 04       		.uleb128 0x4
 1032 004c 01       		.byte	0x1
 1033 004d 0B       		.uleb128 0xb
 1034 004e 0B       		.uleb128 0xb
 1035 004f 3A       		.uleb128 0x3a
 1036 0050 0B       		.uleb128 0xb
 1037 0051 3B       		.uleb128 0x3b
 1038 0052 0B       		.uleb128 0xb
 1039 0053 01       		.uleb128 0x1
 1040 0054 13       		.uleb128 0x13
 1041 0055 00       		.byte	0
 1042 0056 00       		.byte	0
 1043 0057 08       		.uleb128 0x8
 1044 0058 28       		.uleb128 0x28
 1045 0059 00       		.byte	0
 1046 005a 03       		.uleb128 0x3
 1047 005b 0E       		.uleb128 0xe
 1048 005c 1C       		.uleb128 0x1c
 1049 005d 0D       		.uleb128 0xd
 1050 005e 00       		.byte	0
 1051 005f 00       		.byte	0
 1052 0060 09       		.uleb128 0x9
 1053 0061 0F       		.uleb128 0xf
 1054 0062 00       		.byte	0
 1055 0063 0B       		.uleb128 0xb
 1056 0064 0B       		.uleb128 0xb
 1057 0065 49       		.uleb128 0x49
 1058 0066 13       		.uleb128 0x13
 1059 0067 00       		.byte	0
 1060 0068 00       		.byte	0
 1061 0069 0A       		.uleb128 0xa
 1062 006a 2E       		.uleb128 0x2e
 1063 006b 01       		.byte	0x1
 1064 006c 3F       		.uleb128 0x3f
 1065 006d 19       		.uleb128 0x19
 1066 006e 03       		.uleb128 0x3
 1067 006f 0E       		.uleb128 0xe
 1068 0070 3A       		.uleb128 0x3a
 1069 0071 0B       		.uleb128 0xb
 1070 0072 3B       		.uleb128 0x3b
 1071 0073 0B       		.uleb128 0xb
 1072 0074 27       		.uleb128 0x27
 1073 0075 19       		.uleb128 0x19
ARM GAS  C:\Users\Kevin\AppData\Local\Temp\cc0Ulgoi.s 			page 23


 1074 0076 11       		.uleb128 0x11
 1075 0077 01       		.uleb128 0x1
 1076 0078 12       		.uleb128 0x12
 1077 0079 06       		.uleb128 0x6
 1078 007a 40       		.uleb128 0x40
 1079 007b 18       		.uleb128 0x18
 1080 007c 9742     		.uleb128 0x2117
 1081 007e 19       		.uleb128 0x19
 1082 007f 01       		.uleb128 0x1
 1083 0080 13       		.uleb128 0x13
 1084 0081 00       		.byte	0
 1085 0082 00       		.byte	0
 1086 0083 0B       		.uleb128 0xb
 1087 0084 05       		.uleb128 0x5
 1088 0085 00       		.byte	0
 1089 0086 03       		.uleb128 0x3
 1090 0087 0E       		.uleb128 0xe
 1091 0088 3A       		.uleb128 0x3a
 1092 0089 0B       		.uleb128 0xb
 1093 008a 3B       		.uleb128 0x3b
 1094 008b 0B       		.uleb128 0xb
 1095 008c 49       		.uleb128 0x49
 1096 008d 13       		.uleb128 0x13
 1097 008e 02       		.uleb128 0x2
 1098 008f 18       		.uleb128 0x18
 1099 0090 00       		.byte	0
 1100 0091 00       		.byte	0
 1101 0092 0C       		.uleb128 0xc
 1102 0093 05       		.uleb128 0x5
 1103 0094 00       		.byte	0
 1104 0095 03       		.uleb128 0x3
 1105 0096 08       		.uleb128 0x8
 1106 0097 3A       		.uleb128 0x3a
 1107 0098 0B       		.uleb128 0xb
 1108 0099 3B       		.uleb128 0x3b
 1109 009a 0B       		.uleb128 0xb
 1110 009b 49       		.uleb128 0x49
 1111 009c 13       		.uleb128 0x13
 1112 009d 02       		.uleb128 0x2
 1113 009e 18       		.uleb128 0x18
 1114 009f 00       		.byte	0
 1115 00a0 00       		.byte	0
 1116 00a1 0D       		.uleb128 0xd
 1117 00a2 34       		.uleb128 0x34
 1118 00a3 00       		.byte	0
 1119 00a4 03       		.uleb128 0x3
 1120 00a5 0E       		.uleb128 0xe
 1121 00a6 3A       		.uleb128 0x3a
 1122 00a7 0B       		.uleb128 0xb
 1123 00a8 3B       		.uleb128 0x3b
 1124 00a9 0B       		.uleb128 0xb
 1125 00aa 49       		.uleb128 0x49
 1126 00ab 13       		.uleb128 0x13
 1127 00ac 02       		.uleb128 0x2
 1128 00ad 18       		.uleb128 0x18
 1129 00ae 00       		.byte	0
 1130 00af 00       		.byte	0
ARM GAS  C:\Users\Kevin\AppData\Local\Temp\cc0Ulgoi.s 			page 24


 1131 00b0 0E       		.uleb128 0xe
 1132 00b1 2E       		.uleb128 0x2e
 1133 00b2 01       		.byte	0x1
 1134 00b3 3F       		.uleb128 0x3f
 1135 00b4 19       		.uleb128 0x19
 1136 00b5 03       		.uleb128 0x3
 1137 00b6 0E       		.uleb128 0xe
 1138 00b7 3A       		.uleb128 0x3a
 1139 00b8 0B       		.uleb128 0xb
 1140 00b9 3B       		.uleb128 0x3b
 1141 00ba 0B       		.uleb128 0xb
 1142 00bb 27       		.uleb128 0x27
 1143 00bc 19       		.uleb128 0x19
 1144 00bd 11       		.uleb128 0x11
 1145 00be 01       		.uleb128 0x1
 1146 00bf 12       		.uleb128 0x12
 1147 00c0 06       		.uleb128 0x6
 1148 00c1 40       		.uleb128 0x40
 1149 00c2 18       		.uleb128 0x18
 1150 00c3 9642     		.uleb128 0x2116
 1151 00c5 19       		.uleb128 0x19
 1152 00c6 01       		.uleb128 0x1
 1153 00c7 13       		.uleb128 0x13
 1154 00c8 00       		.byte	0
 1155 00c9 00       		.byte	0
 1156 00ca 0F       		.uleb128 0xf
 1157 00cb 01       		.uleb128 0x1
 1158 00cc 01       		.byte	0x1
 1159 00cd 49       		.uleb128 0x49
 1160 00ce 13       		.uleb128 0x13
 1161 00cf 01       		.uleb128 0x1
 1162 00d0 13       		.uleb128 0x13
 1163 00d1 00       		.byte	0
 1164 00d2 00       		.byte	0
 1165 00d3 10       		.uleb128 0x10
 1166 00d4 21       		.uleb128 0x21
 1167 00d5 00       		.byte	0
 1168 00d6 49       		.uleb128 0x49
 1169 00d7 13       		.uleb128 0x13
 1170 00d8 2F       		.uleb128 0x2f
 1171 00d9 0B       		.uleb128 0xb
 1172 00da 00       		.byte	0
 1173 00db 00       		.byte	0
 1174 00dc 11       		.uleb128 0x11
 1175 00dd 2E       		.uleb128 0x2e
 1176 00de 01       		.byte	0x1
 1177 00df 3F       		.uleb128 0x3f
 1178 00e0 19       		.uleb128 0x19
 1179 00e1 03       		.uleb128 0x3
 1180 00e2 0E       		.uleb128 0xe
 1181 00e3 3A       		.uleb128 0x3a
 1182 00e4 0B       		.uleb128 0xb
 1183 00e5 3B       		.uleb128 0x3b
 1184 00e6 0B       		.uleb128 0xb
 1185 00e7 27       		.uleb128 0x27
 1186 00e8 19       		.uleb128 0x19
 1187 00e9 49       		.uleb128 0x49
ARM GAS  C:\Users\Kevin\AppData\Local\Temp\cc0Ulgoi.s 			page 25


 1188 00ea 13       		.uleb128 0x13
 1189 00eb 11       		.uleb128 0x11
 1190 00ec 01       		.uleb128 0x1
 1191 00ed 12       		.uleb128 0x12
 1192 00ee 06       		.uleb128 0x6
 1193 00ef 40       		.uleb128 0x40
 1194 00f0 18       		.uleb128 0x18
 1195 00f1 9742     		.uleb128 0x2117
 1196 00f3 19       		.uleb128 0x19
 1197 00f4 01       		.uleb128 0x1
 1198 00f5 13       		.uleb128 0x13
 1199 00f6 00       		.byte	0
 1200 00f7 00       		.byte	0
 1201 00f8 12       		.uleb128 0x12
 1202 00f9 34       		.uleb128 0x34
 1203 00fa 00       		.byte	0
 1204 00fb 03       		.uleb128 0x3
 1205 00fc 0E       		.uleb128 0xe
 1206 00fd 3A       		.uleb128 0x3a
 1207 00fe 0B       		.uleb128 0xb
 1208 00ff 3B       		.uleb128 0x3b
 1209 0100 0B       		.uleb128 0xb
 1210 0101 49       		.uleb128 0x49
 1211 0102 13       		.uleb128 0x13
 1212 0103 3F       		.uleb128 0x3f
 1213 0104 19       		.uleb128 0x19
 1214 0105 02       		.uleb128 0x2
 1215 0106 18       		.uleb128 0x18
 1216 0107 00       		.byte	0
 1217 0108 00       		.byte	0
 1218 0109 00       		.byte	0
 1219              		.section	.debug_aranges,"",%progbits
 1220 0000 2C000000 		.4byte	0x2c
 1221 0004 0200     		.2byte	0x2
 1222 0006 00000000 		.4byte	.Ldebug_info0
 1223 000a 04       		.byte	0x4
 1224 000b 00       		.byte	0
 1225 000c 0000     		.2byte	0
 1226 000e 0000     		.2byte	0
 1227 0010 00000000 		.4byte	.LFB35
 1228 0014 58000000 		.4byte	.LFE35-.LFB35
 1229 0018 00000000 		.4byte	.LFB36
 1230 001c A8000000 		.4byte	.LFE36-.LFB36
 1231 0020 00000000 		.4byte	.LFB37
 1232 0024 38010000 		.4byte	.LFE37-.LFB37
 1233 0028 00000000 		.4byte	0
 1234 002c 00000000 		.4byte	0
 1235              		.section	.debug_ranges,"",%progbits
 1236              	.Ldebug_ranges0:
 1237 0000 00000000 		.4byte	.LFB35
 1238 0004 58000000 		.4byte	.LFE35
 1239 0008 00000000 		.4byte	.LFB36
 1240 000c A8000000 		.4byte	.LFE36
 1241 0010 00000000 		.4byte	.LFB37
 1242 0014 38010000 		.4byte	.LFE37
 1243 0018 00000000 		.4byte	0
 1244 001c 00000000 		.4byte	0
ARM GAS  C:\Users\Kevin\AppData\Local\Temp\cc0Ulgoi.s 			page 26


 1245              		.section	.debug_line,"",%progbits
 1246              	.Ldebug_line0:
 1247 0000 29010000 		.section	.debug_str,"MS",%progbits,1
 1247      02007800 
 1247      00000201 
 1247      FB0E0D00 
 1247      01010101 
 1248              	.LASF28:
 1249 0000 4359424C 		.ascii	"CYBLE_EVT_GAP_AUTH_FAILED\000"
 1249      455F4556 
 1249      545F4741 
 1249      505F4155 
 1249      54485F46 
 1250              	.LASF25:
 1251 001a 4359424C 		.ascii	"CYBLE_EVT_GAP_PASSKEY_ENTRY_REQUEST\000"
 1251      455F4556 
 1251      545F4741 
 1251      505F5041 
 1251      53534B45 
 1252              	.LASF49:
 1253 003e 4359424C 		.ascii	"CYBLE_EVT_GATTC_WRITE_RSP\000"
 1253      455F4556 
 1253      545F4741 
 1253      5454435F 
 1253      57524954 
 1254              	.LASF78:
 1255 0058 57726974 		.ascii	"WriteArraySFlash\000"
 1255      65417272 
 1255      61795346 
 1255      6C617368 
 1255      00
 1256              	.LASF31:
 1257 0069 4359424C 		.ascii	"CYBLE_EVT_GAP_DEVICE_DISCONNECTED\000"
 1257      455F4556 
 1257      545F4741 
 1257      505F4445 
 1257      56494345 
 1258              	.LASF2:
 1259 008b 73686F72 		.ascii	"short int\000"
 1259      7420696E 
 1259      7400
 1260              	.LASF95:
 1261 0095 666C6967 		.ascii	"flight_fase\000"
 1261      68745F66 
 1261      61736500 
 1262              	.LASF16:
 1263 00a1 73697A65 		.ascii	"sizetype\000"
 1263      74797065 
 1263      00
 1264              	.LASF36:
 1265 00aa 4359424C 		.ascii	"CYBLE_EVT_GATTC_ERROR_RSP\000"
 1265      455F4556 
 1265      545F4741 
 1265      5454435F 
 1265      4552524F 
 1266              	.LASF75:
 1267 00c4 73666C61 		.ascii	"sflashPtr\000"
ARM GAS  C:\Users\Kevin\AppData\Local\Temp\cc0Ulgoi.s 			page 27


 1267      73685074 
 1267      7200
 1268              	.LASF79:
 1269 00ce 53466C61 		.ascii	"SFlash\000"
 1269      736800
 1270              	.LASF21:
 1271 00d5 4359424C 		.ascii	"CYBLE_EVT_HCI_STATUS\000"
 1271      455F4556 
 1271      545F4843 
 1271      495F5354 
 1271      41545553 
 1272              	.LASF96:
 1273 00ea 74696D65 		.ascii	"timeStep\000"
 1273      53746570 
 1273      00
 1274              	.LASF18:
 1275 00f3 4359424C 		.ascii	"CYBLE_EVT_STACK_ON\000"
 1275      455F4556 
 1275      545F5354 
 1275      41434B5F 
 1275      4F4E00
 1276              	.LASF39:
 1277 0106 4359424C 		.ascii	"CYBLE_EVT_GATTS_XCNHG_MTU_REQ\000"
 1277      455F4556 
 1277      545F4741 
 1277      5454535F 
 1277      58434E48 
 1278              	.LASF77:
 1279 0124 52656164 		.ascii	"ReadArraySFlash\000"
 1279      41727261 
 1279      7953466C 
 1279      61736800 
 1280              	.LASF10:
 1281 0134 75696E74 		.ascii	"uint16\000"
 1281      313600
 1282              	.LASF98:
 1283 013b 2E5C5772 		.ascii	".\\WriteUserSFlash.c\000"
 1283      69746555 
 1283      73657253 
 1283      466C6173 
 1283      682E6300 
 1284              	.LASF35:
 1285 014f 4359424C 		.ascii	"CYBLE_EVT_GAP_KEYINFO_EXCHNGE_CMPLT\000"
 1285      455F4556 
 1285      545F4741 
 1285      505F4B45 
 1285      59494E46 
 1286              	.LASF47:
 1287 0173 4359424C 		.ascii	"CYBLE_EVT_GATTC_READ_MULTI_RSP\000"
 1287      455F4556 
 1287      545F4741 
 1287      5454435F 
 1287      52454144 
 1288              	.LASF56:
 1289 0192 4359424C 		.ascii	"CYBLE_EVT_GATTS_HANDLE_VALUE_CNF\000"
 1289      455F4556 
 1289      545F4741 
ARM GAS  C:\Users\Kevin\AppData\Local\Temp\cc0Ulgoi.s 			page 28


 1289      5454535F 
 1289      48414E44 
 1290              	.LASF17:
 1291 01b3 4359424C 		.ascii	"CYBLE_EVT_HOST_INVALID\000"
 1291      455F4556 
 1291      545F484F 
 1291      53545F49 
 1291      4E56414C 
 1292              	.LASF63:
 1293 01ca 4359424C 		.ascii	"CYBLE_EVT_L2CAP_CBFC_CONN_IND\000"
 1293      455F4556 
 1293      545F4C32 
 1293      4341505F 
 1293      43424643 
 1294              	.LASF66:
 1295 01e8 4359424C 		.ascii	"CYBLE_EVT_L2CAP_CBFC_DISCONN_CNF\000"
 1295      455F4556 
 1295      545F4C32 
 1295      4341505F 
 1295      43424643 
 1296              	.LASF82:
 1297 0209 6C6F6361 		.ascii	"localCount\000"
 1297      6C436F75 
 1297      6E7400
 1298              	.LASF83:
 1299 0214 72657456 		.ascii	"retValue\000"
 1299      616C7565 
 1299      00
 1300              	.LASF12:
 1301 021d 666C6F61 		.ascii	"float\000"
 1301      7400
 1302              	.LASF45:
 1303 0223 4359424C 		.ascii	"CYBLE_EVT_GATTC_READ_RSP\000"
 1303      455F4556 
 1303      545F4741 
 1303      5454435F 
 1303      52454144 
 1304              	.LASF86:
 1305 023c 72656732 		.ascii	"reg2\000"
 1305      00
 1306              	.LASF6:
 1307 0241 6C6F6E67 		.ascii	"long long int\000"
 1307      206C6F6E 
 1307      6720696E 
 1307      7400
 1308              	.LASF7:
 1309 024f 6C6F6E67 		.ascii	"long long unsigned int\000"
 1309      206C6F6E 
 1309      6720756E 
 1309      7369676E 
 1309      65642069 
 1310              	.LASF89:
 1311 0266 72656735 		.ascii	"reg5\000"
 1311      00
 1312              	.LASF90:
 1313 026b 72656736 		.ascii	"reg6\000"
 1313      00
ARM GAS  C:\Users\Kevin\AppData\Local\Temp\cc0Ulgoi.s 			page 29


 1314              	.LASF4:
 1315 0270 6C6F6E67 		.ascii	"long int\000"
 1315      20696E74 
 1315      00
 1316              	.LASF55:
 1317 0279 4359424C 		.ascii	"CYBLE_EVT_GATTC_HANDLE_VALUE_IND\000"
 1317      455F4556 
 1317      545F4741 
 1317      5454435F 
 1317      48414E44 
 1318              	.LASF30:
 1319 029a 4359424C 		.ascii	"CYBLE_EVT_GAP_DEVICE_CONNECTED\000"
 1319      455F4556 
 1319      545F4741 
 1319      505F4445 
 1319      56494345 
 1320              	.LASF100:
 1321 02b9 57726974 		.ascii	"WriteUserSFlashRow\000"
 1321      65557365 
 1321      7253466C 
 1321      61736852 
 1321      6F7700
 1322              	.LASF29:
 1323 02cc 4359424C 		.ascii	"CYBLE_EVT_GAPP_ADVERTISEMENT_START_STOP\000"
 1323      455F4556 
 1323      545F4741 
 1323      50505F41 
 1323      44564552 
 1324              	.LASF54:
 1325 02f4 4359424C 		.ascii	"CYBLE_EVT_GATTC_HANDLE_VALUE_NTF\000"
 1325      455F4556 
 1325      545F4741 
 1325      5454435F 
 1325      48414E44 
 1326              	.LASF22:
 1327 0315 4359424C 		.ascii	"CYBLE_EVT_STACK_BUSY_STATUS\000"
 1327      455F4556 
 1327      545F5354 
 1327      41434B5F 
 1327      42555359 
 1328              	.LASF81:
 1329 0331 64617461 		.ascii	"dataPointer\000"
 1329      506F696E 
 1329      74657200 
 1330              	.LASF26:
 1331 033d 4359424C 		.ascii	"CYBLE_EVT_GAP_PASSKEY_DISPLAY_REQUEST\000"
 1331      455F4556 
 1331      545F4741 
 1331      505F5041 
 1331      53534B45 
 1332              	.LASF94:
 1333 0363 74696D65 		.ascii	"time_10ms\000"
 1333      5F31306D 
 1333      7300
 1334              	.LASF64:
 1335 036d 4359424C 		.ascii	"CYBLE_EVT_L2CAP_CBFC_CONN_CNF\000"
 1335      455F4556 
ARM GAS  C:\Users\Kevin\AppData\Local\Temp\cc0Ulgoi.s 			page 30


 1335      545F4C32 
 1335      4341505F 
 1335      43424643 
 1336              	.LASF73:
 1337 038b 4359424C 		.ascii	"CYBLE_EVT_MAX\000"
 1337      455F4556 
 1337      545F4D41 
 1337      5800
 1338              	.LASF9:
 1339 0399 75696E74 		.ascii	"uint8\000"
 1339      3800
 1340              	.LASF60:
 1341 039f 4359424C 		.ascii	"CYBLE_EVT_L2CAP_CONN_PARAM_UPDATE_REQ\000"
 1341      455F4556 
 1341      545F4C32 
 1341      4341505F 
 1341      434F4E4E 
 1342              	.LASF1:
 1343 03c5 756E7369 		.ascii	"unsigned char\000"
 1343      676E6564 
 1343      20636861 
 1343      7200
 1344              	.LASF51:
 1345 03d3 4359424C 		.ascii	"CYBLE_EVT_GATTS_PREP_WRITE_REQ\000"
 1345      455F4556 
 1345      545F4741 
 1345      5454535F 
 1345      50524550 
 1346              	.LASF72:
 1347 03f2 4359424C 		.ascii	"CYBLE_EVT_LE_PING_AUTH_TIMEOUT\000"
 1347      455F4556 
 1347      545F4C45 
 1347      5F50494E 
 1347      475F4155 
 1348              	.LASF99:
 1349 0411 433A5C55 		.ascii	"C:\\Users\\Kevin\\Documents\\GitHub\\EZtimer\\Firmw"
 1349      73657273 
 1349      5C4B6576 
 1349      696E5C44 
 1349      6F63756D 
 1350 043e 6172655C 		.ascii	"are\\EZtimer.cydsn\000"
 1350      455A7469 
 1350      6D65722E 
 1350      63796473 
 1350      6E00
 1351              	.LASF43:
 1352 0450 4359424C 		.ascii	"CYBLE_EVT_GATTC_FIND_INFO_RSP\000"
 1352      455F4556 
 1352      545F4741 
 1352      5454435F 
 1352      46494E44 
 1353              	.LASF0:
 1354 046e 7369676E 		.ascii	"signed char\000"
 1354      65642063 
 1354      68617200 
 1355              	.LASF48:
 1356 047a 4359424C 		.ascii	"CYBLE_EVT_GATTS_WRITE_REQ\000"
ARM GAS  C:\Users\Kevin\AppData\Local\Temp\cc0Ulgoi.s 			page 31


 1356      455F4556 
 1356      545F4741 
 1356      5454535F 
 1356      57524954 
 1357              	.LASF44:
 1358 0494 4359424C 		.ascii	"CYBLE_EVT_GATTC_FIND_BY_TYPE_VALUE_RSP\000"
 1358      455F4556 
 1358      545F4741 
 1358      5454435F 
 1358      46494E44 
 1359              	.LASF84:
 1360 04bb 636D6444 		.ascii	"cmdDataBuffer\000"
 1360      61746142 
 1360      75666665 
 1360      7200
 1361              	.LASF27:
 1362 04c9 4359424C 		.ascii	"CYBLE_EVT_GAP_AUTH_COMPLETE\000"
 1362      455F4556 
 1362      545F4741 
 1362      505F4155 
 1362      54485F43 
 1363              	.LASF8:
 1364 04e5 756E7369 		.ascii	"unsigned int\000"
 1364      676E6564 
 1364      20696E74 
 1364      00
 1365              	.LASF80:
 1366 04f2 75736572 		.ascii	"userRowNUmber\000"
 1366      526F774E 
 1366      556D6265 
 1366      7200
 1367              	.LASF37:
 1368 0500 4359424C 		.ascii	"CYBLE_EVT_GATT_CONNECT_IND\000"
 1368      455F4556 
 1368      545F4741 
 1368      54545F43 
 1368      4F4E4E45 
 1369              	.LASF5:
 1370 051b 6C6F6E67 		.ascii	"long unsigned int\000"
 1370      20756E73 
 1370      69676E65 
 1370      6420696E 
 1370      7400
 1371              	.LASF24:
 1372 052d 4359424C 		.ascii	"CYBLE_EVT_GAP_AUTH_REQ\000"
 1372      455F4556 
 1372      545F4741 
 1372      505F4155 
 1372      54485F52 
 1373              	.LASF41:
 1374 0544 4359424C 		.ascii	"CYBLE_EVT_GATTC_READ_BY_GROUP_TYPE_RSP\000"
 1374      455F4556 
 1374      545F4741 
 1374      5454435F 
 1374      52454144 
 1375              	.LASF65:
 1376 056b 4359424C 		.ascii	"CYBLE_EVT_L2CAP_CBFC_DISCONN_IND\000"
ARM GAS  C:\Users\Kevin\AppData\Local\Temp\cc0Ulgoi.s 			page 32


 1376      455F4556 
 1376      545F4C32 
 1376      4341505F 
 1376      43424643 
 1377              	.LASF32:
 1378 058c 4359424C 		.ascii	"CYBLE_EVT_GAP_ENCRYPT_CHANGE\000"
 1378      455F4556 
 1378      545F4741 
 1378      505F454E 
 1378      43525950 
 1379              	.LASF15:
 1380 05a9 72656733 		.ascii	"reg32\000"
 1380      3200
 1381              	.LASF3:
 1382 05af 73686F72 		.ascii	"short unsigned int\000"
 1382      7420756E 
 1382      7369676E 
 1382      65642069 
 1382      6E7400
 1383              	.LASF33:
 1384 05c2 4359424C 		.ascii	"CYBLE_EVT_GAP_CONNECTION_UPDATE_COMPLETE\000"
 1384      455F4556 
 1384      545F4741 
 1384      505F434F 
 1384      4E4E4543 
 1385              	.LASF14:
 1386 05eb 63686172 		.ascii	"char\000"
 1386      00
 1387              	.LASF97:
 1388 05f0 474E5520 		.ascii	"GNU C 4.9.3 20150303 (release) [ARM/embedded-4_9-br"
 1388      4320342E 
 1388      392E3320 
 1388      32303135 
 1388      30333033 
 1389 0623 616E6368 		.ascii	"anch revision 221220] -mcpu=cortex-m0 -mthumb -g -O"
 1389      20726576 
 1389      6973696F 
 1389      6E203232 
 1389      31323230 
 1390 0656 30202D66 		.ascii	"0 -ffunction-sections -ffat-lto-objects\000"
 1390      66756E63 
 1390      74696F6E 
 1390      2D736563 
 1390      74696F6E 
 1391              	.LASF62:
 1392 067e 4359424C 		.ascii	"CYBLE_EVT_L2CAP_COMMAND_REJ\000"
 1392      455F4556 
 1392      545F4C32 
 1392      4341505F 
 1392      434F4D4D 
 1393              	.LASF74:
 1394 069a 64617461 		.ascii	"data\000"
 1394      00
 1395              	.LASF85:
 1396 069f 72656731 		.ascii	"reg1\000"
 1396      00
 1397              	.LASF46:
ARM GAS  C:\Users\Kevin\AppData\Local\Temp\cc0Ulgoi.s 			page 33


 1398 06a4 4359424C 		.ascii	"CYBLE_EVT_GATTC_READ_BLOB_RSP\000"
 1398      455F4556 
 1398      545F4741 
 1398      5454435F 
 1398      52454144 
 1399              	.LASF87:
 1400 06c2 72656733 		.ascii	"reg3\000"
 1400      00
 1401              	.LASF88:
 1402 06c7 72656734 		.ascii	"reg4\000"
 1402      00
 1403              	.LASF53:
 1404 06cc 4359424C 		.ascii	"CYBLE_EVT_GATTC_EXEC_WRITE_RSP\000"
 1404      455F4556 
 1404      545F4741 
 1404      5454435F 
 1404      45584543 
 1405              	.LASF11:
 1406 06eb 75696E74 		.ascii	"uint32\000"
 1406      333200
 1407              	.LASF71:
 1408 06f2 4359424C 		.ascii	"CYBLE_EVT_PENDING_FLASH_WRITE\000"
 1408      455F4556 
 1408      545F5045 
 1408      4E44494E 
 1408      475F464C 
 1409              	.LASF68:
 1410 0710 4359424C 		.ascii	"CYBLE_EVT_L2CAP_CBFC_RX_CREDIT_IND\000"
 1410      455F4556 
 1410      545F4C32 
 1410      4341505F 
 1410      43424643 
 1411              	.LASF13:
 1412 0733 646F7562 		.ascii	"double\000"
 1412      6C6500
 1413              	.LASF69:
 1414 073a 4359424C 		.ascii	"CYBLE_EVT_L2CAP_CBFC_TX_CREDIT_IND\000"
 1414      455F4556 
 1414      545F4C32 
 1414      4341505F 
 1414      43424643 
 1415              	.LASF76:
 1416 075d 64617461 		.ascii	"dataIndex\000"
 1416      496E6465 
 1416      7800
 1417              	.LASF20:
 1418 0767 4359424C 		.ascii	"CYBLE_EVT_HARDWARE_ERROR\000"
 1418      455F4556 
 1418      545F4841 
 1418      52445741 
 1418      52455F45 
 1419              	.LASF67:
 1420 0780 4359424C 		.ascii	"CYBLE_EVT_L2CAP_CBFC_DATA_READ\000"
 1420      455F4556 
 1420      545F4C32 
 1420      4341505F 
 1420      43424643 
ARM GAS  C:\Users\Kevin\AppData\Local\Temp\cc0Ulgoi.s 			page 34


 1421              	.LASF61:
 1422 079f 4359424C 		.ascii	"CYBLE_EVT_L2CAP_CONN_PARAM_UPDATE_RSP\000"
 1422      455F4556 
 1422      545F4C32 
 1422      4341505F 
 1422      434F4E4E 
 1423              	.LASF23:
 1424 07c5 4359424C 		.ascii	"CYBLE_EVT_GAPC_SCAN_PROGRESS_RESULT\000"
 1424      455F4556 
 1424      545F4741 
 1424      50435F53 
 1424      43414E5F 
 1425              	.LASF92:
 1426 07e9 73657276 		.ascii	"servo1Positions\000"
 1426      6F31506F 
 1426      73697469 
 1426      6F6E7300 
 1427              	.LASF50:
 1428 07f9 4359424C 		.ascii	"CYBLE_EVT_GATTS_WRITE_CMD_REQ\000"
 1428      455F4556 
 1428      545F4741 
 1428      5454535F 
 1428      57524954 
 1429              	.LASF42:
 1430 0817 4359424C 		.ascii	"CYBLE_EVT_GATTC_READ_BY_TYPE_RSP\000"
 1430      455F4556 
 1430      545F4741 
 1430      5454435F 
 1430      52454144 
 1431              	.LASF40:
 1432 0838 4359424C 		.ascii	"CYBLE_EVT_GATTC_XCHNG_MTU_RSP\000"
 1432      455F4556 
 1432      545F4741 
 1432      5454435F 
 1432      5843484E 
 1433              	.LASF93:
 1434 0856 44617461 		.ascii	"DataSet\000"
 1434      53657400 
 1435              	.LASF19:
 1436 085e 4359424C 		.ascii	"CYBLE_EVT_TIMEOUT\000"
 1436      455F4556 
 1436      545F5449 
 1436      4D454F55 
 1436      5400
 1437              	.LASF70:
 1438 0870 4359424C 		.ascii	"CYBLE_EVT_L2CAP_CBFC_DATA_WRITE_IND\000"
 1438      455F4556 
 1438      545F4C32 
 1438      4341505F 
 1438      43424643 
 1439              	.LASF34:
 1440 0894 4359424C 		.ascii	"CYBLE_EVT_GAPC_SCAN_START_STOP\000"
 1440      455F4556 
 1440      545F4741 
 1440      50435F53 
 1440      43414E5F 
 1441              	.LASF59:
ARM GAS  C:\Users\Kevin\AppData\Local\Temp\cc0Ulgoi.s 			page 35


 1442 08b3 4359424C 		.ascii	"CYBLE_EVT_GATTS_READ_CHAR_VAL_ACCESS_REQ\000"
 1442      455F4556 
 1442      545F4741 
 1442      5454535F 
 1442      52454144 
 1443              	.LASF58:
 1444 08dc 4359424C 		.ascii	"CYBLE_EVT_GATTC_STOP_CMD_COMPLETE\000"
 1444      455F4556 
 1444      545F4741 
 1444      5454435F 
 1444      53544F50 
 1445              	.LASF52:
 1446 08fe 4359424C 		.ascii	"CYBLE_EVT_GATTS_EXEC_WRITE_REQ\000"
 1446      455F4556 
 1446      545F4741 
 1446      5454535F 
 1446      45584543 
 1447              	.LASF91:
 1448 091d 73657276 		.ascii	"servoTimes\000"
 1448      6F54696D 
 1448      657300
 1449              	.LASF57:
 1450 0928 4359424C 		.ascii	"CYBLE_EVT_GATTS_DATA_SIGNED_CMD_REQ\000"
 1450      455F4556 
 1450      545F4741 
 1450      5454535F 
 1450      44415441 
 1451              	.LASF38:
 1452 094c 4359424C 		.ascii	"CYBLE_EVT_GATT_DISCONNECT_IND\000"
 1452      455F4556 
 1452      545F4741 
 1452      54545F44 
 1452      4953434F 
 1453              		.ident	"GCC: (GNU Tools for ARM Embedded Processors) 4.9.3 20150303 (release) [ARM/embedded-4_9-br
